2023-05-10 09:25:38,866 INFO Creation of log actions_states
2023-05-10 09:25:49,038 INFO Going to E with 100.0 percentage at 09:25:47 (PC10)
2023-05-10 09:26:15,067 INFO Monitoring point E with 100.0 percentage at 09:26:15 (E10)
2023-05-10 09:26:31,086 INFO Monitoring point E with 100.0 percentage at 09:26:31 (E10)
2023-05-10 09:26:47,106 INFO Monitoring point E with 96.0 percentage at 09:26:47 (E9)
2023-05-10 09:27:03,127 INFO Monitoring point E with 90.0 percentage at 09:27:03 (E9)
2023-05-10 09:27:19,147 INFO Monitoring point E with 85.0 percentage at 09:27:19 (E8)
2023-05-10 09:27:33,257 INFO Monitoring point E with 80.0 percentage at 09:27:33 (E8)
2023-05-10 09:27:47,279 INFO Going to C with 78.0 percentage at 09:27:45 (E8)
2023-05-10 09:28:03,298 INFO Monitoring point C with 70.0 percentage at 09:28:03 (C7)
2023-05-10 09:28:19,312 INFO Monitoring point C with 65.0 percentage at 09:28:19 (C6)
2023-05-10 09:28:35,334 INFO Going to A with 61.0 percentage at 09:28:33 (C6)
2023-05-10 09:28:45,450 INFO Monitoring point A with 56.0 percentage at 09:28:45 (A6)
2023-05-10 09:29:01,468 INFO Going to D with 53.0 percentage at 09:28:59 (A5)
2023-05-10 09:29:13,482 INFO Monitoring point D with 47.0 percentage at 09:29:13 (D5)
2023-05-10 09:29:29,498 INFO Going to PC with 42.0 percentage at 09:29:27 (D4)
2023-05-10 09:29:51,627 INFO Going to A with 35.0 percentage at 09:29:49 (PC3)
2023-05-10 09:30:13,656 INFO Going to PC with 27.0 percentage at 09:30:11 (A3)
2023-05-10 09:30:35,683 INFO Acting on point PC with 19.0 percentage at 09:30:35 (PC2)
2023-05-10 09:30:36,726 INFO Trying to land, still in air. Still 59.29 from ground.
2023-05-10 09:30:56,750 INFO Trying to land, still in air. Still 29.51 from ground.
2023-05-10 09:31:16,778 INFO Trying to land, still in air. Still 3.62 from ground.
2023-05-10 09:31:27,749 INFO Charging battery at PC with 49.0 percentage at 09:31:25 (PC9)
2023-05-10 09:31:33,758 INFO Going to E with 100.0 percentage at 09:31:31 (PC10)
2023-05-10 09:32:05,900 INFO Monitoring point E with 100.0 percentage at 09:32:05 (E10)
2023-05-10 09:32:21,918 INFO Monitoring point E with 100.0 percentage at 09:32:21 (E10)
2023-05-10 09:32:37,941 INFO Monitoring point E with 94.0 percentage at 09:32:37 (E9)
2023-05-10 09:32:53,954 INFO Going to PC with 91.0 percentage at 09:32:51 (E9)
2023-05-10 09:33:17,982 INFO Acting on point PC with 81.0 percentage at 09:33:17 (PC8)
2023-05-10 09:33:19,029 INFO Trying to land, still in air. Still 59.09 from ground.
2023-05-10 09:33:39,246 INFO Trying to land, still in air. Still 29.27 from ground.
2023-05-10 09:33:59,271 INFO Trying to land, still in air. Still 3.49 from ground.
2023-05-10 09:34:10,242 INFO Charging battery at PC with 76.0 percentage at 09:34:08 (PC10)
2023-05-10 09:34:16,251 INFO Going to E with 100.0 percentage at 09:34:14 (PC10)
2023-05-10 09:34:48,291 INFO Monitoring point E with 100.0 percentage at 09:34:48 (E10)
2023-05-10 09:35:04,313 INFO Monitoring point E with 100.0 percentage at 09:35:04 (E10)
2023-05-10 09:35:18,434 INFO Going to D with 98.0 percentage at 09:35:16 (E9)
2023-05-10 09:35:30,445 INFO Going to PC with 91.0 percentage at 09:35:28 (D9)
2023-05-10 09:35:52,470 INFO Acting on point PC with 83.0 percentage at 09:35:52 (PC8)
2023-05-10 09:35:53,515 INFO Trying to land, still in air. Still 59.08 from ground.
2023-05-10 09:36:13,542 INFO Trying to land, still in air. Still 29.41 from ground.
2023-05-10 09:36:33,569 INFO Trying to land, still in air. Still 3.73 from ground.
2023-05-10 09:36:44,537 INFO Charging battery at PC with 69.0 percentage at 09:36:42 (PC10)
2023-05-10 09:36:50,546 INFO Going to E with 100.0 percentage at 09:36:48 (PC10)
2023-05-10 09:37:22,589 INFO Monitoring point E with 100.0 percentage at 09:37:22 (E10)
2023-05-10 09:37:38,605 INFO Going to C with 100.0 percentage at 09:37:36 (E10)
2023-05-10 09:37:50,618 INFO Monitoring point C with 95.0 percentage at 09:37:50 (C9)
2023-05-10 09:38:06,637 INFO Monitoring point C with 91.0 percentage at 09:38:06 (C9)
2023-05-10 09:38:22,653 INFO Monitoring point C with 85.0 percentage at 09:38:22 (C8)
2023-05-10 09:38:38,679 INFO Going to PC with 80.0 percentage at 09:38:36 (C8)
2023-05-10 09:38:58,699 INFO Acting on point PC with 73.0 percentage at 09:38:58 (PC7)
2023-05-10 09:38:59,740 INFO Trying to land, still in air. Still 59.06 from ground.
2023-05-10 09:39:19,771 INFO Trying to land, still in air. Still 29.58 from ground.
2023-05-10 09:39:39,797 INFO Trying to land, still in air. Still 3.68 from ground.
2023-05-10 09:39:50,771 INFO Charging battery at PC with 56.0 percentage at 09:39:48 (PC9)
2023-05-10 09:39:56,783 INFO Going to E with 100.0 percentage at 09:39:54 (PC10)
2023-05-10 09:40:28,916 INFO Monitoring point E with 100.0 percentage at 09:40:28 (E10)
2023-05-10 09:40:44,938 INFO Monitoring point E with 100.0 percentage at 09:40:44 (E10)
2023-05-10 09:41:00,959 INFO Monitoring point E with 94.0 percentage at 09:41:00 (E9)
2023-05-10 09:41:15,070 INFO Monitoring point E with 89.0 percentage at 09:41:15 (E9)
2023-05-10 09:41:31,094 INFO Going to A with 85.0 percentage at 09:41:29 (E8)
2023-05-10 09:41:49,215 INFO Monitoring point A with 78.0 percentage at 09:41:49 (A8)
2023-05-10 09:42:05,234 INFO Monitoring point A with 73.0 percentage at 09:42:05 (A7)
2023-05-10 09:42:21,259 INFO Monitoring point A with 67.0 percentage at 09:42:21 (A7)
2023-05-10 09:42:37,278 INFO Monitoring point A with 62.0 percentage at 09:42:37 (A6)
2023-05-10 09:42:53,299 INFO Monitoring point A with 57.0 percentage at 09:42:53 (A6)
2023-05-10 09:43:07,411 INFO Going to D with 55.0 percentage at 09:43:05 (A5)
2023-05-10 09:43:21,430 INFO Monitoring point D with 47.0 percentage at 09:43:21 (D5)
2023-05-10 09:43:37,455 INFO Monitoring point D with 43.0 percentage at 09:43:37 (D4)
2023-05-10 09:43:53,477 INFO Monitoring point D with 37.0 percentage at 09:43:53 (D4)
2023-05-10 09:44:07,588 INFO Monitoring point D with 32.0 percentage at 09:44:07 (D3)
2023-05-10 09:44:23,611 INFO Going to C with 29.0 percentage at 09:44:21 (D3)
2023-05-10 09:44:33,620 INFO Going to A with 24.0 percentage at 09:44:31 (C2)
2023-05-10 09:44:41,631 INFO Going to D with 21.0 percentage at 09:44:39 (A2)
2023-05-10 09:44:53,647 INFO Mayday! Mayday! Drone without battery (M)
2023-05-10 09:46:10,033 CRITICAL Starting new episode - Episode 1
2023-05-10 09:46:16,045 INFO Going to E with 100.0 percentage at 09:46:14 (PC10)
2023-05-10 09:46:42,075 INFO Monitoring point E with 100.0 percentage at 09:46:42 (E10)
2023-05-10 09:46:58,097 INFO Monitoring point E with 100.0 percentage at 09:46:58 (E10)
2023-05-10 09:47:14,118 INFO Monitoring point E with 95.0 percentage at 09:47:14 (E9)
2023-05-10 09:47:30,138 INFO Monitoring point E with 90.0 percentage at 09:47:30 (E9)
2023-05-10 09:47:46,152 INFO Monitoring point E with 85.0 percentage at 09:47:46 (E8)
2023-05-10 09:48:02,175 INFO Monitoring point E with 79.0 percentage at 09:48:02 (E8)
2023-05-10 09:48:18,194 INFO Monitoring point E with 74.0 percentage at 09:48:18 (E7)
2023-05-10 09:48:32,214 INFO Monitoring point E with 70.0 percentage at 09:48:32 (E7)
2023-05-10 09:48:48,435 INFO Monitoring point E with 64.0 percentage at 09:48:48 (E6)
2023-05-10 09:49:04,454 INFO Monitoring point E with 59.0 percentage at 09:49:04 (E6)
2023-05-10 09:49:20,475 INFO Going to C with 54.0 percentage at 09:49:18 (E5)
2023-05-10 09:49:34,490 INFO Monitoring point C with 49.0 percentage at 09:49:34 (C5)
2023-05-10 09:49:50,511 INFO Monitoring point C with 44.0 percentage at 09:49:50 (C4)
2023-05-10 09:50:06,534 INFO Monitoring point C with 38.0 percentage at 09:50:06 (C4)
2023-05-10 09:50:22,655 INFO Going to PC with 34.0 percentage at 09:50:20 (C3)
2023-05-10 09:50:42,678 INFO Going to A with 27.0 percentage at 09:50:40 (PC3)
2023-05-10 09:51:04,706 INFO Going to PC with 19.0 percentage at 09:51:02 (A2)
2023-05-10 09:51:22,734 INFO Mayday! Mayday! Drone without battery (M)
2023-05-10 09:52:14,806 CRITICAL Starting new episode - Episode 2
2023-05-10 09:52:20,815 INFO Going to E with 100.0 percentage at 09:52:18 (PC10)
2023-05-10 09:52:46,947 INFO Going to B with 100.0 percentage at 09:52:44 (E10)
2023-05-10 09:53:02,971 INFO Going to PC with 100.0 percentage at 09:53:00 (B10)
2023-05-10 09:53:16,990 INFO Going to E with 96.0 percentage at 09:53:14 (PC10)
2023-05-10 09:53:39,018 INFO Monitoring point E with 89.0 percentage at 09:53:39 (E9)
2023-05-10 09:53:55,039 INFO Going to E with 85.0 percentage at 09:53:53 (E8)
2023-05-10 09:54:01,047 INFO Going to A with 82.0 percentage at 09:53:59 (E8)
2023-05-10 09:54:19,073 INFO Going to B with 76.0 percentage at 09:54:17 (A7)
2023-05-10 09:54:33,091 INFO Monitoring point B with 71.0 percentage at 09:54:33 (B7)
2023-05-10 09:54:49,109 INFO Monitoring point B with 66.0 percentage at 09:54:49 (B6)
2023-05-10 09:55:05,129 INFO Going to E with 63.0 percentage at 09:55:03 (B6)
2023-05-10 09:55:23,154 INFO Monitoring point E with 54.0 percentage at 09:55:23 (E5)
2023-05-10 09:55:39,175 INFO Going to C with 50.0 percentage at 09:55:37 (E5)
2023-05-10 09:55:51,191 INFO Monitoring point C with 45.0 percentage at 09:55:51 (C4)
2023-05-10 09:56:07,212 INFO Monitoring point C with 40.0 percentage at 09:56:07 (C4)
2023-05-10 09:56:23,235 INFO Going to PC with 35.0 percentage at 09:56:21 (C3)
2023-05-10 09:56:45,263 INFO Going to B with 27.0 percentage at 09:56:43 (PC3)
2023-05-10 09:56:59,283 INFO Monitoring point B with 22.0 percentage at 09:56:59 (B2)
2023-05-10 09:57:15,303 INFO Mayday! Mayday! Drone without battery (M)
2023-05-10 09:58:24,390 CRITICAL Starting new episode - Episode 3
2023-05-10 09:58:29,399 INFO Acting on point PC with 100.0 percentage at 09:58:29 (PC10)
2023-05-10 09:58:30,441 INFO Trying to land, still in air. Still 0.42 from ground.
2023-05-10 09:58:37,409 INFO Charging battery at PC with 97.0 percentage at 09:58:35 (PC10)
2023-05-10 09:58:43,415 INFO Going to E with 100.0 percentage at 09:58:41 (PC10)
2023-05-10 09:59:11,455 INFO Monitoring point E with 100.0 percentage at 09:59:11 (E10)
2023-05-10 09:59:27,475 INFO Monitoring point E with 100.0 percentage at 09:59:27 (E10)
2023-05-10 09:59:43,502 INFO Monitoring point E with 96.0 percentage at 09:59:43 (E9)
2023-05-10 09:59:59,518 INFO Monitoring point E with 90.0 percentage at 09:59:59 (E9)
2023-05-10 10:00:15,539 INFO Monitoring point E with 85.0 percentage at 10:00:15 (E8)
2023-05-10 10:00:31,558 INFO Going to A with 80.0 percentage at 10:00:29 (E8)
2023-05-10 10:00:47,578 INFO Monitoring point A with 74.0 percentage at 10:00:47 (A7)
2023-05-10 10:01:03,595 INFO Monitoring point A with 69.0 percentage at 10:01:03 (A7)
2023-05-10 10:01:19,615 INFO Monitoring point A with 64.0 percentage at 10:01:19 (A6)
2023-05-10 10:01:35,638 INFO Monitoring point A with 58.0 percentage at 10:01:35 (A6)
2023-05-10 10:01:51,659 INFO Going to D with 55.0 percentage at 10:01:49 (A5)
2023-05-10 10:02:07,683 INFO Monitoring point D with 47.0 percentage at 10:02:07 (D5)
2023-05-10 10:02:23,703 INFO Monitoring point D with 43.0 percentage at 10:02:23 (D4)
2023-05-10 10:02:39,729 INFO Monitoring point D with 37.0 percentage at 10:02:39 (D4)
2023-05-10 10:02:55,746 INFO Monitoring point D with 32.0 percentage at 10:02:55 (D3)
2023-05-10 10:03:09,767 INFO Monitoring point D with 27.0 percentage at 10:03:09 (D3)
2023-05-10 10:03:25,791 INFO Monitoring point D with 21.0 percentage at 10:03:25 (D2)
2023-05-10 10:03:41,811 INFO Mayday! Mayday! Drone without battery (M)
2023-05-10 10:04:59,913 CRITICAL Starting new episode - Episode 4
2023-05-10 10:05:05,922 INFO Going to E with 100.0 percentage at 10:05:03 (PC10)
2023-05-10 10:05:31,954 INFO Going to PC with 100.0 percentage at 10:05:29 (E10)
2023-05-10 10:05:53,987 INFO Going to E with 99.0 percentage at 10:05:51 (PC10)
2023-05-10 10:06:16,016 INFO Monitoring point E with 91.0 percentage at 10:06:16 (E9)
2023-05-10 10:06:32,035 INFO Monitoring point E with 87.0 percentage at 10:06:32 (E9)
2023-05-10 10:06:48,059 INFO Monitoring point E with 81.0 percentage at 10:06:48 (E8)
2023-05-10 10:07:04,081 INFO Going to E with 79.0 percentage at 10:07:02 (E8)
2023-05-10 10:07:10,086 INFO Monitoring point E with 73.0 percentage at 10:07:10 (E7)
2023-05-10 10:07:24,107 INFO Going to PC with 69.0 percentage at 10:07:22 (E7)
2023-05-10 10:07:46,130 INFO Going to A with 62.0 percentage at 10:07:44 (PC6)
2023-05-10 10:08:08,158 INFO Going to B with 55.0 percentage at 10:08:06 (A5)
2023-05-10 10:08:22,280 INFO Monitoring point B with 49.0 percentage at 10:08:22 (B5)
2023-05-10 10:08:36,398 INFO Monitoring point B with 45.0 percentage at 10:08:36 (B4)
2023-05-10 10:08:50,510 INFO Monitoring point B with 40.0 percentage at 10:08:50 (B4)
2023-05-10 10:09:06,523 INFO Monitoring point B with 35.0 percentage at 10:09:06 (B3)
2023-05-10 10:09:22,534 INFO Monitoring point B with 30.0 percentage at 10:09:22 (B3)
2023-05-10 10:09:38,547 INFO Monitoring point B with 24.0 percentage at 10:09:38 (B2)
2023-05-10 10:09:54,555 INFO Monitoring point B with 19.0 percentage at 10:09:54 (B2)
2023-05-10 10:10:06,563 INFO Mayday! Mayday! Drone without battery (M)
2023-05-10 10:11:15,613 CRITICAL Starting new episode - Episode 5
2023-05-10 10:11:20,615 INFO Going to E with 100.0 percentage at 10:11:18 (PC10)
2023-05-10 10:11:46,630 INFO Monitoring point E with 100.0 percentage at 10:11:46 (E10)
2023-05-10 10:12:02,742 INFO Monitoring point E with 100.0 percentage at 10:12:02 (E10)
2023-05-10 10:12:18,749 INFO Monitoring point E with 96.0 percentage at 10:12:18 (E9)
2023-05-10 10:12:34,762 INFO Monitoring point E with 90.0 percentage at 10:12:34 (E9)
2023-05-10 10:12:50,768 INFO Monitoring point E with 85.0 percentage at 10:12:50 (E8)
2023-05-10 10:13:06,779 INFO Monitoring point E with 80.0 percentage at 10:13:06 (E8)
2023-05-10 10:13:22,791 INFO Going to D with 78.0 percentage at 10:13:20 (E7)
2023-05-10 10:13:34,799 INFO Monitoring point D with 70.0 percentage at 10:13:34 (D7)
2023-05-10 10:13:50,810 INFO Monitoring point D with 66.0 percentage at 10:13:50 (D6)
2023-05-10 10:14:04,914 INFO Monitoring point D with 60.0 percentage at 10:14:04 (D6)
2023-05-10 10:14:20,931 INFO Monitoring point D with 55.0 percentage at 10:14:20 (D6)
2023-05-10 10:14:36,937 INFO Monitoring point D with 50.0 percentage at 10:14:36 (D5)
2023-05-10 10:14:52,951 INFO Monitoring point D with 45.0 percentage at 10:14:52 (D4)
2023-05-10 10:15:08,959 INFO Monitoring point D with 39.0 percentage at 10:15:08 (D4)
2023-05-10 10:15:24,970 INFO Going to PC with 36.0 percentage at 10:15:22 (D3)
2023-05-10 10:15:48,986 INFO Going to B with 26.0 percentage at 10:15:46 (PC2)
2023-05-10 10:16:02,999 INFO Going to B with 21.0 percentage at 10:16:00 (B2)
2023-05-10 10:16:08,998 INFO Going to PC with 20.0 percentage at 10:16:06 (B2)
2023-05-10 10:16:19,006 INFO Mayday! Mayday! Drone without battery (M)
2023-05-10 10:17:11,039 CRITICAL Starting new episode - Episode 6
2023-05-10 10:17:17,043 INFO Going to E with 100.0 percentage at 10:17:15 (PC10)
2023-05-10 10:17:43,062 INFO Monitoring point E with 100.0 percentage at 10:17:43 (E10)
2023-05-10 10:17:59,075 INFO Monitoring point E with 100.0 percentage at 10:17:59 (E10)
2023-05-10 10:18:15,086 INFO Monitoring point E with 96.0 percentage at 10:18:15 (E9)
2023-05-10 10:18:31,095 INFO Monitoring point E with 90.0 percentage at 10:18:31 (E9)
2023-05-10 10:18:47,106 INFO Going to C with 88.0 percentage at 10:18:45 (E8)
2023-05-10 10:19:01,114 INFO Going to A with 81.0 percentage at 10:18:59 (C8)
2023-05-10 10:19:09,116 INFO Monitoring point A with 77.0 percentage at 10:19:09 (A8)
2023-05-10 10:19:25,129 INFO Monitoring point A with 73.0 percentage at 10:19:25 (A7)
2023-05-10 10:19:41,142 INFO Monitoring point A with 67.0 percentage at 10:19:41 (A7)
2023-05-10 10:19:55,249 INFO Monitoring point A with 62.0 percentage at 10:19:55 (A6)
2023-05-10 10:20:11,258 INFO Monitoring point A with 57.0 percentage at 10:20:11 (A6)
2023-05-10 10:20:27,270 INFO Going to D with 53.0 percentage at 10:20:25 (A5)
2023-05-10 10:20:43,283 INFO Monitoring point D with 46.0 percentage at 10:20:43 (D4)
2023-05-10 10:20:59,290 INFO Monitoring point D with 41.0 percentage at 10:20:59 (D4)
2023-05-10 10:21:15,306 INFO Monitoring point D with 36.0 percentage at 10:21:15 (D3)
2023-05-10 10:21:31,314 INFO Going to PC with 31.0 percentage at 10:21:29 (D3)
2023-05-10 10:21:55,331 INFO Acting on point PC with 22.0 percentage at 10:21:55 (PC2)
2023-05-10 10:21:56,371 INFO Trying to land, still in air. Still 59.18 from ground.
2023-05-10 10:22:16,386 INFO Trying to land, still in air. Still 29.55 from ground.
2023-05-10 10:22:36,402 INFO Trying to land, still in air. Still 3.9 from ground.
2023-05-10 10:22:47,371 INFO Charging battery at PC with 2.0 percentage at 10:22:45 (PC9)
2023-05-10 10:22:53,371 INFO Going to E with 100.0 percentage at 10:22:51 (PC10)
2023-05-10 10:23:25,491 INFO Monitoring point E with 100.0 percentage at 10:23:25 (E10)
2023-05-10 10:23:41,502 INFO Monitoring point E with 100.0 percentage at 10:23:41 (E10)
2023-05-10 10:23:57,515 INFO Going to C with 97.0 percentage at 10:23:55 (E9)
2023-05-10 10:24:13,815 INFO Monitoring point C with 89.0 percentage at 10:24:13 (C9)
2023-05-10 10:24:29,827 INFO Going to A with 85.0 percentage at 10:24:27 (C8)
2023-05-10 10:24:39,834 INFO Monitoring point A with 80.0 percentage at 10:24:39 (A8)
2023-05-10 10:24:55,846 INFO Monitoring point A with 75.0 percentage at 10:24:55 (A7)
2023-05-10 10:25:11,854 INFO Monitoring point A with 69.0 percentage at 10:25:11 (A7)
2023-05-10 10:25:27,866 INFO Monitoring point A with 64.0 percentage at 10:25:27 (A6)
2023-05-10 10:25:43,882 INFO Going to B with 61.0 percentage at 10:25:41 (A6)
2023-05-10 10:25:59,885 INFO Going to B with 53.0 percentage at 10:25:57 (B5)
2023-05-10 10:26:05,890 INFO Monitoring point B with 51.0 percentage at 10:26:05 (B5)
2023-05-10 10:26:20,096 INFO Monitoring point B with 47.0 percentage at 10:26:20 (B5)
2023-05-10 10:26:36,106 INFO Monitoring point B with 42.0 percentage at 10:26:36 (B4)
2023-05-10 10:26:52,115 INFO Monitoring point B with 36.0 percentage at 10:26:52 (B3)
2023-05-10 10:27:08,126 INFO Monitoring point B with 31.0 percentage at 10:27:08 (B3)
2023-05-10 10:27:24,138 INFO Monitoring point B with 26.0 percentage at 10:27:24 (B2)
2023-05-10 10:27:40,146 INFO Going to A with 23.0 percentage at 10:27:38 (B2)
2023-05-10 10:27:54,159 INFO Mayday! Mayday! Drone without battery (M)
2023-05-10 10:29:09,205 CRITICAL Starting new episode - Episode 7
2023-05-10 10:29:14,210 INFO Going to E with 100.0 percentage at 10:29:12 (PC10)
2023-05-10 10:29:40,226 INFO Monitoring point E with 100.0 percentage at 10:29:40 (E10)
2023-05-10 10:29:56,238 INFO Monitoring point E with 100.0 percentage at 10:29:56 (E10)
2023-05-10 10:30:12,249 INFO Monitoring point E with 96.0 percentage at 10:30:12 (E9)
2023-05-10 10:30:28,259 INFO Going to C with 92.0 percentage at 10:30:26 (E9)
2023-05-10 10:30:42,266 INFO Monitoring point C with 86.0 percentage at 10:30:42 (C8)
2023-05-10 10:30:58,277 INFO Going to B with 82.0 percentage at 10:30:56 (C8)
2023-05-10 10:31:10,291 INFO Going to E with 77.0 percentage at 10:31:08 (B8)
2023-05-10 10:31:26,297 INFO Monitoring point E with 71.0 percentage at 10:31:26 (E7)
2023-05-10 10:31:42,307 INFO Monitoring point E with 66.0 percentage at 10:31:42 (E6)
2023-05-10 10:31:56,414 INFO Monitoring point E with 61.0 percentage at 10:31:56 (E6)
2023-05-10 10:32:12,427 INFO Monitoring point E with 56.0 percentage at 10:32:12 (E6)
2023-05-10 10:32:28,434 INFO Going to PC with 51.0 percentage at 10:32:26 (E5)
2023-05-10 10:32:52,450 INFO Acting on point PC with 42.0 percentage at 10:32:52 (PC4)
2023-05-10 10:32:53,490 INFO Trying to land, still in air. Still 59.19 from ground.
2023-05-10 10:33:13,606 INFO Trying to land, still in air. Still 29.47 from ground.
2023-05-10 10:33:33,622 INFO Trying to land, still in air. Still 3.7 from ground.
2023-05-10 10:33:44,591 INFO Charging battery at PC with 34.0 percentage at 10:33:42 (PC9)
2023-05-10 10:33:50,591 INFO Going to E with 100.0 percentage at 10:33:48 (PC10)
2023-05-10 10:34:22,714 INFO Monitoring point E with 100.0 percentage at 10:34:22 (E10)
2023-05-10 10:34:38,722 INFO Monitoring point E with 100.0 percentage at 10:34:38 (E10)
2023-05-10 10:34:54,730 INFO Going to C with 96.0 percentage at 10:34:52 (E9)
2023-05-10 10:35:10,742 INFO Monitoring point C with 89.0 percentage at 10:35:10 (C9)
2023-05-10 10:35:26,752 INFO Going to A with 85.0 percentage at 10:35:24 (C8)
2023-05-10 10:35:36,762 INFO Monitoring point A with 80.0 percentage at 10:35:36 (A8)
2023-05-10 10:35:52,771 INFO Monitoring point A with 75.0 percentage at 10:35:52 (A7)
2023-05-10 10:36:08,783 INFO Monitoring point A with 70.0 percentage at 10:36:08 (A7)
2023-05-10 10:36:24,794 INFO Monitoring point A with 64.0 percentage at 10:36:24 (A6)
2023-05-10 10:36:40,803 INFO Monitoring point A with 59.0 percentage at 10:36:40 (A6)
2023-05-10 10:36:56,815 INFO Going to D with 55.0 percentage at 10:36:54 (A5)
2023-05-10 10:37:08,822 INFO Monitoring point D with 49.0 percentage at 10:37:08 (D5)
2023-05-10 10:37:24,830 INFO Going to C with 46.0 percentage at 10:37:22 (D4)
2023-05-10 10:37:34,838 INFO Monitoring point C with 41.0 percentage at 10:37:34 (C4)
2023-05-10 10:37:50,848 INFO Going to A with 37.0 percentage at 10:37:48 (C4)
2023-05-10 10:38:00,859 INFO Going to PC with 33.0 percentage at 10:37:58 (A3)
2023-05-10 10:38:22,875 INFO Acting on point PC with 25.0 percentage at 10:38:22 (PC2)
2023-05-10 10:38:23,916 INFO Trying to land, still in air. Still 59.14 from ground.
2023-05-10 10:38:44,027 INFO Trying to land, still in air. Still 29.33 from ground.
2023-05-10 10:39:04,038 INFO Trying to land, still in air. Still 3.77 from ground.
2023-05-10 10:39:15,007 INFO Charging battery at PC with 8.0 percentage at 10:39:13 (PC9)
2023-05-10 10:39:21,006 INFO Going to E with 100.0 percentage at 10:39:19 (PC10)
2023-05-10 10:39:53,031 INFO Monitoring point E with 100.0 percentage at 10:39:53 (E10)
2023-05-10 10:40:09,041 INFO Monitoring point E with 100.0 percentage at 10:40:09 (E10)
2023-05-10 10:40:25,051 INFO Going to B with 97.0 percentage at 10:40:23 (E9)
2023-05-10 10:40:45,062 INFO Monitoring point B with 87.0 percentage at 10:40:45 (B9)
2023-05-10 10:41:01,074 INFO Going to PC with 83.0 percentage at 10:40:59 (B8)
2023-05-10 10:41:15,082 INFO Acting on point PC with 77.0 percentage at 10:41:15 (PC8)
2023-05-10 10:41:16,122 INFO Trying to land, still in air. Still 59.19 from ground.
2023-05-10 10:41:36,234 INFO Trying to land, still in air. Still 29.62 from ground.
2023-05-10 10:41:56,442 INFO Trying to land, still in air. Still 3.7 from ground.
2023-05-10 10:42:07,411 INFO Charging battery at PC with 67.0 percentage at 10:42:05 (PC9)
2023-05-10 10:42:13,415 INFO Going to E with 100.0 percentage at 10:42:11 (PC10)
2023-05-10 10:42:45,434 INFO Monitoring point E with 100.0 percentage at 10:42:45 (E10)
2023-05-10 10:43:01,446 INFO Monitoring point E with 100.0 percentage at 10:43:01 (E10)
2023-05-10 10:43:17,458 INFO Going to C with 97.0 percentage at 10:43:15 (E9)
2023-05-10 10:43:33,466 INFO Monitoring point C with 89.0 percentage at 10:43:33 (C9)
2023-05-10 10:43:47,574 INFO Going to B with 85.0 percentage at 10:43:45 (C8)
2023-05-10 10:43:59,580 INFO Going to E with 81.0 percentage at 10:43:57 (B8)
2023-05-10 10:44:15,590 INFO Monitoring point E with 75.0 percentage at 10:44:15 (E7)
2023-05-10 10:44:31,702 INFO Monitoring point E with 70.0 percentage at 10:44:31 (E7)
2023-05-10 10:44:47,715 INFO Monitoring point E with 64.0 percentage at 10:44:47 (E6)
2023-05-10 10:45:03,726 INFO Going to E with 61.0 percentage at 10:45:01 (E6)
2023-05-10 10:45:11,730 INFO Monitoring point E with 56.0 percentage at 10:45:11 (E6)
2023-05-10 10:45:27,841 INFO Going to PC with 51.0 percentage at 10:45:25 (E5)
2023-05-10 10:45:49,855 INFO Acting on point PC with 43.0 percentage at 10:45:49 (PC4)
2023-05-10 10:45:50,894 INFO Trying to land, still in air. Still 59.12 from ground.
2023-05-10 10:46:10,910 INFO Trying to land, still in air. Still 29.31 from ground.
2023-05-10 10:46:30,922 INFO Trying to land, still in air. Still 3.57 from ground.
2023-05-10 10:46:41,889 INFO Charging battery at PC with 52.0 percentage at 10:46:39 (PC9)
2023-05-10 10:46:47,894 INFO Going to E with 100.0 percentage at 10:46:45 (PC10)
2023-05-10 10:47:20,019 INFO Monitoring point E with 100.0 percentage at 10:47:20 (E10)
2023-05-10 10:47:36,030 INFO Monitoring point E with 100.0 percentage at 10:47:36 (E10)
2023-05-10 10:47:52,039 INFO Going to C with 97.0 percentage at 10:47:50 (E9)
2023-05-10 10:48:06,050 INFO Monitoring point C with 89.0 percentage at 10:48:06 (C9)
2023-05-10 10:48:22,058 INFO Going to B with 86.0 percentage at 10:48:20 (C8)
2023-05-10 10:48:34,067 INFO Going to E with 81.0 percentage at 10:48:32 (B8)
2023-05-10 10:48:50,078 INFO Going to PC with 75.0 percentage at 10:48:48 (E7)
2023-05-10 10:49:12,093 INFO Acting on point PC with 67.0 percentage at 10:49:12 (PC7)
2023-05-10 10:49:13,134 INFO Trying to land, still in air. Still 59.12 from ground.
2023-05-10 10:49:33,150 INFO Trying to land, still in air. Still 29.37 from ground.
2023-05-10 10:49:53,165 INFO Trying to land, still in air. Still 3.54 from ground.
2023-05-10 10:50:04,129 INFO Charging battery at PC with 62.0 percentage at 10:50:02 (PC9)
2023-05-10 10:50:10,134 INFO Going to B with 100.0 percentage at 10:50:08 (PC10)
2023-05-10 10:50:42,154 INFO Going to PC with 100.0 percentage at 10:50:40 (B10)
2023-05-10 10:50:56,162 INFO Going to C with 100.0 percentage at 10:50:54 (PC10)
2023-05-10 10:51:16,179 INFO Monitoring point C with 93.0 percentage at 10:51:16 (C9)
2023-05-10 10:51:32,186 INFO Monitoring point C with 90.0 percentage at 10:51:32 (C9)
2023-05-10 10:51:48,196 INFO Going to B with 86.0 percentage at 10:51:46 (C8)
2023-05-10 10:52:02,207 INFO Going to C with 79.0 percentage at 10:52:00 (B8)
2023-05-10 10:52:14,214 INFO Monitoring point C with 74.0 percentage at 10:52:14 (C7)
2023-05-10 10:52:30,222 INFO Monitoring point C with 69.0 percentage at 10:52:30 (C7)
2023-05-10 10:52:46,234 INFO Going to A with 67.0 percentage at 10:52:44 (C6)
2023-05-10 10:52:58,339 INFO Monitoring point A with 59.0 percentage at 10:52:58 (A6)
2023-05-10 10:53:14,351 INFO Monitoring point A with 55.0 percentage at 10:53:14 (A5)
2023-05-10 10:53:30,355 INFO Going to D with 51.0 percentage at 10:53:28 (A5)
2023-05-10 10:53:44,366 INFO Going to C with 45.0 percentage at 10:53:42 (D4)
2023-05-10 10:53:52,371 INFO Monitoring point C with 41.0 percentage at 10:53:52 (C4)
2023-05-10 10:54:08,383 INFO Monitoring point C with 37.0 percentage at 10:54:08 (C4)
2023-05-10 10:54:24,394 INFO Going to A with 34.0 percentage at 10:54:22 (C3)
2023-05-10 10:54:36,402 INFO Going to PC with 27.0 percentage at 10:54:34 (A3)
2023-05-10 10:54:58,415 INFO Acting on point PC with 19.0 percentage at 10:54:58 (PC2)
2023-05-10 10:54:59,458 INFO Trying to land, still in air. Still 59.12 from ground.
2023-05-10 10:55:19,474 INFO Trying to land, still in air. Still 29.33 from ground.
2023-05-10 10:55:39,782 INFO Trying to land, still in air. Still 3.7 from ground.
2023-05-10 10:55:50,746 INFO Charging battery at PC with 39.0 percentage at 10:55:48 (PC9)
2023-05-10 10:55:56,751 INFO Going to E with 100.0 percentage at 10:55:54 (PC10)
2023-05-10 10:56:28,775 INFO Going to C with 100.0 percentage at 10:56:26 (E10)
2023-05-10 10:56:40,783 INFO Monitoring point C with 100.0 percentage at 10:56:40 (C10)
2023-05-10 10:56:56,790 INFO Monitoring point C with 96.0 percentage at 10:56:56 (C9)
2023-05-10 10:57:10,898 INFO Monitoring point C with 91.0 percentage at 10:57:10 (C9)
2023-05-10 10:57:26,910 INFO Monitoring point C with 85.0 percentage at 10:57:26 (C8)
2023-05-10 10:57:42,922 INFO Going to A with 81.0 percentage at 10:57:40 (C8)
2023-05-10 10:57:52,926 INFO Monitoring point A with 77.0 percentage at 10:57:52 (A8)
2023-05-10 10:58:08,939 INFO Monitoring point A with 72.0 percentage at 10:58:08 (A7)
2023-05-10 10:58:24,950 INFO Monitoring point A with 66.0 percentage at 10:58:24 (A7)
2023-05-10 10:58:40,963 INFO Monitoring point A with 61.0 percentage at 10:58:40 (A6)
2023-05-10 10:58:56,970 INFO Monitoring point A with 55.0 percentage at 10:58:56 (A6)
2023-05-10 10:59:12,983 INFO Going to D with 53.0 percentage at 10:59:10 (A5)
2023-05-10 10:59:24,991 INFO Monitoring point D with 46.0 percentage at 10:59:24 (D4)
2023-05-10 10:59:41,002 INFO Going to C with 42.0 percentage at 10:59:38 (D4)
2023-05-10 10:59:51,007 INFO Going to A with 38.0 percentage at 10:59:49 (C4)
2023-05-10 10:59:59,011 INFO Going to PC with 35.0 percentage at 10:59:57 (A3)
2023-05-10 11:00:21,026 INFO Going to B with 28.0 percentage at 11:00:19 (PC3)
2023-05-10 11:00:35,034 INFO Going to C with 23.0 percentage at 11:00:33 (B2)
2023-05-10 11:00:47,042 INFO Going to A with 19.0 percentage at 11:00:45 (C2)
2023-05-10 11:00:55,047 INFO Mayday! Mayday! Drone without battery (M)
2023-05-10 11:02:12,197 CRITICAL Starting new episode - Episode 8
2023-05-10 11:02:17,202 INFO Going to E with 100.0 percentage at 11:02:15 (PC10)
2023-05-10 11:02:43,215 INFO Going to C with 100.0 percentage at 11:02:41 (E10)
2023-05-10 11:02:55,223 INFO Monitoring point C with 100.0 percentage at 11:02:55 (C10)
2023-05-10 11:03:11,231 INFO Monitoring point C with 98.0 percentage at 11:03:11 (C10)
2023-05-10 11:03:27,242 INFO Monitoring point C with 92.0 percentage at 11:03:27 (C9)
2023-05-10 11:03:41,351 INFO Monitoring point C with 87.0 percentage at 11:03:41 (C9)
2023-05-10 11:03:57,362 INFO Going to A with 85.0 percentage at 11:03:55 (C8)
2023-05-10 11:04:09,466 INFO Monitoring point A with 78.0 percentage at 11:04:09 (A8)
2023-05-10 11:04:25,482 INFO Monitoring point A with 73.0 percentage at 11:04:25 (A7)
2023-05-10 11:04:41,491 INFO Monitoring point A with 67.0 percentage at 11:04:41 (A7)
2023-05-10 11:04:57,506 INFO Monitoring point A with 62.0 percentage at 11:04:57 (A6)
2023-05-10 11:05:13,514 INFO Going to B with 58.0 percentage at 11:05:11 (A6)
2023-05-10 11:05:27,523 INFO Monitoring point B with 52.0 percentage at 11:05:27 (B5)
2023-05-10 11:05:43,534 INFO Monitoring point B with 47.0 percentage at 11:05:43 (B5)
2023-05-10 11:05:59,547 INFO Monitoring point B with 41.0 percentage at 11:05:59 (B4)
2023-05-10 11:06:15,558 INFO Monitoring point B with 36.0 percentage at 11:06:15 (B3)
2023-05-10 11:06:31,566 INFO Monitoring point B with 31.0 percentage at 11:06:31 (B3)
2023-05-10 11:06:47,578 INFO Monitoring point B with 25.0 percentage at 11:06:47 (B2)
2023-05-10 11:07:03,590 INFO Going to E with 22.0 percentage at 11:07:01 (B2)
2023-05-10 11:07:15,599 INFO Mayday! Mayday! Drone without battery (M)
2023-05-10 11:08:30,655 CRITICAL Starting new episode - Episode 9
2023-05-10 11:08:35,950 INFO Going to B with 100.0 percentage at 11:08:33 (PC10)
2023-05-10 11:09:00,158 INFO Going to PC with 100.0 percentage at 11:08:58 (B10)
2023-05-10 11:09:14,266 INFO Going to E with 100.0 percentage at 11:09:12 (PC10)
2023-05-10 11:09:36,379 INFO Monitoring point E with 95.0 percentage at 11:09:36 (E9)
2023-05-10 11:09:52,390 INFO Going to C with 91.0 percentage at 11:09:50 (E9)
2023-05-10 11:10:04,399 INFO Monitoring point C with 86.0 percentage at 11:10:04 (C8)
2023-05-10 11:10:20,408 INFO Going to A with 82.0 percentage at 11:10:18 (C8)
2023-05-10 11:10:30,419 INFO Monitoring point A with 77.0 percentage at 11:10:30 (A8)
2023-05-10 11:10:46,432 INFO Monitoring point A with 72.0 percentage at 11:10:46 (A7)
2023-05-10 11:11:02,440 INFO Monitoring point A with 66.0 percentage at 11:11:02 (A7)
2023-05-10 11:11:18,454 INFO Monitoring point A with 61.0 percentage at 11:11:18 (A6)
2023-05-10 11:11:32,563 INFO Monitoring point A with 56.0 percentage at 11:11:32 (A6)
2023-05-10 11:11:48,574 INFO Going to D with 53.0 percentage at 11:11:46 (A5)
2023-05-10 11:12:04,580 INFO Monitoring point D with 46.0 percentage at 11:12:04 (D4)
2023-05-10 11:12:20,590 INFO Going to C with 42.0 percentage at 11:12:18 (D4)
2023-05-10 11:12:30,798 INFO Going to C with 37.0 percentage at 11:12:28 (C4)
2023-05-10 11:12:36,802 INFO Going to A with 35.0 percentage at 11:12:34 (C3)
2023-05-10 11:12:44,807 INFO Going to PC with 33.0 percentage at 11:12:42 (A3)
2023-05-10 11:13:06,823 INFO Going to B with 26.0 percentage at 11:13:04 (PC2)
2023-05-10 11:13:20,831 INFO Going to D with 21.0 percentage at 11:13:18 (B2)
2023-05-10 11:13:30,838 INFO Mayday! Mayday! Drone without battery (M)
2023-05-10 11:14:45,990 CRITICAL Starting new episode - Episode 10
2023-05-10 11:14:50,995 INFO Going to E with 100.0 percentage at 11:14:48 (PC10)
2023-05-10 11:15:17,014 INFO Monitoring point E with 100.0 percentage at 11:15:17 (E10)
2023-05-10 11:15:33,022 INFO Monitoring point E with 100.0 percentage at 11:15:33 (E10)
2023-05-10 11:15:49,038 INFO Going to PC with 99.0 percentage at 11:15:47 (E9)
2023-05-10 11:16:13,054 INFO Acting on point PC with 88.0 percentage at 11:16:13 (PC9)
2023-05-10 11:16:14,094 INFO Trying to land, still in air. Still 59.22 from ground.
2023-05-10 11:16:34,206 INFO Trying to land, still in air. Still 29.73 from ground.
2023-05-10 11:16:54,221 INFO Trying to land, still in air. Still 3.77 from ground.
2023-05-10 11:17:05,187 INFO Charging battery at PC with 75.0 percentage at 11:17:03 (PC10)
2023-05-10 11:17:11,195 INFO Going to E with 100.0 percentage at 11:17:09 (PC10)
2023-05-10 11:17:43,217 INFO Going to C with 100.0 percentage at 11:17:41 (E10)
2023-05-10 11:17:55,234 INFO Monitoring point C with 100.0 percentage at 11:17:55 (C10)
2023-05-10 11:18:11,246 INFO Monitoring point C with 96.0 percentage at 11:18:11 (C9)
2023-05-10 11:18:27,255 INFO Monitoring point C with 90.0 percentage at 11:18:27 (C9)
2023-05-10 11:18:43,463 INFO Going to A with 88.0 percentage at 11:18:41 (C9)
2023-05-10 11:18:55,571 INFO Monitoring point A with 81.0 percentage at 11:18:55 (A8)
2023-05-10 11:19:09,875 INFO Monitoring point A with 77.0 percentage at 11:19:09 (A8)
2023-05-10 11:19:25,891 INFO Monitoring point A with 71.0 percentage at 11:19:25 (A7)
2023-05-10 11:19:39,990 INFO Monitoring point A with 66.0 percentage at 11:19:39 (A7)
2023-05-10 11:19:56,007 INFO Monitoring point A with 61.0 percentage at 11:19:56 (A6)
2023-05-10 11:20:12,018 INFO Monitoring point A with 56.0 percentage at 11:20:12 (A6)
2023-05-10 11:20:26,222 INFO Going to D with 53.0 percentage at 11:20:24 (A5)
2023-05-10 11:20:40,233 INFO Monitoring point D with 46.0 percentage at 11:20:40 (D4)
2023-05-10 11:20:54,437 INFO Going to C with 43.0 percentage at 11:20:52 (D4)
2023-05-10 11:21:04,442 INFO Going to C with 38.0 percentage at 11:21:02 (C4)
2023-05-10 11:21:10,446 INFO Going to C with 36.0 percentage at 11:21:08 (C3)
2023-05-10 11:21:16,450 INFO Going to A with 34.0 percentage at 11:21:14 (C3)
2023-05-10 11:21:24,550 INFO Monitoring point A with 31.0 percentage at 11:21:24 (A3)
2023-05-10 11:21:38,654 INFO Monitoring point A with 27.0 percentage at 11:21:38 (A3)
2023-05-10 11:21:54,661 INFO Monitoring point A with 22.0 percentage at 11:21:54 (A2)
2023-05-10 11:22:08,765 INFO Going to B with 20.0 percentage at 11:22:06 (A2)
2023-05-10 11:22:20,773 INFO Mayday! Mayday! Drone without battery (M)
2023-05-10 11:23:25,801 CRITICAL Starting new episode - Episode 11
2023-05-10 11:23:30,804 INFO Going to E with 100.0 percentage at 11:23:28 (PC10)
2023-05-10 11:23:56,818 INFO Monitoring point E with 100.0 percentage at 11:23:56 (E10)
2023-05-10 11:24:12,826 INFO Monitoring point E with 100.0 percentage at 11:24:12 (E10)
2023-05-10 11:24:28,834 INFO Monitoring point E with 96.0 percentage at 11:24:28 (E9)
2023-05-10 11:24:44,842 INFO Going to C with 92.0 percentage at 11:24:42 (E9)
2023-05-10 11:24:58,944 INFO Going to A with 86.0 percentage at 11:24:56 (C8)
2023-05-10 11:25:06,949 INFO Going to C with 84.0 percentage at 11:25:04 (A8)
2023-05-10 11:25:14,954 INFO Going to A with 81.0 percentage at 11:25:12 (C8)
2023-05-10 11:25:22,958 INFO Going to C with 78.0 percentage at 11:25:20 (A8)
2023-05-10 11:25:30,961 INFO Going to B with 76.0 percentage at 11:25:28 (C7)
2023-05-10 11:25:42,966 INFO Monitoring point B with 71.0 percentage at 11:25:42 (B7)
2023-05-10 11:25:58,977 INFO Monitoring point B with 66.0 percentage at 11:25:58 (B6)
2023-05-10 11:26:14,982 INFO Going to E with 64.0 percentage at 11:26:12 (B6)
2023-05-10 11:26:34,992 INFO Going to PC with 54.0 percentage at 11:26:32 (E5)
2023-05-10 11:26:57,005 INFO Acting on point PC with 46.0 percentage at 11:26:57 (PC5)
2023-05-10 11:26:58,045 INFO Trying to land, still in air. Still 59.19 from ground.
2023-05-10 11:27:18,052 INFO Trying to land, still in air. Still 29.46 from ground.
2023-05-10 11:27:38,064 INFO Trying to land, still in air. Still 3.7 from ground.
2023-05-10 11:27:49,029 INFO Charging battery at PC with 43.0 percentage at 11:27:47 (PC9)
2023-05-10 11:27:55,083 INFO Going to E with 100.0 percentage at 11:27:53 (PC10)
2023-05-10 11:28:27,103 INFO Monitoring point E with 100.0 percentage at 11:28:27 (E10)
2023-05-10 11:28:43,110 INFO Monitoring point E with 100.0 percentage at 11:28:43 (E10)
2023-05-10 11:28:57,216 INFO Going to A with 96.0 percentage at 11:28:55 (E9)
2023-05-10 11:29:15,226 INFO Going to PC with 89.0 percentage at 11:29:13 (A9)
2023-05-10 11:29:37,333 INFO Acting on point PC with 81.0 percentage at 11:29:37 (PC8)
2023-05-10 11:29:38,373 INFO Trying to land, still in air. Still 59.15 from ground.
2023-05-10 11:29:58,368 INFO Trying to land, still in air. Still 29.34 from ground.
2023-05-10 11:30:18,410 INFO Trying to land, still in air. Still 3.53 from ground.
2023-05-10 11:30:29,377 INFO Charging battery at PC with 75.0 percentage at 11:30:27 (PC10)
2023-05-10 11:30:35,626 INFO Going to PC with 100.0 percentage at 11:30:33 (PC10)
2023-05-10 11:30:41,630 INFO Going to C with 100.0 percentage at 11:30:39 (PC10)
2023-05-10 11:31:05,647 INFO Monitoring point C with 100.0 percentage at 11:31:05 (C10)
2023-05-10 11:31:21,653 INFO Monitoring point C with 100.0 percentage at 11:31:21 (C10)
2023-05-10 11:31:37,662 INFO Monitoring point C with 95.0 percentage at 11:31:37 (C9)
2023-05-10 11:31:53,670 INFO Monitoring point C with 90.0 percentage at 11:31:53 (C9)
2023-05-10 11:32:09,677 INFO Going to PC with 86.0 percentage at 11:32:07 (C8)
2023-05-10 11:32:31,785 INFO Acting on point PC with 77.0 percentage at 11:32:31 (PC8)
2023-05-10 11:32:32,826 INFO Trying to land, still in air. Still 59.09 from ground.
2023-05-10 11:32:52,834 INFO Trying to land, still in air. Still 29.45 from ground.
2023-05-10 11:33:12,846 INFO Trying to land, still in air. Still 3.67 from ground.
2023-05-10 11:33:23,810 INFO Charging battery at PC with 70.0 percentage at 11:33:21 (PC10)
2023-05-10 11:33:29,906 INFO Going to C with 100.0 percentage at 11:33:27 (PC10)
2023-05-10 11:34:01,922 INFO Monitoring point C with 100.0 percentage at 11:34:01 (C10)
2023-05-10 11:34:17,936 INFO Monitoring point C with 100.0 percentage at 11:34:17 (C10)
2023-05-10 11:34:33,941 INFO Monitoring point C with 94.0 percentage at 11:34:33 (C9)
2023-05-10 11:34:49,948 INFO Monitoring point C with 89.0 percentage at 11:34:49 (C9)
2023-05-10 11:35:05,957 INFO Going to PC with 85.0 percentage at 11:35:03 (C8)
2023-05-10 11:35:28,068 INFO Acting on point PC with 76.0 percentage at 11:35:28 (PC7)
2023-05-10 11:35:29,110 INFO Trying to land, still in air. Still 59.18 from ground.
2023-05-10 11:35:49,122 INFO Trying to land, still in air. Still 29.64 from ground.
2023-05-10 11:36:09,138 INFO Trying to land, still in air. Still 3.81 from ground.
2023-05-10 11:36:20,106 INFO Charging battery at PC with 56.0 percentage at 11:36:18 (PC9)
2023-05-10 11:36:26,158 INFO Going to C with 100.0 percentage at 11:36:24 (PC10)
2023-05-10 11:36:58,279 INFO Going to D with 100.0 percentage at 11:36:56 (C10)
2023-05-10 11:37:06,283 INFO Monitoring point D with 100.0 percentage at 11:37:06 (D10)
2023-05-10 11:37:22,294 INFO Going to B with 98.0 percentage at 11:37:20 (D10)
2023-05-10 11:37:36,307 INFO Monitoring point B with 92.0 percentage at 11:37:36 (B9)
2023-05-10 11:37:52,318 INFO Monitoring point B with 87.0 percentage at 11:37:52 (B9)
2023-05-10 11:38:06,423 INFO Going to PC with 85.0 percentage at 11:38:04 (B8)
2023-05-10 11:38:24,634 INFO Acting on point PC with 76.0 percentage at 11:38:24 (PC7)
2023-05-10 11:38:25,675 INFO Trying to land, still in air. Still 59.03 from ground.
2023-05-10 11:38:45,686 INFO Trying to land, still in air. Still 29.23 from ground.
2023-05-10 11:39:05,698 INFO Trying to land, still in air. Still 3.53 from ground.
2023-05-10 11:39:16,666 INFO Charging battery at PC with 61.0 percentage at 11:39:14 (PC9)
2023-05-10 11:39:22,670 INFO Going to E with 100.0 percentage at 11:39:20 (PC10)
2023-05-10 11:39:54,693 INFO Monitoring point E with 100.0 percentage at 11:39:54 (E10)
2023-05-10 11:40:10,706 INFO Monitoring point E with 100.0 percentage at 11:40:10 (E10)
2023-05-10 11:40:26,718 INFO Going to C with 96.0 percentage at 11:40:24 (E9)
2023-05-10 11:40:42,731 INFO Monitoring point C with 89.0 percentage at 11:40:42 (C9)
2023-05-10 11:40:58,739 INFO Going to PC with 85.0 percentage at 11:40:56 (C8)
2023-05-10 11:41:18,755 INFO Acting on point PC with 77.0 percentage at 11:41:18 (PC8)
2023-05-10 11:41:19,794 INFO Trying to land, still in air. Still 59.15 from ground.
2023-05-10 11:41:39,808 INFO Trying to land, still in air. Still 29.32 from ground.
2023-05-10 11:41:59,819 INFO Trying to land, still in air. Still 3.51 from ground.
2023-05-10 11:42:10,786 INFO Charging battery at PC with 76.0 percentage at 11:42:08 (PC10)
2023-05-10 11:42:16,790 INFO Going to E with 100.0 percentage at 11:42:14 (PC10)
2023-05-10 11:42:48,812 INFO Monitoring point E with 100.0 percentage at 11:42:48 (E10)
2023-05-10 11:43:04,822 INFO Monitoring point E with 100.0 percentage at 11:43:04 (E10)
2023-05-10 11:43:20,831 INFO Monitoring point E with 94.0 percentage at 11:43:20 (E9)
2023-05-10 11:43:36,842 INFO Monitoring point E with 89.0 percentage at 11:43:36 (E9)
2023-05-10 11:43:52,855 INFO Monitoring point E with 84.0 percentage at 11:43:52 (E8)
2023-05-10 11:44:08,867 INFO Monitoring point E with 78.0 percentage at 11:44:08 (E8)
2023-05-10 11:44:24,879 INFO Going to E with 74.0 percentage at 11:44:22 (E7)
2023-05-10 11:44:30,882 INFO Going to PC with 71.0 percentage at 11:44:28 (E7)
2023-05-10 11:44:52,899 INFO Going to A with 64.0 percentage at 11:44:50 (PC6)
2023-05-10 11:45:14,915 INFO Monitoring point A with 56.0 percentage at 11:45:14 (A6)
2023-05-10 11:45:30,923 INFO Going to D with 53.0 percentage at 11:45:28 (A5)
2023-05-10 11:45:42,930 INFO Monitoring point D with 47.0 percentage at 11:45:42 (D5)
2023-05-10 11:45:58,942 INFO Going to C with 43.0 percentage at 11:45:56 (D4)
2023-05-10 11:46:08,951 INFO Going to C with 38.0 percentage at 11:46:06 (C4)
2023-05-10 11:46:14,955 INFO Monitoring point C with 36.0 percentage at 11:46:14 (C3)
2023-05-10 11:46:30,967 INFO Going to A with 32.0 percentage at 11:46:28 (C3)
2023-05-10 11:46:40,975 INFO Going to PC with 28.0 percentage at 11:46:38 (A3)
2023-05-10 11:47:03,087 INFO Acting on point PC with 20.0 percentage at 11:47:03 (PC2)
2023-05-10 11:47:04,124 INFO Trying to land, still in air. Still 59.07 from ground.
2023-05-10 11:47:24,142 INFO Trying to land, still in air. Still 29.46 from ground.
2023-05-10 11:47:44,154 INFO Trying to land, still in air. Still 3.67 from ground.
2023-05-10 11:47:55,123 INFO Charging battery at PC with 39.0 percentage at 11:47:53 (PC9)
2023-05-10 11:48:01,126 INFO Going to E with 100.0 percentage at 11:47:59 (PC10)
2023-05-10 11:48:33,151 INFO Monitoring point E with 100.0 percentage at 11:48:33 (E10)
2023-05-10 11:48:49,164 INFO Monitoring point E with 100.0 percentage at 11:48:49 (E10)
2023-05-10 11:49:03,268 INFO Monitoring point E with 95.0 percentage at 11:49:03 (E9)
2023-05-10 11:49:19,276 INFO Monitoring point E with 90.0 percentage at 11:49:19 (E9)
2023-05-10 11:49:35,291 INFO Going to C with 86.0 percentage at 11:49:33 (E8)
2023-05-10 11:49:51,396 INFO Going to PC with 79.0 percentage at 11:49:49 (C8)
2023-05-10 11:50:11,410 INFO Acting on point PC with 72.0 percentage at 11:50:11 (PC7)
2023-05-10 11:50:12,450 INFO Trying to land, still in air. Still 59.17 from ground.
2023-05-10 11:50:32,466 INFO Trying to land, still in air. Still 29.36 from ground.
2023-05-10 11:50:52,484 INFO Trying to land, still in air. Still 3.71 from ground.
2023-05-10 11:51:03,450 INFO Charging battery at PC with 62.0 percentage at 11:51:01 (PC9)
2023-05-10 11:51:09,452 INFO Going to E with 100.0 percentage at 11:51:07 (PC10)
2023-05-10 11:51:41,477 INFO Going to D with 100.0 percentage at 11:51:39 (E10)
2023-05-10 11:51:51,483 INFO Monitoring point D with 100.0 percentage at 11:51:51 (D10)
2023-05-10 11:52:07,490 INFO Monitoring point D with 97.0 percentage at 11:52:07 (D10)
2023-05-10 11:52:23,502 INFO Going to PC with 93.0 percentage at 11:52:21 (D9)
2023-05-10 11:52:47,521 INFO Acting on point PC with 83.0 percentage at 11:52:47 (PC8)
2023-05-10 11:52:48,557 INFO Trying to land, still in air. Still 59.14 from ground.
2023-05-10 11:53:08,571 INFO Trying to land, still in air. Still 29.33 from ground.
2023-05-10 11:53:28,590 INFO Trying to land, still in air. Still 3.51 from ground.
2023-05-10 11:53:39,555 INFO Charging battery at PC with 73.0 percentage at 11:53:37 (PC10)
2023-05-10 11:53:45,556 INFO Going to E with 100.0 percentage at 11:53:43 (PC10)
2023-05-10 11:54:17,579 INFO Going to D with 100.0 percentage at 11:54:15 (E10)
2023-05-10 11:54:27,586 INFO Going to B with 100.0 percentage at 11:54:25 (D10)
2023-05-10 11:54:41,601 INFO Going to PC with 97.0 percentage at 11:54:39 (B10)
2023-05-10 11:54:55,606 INFO Acting on point PC with 92.0 percentage at 11:54:55 (PC9)
2023-05-10 11:54:56,646 INFO Trying to land, still in air. Still 59.19 from ground.
2023-05-10 11:55:16,762 INFO Trying to land, still in air. Still 29.44 from ground.
2023-05-10 11:55:36,775 INFO Trying to land, still in air. Still 3.62 from ground.
2023-05-10 11:55:47,746 INFO Charging battery at PC with 80.0 percentage at 11:55:45 (PC10)
2023-05-10 11:55:53,750 INFO Going to E with 100.0 percentage at 11:55:51 (PC10)
2023-05-10 11:56:25,870 INFO Going to D with 100.0 percentage at 11:56:23 (E10)
2023-05-10 11:56:35,874 INFO Going to B with 100.0 percentage at 11:56:33 (D10)
2023-05-10 11:56:49,881 INFO Going to PC with 97.0 percentage at 11:56:47 (B10)
2023-05-10 11:57:03,894 INFO Acting on point PC with 92.0 percentage at 11:57:03 (PC9)
2023-05-10 11:57:04,934 INFO Trying to land, still in air. Still 59.11 from ground.
2023-05-10 11:57:24,950 INFO Trying to land, still in air. Still 29.5 from ground.
2023-05-10 11:57:44,962 INFO Trying to land, still in air. Still 3.75 from ground.
2023-05-10 11:57:55,931 INFO Charging battery at PC with 70.0 percentage at 11:57:53 (PC10)
2023-05-10 11:58:01,934 INFO Going to E with 100.0 percentage at 11:57:59 (PC10)
2023-05-10 11:58:33,954 INFO Going to D with 100.0 percentage at 11:58:31 (E10)
2023-05-10 11:58:43,962 INFO Going to B with 100.0 percentage at 11:58:41 (D10)
2023-05-10 11:58:57,968 INFO Going to PC with 97.0 percentage at 11:58:55 (B10)
2023-05-10 11:59:11,978 INFO Acting on point PC with 92.0 percentage at 11:59:11 (PC9)
2023-05-10 11:59:13,018 INFO Trying to land, still in air. Still 59.25 from ground.
2023-05-10 11:59:33,031 INFO Trying to land, still in air. Still 29.81 from ground.
2023-05-10 11:59:53,046 INFO Trying to land, still in air. Still 3.94 from ground.
2023-05-10 12:00:04,011 INFO Charging battery at PC with 62.0 percentage at 12:00:02 (PC9)
2023-05-10 12:00:10,018 INFO Going to E with 100.0 percentage at 12:00:08 (PC10)
2023-05-10 12:00:42,039 INFO Monitoring point E with 100.0 percentage at 12:00:42 (E10)
2023-05-10 12:00:58,051 INFO Monitoring point E with 100.0 percentage at 12:00:58 (E10)
2023-05-10 12:01:14,062 INFO Going to C with 96.0 percentage at 12:01:12 (E9)
2023-05-10 12:01:30,171 INFO Monitoring point C with 89.0 percentage at 12:01:30 (C9)
2023-05-10 12:01:44,182 INFO Going to PC with 85.0 percentage at 12:01:42 (C8)
2023-05-10 12:02:04,197 INFO Acting on point PC with 77.0 percentage at 12:02:04 (PC8)
2023-05-10 12:02:05,238 INFO Trying to land, still in air. Still 58.99 from ground.
2023-05-10 12:02:25,250 INFO Trying to land, still in air. Still 29.2 from ground.
2023-05-10 12:02:45,266 INFO Trying to land, still in air. Still 3.52 from ground.
2023-05-10 12:02:56,236 INFO Charging battery at PC with 61.0 percentage at 12:02:54 (PC9)
2023-05-10 12:03:02,238 INFO Going to E with 100.0 percentage at 12:03:00 (PC10)
2023-05-10 12:03:34,262 INFO Going to D with 100.0 percentage at 12:03:32 (E10)
2023-05-10 12:03:44,275 INFO Going to B with 100.0 percentage at 12:03:42 (D10)
2023-05-10 12:03:58,278 INFO Going to PC with 97.0 percentage at 12:03:56 (B10)
2023-05-10 12:04:12,286 INFO Acting on point PC with 92.0 percentage at 12:04:12 (PC9)
2023-05-10 12:04:13,326 INFO Trying to land, still in air. Still 59.13 from ground.
2023-05-10 12:04:33,341 INFO Trying to land, still in air. Still 29.47 from ground.
2023-05-10 12:04:53,354 INFO Trying to land, still in air. Still 3.79 from ground.
2023-05-10 12:05:04,326 INFO Charging battery at PC with 69.0 percentage at 12:05:02 (PC10)
2023-05-10 12:05:10,331 INFO Going to B with 100.0 percentage at 12:05:08 (PC10)
2023-05-10 12:05:40,546 INFO Going to PC with 100.0 percentage at 12:05:38 (B10)
2023-05-10 12:05:54,554 INFO Going to E with 100.0 percentage at 12:05:52 (PC10)
2023-05-10 12:06:16,569 INFO Going to C with 94.0 percentage at 12:06:14 (E9)
2023-05-10 12:06:28,575 INFO Monitoring point C with 89.0 percentage at 12:06:28 (C9)
2023-05-10 12:06:44,587 INFO Monitoring point C with 85.0 percentage at 12:06:44 (C8)
2023-05-10 12:07:00,597 INFO Going to PC with 80.0 percentage at 12:06:58 (C8)
2023-05-10 12:07:22,619 INFO Acting on point PC with 71.0 percentage at 12:07:22 (PC7)
2023-05-10 12:07:23,658 INFO Trying to land, still in air. Still 59.12 from ground.
2023-05-10 12:07:43,675 INFO Trying to land, still in air. Still 29.38 from ground.
2023-05-10 12:08:03,686 INFO Trying to land, still in air. Still 3.62 from ground.
2023-05-10 12:08:14,655 INFO Charging battery at PC with 58.0 percentage at 12:08:12 (PC9)
2023-05-10 12:08:20,658 INFO Going to E with 100.0 percentage at 12:08:18 (PC10)
2023-05-10 12:08:52,779 INFO Going to D with 100.0 percentage at 12:08:50 (E10)
2023-05-10 12:09:02,784 INFO Going to B with 100.0 percentage at 12:09:00 (D10)
2023-05-10 12:09:16,894 INFO Going to PC with 97.0 percentage at 12:09:14 (B10)
2023-05-10 12:09:30,901 INFO Acting on point PC with 92.0 percentage at 12:09:30 (PC9)
2023-05-10 12:09:31,942 INFO Trying to land, still in air. Still 59.1 from ground.
2023-05-10 12:09:51,954 INFO Trying to land, still in air. Still 29.37 from ground.
2023-05-10 12:10:12,070 INFO Trying to land, still in air. Still 3.5 from ground.
2023-05-10 12:10:23,035 INFO Charging battery at PC with 75.0 percentage at 12:10:21 (PC10)
2023-05-10 12:10:29,038 INFO Going to E with 100.0 percentage at 12:10:27 (PC10)
2023-05-10 12:11:01,159 INFO Going to D with 100.0 percentage at 12:10:59 (E10)
2023-05-10 12:11:09,163 INFO Monitoring point D with 100.0 percentage at 12:11:09 (D10)
2023-05-10 12:11:25,175 INFO Monitoring point D with 97.0 percentage at 12:11:25 (D10)
2023-05-10 12:11:41,185 INFO Going to PC with 93.0 percentage at 12:11:39 (D9)
2023-05-10 12:12:07,208 INFO Acting on point PC with 83.0 percentage at 12:12:07 (PC8)
2023-05-10 12:12:08,250 INFO Trying to land, still in air. Still 59.18 from ground.
2023-05-10 12:12:28,263 INFO Trying to land, still in air. Still 29.55 from ground.
2023-05-10 12:12:48,282 INFO Trying to land, still in air. Still 3.67 from ground.
2023-05-10 12:12:59,247 INFO Charging battery at PC with 78.0 percentage at 12:12:57 (PC10)
2023-05-10 12:13:05,250 INFO Going to E with 100.0 percentage at 12:13:03 (PC10)
2023-05-10 12:13:37,275 INFO Going to B with 100.0 percentage at 12:13:35 (E10)
2023-05-10 12:13:53,283 INFO Going to PC with 100.0 percentage at 12:13:51 (B10)
2023-05-10 12:14:07,294 INFO Acting on point PC with 95.0 percentage at 12:14:07 (PC9)
2023-05-10 12:14:08,334 INFO Trying to land, still in air. Still 59.1 from ground.
2023-05-10 12:14:28,347 INFO Trying to land, still in air. Still 29.29 from ground.
2023-05-10 12:14:48,366 INFO Trying to land, still in air. Still 3.56 from ground.
2023-05-10 12:14:59,331 INFO Charging battery at PC with 79.0 percentage at 12:14:57 (PC10)
2023-05-10 12:15:05,335 INFO Going to E with 100.0 percentage at 12:15:03 (PC10)
2023-05-10 12:15:37,355 INFO Going to C with 100.0 percentage at 12:15:35 (E10)
2023-05-10 12:15:49,362 INFO Monitoring point C with 100.0 percentage at 12:15:49 (C10)
2023-05-10 12:16:03,472 INFO Monitoring point C with 97.0 percentage at 12:16:03 (C10)
2023-05-10 12:16:19,483 INFO Monitoring point C with 91.0 percentage at 12:16:19 (C9)
2023-05-10 12:16:35,490 INFO Monitoring point C with 86.0 percentage at 12:16:35 (C8)
2023-05-10 12:16:51,506 INFO Going to E with 81.0 percentage at 12:16:49 (C8)
2023-05-10 12:17:05,513 INFO Monitoring point E with 75.0 percentage at 12:17:05 (E7)
2023-05-10 12:17:21,524 INFO Going to PC with 71.0 percentage at 12:17:19 (E7)
2023-05-10 12:17:43,539 INFO Going to A with 63.0 percentage at 12:17:41 (PC6)
2023-05-10 12:18:05,650 INFO Monitoring point A with 55.0 percentage at 12:18:05 (A6)
2023-05-10 12:18:21,662 INFO Going to D with 52.0 percentage at 12:18:19 (A5)
2023-05-10 12:18:33,670 INFO Monitoring point D with 46.0 percentage at 12:18:33 (D4)
2023-05-10 12:18:49,682 INFO Going to C with 43.0 percentage at 12:18:47 (D4)
2023-05-10 12:18:59,691 INFO Monitoring point C with 37.0 percentage at 12:18:59 (C4)
2023-05-10 12:19:15,704 INFO Going to A with 33.0 percentage at 12:19:13 (C3)
2023-05-10 12:19:25,707 INFO Going to PC with 29.0 percentage at 12:19:23 (A3)
2023-05-10 12:19:47,723 INFO Acting on point PC with 21.0 percentage at 12:19:47 (PC2)
2023-05-10 12:19:48,762 INFO Trying to land, still in air. Still 59.05 from ground.
2023-05-10 12:20:08,778 INFO Trying to land, still in air. Still 29.25 from ground.
2023-05-10 12:20:28,795 INFO Trying to land, still in air. Still 3.62 from ground.
2023-05-10 12:20:39,763 INFO Charging battery at PC with 42.0 percentage at 12:20:37 (PC9)
2023-05-10 12:20:45,767 INFO Going to E with 100.0 percentage at 12:20:43 (PC10)
2023-05-10 12:21:17,791 INFO Monitoring point E with 100.0 percentage at 12:21:17 (E10)
2023-05-10 12:21:33,799 INFO Monitoring point E with 100.0 percentage at 12:21:33 (E10)
2023-05-10 12:21:49,811 INFO Going to C with 97.0 percentage at 12:21:47 (E9)
2023-05-10 12:22:05,822 INFO Monitoring point C with 89.0 percentage at 12:22:05 (C9)
2023-05-10 12:22:19,930 INFO Going to PC with 85.0 percentage at 12:22:17 (C8)
2023-05-10 12:22:39,942 INFO Acting on point PC with 77.0 percentage at 12:22:39 (PC8)
2023-05-10 12:22:40,983 INFO Trying to land, still in air. Still 59.08 from ground.
2023-05-10 12:23:00,997 INFO Trying to land, still in air. Still 29.28 from ground.
2023-05-10 12:23:21,015 INFO Trying to land, still in air. Still 3.57 from ground.
2023-05-10 12:23:31,982 INFO Charging battery at PC with 76.0 percentage at 12:23:29 (PC10)
2023-05-10 12:23:37,986 INFO Going to D with 100.0 percentage at 12:23:35 (PC10)
2023-05-10 12:24:10,007 INFO Monitoring point D with 100.0 percentage at 12:24:10 (D10)
2023-05-10 12:24:26,019 INFO Monitoring point D with 100.0 percentage at 12:24:26 (D10)
2023-05-10 12:24:42,030 INFO Monitoring point D with 94.0 percentage at 12:24:42 (D9)
2023-05-10 12:24:58,042 INFO Monitoring point D with 89.0 percentage at 12:24:58 (D9)
2023-05-10 12:25:14,051 INFO Going to C with 84.0 percentage at 12:25:12 (D8)
2023-05-10 12:25:24,058 INFO Going to PC with 81.0 percentage at 12:25:22 (C8)
2023-05-10 12:25:44,073 INFO Acting on point PC with 73.0 percentage at 12:25:44 (PC7)
2023-05-10 12:25:45,114 INFO Trying to land, still in air. Still 59.03 from ground.
2023-05-10 12:26:05,124 INFO Trying to land, still in air. Still 29.4 from ground.
2023-05-10 12:26:25,142 INFO Trying to land, still in air. Still 3.76 from ground.
2023-05-10 12:26:36,110 INFO Charging battery at PC with 48.0 percentage at 12:26:34 (PC9)
2023-05-10 12:26:42,114 INFO Going to D with 100.0 percentage at 12:26:40 (PC10)
2023-05-10 12:27:14,139 INFO Monitoring point D with 100.0 percentage at 12:27:14 (D10)
2023-05-10 12:27:30,143 INFO Monitoring point D with 100.0 percentage at 12:27:30 (D10)
2023-05-10 12:27:46,154 INFO Going to PC with 95.0 percentage at 12:27:44 (D9)
2023-05-10 12:28:10,171 INFO Acting on point PC with 86.0 percentage at 12:28:10 (PC8)
2023-05-10 12:28:11,210 INFO Trying to land, still in air. Still 59.14 from ground.
2023-05-10 12:28:31,226 INFO Trying to land, still in air. Still 29.36 from ground.
2023-05-10 12:28:51,238 INFO Trying to land, still in air. Still 3.64 from ground.
2023-05-10 12:29:02,311 INFO Charging battery at PC with 72.0 percentage at 12:29:00 (PC10)
2023-05-10 12:29:08,315 INFO Going to E with 100.0 percentage at 12:29:06 (PC10)
2023-05-10 12:29:40,335 INFO Monitoring point E with 100.0 percentage at 12:29:40 (E10)
2023-05-10 12:29:56,346 INFO Monitoring point E with 100.0 percentage at 12:29:56 (E10)
2023-05-10 12:30:12,355 INFO Going to C with 96.0 percentage at 12:30:10 (E9)
2023-05-10 12:30:28,371 INFO Monitoring point C with 89.0 percentage at 12:30:28 (C9)
2023-05-10 12:30:42,479 INFO Going to PC with 85.0 percentage at 12:30:40 (C8)
2023-05-10 12:31:02,490 INFO Acting on point PC with 77.0 percentage at 12:31:02 (PC8)
2023-05-10 12:31:03,630 INFO Trying to land, still in air. Still 58.95 from ground.
2023-05-10 12:31:23,838 INFO Trying to land, still in air. Still 29.22 from ground.
2023-05-10 12:31:43,849 INFO Trying to land, still in air. Still 3.46 from ground.
2023-05-10 12:31:54,814 INFO Charging battery at PC with 66.0 percentage at 12:31:52 (PC9)
2023-05-10 12:32:00,819 INFO Going to E with 100.0 percentage at 12:31:58 (PC10)
2023-05-10 12:32:32,841 INFO Monitoring point E with 100.0 percentage at 12:32:32 (E10)
2023-05-10 12:32:48,853 INFO Monitoring point E with 100.0 percentage at 12:32:48 (E10)
2023-05-10 12:33:04,863 INFO Going to C with 96.0 percentage at 12:33:02 (E9)
2023-05-10 12:33:20,874 INFO Going to PC with 89.0 percentage at 12:33:18 (C9)
2023-05-10 12:33:40,887 INFO Acting on point PC with 82.0 percentage at 12:33:40 (PC8)
2023-05-10 12:33:41,926 INFO Trying to land, still in air. Still 59.15 from ground.
2023-05-10 12:34:01,942 INFO Trying to land, still in air. Still 29.25 from ground.
2023-05-10 12:34:21,954 INFO Trying to land, still in air. Still 3.56 from ground.
2023-05-10 12:34:32,923 INFO Charging battery at PC with 74.0 percentage at 12:34:30 (PC10)
2023-05-10 12:34:42,931 INFO Charging battery at PC with 100.0 percentage at 12:34:40 (PC10)
2023-05-10 12:34:48,935 INFO Going to E with 100.0 percentage at 12:34:46 (PC10)
2023-05-10 12:35:20,959 INFO Monitoring point E with 100.0 percentage at 12:35:20 (E10)
2023-05-10 12:35:36,968 INFO Monitoring point E with 100.0 percentage at 12:35:36 (E10)
2023-05-10 12:35:52,979 INFO Going to C with 97.0 percentage at 12:35:50 (E9)
2023-05-10 12:36:08,990 INFO Monitoring point C with 89.0 percentage at 12:36:08 (C9)
2023-05-10 12:36:25,003 INFO Going to PC with 84.0 percentage at 12:36:22 (C8)
2023-05-10 12:36:45,013 INFO Acting on point PC with 77.0 percentage at 12:36:45 (PC8)
2023-05-10 12:36:46,053 INFO Trying to land, still in air. Still 59.12 from ground.
2023-05-10 12:37:06,070 INFO Trying to land, still in air. Still 29.6 from ground.
2023-05-10 12:37:26,087 INFO Trying to land, still in air. Still 3.69 from ground.
2023-05-10 12:37:37,058 INFO Charging battery at PC with 62.0 percentage at 12:37:35 (PC9)
2023-05-10 12:37:43,062 INFO Going to E with 100.0 percentage at 12:37:41 (PC10)
2023-05-10 12:38:15,082 INFO Monitoring point E with 100.0 percentage at 12:38:15 (E10)
2023-05-10 12:38:31,095 INFO Monitoring point E with 100.0 percentage at 12:38:31 (E10)
2023-05-10 12:38:47,107 INFO Going to C with 97.0 percentage at 12:38:45 (E9)
2023-05-10 12:39:03,122 INFO Monitoring point C with 89.0 percentage at 12:39:03 (C9)
2023-05-10 12:39:19,131 INFO Going to PC with 85.0 percentage at 12:39:17 (C8)
2023-05-10 12:39:39,143 INFO Acting on point PC with 77.0 percentage at 12:39:39 (PC8)
2023-05-10 12:39:40,182 INFO Trying to land, still in air. Still 59.07 from ground.
2023-05-10 12:40:00,394 INFO Trying to land, still in air. Still 29.46 from ground.
2023-05-10 12:40:20,410 INFO Trying to land, still in air. Still 3.69 from ground.
2023-05-10 12:40:31,379 INFO Charging battery at PC with 60.0 percentage at 12:40:29 (PC9)
2023-05-10 12:40:37,382 INFO Going to E with 100.0 percentage at 12:40:35 (PC10)
2023-05-10 12:41:09,407 INFO Monitoring point E with 100.0 percentage at 12:41:09 (E10)
2023-05-10 12:41:25,419 INFO Monitoring point E with 100.0 percentage at 12:41:25 (E10)
2023-05-10 12:41:41,427 INFO Going to C with 96.0 percentage at 12:41:39 (E9)
2023-05-10 12:41:57,438 INFO Monitoring point C with 89.0 percentage at 12:41:57 (C9)
2023-05-10 12:42:13,448 INFO Going to PC with 85.0 percentage at 12:42:11 (C8)
2023-05-10 12:42:33,463 INFO Going to C with 77.0 percentage at 12:42:31 (PC8)
2023-05-10 12:42:53,478 INFO Monitoring point C with 70.0 percentage at 12:42:53 (C7)
2023-05-10 12:43:07,782 INFO Monitoring point C with 66.0 percentage at 12:43:07 (C6)
2023-05-10 12:43:23,790 INFO Going to A with 62.0 percentage at 12:43:21 (C6)
2023-05-10 12:43:35,898 INFO Monitoring point A with 56.0 percentage at 12:43:35 (A6)
2023-05-10 12:43:50,006 INFO Going to D with 52.0 percentage at 12:43:48 (A5)
2023-05-10 12:44:02,014 INFO Monitoring point D with 47.0 percentage at 12:44:02 (D5)
2023-05-10 12:44:18,026 INFO Going to C with 44.0 percentage at 12:44:16 (D4)
2023-05-10 12:44:28,034 INFO Monitoring point C with 39.0 percentage at 12:44:28 (C4)
2023-05-10 12:44:44,046 INFO Going to A with 35.0 percentage at 12:44:42 (C3)
2023-05-10 12:44:54,054 INFO Going to PC with 31.0 percentage at 12:44:52 (A3)
2023-05-10 12:45:16,074 INFO Acting on point PC with 23.0 percentage at 12:45:16 (PC2)
2023-05-10 12:45:17,114 INFO Trying to land, still in air. Still 59.16 from ground.
2023-05-10 12:45:37,126 INFO Trying to land, still in air. Still 29.34 from ground.
2023-05-10 12:45:57,139 INFO Trying to land, still in air. Still 3.68 from ground.
2023-05-10 12:46:08,107 INFO Charging battery at PC with 35.0 percentage at 12:46:06 (PC9)
2023-05-10 12:46:14,154 INFO Going to E with 100.0 percentage at 12:46:12 (PC10)
2023-05-10 12:46:46,180 INFO Monitoring point E with 100.0 percentage at 12:46:46 (E10)
2023-05-10 12:47:02,190 INFO Monitoring point E with 100.0 percentage at 12:47:02 (E10)
2023-05-10 12:47:18,203 INFO Going to C with 96.0 percentage at 12:47:16 (E9)
2023-05-10 12:47:34,210 INFO Going to PC with 89.0 percentage at 12:47:32 (C9)
2023-05-10 12:47:54,223 INFO Acting on point PC with 82.0 percentage at 12:47:54 (PC8)
2023-05-10 12:47:55,262 INFO Trying to land, still in air. Still 59.13 from ground.
2023-05-10 12:48:15,274 INFO Trying to land, still in air. Still 29.32 from ground.
2023-05-10 12:48:35,678 INFO Trying to land, still in air. Still 3.76 from ground.
2023-05-10 12:48:46,647 INFO Charging battery at PC with 64.0 percentage at 12:48:44 (PC9)
2023-05-10 12:48:52,654 INFO Going to E with 100.0 percentage at 12:48:50 (PC10)
2023-05-10 12:49:24,771 INFO Monitoring point E with 100.0 percentage at 12:49:24 (E10)
2023-05-10 12:49:40,782 INFO Monitoring point E with 100.0 percentage at 12:49:40 (E10)
2023-05-10 12:49:56,794 INFO Going to C with 97.0 percentage at 12:49:54 (E9)
2023-05-10 12:50:12,806 INFO Monitoring point C with 89.0 percentage at 12:50:12 (C9)
2023-05-10 12:50:28,814 INFO Going to PC with 84.0 percentage at 12:50:26 (C8)
2023-05-10 12:50:48,832 INFO Acting on point PC with 77.0 percentage at 12:50:48 (PC8)
2023-05-10 12:50:49,871 INFO Trying to land, still in air. Still 59.04 from ground.
2023-05-10 12:51:09,883 INFO Trying to land, still in air. Still 29.37 from ground.
2023-05-10 12:51:29,994 INFO Trying to land, still in air. Still 3.58 from ground.
2023-05-10 12:51:41,062 INFO Charging battery at PC with 68.0 percentage at 12:51:38 (PC10)
2023-05-10 12:51:47,066 INFO Going to E with 100.0 percentage at 12:51:45 (PC10)
2023-05-10 12:52:19,383 INFO Monitoring point E with 100.0 percentage at 12:52:19 (E10)
2023-05-10 12:52:33,491 INFO Monitoring point E with 100.0 percentage at 12:52:33 (E10)
2023-05-10 12:52:49,498 INFO Going to C with 97.0 percentage at 12:52:47 (E9)
2023-05-10 12:53:03,508 INFO Monitoring point C with 90.0 percentage at 12:53:03 (C9)
2023-05-10 12:53:19,520 INFO Going to B with 87.0 percentage at 12:53:17 (C8)
2023-05-10 12:53:31,530 INFO Going to PC with 81.0 percentage at 12:53:29 (B8)
2023-05-10 12:53:45,639 INFO Acting on point PC with 76.0 percentage at 12:53:45 (PC7)
2023-05-10 12:53:46,678 INFO Trying to land, still in air. Still 59.11 from ground.
2023-05-10 12:54:06,790 INFO Trying to land, still in air. Still 29.56 from ground.
2023-05-10 12:54:26,806 INFO Trying to land, still in air. Still 3.74 from ground.
2023-05-10 12:54:37,774 INFO Charging battery at PC with 57.0 percentage at 12:54:35 (PC9)
2023-05-10 12:54:43,779 INFO Going to E with 100.0 percentage at 12:54:41 (PC10)
2023-05-10 12:55:15,799 INFO Monitoring point E with 100.0 percentage at 12:55:15 (E10)
2023-05-10 12:55:31,810 INFO Monitoring point E with 100.0 percentage at 12:55:31 (E10)
2023-05-10 12:55:47,822 INFO Going to C with 96.0 percentage at 12:55:45 (E9)
2023-05-10 12:56:03,834 INFO Going to PC with 89.0 percentage at 12:56:01 (C9)
2023-05-10 12:56:23,943 INFO Acting on point PC with 82.0 percentage at 12:56:23 (PC8)
2023-05-10 12:56:24,984 INFO Trying to land, still in air. Still 59.15 from ground.
2023-05-10 12:56:45,486 INFO Trying to land, still in air. Still 29.3 from ground.
2023-05-10 12:57:05,498 INFO Trying to land, still in air. Still 3.61 from ground.
2023-05-10 12:57:16,471 INFO Charging battery at PC with 69.0 percentage at 12:57:14 (PC10)
2023-05-10 12:57:22,474 INFO Going to E with 100.0 percentage at 12:57:20 (PC10)
2023-05-10 12:57:54,491 INFO Monitoring point E with 100.0 percentage at 12:57:54 (E10)
2023-05-10 12:58:10,502 INFO Monitoring point E with 100.0 percentage at 12:58:10 (E10)
2023-05-10 12:58:26,515 INFO Going to D with 96.0 percentage at 12:58:24 (E9)
2023-05-10 12:58:38,522 INFO Going to PC with 91.0 percentage at 12:58:36 (D9)
2023-05-10 12:59:00,534 INFO Acting on point PC with 83.0 percentage at 12:59:00 (PC8)
2023-05-10 12:59:01,574 INFO Trying to land, still in air. Still 59.06 from ground.
2023-05-10 12:59:21,594 INFO Trying to land, still in air. Still 29.34 from ground.
2023-05-10 12:59:41,606 INFO Trying to land, still in air. Still 3.55 from ground.
2023-05-10 12:59:52,574 INFO Charging battery at PC with 72.0 percentage at 12:59:50 (PC10)
2023-05-10 12:59:58,578 INFO Going to B with 100.0 percentage at 12:59:56 (PC10)
2023-05-10 13:00:30,698 INFO Going to PC with 100.0 percentage at 13:00:28 (B10)
2023-05-10 13:00:44,707 INFO Going to E with 100.0 percentage at 13:00:42 (PC10)
2023-05-10 13:01:06,722 INFO Going to C with 93.0 percentage at 13:01:04 (E9)
2023-05-10 13:01:18,730 INFO Monitoring point C with 89.0 percentage at 13:01:18 (C9)
2023-05-10 13:01:34,738 INFO Going to PC with 84.0 percentage at 13:01:32 (C8)
2023-05-10 13:01:54,755 INFO Acting on point PC with 77.0 percentage at 13:01:54 (PC8)
2023-05-10 13:01:55,795 INFO Trying to land, still in air. Still 59.03 from ground.
2023-05-10 13:02:15,812 INFO Trying to land, still in air. Still 29.43 from ground.
2023-05-10 13:02:36,022 INFO Trying to land, still in air. Still 3.71 from ground.
2023-05-10 13:02:47,090 INFO Charging battery at PC with 63.0 percentage at 13:02:45 (PC9)
2023-05-10 13:02:53,090 INFO Going to E with 100.0 percentage at 13:02:51 (PC10)
2023-05-10 13:03:25,115 INFO Monitoring point E with 100.0 percentage at 13:03:25 (E10)
2023-05-10 13:03:41,122 INFO Monitoring point E with 100.0 percentage at 13:03:41 (E10)
2023-05-10 13:03:55,230 INFO Going to C with 97.0 percentage at 13:03:53 (E9)
2023-05-10 13:04:09,241 INFO Monitoring point C with 90.0 percentage at 13:04:09 (C9)
2023-05-10 13:04:25,255 INFO Monitoring point C with 85.0 percentage at 13:04:25 (C8)
2023-05-10 13:04:41,266 INFO Going to A with 82.0 percentage at 13:04:39 (C8)
2023-05-10 13:04:53,275 INFO Going to C with 76.0 percentage at 13:04:51 (A7)
2023-05-10 13:05:01,278 INFO Monitoring point C with 73.0 percentage at 13:05:01 (C7)
2023-05-10 13:05:17,291 INFO Monitoring point C with 68.0 percentage at 13:05:17 (C7)
2023-05-10 13:05:33,303 INFO Going to A with 66.0 percentage at 13:05:31 (C6)
2023-05-10 13:05:45,315 INFO Monitoring point A with 58.0 percentage at 13:05:45 (A6)
2023-05-10 13:06:01,324 INFO Going to D with 55.0 percentage at 13:05:59 (A5)
2023-05-10 13:06:13,334 INFO Going to C with 49.0 percentage at 13:06:11 (D5)
2023-05-10 13:06:21,339 INFO Monitoring point C with 46.0 percentage at 13:06:21 (C4)
2023-05-10 13:06:37,351 INFO Monitoring point C with 41.0 percentage at 13:06:37 (C4)
2023-05-10 13:06:51,454 INFO Monitoring point C with 36.0 percentage at 13:06:51 (C4)
2023-05-10 13:07:07,467 INFO Going to A with 34.0 percentage at 13:07:05 (C3)
2023-05-10 13:07:19,479 INFO Going to PC with 27.0 percentage at 13:07:17 (A3)
2023-05-10 13:07:41,690 INFO Acting on point PC with 19.0 percentage at 13:07:41 (PC2)
2023-05-10 13:07:42,730 INFO Trying to land, still in air. Still 59.22 from ground.
2023-05-10 13:08:02,846 INFO Trying to land, still in air. Still 29.69 from ground.
2023-05-10 13:08:22,858 INFO Trying to land, still in air. Still 3.86 from ground.
2023-05-10 13:08:33,825 INFO Charging battery at PC with 17.0 percentage at 13:08:31 (PC9)
2023-05-10 13:08:39,834 INFO Going to E with 100.0 percentage at 13:08:37 (PC10)
2023-05-10 13:09:11,854 INFO Monitoring point E with 100.0 percentage at 13:09:11 (E10)
2023-05-10 13:09:27,862 INFO Monitoring point E with 100.0 percentage at 13:09:27 (E10)
2023-05-10 13:09:43,878 INFO Going to C with 96.0 percentage at 13:09:41 (E9)
2023-05-10 13:09:59,889 INFO Monitoring point C with 89.0 percentage at 13:09:59 (C9)
2023-05-10 13:10:14,090 INFO Monitoring point C with 85.0 percentage at 13:10:14 (C8)
2023-05-10 13:10:30,103 INFO Going to PC with 79.0 percentage at 13:10:28 (C8)
2023-05-10 13:10:52,215 INFO Acting on point PC with 71.0 percentage at 13:10:52 (PC7)
2023-05-10 13:10:53,258 INFO Trying to land, still in air. Still 59.07 from ground.
2023-05-10 13:11:13,270 INFO Trying to land, still in air. Still 29.31 from ground.
2023-05-10 13:11:33,287 INFO Trying to land, still in air. Still 3.56 from ground.
2023-05-10 13:11:44,355 INFO Charging battery at PC with 69.0 percentage at 13:11:42 (PC10)
2023-05-10 13:11:50,363 INFO Going to E with 100.0 percentage at 13:11:48 (PC10)
2023-05-10 13:12:22,387 INFO Monitoring point E with 100.0 percentage at 13:12:22 (E10)
2023-05-10 13:12:38,398 INFO Monitoring point E with 100.0 percentage at 13:12:38 (E10)
2023-05-10 13:12:54,411 INFO Monitoring point E with 94.0 percentage at 13:12:54 (E9)
2023-05-10 13:13:10,422 INFO Going to C with 90.0 percentage at 13:13:08 (E9)
2023-05-10 13:13:24,434 INFO Monitoring point C with 84.0 percentage at 13:13:24 (C8)
2023-05-10 13:13:40,447 INFO Monitoring point C with 79.0 percentage at 13:13:40 (C8)
2023-05-10 13:13:56,455 INFO Monitoring point C with 74.0 percentage at 13:13:56 (C7)
2023-05-10 13:14:12,468 INFO Monitoring point C with 68.0 percentage at 13:14:12 (C7)
2023-05-10 13:14:28,477 INFO Going to A with 65.0 percentage at 13:14:26 (C6)
2023-05-10 13:14:38,486 INFO Monitoring point A with 59.0 percentage at 13:14:38 (A6)
2023-05-10 13:14:54,498 INFO Going to E with 55.0 percentage at 13:14:52 (A5)
2023-05-10 13:15:10,606 INFO Going to PC with 50.0 percentage at 13:15:08 (E5)
2023-05-10 13:15:32,623 INFO Acting on point PC with 41.0 percentage at 13:15:32 (PC4)
2023-05-10 13:15:33,662 INFO Trying to land, still in air. Still 59.06 from ground.
2023-05-10 13:15:53,679 INFO Trying to land, still in air. Still 29.45 from ground.
2023-05-10 13:16:13,694 INFO Trying to land, still in air. Still 3.67 from ground.
2023-05-10 13:16:24,666 INFO Charging battery at PC with 53.0 percentage at 13:16:22 (PC9)
2023-05-10 13:16:30,670 INFO Going to E with 100.0 percentage at 13:16:28 (PC10)
2023-05-10 13:17:02,791 INFO Going to E with 100.0 percentage at 13:17:00 (E10)
2023-05-10 13:17:08,790 INFO Going to E with 100.0 percentage at 13:17:06 (E10)
2023-05-10 13:17:14,795 INFO Going to B with 100.0 percentage at 13:17:12 (E10)
2023-05-10 13:17:30,807 INFO Going to PC with 96.0 percentage at 13:17:28 (B9)
2023-05-10 13:17:44,819 INFO Acting on point PC with 91.0 percentage at 13:17:44 (PC9)
2023-05-10 13:17:45,859 INFO Trying to land, still in air. Still 59.09 from ground.
2023-05-10 13:18:05,875 INFO Trying to land, still in air. Still 29.36 from ground.
2023-05-10 13:18:25,890 INFO Trying to land, still in air. Still 3.66 from ground.
2023-05-10 13:18:36,862 INFO Charging battery at PC with 74.0 percentage at 13:18:34 (PC10)
2023-05-10 13:18:42,864 INFO Going to E with 100.0 percentage at 13:18:40 (PC10)
2023-05-10 13:19:14,886 INFO Monitoring point E with 100.0 percentage at 13:19:14 (E10)
2023-05-10 13:19:28,995 INFO Monitoring point E with 100.0 percentage at 13:19:28 (E10)
2023-05-10 13:19:45,011 INFO Going to A with 96.0 percentage at 13:19:43 (E9)
2023-05-10 13:20:03,022 INFO Going to PC with 89.0 percentage at 13:20:01 (A9)
2023-05-10 13:20:25,039 INFO Going to B with 82.0 percentage at 13:20:23 (PC8)
2023-05-10 13:20:39,142 INFO Going to PC with 77.0 percentage at 13:20:37 (B8)
2023-05-10 13:20:53,154 INFO Acting on point PC with 72.0 percentage at 13:20:53 (PC7)
2023-05-10 13:20:54,195 INFO Trying to land, still in air. Still 59.17 from ground.
2023-05-10 13:21:14,210 INFO Trying to land, still in air. Still 29.34 from ground.
2023-05-10 13:21:34,222 INFO Trying to land, still in air. Still 3.57 from ground.
2023-05-10 13:21:45,195 INFO Charging battery at PC with 66.0 percentage at 13:21:43 (PC9)
2023-05-10 13:21:51,192 INFO Going to E with 100.0 percentage at 13:21:49 (PC10)
2023-05-10 13:22:23,214 INFO Monitoring point E with 100.0 percentage at 13:22:23 (E10)
2023-05-10 13:22:39,231 INFO Monitoring point E with 100.0 percentage at 13:22:39 (E10)
2023-05-10 13:22:55,238 INFO Monitoring point E with 94.0 percentage at 13:22:55 (E9)
2023-05-10 13:23:09,347 INFO Monitoring point E with 90.0 percentage at 13:23:09 (E9)
2023-05-10 13:23:25,354 INFO Going to A with 87.0 percentage at 13:23:23 (E8)
2023-05-10 13:23:45,562 INFO Going to C with 78.0 percentage at 13:23:43 (A8)
2023-05-10 13:23:53,569 INFO Monitoring point C with 75.0 percentage at 13:23:53 (C7)
2023-05-10 13:24:09,577 INFO Monitoring point C with 70.0 percentage at 13:24:09 (C7)
2023-05-10 13:24:25,586 INFO Going to A with 67.0 percentage at 13:24:23 (C6)
2023-05-10 13:24:37,594 INFO Going to PC with 61.0 percentage at 13:24:35 (A6)
2023-05-10 13:24:59,706 INFO Acting on point PC with 53.0 percentage at 13:24:59 (PC5)
2023-05-10 13:25:00,746 INFO Trying to land, still in air. Still 59.14 from ground.
2023-05-10 13:25:20,762 INFO Trying to land, still in air. Still 29.46 from ground.
2023-05-10 13:25:40,774 INFO Trying to land, still in air. Still 3.88 from ground.
2023-05-10 13:25:51,742 INFO Charging battery at PC with 37.0 percentage at 13:25:49 (PC9)
2023-05-10 13:25:57,747 INFO Going to E with 100.0 percentage at 13:25:55 (PC10)
2023-05-10 13:26:29,770 INFO Monitoring point E with 100.0 percentage at 13:26:29 (E10)
2023-05-10 13:26:45,779 INFO Monitoring point E with 100.0 percentage at 13:26:45 (E10)
2023-05-10 13:26:59,891 INFO Monitoring point E with 95.0 percentage at 13:26:59 (E9)
2023-05-10 13:27:16,095 INFO Monitoring point E with 90.0 percentage at 13:27:16 (E9)
2023-05-10 13:27:32,106 INFO Monitoring point E with 84.0 percentage at 13:27:32 (E8)
2023-05-10 13:27:48,113 INFO Monitoring point E with 79.0 percentage at 13:27:48 (E8)
2023-05-10 13:28:04,124 INFO Going to PC with 75.0 percentage at 13:28:02 (E7)
2023-05-10 13:28:28,143 INFO Acting on point PC with 65.0 percentage at 13:28:28 (PC6)
2023-05-10 13:28:29,183 INFO Trying to land, still in air. Still 59.0 from ground.
2023-05-10 13:28:49,198 INFO Trying to land, still in air. Still 29.32 from ground.
2023-05-10 13:29:09,210 INFO Trying to land, still in air. Still 3.62 from ground.
2023-05-10 13:29:20,177 INFO Charging battery at PC with 52.0 percentage at 13:29:18 (PC9)
2023-05-10 13:29:30,182 INFO Charging battery at PC with 100.0 percentage at 13:29:28 (PC10)
2023-05-10 13:29:36,187 INFO Going to E with 100.0 percentage at 13:29:34 (PC10)
2023-05-10 13:30:08,209 INFO Monitoring point E with 100.0 percentage at 13:30:08 (E10)
2023-05-10 13:30:24,218 INFO Monitoring point E with 100.0 percentage at 13:30:24 (E10)
2023-05-10 13:30:40,230 INFO Monitoring point E with 94.0 percentage at 13:30:40 (E9)
2023-05-10 13:30:56,242 INFO Going to PC with 90.0 percentage at 13:30:54 (E9)
2023-05-10 13:31:22,258 INFO Acting on point PC with 80.0 percentage at 13:31:22 (PC8)
2023-05-10 13:31:23,297 INFO Trying to land, still in air. Still 59.1 from ground.
2023-05-10 13:31:43,311 INFO Trying to land, still in air. Still 29.55 from ground.
2023-05-10 13:32:03,326 INFO Trying to land, still in air. Still 3.65 from ground.
2023-05-10 13:32:14,294 INFO Charging battery at PC with 62.0 percentage at 13:32:12 (PC9)
2023-05-10 13:32:20,298 INFO Going to E with 100.0 percentage at 13:32:18 (PC10)
2023-05-10 13:32:52,319 INFO Monitoring point E with 100.0 percentage at 13:32:52 (E10)
2023-05-10 13:33:08,331 INFO Monitoring point E with 100.0 percentage at 13:33:08 (E10)
2023-05-10 13:33:24,338 INFO Monitoring point E with 94.0 percentage at 13:33:24 (E9)
2023-05-10 13:33:40,351 INFO Monitoring point E with 89.0 percentage at 13:33:40 (E9)
2023-05-10 13:33:56,362 INFO Monitoring point E with 84.0 percentage at 13:33:56 (E8)
2023-05-10 13:34:12,372 INFO Monitoring point E with 78.0 percentage at 13:34:12 (E8)
2023-05-10 13:34:26,483 INFO Going to PC with 74.0 percentage at 13:34:24 (E7)
2023-05-10 13:34:48,500 INFO Acting on point PC with 66.0 percentage at 13:34:48 (PC6)
2023-05-10 13:34:49,538 INFO Trying to land, still in air. Still 59.09 from ground.
2023-05-10 13:35:09,551 INFO Trying to land, still in air. Still 29.43 from ground.
2023-05-10 13:35:29,566 INFO Trying to land, still in air. Still 3.73 from ground.
2023-05-10 13:35:40,535 INFO Charging battery at PC with 53.0 percentage at 13:35:38 (PC9)
2023-05-10 13:35:46,538 INFO Going to E with 100.0 percentage at 13:35:44 (PC10)
2023-05-10 13:36:18,664 INFO Monitoring point E with 100.0 percentage at 13:36:18 (E10)
2023-05-10 13:36:34,670 INFO Monitoring point E with 100.0 percentage at 13:36:34 (E10)
2023-05-10 13:36:50,878 INFO Monitoring point E with 94.0 percentage at 13:36:50 (E9)
2023-05-10 13:37:06,890 INFO Monitoring point E with 89.0 percentage at 13:37:06 (E9)
2023-05-10 13:37:22,900 INFO Monitoring point E with 83.0 percentage at 13:37:22 (E8)
2023-05-10 13:37:38,911 INFO Monitoring point E with 78.0 percentage at 13:37:38 (E8)
2023-05-10 13:37:54,927 INFO Going to PC with 75.0 percentage at 13:37:52 (E7)
2023-05-10 13:38:19,039 INFO Going to D with 65.0 percentage at 13:38:17 (PC6)
2023-05-10 13:38:41,053 INFO Going to C with 58.0 percentage at 13:38:39 (D6)
2023-05-10 13:38:49,059 INFO Going to A with 55.0 percentage at 13:38:47 (C5)
2023-05-10 13:38:57,066 INFO Going to D with 53.0 percentage at 13:38:55 (A5)
2023-05-10 13:39:09,071 INFO Going to C with 49.0 percentage at 13:39:07 (D5)
2023-05-10 13:39:17,079 INFO Monitoring point C with 45.0 percentage at 13:39:17 (C4)
2023-05-10 13:39:33,094 INFO Monitoring point C with 41.0 percentage at 13:39:33 (C4)
2023-05-10 13:39:49,100 INFO Going to B with 38.0 percentage at 13:39:47 (C3)
2023-05-10 13:40:03,111 INFO Monitoring point B with 30.0 percentage at 13:40:03 (B3)
2023-05-10 13:40:19,123 INFO Monitoring point B with 25.0 percentage at 13:40:19 (B2)
2023-05-10 13:40:35,132 INFO Going to B with 20.0 percentage at 13:40:33 (B2)
2023-05-10 13:40:41,134 INFO Going to B with 17.0 percentage at 13:40:39 (B2)
2023-05-10 13:40:43,138 INFO Mayday! Mayday! Drone without battery (M)
2023-05-10 13:41:49,181 CRITICAL Starting new episode - Episode 12
2023-05-10 13:41:55,186 INFO Going to E with 100.0 percentage at 13:41:53 (PC10)
2023-05-10 13:42:21,203 INFO Monitoring point E with 100.0 percentage at 13:42:21 (E10)
2023-05-10 13:42:37,215 INFO Monitoring point E with 100.0 percentage at 13:42:37 (E10)
2023-05-10 13:42:53,223 INFO Monitoring point E with 96.0 percentage at 13:42:53 (E9)
2023-05-10 13:43:09,242 INFO Going to PC with 92.0 percentage at 13:43:07 (E9)
2023-05-10 13:43:35,255 INFO Acting on point PC with 81.0 percentage at 13:43:35 (PC8)
2023-05-10 13:43:36,291 INFO Trying to land, still in air. Still 59.18 from ground.
2023-05-10 13:43:56,306 INFO Trying to land, still in air. Still 29.37 from ground.
2023-05-10 13:44:16,318 INFO Trying to land, still in air. Still 3.52 from ground.
2023-05-10 13:44:27,286 INFO Charging battery at PC with 76.0 percentage at 13:44:25 (PC10)
2023-05-10 13:44:33,291 INFO Going to E with 100.0 percentage at 13:44:31 (PC10)
2023-05-10 13:45:05,410 INFO Monitoring point E with 100.0 percentage at 13:45:05 (E10)
2023-05-10 13:45:21,423 INFO Monitoring point E with 100.0 percentage at 13:45:21 (E10)
2023-05-10 13:45:37,432 INFO Going to PC with 96.0 percentage at 13:45:35 (E9)
2023-05-10 13:46:01,547 INFO Acting on point PC with 86.0 percentage at 13:46:01 (PC8)
2023-05-10 13:46:02,585 INFO Trying to land, still in air. Still 59.13 from ground.
2023-05-10 13:46:22,602 INFO Trying to land, still in air. Still 29.33 from ground.
2023-05-10 13:46:42,713 INFO Trying to land, still in air. Still 3.73 from ground.
2023-05-10 13:46:53,682 INFO Charging battery at PC with 66.0 percentage at 13:46:51 (PC9)
2023-05-10 13:46:59,686 INFO Going to E with 100.0 percentage at 13:46:57 (PC10)
2023-05-10 13:47:31,810 INFO Monitoring point E with 100.0 percentage at 13:47:31 (E10)
2023-05-10 13:47:47,819 INFO Monitoring point E with 100.0 percentage at 13:47:47 (E10)
2023-05-10 13:48:01,926 INFO Monitoring point E with 95.0 percentage at 13:48:01 (E9)
2023-05-10 13:48:17,938 INFO Monitoring point E with 89.0 percentage at 13:48:17 (E9)
2023-05-10 13:48:33,946 INFO Monitoring point E with 84.0 percentage at 13:48:33 (E8)
2023-05-10 13:48:49,956 INFO Monitoring point E with 79.0 percentage at 13:48:49 (E8)
2023-05-10 13:49:05,966 INFO Going to PC with 75.0 percentage at 13:49:03 (E7)
2023-05-10 13:49:31,987 INFO Going to A with 65.0 percentage at 13:49:29 (PC6)
2023-05-10 13:49:54,002 INFO Monitoring point A with 57.0 percentage at 13:49:54 (A6)
2023-05-10 13:50:08,202 INFO Going to D with 55.0 percentage at 13:50:06 (A5)
2023-05-10 13:50:20,214 INFO Monitoring point D with 49.0 percentage at 13:50:20 (D5)
2023-05-10 13:50:36,221 INFO Going to C with 45.0 percentage at 13:50:34 (D4)
2023-05-10 13:50:46,230 INFO Monitoring point C with 40.0 percentage at 13:50:46 (C4)
2023-05-10 13:51:02,243 INFO Monitoring point C with 35.0 percentage at 13:51:02 (C3)
2023-05-10 13:51:18,250 INFO Going to A with 32.0 percentage at 13:51:16 (C3)
2023-05-10 13:51:30,259 INFO Monitoring point A with 25.0 percentage at 13:51:30 (A2)
2023-05-10 13:51:44,271 INFO Monitoring point A with 21.0 percentage at 13:51:44 (A2)
2023-05-10 13:51:56,278 INFO Mayday! Mayday! Drone without battery (M)
2023-05-10 13:53:12,333 CRITICAL Starting new episode - Episode 13
2023-05-10 13:53:16,435 INFO Going to B with 100.0 percentage at 13:53:14 (PC10)
2023-05-10 13:53:42,450 INFO Going to PC with 100.0 percentage at 13:53:40 (B10)
2023-05-10 13:53:56,462 INFO Going to E with 100.0 percentage at 13:53:54 (PC10)
2023-05-10 13:54:18,474 INFO Going to A with 95.0 percentage at 13:54:16 (E9)
2023-05-10 13:54:34,486 INFO Going to PC with 90.0 percentage at 13:54:32 (A9)
2023-05-10 13:54:56,599 INFO Acting on point PC with 82.0 percentage at 13:54:56 (PC8)
2023-05-10 13:54:57,636 INFO Trying to land, still in air. Still 59.22 from ground.
2023-05-10 13:55:17,653 INFO Trying to land, still in air. Still 29.46 from ground.
2023-05-10 13:55:37,662 INFO Trying to land, still in air. Still 3.62 from ground.
2023-05-10 13:55:48,630 INFO Charging battery at PC with 70.0 percentage at 13:55:46 (PC10)
2023-05-10 13:55:58,638 INFO Charging battery at PC with 100.0 percentage at 13:55:56 (PC10)
2023-05-10 13:56:04,837 INFO Going to E with 100.0 percentage at 13:56:02 (PC10)
2023-05-10 13:56:37,155 INFO Monitoring point E with 100.0 percentage at 13:56:37 (E10)
2023-05-10 13:56:53,265 INFO Monitoring point E with 100.0 percentage at 13:56:53 (E10)
2023-05-10 13:57:09,276 INFO Going to A with 96.0 percentage at 13:57:07 (E9)
2023-05-10 13:57:29,291 INFO Going to PC with 88.0 percentage at 13:57:27 (A9)
2023-05-10 13:57:51,306 INFO Acting on point PC with 80.0 percentage at 13:57:51 (PC8)
2023-05-10 13:57:52,346 INFO Trying to land, still in air. Still 59.21 from ground.
2023-05-10 13:58:12,361 INFO Trying to land, still in air. Still 29.37 from ground.
2023-05-10 13:58:32,374 INFO Trying to land, still in air. Still 3.6 from ground.
2023-05-10 13:58:43,347 INFO Charging battery at PC with 66.0 percentage at 13:58:41 (PC9)
2023-05-10 13:58:49,346 INFO Going to E with 100.0 percentage at 13:58:47 (PC10)
2023-05-10 13:59:21,470 INFO Monitoring point E with 100.0 percentage at 13:59:21 (E10)
2023-05-10 13:59:37,479 INFO Monitoring point E with 100.0 percentage at 13:59:37 (E10)
2023-05-10 13:59:53,491 INFO Going to A with 96.0 percentage at 13:59:51 (E9)
2023-05-10 14:00:13,502 INFO Going to PC with 88.0 percentage at 14:00:11 (A9)
2023-05-10 14:00:35,518 INFO Acting on point PC with 80.0 percentage at 14:00:35 (PC8)
2023-05-10 14:00:36,558 INFO Trying to land, still in air. Still 59.16 from ground.
2023-05-10 14:00:56,574 INFO Trying to land, still in air. Still 29.54 from ground.
2023-05-10 14:01:16,586 INFO Trying to land, still in air. Still 3.6 from ground.
2023-05-10 14:01:27,556 INFO Charging battery at PC with 74.0 percentage at 14:01:25 (PC10)
2023-05-10 14:01:33,558 INFO Going to E with 100.0 percentage at 14:01:31 (PC10)
2023-05-10 14:02:05,581 INFO Monitoring point E with 100.0 percentage at 14:02:05 (E10)
2023-05-10 14:02:21,598 INFO Monitoring point E with 100.0 percentage at 14:02:21 (E10)
2023-05-10 14:02:37,611 INFO Going to C with 96.0 percentage at 14:02:35 (E9)
2023-05-10 14:02:51,618 INFO Monitoring point C with 89.0 percentage at 14:02:51 (C9)
2023-05-10 14:03:07,631 INFO Monitoring point C with 85.0 percentage at 14:03:07 (C8)
2023-05-10 14:03:21,939 INFO Monitoring point C with 80.0 percentage at 14:03:21 (C8)
2023-05-10 14:03:37,946 INFO Monitoring point C with 74.0 percentage at 14:03:37 (C7)
2023-05-10 14:03:53,958 INFO Monitoring point C with 69.0 percentage at 14:03:53 (C7)
2023-05-10 14:04:09,968 INFO Going to A with 64.0 percentage at 14:04:07 (C6)
2023-05-10 14:04:20,270 INFO Monitoring point A with 60.0 percentage at 14:04:20 (A6)
2023-05-10 14:04:36,283 INFO Monitoring point A with 55.0 percentage at 14:04:36 (A5)
2023-05-10 14:04:50,391 INFO Going to D with 53.0 percentage at 14:04:48 (A5)
2023-05-10 14:05:06,403 INFO Going to C with 45.0 percentage at 14:05:04 (D4)
2023-05-10 14:05:14,405 INFO Monitoring point C with 42.0 percentage at 14:05:14 (C4)
2023-05-10 14:05:30,419 INFO Going to A with 38.0 percentage at 14:05:28 (C4)
2023-05-10 14:05:40,424 INFO Going to PC with 34.0 percentage at 14:05:38 (A3)
2023-05-10 14:06:02,438 INFO Going to B with 27.0 percentage at 14:06:00 (PC3)
2023-05-10 14:06:16,451 INFO Going to C with 22.0 percentage at 14:06:14 (B2)
2023-05-10 14:06:26,453 INFO Going to A with 19.0 percentage at 14:06:24 (C2)
2023-05-10 14:06:30,458 INFO Mayday! Mayday! Drone without battery (M)
2023-05-10 14:07:45,901 CRITICAL Starting new episode - Episode 14
2023-05-10 14:07:50,902 INFO Going to E with 100.0 percentage at 14:07:48 (PC10)
2023-05-10 14:08:17,023 INFO Going to B with 100.0 percentage at 14:08:15 (E10)
2023-05-10 14:08:33,031 INFO Going to PC with 100.0 percentage at 14:08:31 (B10)
2023-05-10 14:08:47,038 INFO Going to E with 97.0 percentage at 14:08:45 (PC10)
2023-05-10 14:09:09,150 INFO Going to C with 90.0 percentage at 14:09:07 (E9)
2023-05-10 14:09:21,155 INFO Monitoring point C with 85.0 percentage at 14:09:21 (C8)
2023-05-10 14:09:37,167 INFO Monitoring point C with 80.0 percentage at 14:09:37 (C8)
2023-05-10 14:09:53,179 INFO Monitoring point C with 74.0 percentage at 14:09:53 (C7)
2023-05-10 14:10:09,191 INFO Monitoring point C with 69.0 percentage at 14:10:09 (C7)
2023-05-10 14:10:25,202 INFO Going to A with 66.0 percentage at 14:10:23 (C6)
2023-05-10 14:10:37,211 INFO Monitoring point A with 60.0 percentage at 14:10:37 (A6)
2023-05-10 14:10:53,218 INFO Monitoring point A with 55.0 percentage at 14:10:53 (A5)
2023-05-10 14:11:09,230 INFO Going to D with 51.0 percentage at 14:11:07 (A5)
2023-05-10 14:11:23,238 INFO Going to C with 45.0 percentage at 14:11:21 (D4)
2023-05-10 14:11:31,243 INFO Monitoring point C with 42.0 percentage at 14:11:31 (C4)
2023-05-10 14:11:47,258 INFO Monitoring point C with 37.0 percentage at 14:11:47 (C4)
2023-05-10 14:12:03,269 INFO Going to A with 33.0 percentage at 14:12:01 (C3)
2023-05-10 14:12:15,279 INFO Monitoring point A with 27.0 percentage at 14:12:15 (A3)
2023-05-10 14:12:31,291 INFO Going to E with 22.0 percentage at 14:12:29 (A2)
2023-05-10 14:12:45,395 INFO Mayday! Mayday! Drone without battery (M)
2023-05-10 14:14:00,634 CRITICAL Starting new episode - Episode 15
2023-05-10 14:14:05,638 INFO Going to E with 100.0 percentage at 14:14:03 (PC10)
2023-05-10 14:14:31,754 INFO Monitoring point E with 100.0 percentage at 14:14:31 (E10)
2023-05-10 14:14:47,767 INFO Monitoring point E with 100.0 percentage at 14:14:47 (E10)
2023-05-10 14:15:03,772 INFO Monitoring point E with 96.0 percentage at 14:15:03 (E9)
2023-05-10 14:15:19,788 INFO Going to C with 93.0 percentage at 14:15:17 (E9)
2023-05-10 14:15:31,797 INFO Monitoring point C with 86.0 percentage at 14:15:31 (C9)
2023-05-10 14:15:47,806 INFO Monitoring point C with 82.0 percentage at 14:15:47 (C8)
2023-05-10 14:16:03,918 INFO Monitoring point C with 76.0 percentage at 14:16:03 (C7)
2023-05-10 14:16:19,930 INFO Monitoring point C with 71.0 percentage at 14:16:19 (C7)
2023-05-10 14:16:34,135 INFO Monitoring point C with 66.0 percentage at 14:16:34 (C6)
2023-05-10 14:16:50,143 INFO Going to A with 63.0 percentage at 14:16:48 (C6)
2023-05-10 14:17:02,155 INFO Monitoring point A with 56.0 percentage at 14:17:02 (A6)
2023-05-10 14:17:18,163 INFO Going to D with 53.0 percentage at 14:17:16 (A5)
2023-05-10 14:17:30,175 INFO Monitoring point D with 47.0 percentage at 14:17:30 (D5)
2023-05-10 14:17:46,186 INFO Going to C with 43.0 percentage at 14:17:44 (D4)
2023-05-10 14:17:56,195 INFO Monitoring point C with 38.0 percentage at 14:17:56 (C4)
2023-05-10 14:18:10,300 INFO Going to A with 36.0 percentage at 14:18:08 (C3)
