2023-02-21 10:13:12,162 INFO Creation of log actions_states
2023-02-21 10:13:38,780 INFO Drone 1 going to A with 100.0 percentage at 10:13:38 (PC10)
2023-02-21 10:13:38,800 INFO Drone 0 going to A with 100.0 percentage at 10:13:38 (PC10)
2023-02-21 10:14:35,175 INFO Drone 1 monitoring point A with 100.0 percentage at 10:14:35 (A10)
2023-02-21 10:14:35,194 INFO Drone 0 going to A with 100.0 percentage at 10:14:35 (A10)
2023-02-21 10:15:00,196 INFO Drone 0 going to A with 99.0 percentage at 10:15:00 (A10)
2023-02-21 10:15:03,355 INFO Drone 1 monitoring point A with 98.0 percentage at 10:15:03 (A10)
2023-02-21 10:15:27,134 INFO Drone 0 monitoring point A with 94.0 percentage at 10:15:27 (A9)
2023-02-21 10:15:31,077 INFO Drone 1 monitoring point A with 93.0 percentage at 10:15:31 (A9)
2023-02-21 10:15:49,145 INFO Drone 0 monitoring point A with 90.0 percentage at 10:15:49 (A9)
2023-02-21 10:15:52,791 INFO Drone 1 monitoring point A with 89.0 percentage at 10:15:52 (A9)
2023-02-21 10:16:21,409 INFO Drone 0 monitoring point A with 85.0 percentage at 10:16:21 (A9)
2023-02-21 10:16:27,837 INFO Drone 1 monitoring point A with 85.0 percentage at 10:16:27 (A8)
2023-02-21 10:16:55,573 INFO Drone 0 monitoring point A with 81.0 percentage at 10:16:55 (A8)
2023-02-21 10:17:00,223 INFO Drone 1 monitoring point A with 81.0 percentage at 10:17:00 (A8)
2023-02-21 10:17:31,408 INFO Drone 1 going to C with 76.0 percentage at 10:17:31 (A8)
2023-02-21 10:17:31,427 INFO Drone 0 going to A with 76.0 percentage at 10:17:31 (A8)
2023-02-21 10:17:56,604 INFO Drone 0 monitoring point A with 72.0 percentage at 10:17:56 (A7)
2023-02-21 10:18:00,963 INFO Drone 1 monitoring point C with 71.0 percentage at 10:18:00 (C7)
2023-02-21 10:18:27,984 INFO Drone 0 monitoring point A with 67.0 percentage at 10:18:27 (A7)
2023-02-21 10:18:33,213 INFO Drone 1 monitoring point C with 67.0 percentage at 10:18:33 (C7)
2023-02-21 10:18:59,311 INFO Drone 0 monitoring point A with 63.0 percentage at 10:18:59 (A6)
2023-02-21 10:19:03,842 INFO Drone 1 monitoring point C with 62.0 percentage at 10:19:03 (C6)
2023-02-21 10:19:24,460 INFO Drone 0 monitoring point A with 59.0 percentage at 10:19:24 (A6)
2023-02-21 10:19:27,129 INFO Drone 1 monitoring point C with 58.0 percentage at 10:19:27 (C6)
2023-02-21 10:19:50,633 INFO Drone 0 monitoring point A with 54.0 percentage at 10:19:50 (A6)
2023-02-21 10:19:53,888 INFO Drone 1 monitoring point C with 53.0 percentage at 10:19:53 (C5)
2023-02-21 10:20:19,192 INFO Drone 0 monitoring point A with 49.0 percentage at 10:20:19 (A5)
2023-02-21 10:20:23,046 INFO Drone 1 monitoring point C with 49.0 percentage at 10:20:23 (C5)
2023-02-21 10:20:40,426 INFO Drone 0 monitoring point A with 45.0 percentage at 10:20:40 (A5)
2023-02-21 10:20:43,977 INFO Drone 1 monitoring point C with 45.0 percentage at 10:20:43 (C4)
2023-02-21 10:21:08,692 INFO Drone 0 monitoring point A with 41.0 percentage at 10:21:08 (A4)
2023-02-21 10:21:13,337 INFO Drone 1 monitoring point C with 40.0 percentage at 10:21:13 (C4)
2023-02-21 10:21:35,681 INFO Drone 0 monitoring point A with 36.0 percentage at 10:21:35 (A4)
2023-02-21 10:21:38,842 INFO Drone 1 monitoring point C with 35.0 percentage at 10:21:38 (C4)
2023-02-21 10:22:03,754 INFO Drone 0 monitoring point A with 31.0 percentage at 10:22:03 (A3)
2023-02-21 10:22:07,110 INFO Drone 1 monitoring point C with 31.0 percentage at 10:22:07 (C3)
2023-02-21 10:22:26,063 INFO Drone 0 monitoring point A with 27.0 percentage at 10:22:26 (A3)
2023-02-21 10:22:29,223 INFO Drone 1 monitoring point C with 27.0 percentage at 10:22:29 (C3)
2023-02-21 10:22:53,921 INFO Drone 0 monitoring point A with 23.0 percentage at 10:22:53 (A2)
2023-02-21 10:22:57,767 INFO Drone 1 monitoring point C with 22.0 percentage at 10:22:57 (C2)
2023-02-21 10:23:18,030 INFO Drone 0 monitoring point A with 19.0 percentage at 10:23:18 (A2)
2023-02-21 10:23:23,675 INFO Drone 1 monitoring point C with 18.0 percentage at 10:23:23 (C2)
2023-02-21 10:23:35,902 INFO Mayday! Mayday! Drone without battery (M)
2023-02-21 10:23:39,162 INFO Mayday! Mayday! Drone without battery (M)
2023-02-21 10:26:14,058 CRITICAL Starting new episode - Episode 1
2023-02-21 10:26:30,454 INFO Drone 0 charging battery at PC with 100.0 percentage at 10:26:30 (PC10)
2023-02-21 10:26:34,730 INFO Drone 1 charging battery at PC with 100.0 percentage at 10:26:34 (PC10)
2023-02-21 10:26:48,855 INFO Drone 1 going to A with 100.0 percentage at 10:26:48 (PC10)
2023-02-21 10:26:48,880 INFO Drone 0 going to A with 100.0 percentage at 10:26:48 (PC10)
2023-02-21 10:27:49,716 INFO Drone 0 going to A with 100.0 percentage at 10:27:49 (A10)
2023-02-21 10:27:52,666 INFO Drone 1 monitoring point A with 100.0 percentage at 10:27:52 (A10)
2023-02-21 10:28:15,163 INFO Drone 1 monitoring point A with 95.0 percentage at 10:28:15 (A10)
2023-02-21 10:28:15,183 INFO Drone 0 going to A with 95.0 percentage at 10:28:15 (A10)
2023-02-21 10:28:35,096 INFO Drone 0 monitoring point A with 91.0 percentage at 10:28:35 (A9)
2023-02-21 10:28:37,948 INFO Drone 1 monitoring point A with 90.0 percentage at 10:28:37 (A9)
2023-02-21 10:28:56,241 INFO Drone 0 monitoring point A with 85.0 percentage at 10:28:56 (A9)
2023-02-21 10:28:59,289 INFO Drone 1 monitoring point A with 84.0 percentage at 10:28:59 (A8)
2023-02-21 10:29:16,161 INFO Drone 0 monitoring point A with 80.0 percentage at 10:29:16 (A8)
2023-02-21 10:29:18,432 INFO Drone 1 monitoring point A with 80.0 percentage at 10:29:18 (A8)
2023-02-21 10:29:37,692 INFO Drone 0 monitoring point A with 75.0 percentage at 10:29:37 (A8)
2023-02-21 10:29:39,963 INFO Drone 1 monitoring point A with 74.0 percentage at 10:29:39 (A7)
2023-02-21 10:29:57,234 INFO Drone 0 monitoring point A with 70.0 percentage at 10:29:57 (A7)
2023-02-21 10:29:59,990 INFO Drone 1 going to E with 70.0 percentage at 10:29:59 (A7)
2023-02-21 10:30:27,680 INFO Drone 0 monitoring point A with 63.0 percentage at 10:30:27 (A6)
2023-02-21 10:30:29,952 INFO Drone 1 monitoring point E with 63.0 percentage at 10:30:29 (E6)
2023-02-21 10:30:49,114 INFO Drone 0 monitoring point A with 58.0 percentage at 10:30:49 (A6)
2023-02-21 10:30:51,772 INFO Drone 1 monitoring point E with 57.0 percentage at 10:30:51 (E6)
2023-02-21 10:31:10,744 INFO Drone 0 monitoring point A with 52.0 percentage at 10:31:10 (A5)
2023-02-21 10:31:13,791 INFO Drone 1 monitoring point E with 52.0 percentage at 10:31:13 (E5)
2023-02-21 10:31:34,410 INFO Drone 0 monitoring point A with 47.0 percentage at 10:31:34 (A5)
2023-02-21 10:31:36,488 INFO Drone 1 monitoring point E with 46.0 percentage at 10:31:36 (E5)
2023-02-21 10:31:56,331 INFO Drone 0 monitoring point A with 42.0 percentage at 10:31:56 (A4)
2023-02-21 10:31:59,377 INFO Drone 1 monitoring point E with 41.0 percentage at 10:31:59 (E4)
2023-02-21 10:32:19,315 INFO Drone 0 monitoring point A with 36.0 percentage at 10:32:19 (A4)
2023-02-21 10:32:21,780 INFO Drone 1 monitoring point E with 36.0 percentage at 10:32:21 (E4)
2023-02-21 10:32:39,720 INFO Drone 0 monitoring point A with 32.0 percentage at 10:32:39 (A3)
2023-02-21 10:32:43,055 INFO Drone 1 monitoring point E with 31.0 percentage at 10:32:43 (E3)
2023-02-21 10:33:04,256 INFO Drone 0 monitoring point A with 26.0 percentage at 10:33:04 (A3)
2023-02-21 10:33:07,495 INFO Drone 1 monitoring point E with 26.0 percentage at 10:33:07 (E3)
2023-02-21 10:33:28,306 INFO Drone 0 monitoring point A with 21.0 percentage at 10:33:28 (A2)
2023-02-21 10:33:30,965 INFO Drone 1 monitoring point E with 20.0 percentage at 10:33:30 (E2)
2023-02-21 10:33:48,513 INFO Mayday! Mayday! Drone without battery (M)
2023-02-21 10:33:51,170 INFO Mayday! Mayday! Drone without battery (M)
2023-02-21 10:35:33,953 CRITICAL Starting new episode - Episode 2
2023-02-21 10:35:44,248 INFO Drone 1 going to A with 100.0 percentage at 10:35:44 (PC10)
2023-02-21 10:35:44,268 INFO Drone 0 going to A with 100.0 percentage at 10:35:44 (PC10)
2023-02-21 10:36:24,325 INFO Drone 1 monitoring point A with 100.0 percentage at 10:36:24 (A10)
2023-02-21 10:36:24,345 INFO Drone 0 going to A with 100.0 percentage at 10:36:24 (A10)
2023-02-21 10:36:44,092 INFO Drone 0 going to A with 99.0 percentage at 10:36:44 (A10)
2023-02-21 10:36:47,045 INFO Drone 1 monitoring point A with 98.0 percentage at 10:36:47 (A10)
2023-02-21 10:37:08,053 INFO Drone 0 monitoring point A with 93.0 percentage at 10:37:08 (A9)
2023-02-21 10:37:11,002 INFO Drone 1 monitoring point A with 93.0 percentage at 10:37:11 (A9)
2023-02-21 10:37:31,735 INFO Drone 0 monitoring point A with 88.0 percentage at 10:37:31 (A9)
2023-02-21 10:37:34,784 INFO Drone 1 monitoring point A with 87.0 percentage at 10:37:34 (A9)
2023-02-21 10:37:53,278 INFO Drone 0 monitoring point A with 83.0 percentage at 10:37:53 (A8)
2023-02-21 10:37:55,743 INFO Drone 1 monitoring point A with 82.0 percentage at 10:37:55 (A8)
2023-02-21 10:38:16,459 INFO Drone 0 monitoring point A with 77.0 percentage at 10:38:16 (A8)
2023-02-21 10:38:19,415 INFO Drone 1 monitoring point A with 77.0 percentage at 10:38:19 (A8)
2023-02-21 10:38:39,647 INFO Drone 0 monitoring point A with 72.0 percentage at 10:38:39 (A7)
2023-02-21 10:38:42,402 INFO Drone 1 going to E with 72.0 percentage at 10:38:42 (A7)
2023-02-21 10:39:10,180 INFO Drone 0 monitoring point A with 65.0 percentage at 10:39:10 (A6)
2023-02-21 10:39:13,034 INFO Drone 1 monitoring point E with 64.0 percentage at 10:39:13 (E6)
2023-02-21 10:39:34,424 INFO Drone 0 monitoring point A with 59.0 percentage at 10:39:34 (A6)
2023-02-21 10:39:37,470 INFO Drone 1 monitoring point E with 59.0 percentage at 10:39:37 (E6)
