2023-05-14 00:16:17,237 INFO Creation of log actions_states
2023-05-14 00:16:27,710 INFO Going to E with 100.0 percentage at 00:16:25 (PC10)
2023-05-14 00:16:53,771 INFO Monitoring point E with 100.0 percentage at 00:16:53 (E10)
2023-05-14 00:17:09,810 INFO Going to D with 100.0 percentage at 00:17:07 (E10)
2023-05-14 00:17:17,829 INFO Going to B with 99.0 percentage at 00:17:15 (D10)
2023-05-14 00:17:31,881 INFO Monitoring point B with 93.0 percentage at 00:17:31 (B9)
2023-05-14 00:17:45,919 INFO Monitoring point B with 89.0 percentage at 00:17:45 (B9)
2023-05-14 00:18:02,055 INFO Going to PC with 84.0 percentage at 00:18:00 (B8)
2023-05-14 00:18:16,087 INFO Acting on point PC with 79.0 percentage at 00:18:16 (PC8)
2023-05-14 00:18:17,130 INFO Trying to land, still in air. Still 59.22 from ground.
2023-05-14 00:18:37,176 INFO Trying to land, still in air. Still 29.75 from ground.
2023-05-14 00:18:57,222 INFO Trying to land, still in air. Still 3.75 from ground.
2023-05-14 00:19:08,207 INFO Charging battery at PC with 67.0 percentage at 00:19:06 (PC10)
2023-05-14 00:19:14,224 INFO Going to B with 100.0 percentage at 00:19:12 (PC10)
2023-05-14 00:19:44,290 INFO Going to PC with 100.0 percentage at 00:19:42 (B10)
2023-05-14 00:19:58,322 INFO Going to E with 100.0 percentage at 00:19:56 (PC10)
2023-05-14 00:20:20,374 INFO Going to C with 94.0 percentage at 00:20:18 (E9)
2023-05-14 00:20:32,402 INFO Going to D with 90.0 percentage at 00:20:30 (C9)
2023-05-14 00:20:40,421 INFO Going to PC with 87.0 percentage at 00:20:38 (D9)
2023-05-14 00:21:02,475 INFO Acting on point PC with 79.0 percentage at 00:21:02 (PC8)
2023-05-14 00:21:03,515 INFO Trying to land, still in air. Still 59.15 from ground.
2023-05-14 00:21:23,563 INFO Trying to land, still in air. Still 29.39 from ground.
2023-05-14 00:21:43,608 INFO Trying to land, still in air. Still 3.76 from ground.
2023-05-14 00:21:54,594 INFO Charging battery at PC with 63.0 percentage at 00:21:52 (PC9)
2023-05-14 00:22:00,607 INFO Going to E with 100.0 percentage at 00:21:58 (PC10)
2023-05-14 00:22:32,683 INFO Monitoring point E with 100.0 percentage at 00:22:32 (E10)
2023-05-14 00:22:48,719 INFO Monitoring point E with 99.0 percentage at 00:22:48 (E10)
2023-05-14 00:23:04,757 INFO Going to C with 95.0 percentage at 00:23:02 (E9)
2023-05-14 00:23:16,786 INFO Monitoring point C with 90.0 percentage at 00:23:16 (C9)
2023-05-14 00:23:32,826 INFO Monitoring point C with 85.0 percentage at 00:23:32 (C8)
2023-05-14 00:23:46,858 INFO Going to PC with 81.0 percentage at 00:23:44 (C8)
2023-05-14 00:24:06,905 INFO Acting on point PC with 73.0 percentage at 00:24:06 (PC7)
2023-05-14 00:24:07,946 INFO Trying to land, still in air. Still 59.2 from ground.
2023-05-14 00:24:27,994 INFO Trying to land, still in air. Still 29.44 from ground.
2023-05-14 00:24:48,038 INFO Trying to land, still in air. Still 3.71 from ground.
2023-05-14 00:24:59,023 INFO Charging battery at PC with 64.0 percentage at 00:24:57 (PC9)
2023-05-14 00:25:05,039 INFO Going to E with 100.0 percentage at 00:25:03 (PC10)
2023-05-14 00:25:35,107 INFO Monitoring point E with 100.0 percentage at 00:25:35 (E10)
2023-05-14 00:25:51,144 INFO Monitoring point E with 100.0 percentage at 00:25:51 (E10)
2023-05-14 00:26:05,179 INFO Monitoring point E with 95.0 percentage at 00:26:05 (E9)
2023-05-14 00:26:21,219 INFO Going to C with 91.0 percentage at 00:26:19 (E9)
2023-05-14 00:26:33,247 INFO Monitoring point C with 86.0 percentage at 00:26:33 (C8)
2023-05-14 00:26:49,286 INFO Monitoring point C with 81.0 percentage at 00:26:49 (C8)
2023-05-14 00:27:05,323 INFO Monitoring point C with 75.0 percentage at 00:27:05 (C7)
2023-05-14 00:27:19,358 INFO Monitoring point C with 71.0 percentage at 00:27:19 (C7)
2023-05-14 00:27:35,397 INFO Monitoring point C with 65.0 percentage at 00:27:35 (C6)
2023-05-14 00:27:51,535 INFO Going to A with 60.0 percentage at 00:27:49 (C6)
2023-05-14 00:27:59,551 INFO Monitoring point A with 57.0 percentage at 00:27:59 (A6)
2023-05-14 00:28:15,592 INFO Going to D with 53.0 percentage at 00:28:13 (A5)
2023-05-14 00:28:27,620 INFO Monitoring point D with 48.0 percentage at 00:28:27 (D5)
2023-05-14 00:28:43,663 INFO Going to C with 43.0 percentage at 00:28:41 (D4)
2023-05-14 00:28:51,680 INFO Going to A with 41.0 percentage at 00:28:49 (C4)
2023-05-14 00:28:59,699 INFO Monitoring point A with 37.0 percentage at 00:28:59 (A4)
2023-05-14 00:29:15,739 INFO Going to PC with 33.0 percentage at 00:29:13 (A3)
2023-05-14 00:29:37,790 INFO Acting on point PC with 25.0 percentage at 00:29:37 (PC2)
2023-05-14 00:29:38,832 INFO Trying to land, still in air. Still 59.1 from ground.
2023-05-14 00:29:58,878 INFO Trying to land, still in air. Still 29.33 from ground.
2023-05-14 00:30:18,925 INFO Trying to land, still in air. Still 3.84 from ground.
2023-05-14 00:30:29,910 INFO Charging battery at PC with 16.0 percentage at 00:30:27 (PC9)
2023-05-14 00:30:35,923 INFO Going to E with 100.0 percentage at 00:30:33 (PC10)
2023-05-14 00:31:05,995 INFO Monitoring point E with 100.0 percentage at 00:31:05 (E10)
2023-05-14 00:31:22,035 INFO Monitoring point E with 100.0 percentage at 00:31:22 (E10)
2023-05-14 00:31:38,074 INFO Going to C with 95.0 percentage at 00:31:36 (E9)
2023-05-14 00:31:50,102 INFO Monitoring point C with 91.0 percentage at 00:31:50 (C9)
2023-05-14 00:32:04,234 INFO Monitoring point C with 86.0 percentage at 00:32:04 (C8)
2023-05-14 00:32:20,271 INFO Monitoring point C with 81.0 percentage at 00:32:20 (C8)
2023-05-14 00:32:34,307 INFO Monitoring point C with 76.0 percentage at 00:32:34 (C7)
2023-05-14 00:32:48,342 INFO Monitoring point C with 71.0 percentage at 00:32:48 (C7)
2023-05-14 00:33:04,381 INFO Monitoring point C with 66.0 percentage at 00:33:04 (C6)
2023-05-14 00:33:20,419 INFO Going to A with 61.0 percentage at 00:33:18 (C6)
2023-05-14 00:33:28,439 INFO Monitoring point A with 58.0 percentage at 00:33:28 (A6)
2023-05-14 00:33:44,478 INFO Going to D with 53.0 percentage at 00:33:42 (A5)
2023-05-14 00:33:56,507 INFO Monitoring point D with 49.0 percentage at 00:33:56 (D5)
2023-05-14 00:34:12,547 INFO Going to C with 44.0 percentage at 00:34:10 (D4)
2023-05-14 00:34:20,566 INFO Going to A with 41.0 percentage at 00:34:18 (C4)
2023-05-14 00:34:28,582 INFO Monitoring point A with 38.0 percentage at 00:34:28 (A4)
2023-05-14 00:34:42,618 INFO Going to PC with 34.0 percentage at 00:34:40 (A3)
2023-05-14 00:35:04,670 INFO Going to C with 27.0 percentage at 00:35:02 (PC3)
2023-05-14 00:35:24,715 INFO Going to B with 20.0 percentage at 00:35:22 (C2)
2023-05-14 00:35:32,734 INFO Mayday! Mayday! Drone without battery (M)
2023-05-14 00:36:37,877 CRITICAL Starting new episode - Episode 1
2023-05-14 00:36:42,895 INFO Going to E with 100.0 percentage at 00:36:40 (PC10)
2023-05-14 00:37:08,958 INFO Monitoring point E with 100.0 percentage at 00:37:08 (E10)
2023-05-14 00:37:24,995 INFO Monitoring point E with 100.0 percentage at 00:37:24 (E10)
2023-05-14 00:37:41,035 INFO Monitoring point E with 96.0 percentage at 00:37:41 (E9)
2023-05-14 00:37:57,075 INFO Going to C with 91.0 percentage at 00:37:55 (E9)
2023-05-14 00:38:09,107 INFO Monitoring point C with 86.0 percentage at 00:38:09 (C9)
2023-05-14 00:38:25,143 INFO Going to PC with 82.0 percentage at 00:38:23 (C8)
2023-05-14 00:38:45,191 INFO Acting on point PC with 74.0 percentage at 00:38:45 (PC7)
2023-05-14 00:38:46,234 INFO Trying to land, still in air. Still 59.25 from ground.
2023-05-14 00:39:06,279 INFO Trying to land, still in air. Still 29.48 from ground.
2023-05-14 00:39:26,326 INFO Trying to land, still in air. Still 3.68 from ground.
2023-05-14 00:39:37,310 INFO Charging battery at PC with 60.0 percentage at 00:39:35 (PC9)
2023-05-14 00:39:43,324 INFO Going to E with 100.0 percentage at 00:39:41 (PC10)
2023-05-14 00:40:15,498 INFO Monitoring point E with 100.0 percentage at 00:40:15 (E10)
2023-05-14 00:40:31,535 INFO Monitoring point E with 99.0 percentage at 00:40:31 (E10)
2023-05-14 00:40:47,577 INFO Going to C with 95.0 percentage at 00:40:45 (E9)
2023-05-14 00:40:59,606 INFO Monitoring point C with 90.0 percentage at 00:40:59 (C9)
2023-05-14 00:41:15,646 INFO Going to PC with 85.0 percentage at 00:41:13 (C8)
2023-05-14 00:41:35,693 INFO Going to B with 79.0 percentage at 00:41:33 (PC8)
2023-05-14 00:41:49,727 INFO Monitoring point B with 73.0 percentage at 00:41:49 (B7)
2023-05-14 00:42:05,764 INFO Monitoring point B with 68.0 percentage at 00:42:05 (B7)
2023-05-14 00:42:21,803 INFO Going to B with 63.0 percentage at 00:42:19 (B6)
2023-05-14 00:42:27,819 INFO Going to E with 61.0 percentage at 00:42:25 (B6)
2023-05-14 00:42:43,855 INFO Going to C with 56.0 percentage at 00:42:41 (E6)
2023-05-14 00:42:55,882 INFO Monitoring point C with 51.0 percentage at 00:42:55 (C5)
2023-05-14 00:43:11,922 INFO Going to C with 46.0 percentage at 00:43:09 (C4)
2023-05-14 00:43:17,935 INFO Monitoring point C with 44.0 percentage at 00:43:17 (C4)
2023-05-14 00:43:33,975 INFO Monitoring point C with 39.0 percentage at 00:43:33 (C4)
2023-05-14 00:43:50,015 INFO Going to A with 34.0 percentage at 00:43:48 (C3)
2023-05-14 00:43:58,033 INFO Going to PC with 31.0 percentage at 00:43:56 (A3)
2023-05-14 00:44:20,084 INFO Acting on point PC with 23.0 percentage at 00:44:20 (PC2)
2023-05-14 00:44:21,126 INFO Trying to land, still in air. Still 59.25 from ground.
2023-05-14 00:44:41,174 INFO Trying to land, still in air. Still 29.41 from ground.
2023-05-14 00:45:01,219 INFO Trying to land, still in air. Still 3.63 from ground.
2023-05-14 00:45:12,303 INFO Charging battery at PC with 49.0 percentage at 00:45:10 (PC9)
2023-05-14 00:45:18,319 INFO Going to E with 100.0 percentage at 00:45:16 (PC10)
2023-05-14 00:45:48,387 INFO Monitoring point E with 100.0 percentage at 00:45:48 (E10)
2023-05-14 00:46:02,422 INFO Monitoring point E with 100.0 percentage at 00:46:02 (E10)
2023-05-14 00:46:16,454 INFO Going to C with 96.0 percentage at 00:46:14 (E10)
2023-05-14 00:46:28,484 INFO Monitoring point C with 92.0 percentage at 00:46:28 (C9)
2023-05-14 00:46:44,522 INFO Monitoring point C with 87.0 percentage at 00:46:44 (C9)
2023-05-14 00:47:00,560 INFO Going to PC with 82.0 percentage at 00:46:58 (C8)
2023-05-14 00:47:20,607 INFO Acting on point PC with 75.0 percentage at 00:47:20 (PC7)
2023-05-14 00:47:21,650 INFO Trying to land, still in air. Still 59.15 from ground.
2023-05-14 00:47:41,793 INFO Trying to land, still in air. Still 29.47 from ground.
2023-05-14 00:48:01,841 INFO Trying to land, still in air. Still 3.63 from ground.
2023-05-14 00:48:12,827 INFO Charging battery at PC with 71.0 percentage at 00:48:10 (PC10)
2023-05-14 00:48:18,838 INFO Going to E with 100.0 percentage at 00:48:16 (PC10)
2023-05-14 00:48:49,009 INFO Monitoring point E with 100.0 percentage at 00:48:49 (E10)
2023-05-14 00:49:05,047 INFO Going to A with 100.0 percentage at 00:49:03 (E10)
2023-05-14 00:49:21,082 INFO Going to PC with 95.0 percentage at 00:49:19 (A9)
2023-05-14 00:49:43,136 INFO Acting on point PC with 87.0 percentage at 00:49:43 (PC9)
2023-05-14 00:49:44,176 INFO Trying to land, still in air. Still 59.13 from ground.
2023-05-14 00:50:04,222 INFO Trying to land, still in air. Still 29.71 from ground.
2023-05-14 00:50:24,280 INFO Trying to land, still in air. Still 3.7 from ground.
2023-05-14 00:50:35,266 INFO Charging battery at PC with 69.0 percentage at 00:50:33 (PC10)
2023-05-14 00:50:41,479 INFO Going to E with 100.0 percentage at 00:50:39 (PC10)
2023-05-14 00:51:13,984 INFO Monitoring point E with 100.0 percentage at 00:51:13 (E10)
2023-05-14 00:51:28,015 INFO Monitoring point E with 100.0 percentage at 00:51:28 (E10)
2023-05-14 00:51:42,050 INFO Monitoring point E with 95.0 percentage at 00:51:42 (E9)
2023-05-14 00:51:58,086 INFO Going to C with 90.0 percentage at 00:51:56 (E9)
2023-05-14 00:52:10,115 INFO Monitoring point C with 86.0 percentage at 00:52:10 (C8)
2023-05-14 00:52:24,149 INFO Going to PC with 82.0 percentage at 00:52:22 (C8)
2023-05-14 00:52:44,195 INFO Acting on point PC with 75.0 percentage at 00:52:44 (PC7)
2023-05-14 00:52:45,235 INFO Trying to land, still in air. Still 59.14 from ground.
2023-05-14 00:53:05,387 INFO Trying to land, still in air. Still 29.58 from ground.
2023-05-14 00:53:25,431 INFO Trying to land, still in air. Still 3.74 from ground.
2023-05-14 00:53:36,414 INFO Charging battery at PC with 45.0 percentage at 00:53:34 (PC9)
2023-05-14 00:53:42,427 INFO Going to E with 100.0 percentage at 00:53:40 (PC10)
2023-05-14 00:54:12,495 INFO Going to C with 100.0 percentage at 00:54:10 (E10)
2023-05-14 00:54:24,525 INFO Monitoring point C with 100.0 percentage at 00:54:24 (C10)
2023-05-14 00:54:38,559 INFO Monitoring point C with 97.0 percentage at 00:54:38 (C10)
2023-05-14 00:54:52,591 INFO Monitoring point C with 92.0 percentage at 00:54:52 (C9)
2023-05-14 00:55:08,727 INFO Monitoring point C with 87.0 percentage at 00:55:08 (C9)
2023-05-14 00:55:22,764 INFO Going to PC with 82.0 percentage at 00:55:20 (C8)
2023-05-14 00:55:42,811 INFO Acting on point PC with 75.0 percentage at 00:55:42 (PC7)
2023-05-14 00:55:43,851 INFO Trying to land, still in air. Still 59.19 from ground.
2023-05-14 00:56:03,900 INFO Trying to land, still in air. Still 29.78 from ground.
2023-05-14 00:56:23,946 INFO Trying to land, still in air. Still 3.78 from ground.
2023-05-14 00:56:34,931 INFO Charging battery at PC with 63.0 percentage at 00:56:32 (PC9)
2023-05-14 00:56:40,945 INFO Going to E with 100.0 percentage at 00:56:38 (PC10)
2023-05-14 00:57:13,023 INFO Monitoring point E with 100.0 percentage at 00:57:13 (E10)
2023-05-14 00:57:27,059 INFO Monitoring point E with 100.0 percentage at 00:57:27 (E10)
2023-05-14 00:57:43,095 INFO Going to C with 95.0 percentage at 00:57:41 (E9)
2023-05-14 00:57:55,230 INFO Monitoring point C with 91.0 percentage at 00:57:55 (C9)
2023-05-14 00:58:09,279 INFO Monitoring point C with 86.0 percentage at 00:58:09 (C8)
2023-05-14 00:58:23,311 INFO Going to PC with 82.0 percentage at 00:58:21 (C8)
2023-05-14 00:58:43,356 INFO Going to C with 75.0 percentage at 00:58:41 (PC7)
2023-05-14 00:59:03,402 INFO Monitoring point C with 68.0 percentage at 00:59:03 (C7)
2023-05-14 00:59:19,438 INFO Going to A with 63.0 percentage at 00:59:17 (C6)
2023-05-14 00:59:27,456 INFO Going to PC with 61.0 percentage at 00:59:25 (A6)
2023-05-14 00:59:49,506 INFO Acting on point PC with 53.0 percentage at 00:59:49 (PC5)
2023-05-14 00:59:50,548 INFO Trying to land, still in air. Still 59.15 from ground.
2023-05-14 01:00:10,594 INFO Trying to land, still in air. Still 29.47 from ground.
2023-05-14 01:00:30,639 INFO Trying to land, still in air. Still 3.77 from ground.
2023-05-14 01:00:41,624 INFO Charging battery at PC with 36.0 percentage at 01:00:39 (PC9)
2023-05-14 01:00:47,637 INFO Going to E with 100.0 percentage at 01:00:45 (PC10)
2023-05-14 01:01:19,711 INFO Monitoring point E with 100.0 percentage at 01:01:19 (E10)
2023-05-14 01:01:35,747 INFO Going to C with 100.0 percentage at 01:01:33 (E10)
2023-05-14 01:01:47,775 INFO Monitoring point C with 95.0 percentage at 01:01:47 (C9)
2023-05-14 01:02:01,810 INFO Monitoring point C with 91.0 percentage at 01:02:01 (C9)
2023-05-14 01:02:17,849 INFO Going to D with 86.0 percentage at 01:02:15 (C8)
2023-05-14 01:02:25,866 INFO Going to C with 83.0 percentage at 01:02:23 (D8)
2023-05-14 01:02:33,886 INFO Going to PC with 81.0 percentage at 01:02:31 (C8)
2023-05-14 01:02:53,930 INFO Acting on point PC with 73.0 percentage at 01:02:53 (PC7)
2023-05-14 01:02:54,974 INFO Trying to land, still in air. Still 59.09 from ground.
2023-05-14 01:03:15,018 INFO Trying to land, still in air. Still 29.49 from ground.
2023-05-14 01:03:35,064 INFO Trying to land, still in air. Still 3.64 from ground.
2023-05-14 01:03:46,047 INFO Charging battery at PC with 56.0 percentage at 01:03:44 (PC9)
2023-05-14 01:03:52,061 INFO Going to E with 100.0 percentage at 01:03:50 (PC10)
2023-05-14 01:04:24,134 INFO Monitoring point E with 100.0 percentage at 01:04:24 (E10)
2023-05-14 01:04:40,175 INFO Monitoring point E with 99.0 percentage at 01:04:40 (E10)
2023-05-14 01:04:56,211 INFO Going to C with 95.0 percentage at 01:04:54 (E9)
2023-05-14 01:05:08,237 INFO Monitoring point C with 90.0 percentage at 01:05:08 (C9)
2023-05-14 01:05:22,270 INFO Monitoring point C with 85.0 percentage at 01:05:22 (C8)
2023-05-14 01:05:36,403 INFO Going to PC with 81.0 percentage at 01:05:34 (C8)
2023-05-14 01:05:56,446 INFO Acting on point PC with 74.0 percentage at 01:05:56 (PC7)
2023-05-14 01:05:57,487 INFO Trying to land, still in air. Still 59.19 from ground.
2023-05-14 01:06:17,544 INFO Trying to land, still in air. Still 29.32 from ground.
2023-05-14 01:06:37,579 INFO Trying to land, still in air. Still 3.69 from ground.
2023-05-14 01:06:48,563 INFO Charging battery at PC with 57.0 percentage at 01:06:46 (PC9)
2023-05-14 01:06:54,578 INFO Going to E with 100.0 percentage at 01:06:52 (PC10)
2023-05-14 01:07:24,643 INFO Going to C with 100.0 percentage at 01:07:22 (E10)
2023-05-14 01:07:36,770 INFO Monitoring point C with 100.0 percentage at 01:07:36 (C10)
2023-05-14 01:07:52,807 INFO Monitoring point C with 96.0 percentage at 01:07:52 (C9)
2023-05-14 01:08:08,844 INFO Monitoring point C with 91.0 percentage at 01:08:08 (C9)
2023-05-14 01:08:22,879 INFO Monitoring point C with 86.0 percentage at 01:08:22 (C8)
2023-05-14 01:08:36,912 INFO Going to PC with 82.0 percentage at 01:08:34 (C8)
2023-05-14 01:08:56,958 INFO Acting on point PC with 75.0 percentage at 01:08:56 (PC7)
2023-05-14 01:08:57,999 INFO Trying to land, still in air. Still 59.11 from ground.
2023-05-14 01:09:18,046 INFO Trying to land, still in air. Still 29.58 from ground.
2023-05-14 01:09:38,091 INFO Trying to land, still in air. Still 3.72 from ground.
2023-05-14 01:09:49,075 INFO Charging battery at PC with 48.0 percentage at 01:09:47 (PC9)
2023-05-14 01:09:55,090 INFO Going to E with 100.0 percentage at 01:09:53 (PC10)
2023-05-14 01:10:25,158 INFO Going to C with 100.0 percentage at 01:10:23 (E10)
2023-05-14 01:10:37,186 INFO Monitoring point C with 100.0 percentage at 01:10:37 (C10)
2023-05-14 01:10:53,224 INFO Monitoring point C with 96.0 percentage at 01:10:53 (C9)
2023-05-14 01:11:09,262 INFO Monitoring point C with 91.0 percentage at 01:11:09 (C9)
2023-05-14 01:11:23,297 INFO Monitoring point C with 86.0 percentage at 01:11:23 (C8)
2023-05-14 01:11:37,331 INFO Going to PC with 82.0 percentage at 01:11:35 (C8)
2023-05-14 01:11:57,375 INFO Acting on point PC with 75.0 percentage at 01:11:57 (PC7)
2023-05-14 01:11:58,418 INFO Trying to land, still in air. Still 59.11 from ground.
2023-05-14 01:12:18,463 INFO Trying to land, still in air. Still 29.57 from ground.
2023-05-14 01:12:38,508 INFO Trying to land, still in air. Still 3.76 from ground.
2023-05-14 01:12:49,493 INFO Charging battery at PC with 64.0 percentage at 01:12:47 (PC9)
2023-05-14 01:12:55,506 INFO Going to E with 100.0 percentage at 01:12:53 (PC10)
2023-05-14 01:13:25,575 INFO Going to A with 100.0 percentage at 01:13:23 (E10)
2023-05-14 01:13:41,611 INFO Monitoring point A with 100.0 percentage at 01:13:41 (A10)
2023-05-14 01:13:57,650 INFO Going to PC with 95.0 percentage at 01:13:55 (A9)
2023-05-14 01:14:19,796 INFO Acting on point PC with 87.0 percentage at 01:14:19 (PC9)
2023-05-14 01:14:20,839 INFO Trying to land, still in air. Still 59.11 from ground.
2023-05-14 01:14:40,883 INFO Trying to land, still in air. Still 29.39 from ground.
2023-05-14 01:15:00,930 INFO Trying to land, still in air. Still 3.58 from ground.
2023-05-14 01:15:11,914 INFO Charging battery at PC with 79.0 percentage at 01:15:09 (PC10)
2023-05-14 01:15:17,927 INFO Going to E with 100.0 percentage at 01:15:15 (PC10)
2023-05-14 01:15:48,124 INFO Going to A with 100.0 percentage at 01:15:46 (E10)
2023-05-14 01:16:04,163 INFO Monitoring point A with 100.0 percentage at 01:16:04 (A10)
2023-05-14 01:16:20,201 INFO Going to PC with 95.0 percentage at 01:16:18 (A9)
2023-05-14 01:16:42,251 INFO Acting on point PC with 87.0 percentage at 01:16:42 (PC9)
2023-05-14 01:16:43,291 INFO Trying to land, still in air. Still 59.06 from ground.
2023-05-14 01:17:03,339 INFO Trying to land, still in air. Still 29.41 from ground.
2023-05-14 01:17:23,383 INFO Trying to land, still in air. Still 3.74 from ground.
2023-05-14 01:17:34,368 INFO Charging battery at PC with 72.0 percentage at 01:17:32 (PC10)
2023-05-14 01:17:40,382 INFO Going to E with 100.0 percentage at 01:17:38 (PC10)
2023-05-14 01:18:10,451 INFO Going to A with 100.0 percentage at 01:18:08 (E10)
2023-05-14 01:18:28,493 INFO Monitoring point A with 99.0 percentage at 01:18:28 (A10)
2023-05-14 01:18:44,531 INFO Going to PC with 95.0 percentage at 01:18:42 (A9)
2023-05-14 01:19:06,582 INFO Acting on point PC with 87.0 percentage at 01:19:06 (PC9)
2023-05-14 01:19:07,623 INFO Trying to land, still in air. Still 59.04 from ground.
2023-05-14 01:19:27,670 INFO Trying to land, still in air. Still 29.37 from ground.
2023-05-14 01:19:47,715 INFO Trying to land, still in air. Still 3.57 from ground.
2023-05-14 01:19:58,698 INFO Charging battery at PC with 71.0 percentage at 01:19:56 (PC10)
2023-05-14 01:20:04,713 INFO Going to E with 100.0 percentage at 01:20:02 (PC10)
2023-05-14 01:20:34,782 INFO Going to A with 100.0 percentage at 01:20:32 (E10)
2023-05-14 01:20:52,823 INFO Monitoring point A with 99.0 percentage at 01:20:52 (A10)
2023-05-14 01:21:08,859 INFO Going to D with 95.0 percentage at 01:21:06 (A9)
2023-05-14 01:21:20,889 INFO Going to PC with 91.0 percentage at 01:21:18 (D9)
2023-05-14 01:21:43,037 INFO Acting on point PC with 83.0 percentage at 01:21:43 (PC8)
2023-05-14 01:21:44,078 INFO Trying to land, still in air. Still 59.08 from ground.
2023-05-14 01:22:04,222 INFO Trying to land, still in air. Still 29.48 from ground.
2023-05-14 01:22:24,268 INFO Trying to land, still in air. Still 3.67 from ground.
2023-05-14 01:22:35,255 INFO Charging battery at PC with 70.0 percentage at 01:22:33 (PC10)
2023-05-14 01:22:41,270 INFO Going to E with 100.0 percentage at 01:22:39 (PC10)
2023-05-14 01:23:13,440 INFO Going to C with 100.0 percentage at 01:23:11 (E10)
2023-05-14 01:23:25,468 INFO Monitoring point C with 100.0 percentage at 01:23:25 (C10)
2023-05-14 01:23:41,508 INFO Monitoring point C with 95.0 percentage at 01:23:41 (C9)
2023-05-14 01:23:57,545 INFO Monitoring point C with 90.0 percentage at 01:23:57 (C9)
2023-05-14 01:24:11,579 INFO Monitoring point C with 85.0 percentage at 01:24:11 (C8)
2023-05-14 01:24:27,616 INFO Going to PC with 81.0 percentage at 01:24:25 (C8)
2023-05-14 01:24:47,661 INFO Acting on point PC with 73.0 percentage at 01:24:47 (PC7)
2023-05-14 01:24:48,704 INFO Trying to land, still in air. Still 59.12 from ground.
2023-05-14 01:25:08,749 INFO Trying to land, still in air. Still 29.44 from ground.
2023-05-14 01:25:28,893 INFO Trying to land, still in air. Still 3.75 from ground.
2023-05-14 01:25:39,876 INFO Charging battery at PC with 65.0 percentage at 01:25:37 (PC9)
2023-05-14 01:25:45,890 INFO Going to E with 100.0 percentage at 01:25:43 (PC10)
2023-05-14 01:26:15,959 INFO Monitoring point E with 100.0 percentage at 01:26:15 (E10)
2023-05-14 01:26:29,994 INFO Going to C with 100.0 percentage at 01:26:27 (E10)
2023-05-14 01:26:42,019 INFO Monitoring point C with 97.0 percentage at 01:26:42 (C10)
2023-05-14 01:26:58,057 INFO Monitoring point C with 91.0 percentage at 01:26:58 (C9)
2023-05-14 01:27:14,094 INFO Monitoring point C with 86.0 percentage at 01:27:14 (C8)
2023-05-14 01:27:30,134 INFO Going to PC with 81.0 percentage at 01:27:28 (C8)
2023-05-14 01:27:50,179 INFO Acting on point PC with 74.0 percentage at 01:27:50 (PC7)
2023-05-14 01:27:51,222 INFO Trying to land, still in air. Still 59.18 from ground.
2023-05-14 01:28:11,267 INFO Trying to land, still in air. Still 29.4 from ground.
2023-05-14 01:28:31,311 INFO Trying to land, still in air. Still 3.67 from ground.
2023-05-14 01:28:42,297 INFO Charging battery at PC with 64.0 percentage at 01:28:40 (PC9)
2023-05-14 01:28:48,311 INFO Going to E with 100.0 percentage at 01:28:46 (PC10)
2023-05-14 01:29:18,378 INFO Monitoring point E with 100.0 percentage at 01:29:18 (E10)
2023-05-14 01:29:34,415 INFO Monitoring point E with 100.0 percentage at 01:29:34 (E10)
2023-05-14 01:29:50,455 INFO Going to C with 95.0 percentage at 01:29:48 (E9)
2023-05-14 01:30:02,481 INFO Monitoring point C with 91.0 percentage at 01:30:02 (C9)
2023-05-14 01:30:18,519 INFO Monitoring point C with 85.0 percentage at 01:30:18 (C8)
2023-05-14 01:30:34,653 INFO Monitoring point C with 80.0 percentage at 01:30:34 (C8)
2023-05-14 01:30:50,691 INFO Going to D with 75.0 percentage at 01:30:48 (C7)
2023-05-14 01:30:58,710 INFO Monitoring point D with 72.0 percentage at 01:30:58 (D7)
2023-05-14 01:31:14,747 INFO Monitoring point D with 67.0 percentage at 01:31:14 (D7)
2023-05-14 01:31:30,787 INFO Going to C with 62.0 percentage at 01:31:28 (D6)
2023-05-14 01:31:38,803 INFO Going to A with 59.0 percentage at 01:31:36 (C6)
2023-05-14 01:31:46,823 INFO Monitoring point A with 56.0 percentage at 01:31:46 (A6)
2023-05-14 01:32:02,861 INFO Going to D with 51.0 percentage at 01:32:00 (A5)
2023-05-14 01:32:14,889 INFO Monitoring point D with 47.0 percentage at 01:32:14 (D5)
2023-05-14 01:32:29,019 INFO Going to C with 43.0 percentage at 01:32:27 (D4)
2023-05-14 01:32:37,038 INFO Going to C with 39.0 percentage at 01:32:35 (C4)
2023-05-14 01:32:43,050 INFO Going to A with 38.0 percentage at 01:32:41 (C4)
2023-05-14 01:32:51,071 INFO Going to PC with 35.0 percentage at 01:32:49 (A3)
2023-05-14 01:33:13,119 INFO Going to D with 28.0 percentage at 01:33:11 (PC3)
2023-05-14 01:33:35,171 INFO Monitoring point D with 20.0 percentage at 01:33:35 (D2)
2023-05-14 01:33:47,199 INFO Mayday! Mayday! Drone without battery (M)
2023-05-14 01:35:02,661 CRITICAL Starting new episode - Episode 2
2023-05-14 01:35:07,679 INFO Going to E with 100.0 percentage at 01:35:05 (PC10)
2023-05-14 01:35:33,740 INFO Monitoring point E with 100.0 percentage at 01:35:33 (E10)
2023-05-14 01:35:49,777 INFO Going to PC with 100.0 percentage at 01:35:47 (E10)
2023-05-14 01:36:11,827 INFO Acting on point PC with 94.0 percentage at 01:36:11 (PC9)
2023-05-14 01:36:12,870 INFO Trying to land, still in air. Still 59.28 from ground.
2023-05-14 01:36:32,914 INFO Trying to land, still in air. Still 29.57 from ground.
2023-05-14 01:36:53,058 INFO Trying to land, still in air. Still 3.66 from ground.
2023-05-14 01:37:04,042 INFO Charging battery at PC with 77.0 percentage at 01:37:02 (PC10)
2023-05-14 01:37:10,055 INFO Going to D with 100.0 percentage at 01:37:08 (PC10)
2023-05-14 01:37:42,127 INFO Going to B with 100.0 percentage at 01:37:40 (D10)
2023-05-14 01:37:56,159 INFO Going to PC with 100.0 percentage at 01:37:54 (B10)
2023-05-14 01:38:10,191 INFO Going to E with 96.0 percentage at 01:38:08 (PC9)
2023-05-14 01:38:32,244 INFO Going to C with 88.0 percentage at 01:38:30 (E9)
2023-05-14 01:38:44,270 INFO Monitoring point C with 84.0 percentage at 01:38:44 (C8)
2023-05-14 01:38:58,303 INFO Going to PC with 80.0 percentage at 01:38:56 (C8)
2023-05-14 01:39:18,351 INFO Acting on point PC with 73.0 percentage at 01:39:18 (PC7)
2023-05-14 01:39:19,392 INFO Trying to land, still in air. Still 59.2 from ground.
2023-05-14 01:39:39,438 INFO Trying to land, still in air. Still 29.41 from ground.
2023-05-14 01:39:59,483 INFO Trying to land, still in air. Still 3.68 from ground.
2023-05-14 01:40:10,466 INFO Charging battery at PC with 55.0 percentage at 01:40:08 (PC9)
2023-05-14 01:40:16,479 INFO Going to E with 100.0 percentage at 01:40:14 (PC10)
2023-05-14 01:40:46,549 INFO Going to PC with 100.0 percentage at 01:40:44 (E10)
2023-05-14 01:41:08,600 INFO Going to C with 99.0 percentage at 01:41:06 (PC10)
2023-05-14 01:41:28,744 INFO Monitoring point C with 91.0 percentage at 01:41:28 (C9)
2023-05-14 01:41:44,783 INFO Monitoring point C with 86.0 percentage at 01:41:44 (C8)
2023-05-14 01:42:00,822 INFO Monitoring point C with 81.0 percentage at 01:42:00 (C8)
2023-05-14 01:42:16,860 INFO Going to D with 76.0 percentage at 01:42:14 (C7)
2023-05-14 01:42:24,876 INFO Monitoring point D with 73.0 percentage at 01:42:24 (D7)
2023-05-14 01:42:38,913 INFO Monitoring point D with 68.0 percentage at 01:42:38 (D7)
2023-05-14 01:42:54,950 INFO Going to C with 63.0 percentage at 01:42:52 (D6)
2023-05-14 01:43:02,970 INFO Going to A with 61.0 percentage at 01:43:00 (C6)
2023-05-14 01:43:10,988 INFO Monitoring point A with 57.0 percentage at 01:43:10 (A6)
2023-05-14 01:43:27,026 INFO Going to D with 53.0 percentage at 01:43:25 (A5)
2023-05-14 01:43:39,055 INFO Going to E with 49.0 percentage at 01:43:37 (D5)
2023-05-14 01:43:47,074 INFO Going to PC with 46.0 percentage at 01:43:45 (E4)
2023-05-14 01:44:09,122 INFO Acting on point PC with 38.0 percentage at 01:44:09 (PC4)
2023-05-14 01:44:10,166 INFO Trying to land, still in air. Still 59.16 from ground.
2023-05-14 01:44:30,210 INFO Trying to land, still in air. Still 29.36 from ground.
2023-05-14 01:44:50,254 INFO Trying to land, still in air. Still 3.65 from ground.
2023-05-14 01:45:01,338 INFO Charging battery at PC with 33.0 percentage at 01:44:59 (PC9)
2023-05-14 01:45:07,350 INFO Going to E with 100.0 percentage at 01:45:05 (PC10)
2023-05-14 01:45:37,420 INFO Going to PC with 100.0 percentage at 01:45:35 (E10)
2023-05-14 01:45:59,471 INFO Going to E with 98.0 percentage at 01:45:57 (PC10)
2023-05-14 01:46:21,522 INFO Going to C with 91.0 percentage at 01:46:19 (E9)
2023-05-14 01:46:33,548 INFO Monitoring point C with 87.0 percentage at 01:46:33 (C9)
2023-05-14 01:46:49,587 INFO Going to D with 82.0 percentage at 01:46:47 (C8)
2023-05-14 01:46:57,607 INFO Going to C with 79.0 percentage at 01:46:55 (D8)
2023-05-14 01:47:05,623 INFO Monitoring point C with 76.0 percentage at 01:47:05 (C7)
2023-05-14 01:47:21,660 INFO Monitoring point C with 71.0 percentage at 01:47:21 (C7)
2023-05-14 01:47:37,700 INFO Monitoring point C with 65.0 percentage at 01:47:37 (C6)
2023-05-14 01:47:51,734 INFO Going to A with 61.0 percentage at 01:47:49 (C6)
2023-05-14 01:47:59,750 INFO Monitoring point A with 58.0 percentage at 01:47:59 (A6)
2023-05-14 01:48:15,790 INFO Going to D with 53.0 percentage at 01:48:13 (A5)
2023-05-14 01:48:27,818 INFO Going to C with 49.0 percentage at 01:48:25 (D5)
2023-05-14 01:48:35,839 INFO Monitoring point C with 46.0 percentage at 01:48:35 (C4)
2023-05-14 01:48:51,875 INFO Going to A with 41.0 percentage at 01:48:49 (C4)
2023-05-14 01:48:59,894 INFO Going to A with 38.0 percentage at 01:48:57 (A4)
2023-05-14 01:49:05,906 INFO Going to PC with 37.0 percentage at 01:49:03 (A4)
2023-05-14 01:49:27,958 INFO Going to E with 29.0 percentage at 01:49:25 (PC3)
2023-05-14 01:49:50,011 INFO Going to C with 22.0 percentage at 01:49:48 (E2)
2023-05-14 01:50:02,038 INFO Going to E with 18.0 percentage at 01:50:00 (C2)
2023-05-14 01:50:10,055 INFO Mayday! Mayday! Drone without battery (M)
2023-05-14 01:51:25,221 CRITICAL Starting new episode - Episode 3
2023-05-14 01:51:30,239 INFO Going to B with 100.0 percentage at 01:51:28 (PC10)
2023-05-14 01:51:56,394 INFO Going to E with 100.0 percentage at 01:51:54 (B10)
2023-05-14 01:52:12,432 INFO Monitoring point E with 100.0 percentage at 01:52:12 (E10)
2023-05-14 01:52:28,472 INFO Monitoring point E with 96.0 percentage at 01:52:28 (E9)
2023-05-14 01:52:44,510 INFO Going to C with 91.0 percentage at 01:52:42 (E9)
2023-05-14 01:52:56,537 INFO Monitoring point C with 86.0 percentage at 01:52:56 (C9)
2023-05-14 01:53:12,576 INFO Monitoring point C with 81.0 percentage at 01:53:12 (C8)
2023-05-14 01:53:28,615 INFO Monitoring point C with 76.0 percentage at 01:53:28 (C7)
2023-05-14 01:53:42,647 INFO Monitoring point C with 71.0 percentage at 01:53:42 (C7)
2023-05-14 01:53:58,687 INFO Monitoring point C with 66.0 percentage at 01:53:58 (C6)
2023-05-14 01:54:14,724 INFO Monitoring point C with 60.0 percentage at 01:54:14 (C6)
2023-05-14 01:54:30,762 INFO Going to C with 55.0 percentage at 01:54:28 (C5)
2023-05-14 01:54:36,775 INFO Monitoring point C with 53.0 percentage at 01:54:36 (C5)
2023-05-14 01:54:52,911 INFO Going to E with 48.0 percentage at 01:54:50 (C5)
2023-05-14 01:55:04,939 INFO Going to C with 44.0 percentage at 01:55:02 (E4)
2023-05-14 01:55:16,966 INFO Going to A with 40.0 percentage at 01:55:14 (C4)
2023-05-14 01:55:24,985 INFO Monitoring point A with 37.0 percentage at 01:55:24 (A4)
2023-05-14 01:55:41,023 INFO Going to PC with 32.0 percentage at 01:55:39 (A3)
2023-05-14 01:56:03,172 INFO Acting on point PC with 24.0 percentage at 01:56:03 (PC2)
2023-05-14 01:56:04,215 INFO Trying to land, still in air. Still 59.24 from ground.
2023-05-14 01:56:24,258 INFO Trying to land, still in air. Still 29.43 from ground.
2023-05-14 01:56:44,303 INFO Trying to land, still in air. Still 3.72 from ground.
2023-05-14 01:56:55,290 INFO Charging battery at PC with 27.0 percentage at 01:56:53 (PC9)
2023-05-14 01:57:01,301 INFO Going to E with 100.0 percentage at 01:56:59 (PC10)
2023-05-14 01:57:31,371 INFO Monitoring point E with 100.0 percentage at 01:57:31 (E10)
2023-05-14 01:57:47,410 INFO Monitoring point E with 100.0 percentage at 01:57:47 (E10)
2023-05-14 01:58:01,539 INFO Monitoring point E with 95.0 percentage at 01:58:01 (E9)
2023-05-14 01:58:17,578 INFO Going to C with 90.0 percentage at 01:58:15 (E9)
2023-05-14 01:58:29,604 INFO Monitoring point C with 86.0 percentage at 01:58:29 (C8)
2023-05-14 01:58:45,643 INFO Going to E with 81.0 percentage at 01:58:43 (C8)
2023-05-14 01:58:57,670 INFO Monitoring point E with 77.0 percentage at 01:58:57 (E8)
2023-05-14 01:59:13,709 INFO Going to PC with 72.0 percentage at 01:59:11 (E7)
2023-05-14 01:59:35,759 INFO Going to A with 65.0 percentage at 01:59:33 (PC6)
2023-05-14 01:59:57,810 INFO Monitoring point A with 57.0 percentage at 01:59:57 (A6)
2023-05-14 02:00:13,849 INFO Going to D with 52.0 percentage at 02:00:11 (A5)
2023-05-14 02:00:25,876 INFO Going to C with 48.0 percentage at 02:00:23 (D5)
2023-05-14 02:00:33,896 INFO Going to A with 45.0 percentage at 02:00:31 (C4)
2023-05-14 02:00:41,913 INFO Going to A with 42.0 percentage at 02:00:39 (A4)
2023-05-14 02:00:47,928 INFO Going to A with 40.0 percentage at 02:00:45 (A4)
2023-05-14 02:00:53,942 INFO Monitoring point A with 38.0 percentage at 02:00:53 (A4)
2023-05-14 02:01:09,979 INFO Going to PC with 33.0 percentage at 02:01:07 (A3)
2023-05-14 02:01:32,030 INFO Going to D with 26.0 percentage at 02:01:30 (PC2)
2023-05-14 02:01:54,178 INFO Going to PC with 19.0 percentage at 02:01:52 (D2)
2023-05-14 02:02:12,221 INFO Mayday! Mayday! Drone without battery (M)
2023-05-14 02:03:04,332 CRITICAL Starting new episode - Episode 4
2023-05-14 02:03:10,351 INFO Going to E with 100.0 percentage at 02:03:08 (PC10)
2023-05-14 02:03:36,412 INFO Monitoring point E with 100.0 percentage at 02:03:36 (E10)
2023-05-14 02:03:52,450 INFO Monitoring point E with 100.0 percentage at 02:03:52 (E10)
2023-05-14 02:04:08,488 INFO Going to D with 96.0 percentage at 02:04:06 (E9)
2023-05-14 02:04:16,507 INFO Going to PC with 93.0 percentage at 02:04:14 (D9)
2023-05-14 02:04:38,555 INFO Acting on point PC with 85.0 percentage at 02:04:38 (PC8)
2023-05-14 02:04:39,597 INFO Trying to land, still in air. Still 59.18 from ground.
2023-05-14 02:04:59,640 INFO Trying to land, still in air. Still 29.49 from ground.
2023-05-14 02:05:19,687 INFO Trying to land, still in air. Still 3.56 from ground.
2023-05-14 02:05:30,672 INFO Charging battery at PC with 80.0 percentage at 02:05:28 (PC10)
2023-05-14 02:05:36,782 INFO Going to D with 100.0 percentage at 02:05:34 (PC10)
2023-05-14 02:06:08,855 INFO Going to B with 100.0 percentage at 02:06:06 (D10)
2023-05-14 02:06:22,886 INFO Going to PC with 100.0 percentage at 02:06:20 (B10)
2023-05-14 02:06:37,016 INFO Going to E with 96.0 percentage at 02:06:35 (PC9)
2023-05-14 02:06:59,067 INFO Monitoring point E with 88.0 percentage at 02:06:59 (E9)
2023-05-14 02:07:13,101 INFO Monitoring point E with 83.0 percentage at 02:07:13 (E8)
2023-05-14 02:07:27,134 INFO Monitoring point E with 79.0 percentage at 02:07:27 (E8)
2023-05-14 02:07:43,171 INFO Going to PC with 74.0 percentage at 02:07:41 (E7)
2023-05-14 02:08:05,223 INFO Acting on point PC with 66.0 percentage at 02:08:05 (PC6)
2023-05-14 02:08:06,264 INFO Trying to land, still in air. Still 59.1 from ground.
2023-05-14 02:08:26,309 INFO Trying to land, still in air. Still 29.53 from ground.
2023-05-14 02:08:46,452 INFO Trying to land, still in air. Still 3.76 from ground.
2023-05-14 02:08:57,438 INFO Charging battery at PC with 38.0 percentage at 02:08:55 (PC9)
2023-05-14 02:09:03,452 INFO Going to E with 100.0 percentage at 02:09:01 (PC10)
2023-05-14 02:09:33,617 INFO Monitoring point E with 100.0 percentage at 02:09:33 (E10)
2023-05-14 02:09:49,654 INFO Monitoring point E with 100.0 percentage at 02:09:49 (E10)
2023-05-14 02:10:05,693 INFO Monitoring point E with 95.0 percentage at 02:10:05 (E9)
2023-05-14 02:10:21,731 INFO Monitoring point E with 89.0 percentage at 02:10:21 (E9)
2023-05-14 02:10:37,767 INFO Monitoring point E with 84.0 percentage at 02:10:37 (E8)
2023-05-14 02:10:53,807 INFO Monitoring point E with 79.0 percentage at 02:10:53 (E8)
2023-05-14 02:11:09,844 INFO Going to PC with 74.0 percentage at 02:11:07 (E7)
2023-05-14 02:11:31,894 INFO Acting on point PC with 66.0 percentage at 02:11:31 (PC6)
2023-05-14 02:11:32,936 INFO Trying to land, still in air. Still 59.14 from ground.
2023-05-14 02:11:52,980 INFO Trying to land, still in air. Still 29.34 from ground.
2023-05-14 02:12:13,026 INFO Trying to land, still in air. Still 3.51 from ground.
2023-05-14 02:12:24,010 INFO Charging battery at PC with 70.0 percentage at 02:12:22 (PC10)
2023-05-14 02:12:30,022 INFO Going to E with 100.0 percentage at 02:12:28 (PC10)
2023-05-14 02:13:00,093 INFO Monitoring point E with 100.0 percentage at 02:13:00 (E10)
2023-05-14 02:13:14,232 INFO Monitoring point E with 100.0 percentage at 02:13:14 (E10)
2023-05-14 02:13:28,363 INFO Monitoring point E with 96.0 percentage at 02:13:28 (E9)
2023-05-14 02:13:44,402 INFO Monitoring point E with 91.0 percentage at 02:13:44 (E9)
2023-05-14 02:14:00,539 INFO Monitoring point E with 85.0 percentage at 02:14:00 (E8)
2023-05-14 02:14:16,575 INFO Monitoring point E with 80.0 percentage at 02:14:16 (E8)
2023-05-14 02:14:30,610 INFO Monitoring point E with 75.0 percentage at 02:14:30 (E7)
2023-05-14 02:14:44,645 INFO Going to PC with 71.0 percentage at 02:14:42 (E7)
2023-05-14 02:15:06,694 INFO Going to A with 64.0 percentage at 02:15:04 (PC6)
2023-05-14 02:15:28,748 INFO Monitoring point A with 56.0 percentage at 02:15:28 (A6)
2023-05-14 02:15:44,784 INFO Going to D with 51.0 percentage at 02:15:42 (A5)
2023-05-14 02:15:56,812 INFO Going to C with 47.0 percentage at 02:15:54 (D5)
2023-05-14 02:16:04,830 INFO Going to A with 45.0 percentage at 02:16:02 (C4)
2023-05-14 02:16:12,850 INFO Monitoring point A with 41.0 percentage at 02:16:12 (A4)
2023-05-14 02:16:26,880 INFO Monitoring point A with 37.0 percentage at 02:16:26 (A4)
2023-05-14 02:16:42,918 INFO Going to PC with 32.0 percentage at 02:16:40 (A3)
2023-05-14 02:17:04,970 INFO Going to E with 25.0 percentage at 02:17:02 (PC2)
2023-05-14 02:17:27,022 INFO Mayday! Mayday! Drone without battery (M)
2023-05-14 02:17:27,022 INFO Going to A with 17.0 percentage at 02:17:25 (M)
2023-05-14 02:17:41,055 INFO Mayday! Mayday! Drone without battery (M)
2023-05-14 02:18:56,313 CRITICAL Starting new episode - Episode 5
2023-05-14 02:19:01,331 INFO Acting on point PC with 100.0 percentage at 02:19:01 (PC10)
2023-05-14 02:19:02,374 INFO Trying to land, still in air. Still 0.38 from ground.
2023-05-14 02:19:09,350 INFO Charging battery at PC with 97.0 percentage at 02:19:07 (PC10)
2023-05-14 02:19:15,363 INFO Going to E with 100.0 percentage at 02:19:13 (PC10)
2023-05-14 02:19:43,428 INFO Monitoring point E with 100.0 percentage at 02:19:43 (E10)
2023-05-14 02:19:59,466 INFO Monitoring point E with 100.0 percentage at 02:19:59 (E10)
2023-05-14 02:20:13,499 INFO Monitoring point E with 96.0 percentage at 02:20:13 (E9)
2023-05-14 02:20:27,533 INFO Going to C with 92.0 percentage at 02:20:25 (E9)
2023-05-14 02:20:39,563 INFO Monitoring point C with 87.0 percentage at 02:20:39 (C9)
2023-05-14 02:20:55,599 INFO Monitoring point C with 82.0 percentage at 02:20:55 (C8)
2023-05-14 02:21:11,636 INFO Monitoring point C with 77.0 percentage at 02:21:11 (C8)
2023-05-14 02:21:27,674 INFO Monitoring point C with 71.0 percentage at 02:21:27 (C7)
2023-05-14 02:21:43,715 INFO Monitoring point C with 66.0 percentage at 02:21:43 (C6)
2023-05-14 02:21:59,850 INFO Going to PC with 61.0 percentage at 02:21:57 (C6)
2023-05-14 02:22:19,895 INFO Going to A with 55.0 percentage at 02:22:17 (PC5)
2023-05-14 02:22:41,944 INFO Going to D with 47.0 percentage at 02:22:39 (A5)
2023-05-14 02:22:53,973 INFO Going to C with 43.0 percentage at 02:22:51 (D4)
2023-05-14 02:23:01,990 INFO Going to A with 41.0 percentage at 02:22:59 (C4)
2023-05-14 02:23:10,011 INFO Going to A with 37.0 percentage at 02:23:08 (A4)
2023-05-14 02:23:16,023 INFO Going to A with 35.0 percentage at 02:23:14 (A3)
2023-05-14 02:23:22,038 INFO Going to PC with 34.0 percentage at 02:23:20 (A3)
2023-05-14 02:23:44,086 INFO Going to PC with 26.0 percentage at 02:23:42 (PC2)
2023-05-14 02:23:50,100 INFO Acting on point PC with 24.0 percentage at 02:23:50 (PC2)
2023-05-14 02:23:51,141 INFO Trying to land, still in air. Still 59.19 from ground.
2023-05-14 02:24:11,186 INFO Trying to land, still in air. Still 29.59 from ground.
2023-05-14 02:24:31,233 INFO Trying to land, still in air. Still 3.7 from ground.
2023-05-14 02:24:42,218 INFO Charging battery at PC with 34.0 percentage at 02:24:40 (PC9)
2023-05-14 02:24:48,231 INFO Going to E with 100.0 percentage at 02:24:46 (PC10)
2023-05-14 02:25:18,299 INFO Monitoring point E with 100.0 percentage at 02:25:18 (E10)
2023-05-14 02:25:34,339 INFO Monitoring point E with 100.0 percentage at 02:25:34 (E10)
2023-05-14 02:25:50,377 INFO Going to C with 95.0 percentage at 02:25:48 (E9)
2023-05-14 02:26:02,405 INFO Going to A with 91.0 percentage at 02:26:00 (C9)
2023-05-14 02:26:10,422 INFO Going to D with 89.0 percentage at 02:26:08 (A9)
2023-05-14 02:26:22,451 INFO Going to C with 85.0 percentage at 02:26:20 (D8)
2023-05-14 02:26:30,470 INFO Monitoring point C with 81.0 percentage at 02:26:30 (C8)
2023-05-14 02:26:46,510 INFO Monitoring point C with 76.0 percentage at 02:26:46 (C7)
2023-05-14 02:27:02,550 INFO Monitoring point C with 71.0 percentage at 02:27:02 (C7)
2023-05-14 02:27:16,583 INFO Monitoring point C with 66.0 percentage at 02:27:16 (C6)
2023-05-14 02:27:32,620 INFO Going to A with 61.0 percentage at 02:27:30 (C6)
2023-05-14 02:27:40,639 INFO Monitoring point A with 58.0 percentage at 02:27:40 (A6)
2023-05-14 02:27:54,670 INFO Going to D with 54.0 percentage at 02:27:52 (A5)
2023-05-14 02:28:06,698 INFO Monitoring point D with 49.0 percentage at 02:28:06 (D5)
2023-05-14 02:28:22,739 INFO Going to C with 45.0 percentage at 02:28:20 (D4)
2023-05-14 02:28:30,758 INFO Going to A with 42.0 percentage at 02:28:28 (C4)
2023-05-14 02:28:38,774 INFO Going to A with 39.0 percentage at 02:28:36 (A4)
2023-05-14 02:28:44,790 INFO Going to A with 37.0 percentage at 02:28:42 (A4)
2023-05-14 02:28:50,804 INFO Going to PC with 35.0 percentage at 02:28:48 (A3)
2023-05-14 02:29:12,851 INFO Going to PC with 27.0 percentage at 02:29:10 (PC3)
2023-05-14 02:29:18,867 INFO Going to PC with 25.0 percentage at 02:29:16 (PC2)
2023-05-14 02:29:24,878 INFO Acting on point PC with 23.0 percentage at 02:29:24 (PC2)
2023-05-14 02:29:25,921 INFO Trying to land, still in air. Still 59.1 from ground.
2023-05-14 02:29:45,966 INFO Trying to land, still in air. Still 29.48 from ground.
2023-05-14 02:30:06,011 INFO Trying to land, still in air. Still 3.71 from ground.
2023-05-14 02:30:16,998 INFO Charging battery at PC with 40.0 percentage at 02:30:14 (PC9)
2023-05-14 02:30:23,011 INFO Going to E with 100.0 percentage at 02:30:21 (PC10)
2023-05-14 02:30:53,078 INFO Monitoring point E with 100.0 percentage at 02:30:53 (E10)
2023-05-14 02:31:09,117 INFO Monitoring point E with 100.0 percentage at 02:31:09 (E10)
2023-05-14 02:31:25,154 INFO Going to D with 95.0 percentage at 02:31:23 (E9)
2023-05-14 02:31:33,174 INFO Going to PC with 93.0 percentage at 02:31:31 (D9)
2023-05-14 02:31:55,223 INFO Acting on point PC with 85.0 percentage at 02:31:55 (PC8)
2023-05-14 02:31:56,265 INFO Trying to land, still in air. Still 59.16 from ground.
2023-05-14 02:32:16,310 INFO Trying to land, still in air. Still 29.6 from ground.
2023-05-14 02:32:36,354 INFO Trying to land, still in air. Still 3.76 from ground.
2023-05-14 02:32:47,340 INFO Charging battery at PC with 68.0 percentage at 02:32:45 (PC10)
2023-05-14 02:32:53,355 INFO Going to E with 100.0 percentage at 02:32:51 (PC10)
2023-05-14 02:33:23,524 INFO Monitoring point E with 100.0 percentage at 02:33:23 (E10)
2023-05-14 02:33:39,561 INFO Monitoring point E with 100.0 percentage at 02:33:39 (E10)
2023-05-14 02:33:53,595 INFO Monitoring point E with 95.0 percentage at 02:33:53 (E9)
2023-05-14 02:34:09,632 INFO Going to C with 90.0 percentage at 02:34:07 (E9)
2023-05-14 02:34:21,659 INFO Monitoring point C with 86.0 percentage at 02:34:21 (C8)
2023-05-14 02:34:37,699 INFO Going to C with 81.0 percentage at 02:34:35 (C8)
2023-05-14 02:34:43,711 INFO Monitoring point C with 79.0 percentage at 02:34:43 (C8)
2023-05-14 02:34:59,751 INFO Monitoring point C with 73.0 percentage at 02:34:59 (C7)
2023-05-14 02:35:15,787 INFO Going to D with 69.0 percentage at 02:35:13 (C7)
2023-05-14 02:35:23,807 INFO Monitoring point D with 65.0 percentage at 02:35:23 (D6)
2023-05-14 02:35:39,844 INFO Going to E with 60.0 percentage at 02:35:37 (D6)
2023-05-14 02:35:47,863 INFO Going to C with 58.0 percentage at 02:35:45 (E6)
2023-05-14 02:35:59,890 INFO Monitoring point C with 53.0 percentage at 02:35:59 (C5)
2023-05-14 02:36:15,929 INFO Monitoring point C with 48.0 percentage at 02:36:15 (C5)
2023-05-14 02:36:29,963 INFO Going to B with 44.0 percentage at 02:36:27 (C4)
2023-05-14 02:36:39,983 INFO Monitoring point B with 40.0 percentage at 02:36:39 (B4)
2023-05-14 02:36:54,017 INFO Monitoring point B with 35.0 percentage at 02:36:54 (B3)
2023-05-14 02:37:10,057 INFO Monitoring point B with 30.0 percentage at 02:37:10 (B3)
2023-05-14 02:37:26,095 INFO Going to C with 25.0 percentage at 02:37:24 (B2)
2023-05-14 02:37:38,122 INFO Going to C with 21.0 percentage at 02:37:36 (C2)
2023-05-14 02:37:44,136 INFO Going to C with 19.0 percentage at 02:37:42 (C2)
2023-05-14 02:37:50,150 INFO Mayday! Mayday! Drone without battery (M)
2023-05-14 02:37:50,150 INFO Going to C with 17.0 percentage at 02:37:48 (M)
2023-05-14 02:37:52,155 INFO Mayday! Mayday! Drone without battery (M)
2023-05-14 02:39:05,313 CRITICAL Starting new episode - Episode 6
2023-05-14 02:39:10,331 INFO Going to E with 100.0 percentage at 02:39:08 (PC10)
2023-05-14 02:39:36,392 INFO Monitoring point E with 100.0 percentage at 02:39:36 (E10)
2023-05-14 02:39:52,431 INFO Going to C with 100.0 percentage at 02:39:50 (E10)
2023-05-14 02:40:04,458 INFO Monitoring point C with 97.0 percentage at 02:40:04 (C10)
2023-05-14 02:40:20,495 INFO Monitoring point C with 92.0 percentage at 02:40:20 (C9)
2023-05-14 02:40:36,535 INFO Monitoring point C with 86.0 percentage at 02:40:36 (C9)
2023-05-14 02:40:52,671 INFO Monitoring point C with 81.0 percentage at 02:40:52 (C8)
2023-05-14 02:41:08,709 INFO Going to E with 76.0 percentage at 02:41:06 (C7)
2023-05-14 02:41:20,735 INFO Going to PC with 72.0 percentage at 02:41:18 (E7)
2023-05-14 02:41:42,786 INFO Going to A with 65.0 percentage at 02:41:40 (PC6)
2023-05-14 02:42:04,837 INFO Monitoring point A with 57.0 percentage at 02:42:04 (A6)
2023-05-14 02:42:20,874 INFO Going to D with 52.0 percentage at 02:42:18 (A5)
2023-05-14 02:42:32,902 INFO Monitoring point D with 48.0 percentage at 02:42:32 (D5)
2023-05-14 02:42:48,942 INFO Going to C with 43.0 percentage at 02:42:46 (D4)
2023-05-14 02:42:56,960 INFO Going to E with 40.0 percentage at 02:42:54 (C4)
2023-05-14 02:43:08,987 INFO Going to C with 36.0 percentage at 02:43:06 (E3)
2023-05-14 02:43:21,015 INFO Going to A with 32.0 percentage at 02:43:19 (C3)
2023-05-14 02:43:29,131 INFO Going to PC with 30.0 percentage at 02:43:27 (A3)
2023-05-14 02:43:51,182 INFO Acting on point PC with 22.0 percentage at 02:43:51 (PC2)
2023-05-14 02:43:52,225 INFO Trying to land, still in air. Still 59.27 from ground.
2023-05-14 02:44:12,270 INFO Trying to land, still in air. Still 29.51 from ground.
2023-05-14 02:44:32,314 INFO Trying to land, still in air. Still 3.59 from ground.
2023-05-14 02:44:43,300 INFO Charging battery at PC with 54.0 percentage at 02:44:41 (PC6)
