2023-02-21 12:32:54,874 INFO Creation of log actions_states
2023-02-21 12:33:17,289 INFO Drone 0 going to C with 100.0 percentage at 12:33:17 (PC10)
2023-02-21 12:33:17,295 INFO Drone 1 going to D with 100.0 percentage at 12:33:17 (PC10)
2023-02-21 12:34:10,821 INFO Drone 0 going to D with 100.0 percentage at 12:34:10 (C10)
2023-02-21 12:34:10,825 INFO Drone 1 going to A with 100.0 percentage at 12:34:10 (D10)
2023-02-21 12:34:37,118 INFO Drone 0 going to A with 100.0 percentage at 12:34:37 (D10)
2023-02-21 12:34:37,123 INFO Drone 1 going to PC with 100.0 percentage at 12:34:37 (A10)
2023-02-21 12:35:22,839 INFO Drone 0 monitoring point A with 93.0 percentage at 12:35:22 (A9)
2023-02-21 12:35:22,843 INFO Drone 1 acting on point PC with 93.0 percentage at 12:35:22 (PC9)
2023-02-21 12:35:25,347 INFO Drone 1 trying to land, still in air. Still 60.33 from ground.
2023-02-21 12:36:01,725 INFO Drone 1 trying to land, still in air. Still 30.69 from ground.
2023-02-21 12:36:39,656 INFO Drone 1 trying to land, still in air. Still 4.4 from ground.
2023-02-21 12:36:57,270 INFO Drone 1 charging battery at PC with 60.0 percentage at 12:36:57 (PC9)
2023-02-21 12:37:10,379 INFO Drone 0 going to E with 75.0 percentage at 12:37:10 (A7)
2023-02-21 12:37:10,384 INFO Drone 1 going to B with 100.0 percentage at 12:37:10 (PC10)
2023-02-21 12:38:14,221 INFO Drone 0 monitoring point E with 63.0 percentage at 12:38:14 (E6)
2023-02-21 12:38:14,225 INFO Drone 1 monitoring point B with 100.0 percentage at 12:38:14 (B10)
2023-02-21 12:38:34,429 INFO Drone 0 monitoring point E with 60.0 percentage at 12:38:34 (E6)
2023-02-21 12:38:34,434 INFO Drone 1 monitoring point B with 100.0 percentage at 12:38:34 (B10)
2023-02-21 12:38:54,739 INFO Drone 0 monitoring point E with 57.0 percentage at 12:38:54 (E6)
2023-02-21 12:38:54,743 INFO Drone 1 monitoring point B with 98.0 percentage at 12:38:54 (B10)
2023-02-21 12:39:17,711 INFO Drone 0 monitoring point E with 53.0 percentage at 12:39:17 (E5)
2023-02-21 12:39:17,719 INFO Drone 1 monitoring point B with 95.0 percentage at 12:39:17 (B9)
2023-02-21 12:39:37,152 INFO Drone 0 going to E with 50.0 percentage at 12:39:37 (E5)
2023-02-21 12:39:37,157 INFO Drone 1 going to C with 92.0 percentage at 12:39:37 (B9)
2023-02-21 12:40:04,385 INFO Drone 0 monitoring point E with 46.0 percentage at 12:40:04 (E5)
2023-02-21 12:40:04,390 INFO Drone 1 going to D with 88.0 percentage at 12:40:04 (C9)
2023-02-21 12:40:24,724 INFO Drone 0 monitoring point E with 43.0 percentage at 12:40:24 (E4)
2023-02-21 12:40:24,728 INFO Drone 1 monitoring point D with 84.0 percentage at 12:40:24 (D8)
2023-02-21 12:40:44,448 INFO Drone 0 monitoring point E with 39.0 percentage at 12:40:44 (E4)
2023-02-21 12:40:44,452 INFO Drone 1 monitoring point D with 81.0 percentage at 12:40:44 (D8)
2023-02-21 12:41:02,983 INFO Drone 0 monitoring point E with 36.0 percentage at 12:41:02 (E4)
2023-02-21 12:41:02,987 INFO Drone 1 monitoring point D with 77.0 percentage at 12:41:02 (D8)
2023-02-21 12:41:24,284 INFO Drone 0 monitoring point E with 33.0 percentage at 12:41:24 (E3)
2023-02-21 12:41:24,288 INFO Drone 1 monitoring point D with 74.0 percentage at 12:41:24 (D7)
2023-02-21 12:41:45,289 INFO Drone 0 monitoring point E with 29.0 percentage at 12:41:45 (E3)
2023-02-21 12:41:45,294 INFO Drone 1 monitoring point D with 71.0 percentage at 12:41:45 (D7)
2023-02-21 12:42:05,798 INFO Drone 0 monitoring point E with 26.0 percentage at 12:42:05 (E3)
2023-02-21 12:42:05,801 INFO Drone 1 monitoring point D with 67.0 percentage at 12:42:05 (D7)
2023-02-21 12:42:25,153 INFO Drone 0 monitoring point E with 23.0 percentage at 12:42:25 (E2)
2023-02-21 12:42:25,157 INFO Drone 1 monitoring point D with 64.0 percentage at 12:42:25 (D6)
2023-02-21 12:42:45,067 INFO Drone 0 monitoring point E with 19.0 percentage at 12:42:45 (E2)
2023-02-21 12:42:45,072 INFO Drone 1 monitoring point D with 61.0 percentage at 12:42:45 (D6)
2023-02-21 12:43:07,374 INFO Drone 0 monitoring point E with 16.0 percentage at 12:43:07 (E2)
2023-02-21 12:43:07,378 INFO Drone 1 monitoring point D with 57.0 percentage at 12:43:07 (D6)
2023-02-21 12:43:20,360 INFO Mayday! Mayday! Drone without battery (M)
2023-02-21 12:43:28,208 INFO Drone 1 monitoring point D with 54.0 percentage at 12:43:28 (D6)
2023-02-21 12:43:49,126 INFO Drone 1 monitoring point D with 51.0 percentage at 12:43:49 (D5)
2023-02-21 12:44:09,825 INFO Drone 1 monitoring point D with 47.0 percentage at 12:44:09 (D5)
2023-02-21 12:44:31,209 INFO Drone 1 monitoring point D with 44.0 percentage at 12:44:31 (D4)
2023-02-21 12:44:51,518 INFO Drone 1 monitoring point D with 41.0 percentage at 12:44:51 (D4)
2023-02-21 12:45:13,509 INFO Drone 1 monitoring point D with 37.0 percentage at 12:45:13 (D4)
2023-02-21 12:45:34,367 INFO Drone 1 monitoring point D with 34.0 percentage at 12:45:34 (D3)
2023-02-21 12:45:54,577 INFO Drone 1 monitoring point D with 31.0 percentage at 12:45:54 (D3)
2023-02-21 12:46:14,401 INFO Drone 1 monitoring point D with 27.0 percentage at 12:46:14 (D3)
2023-02-21 12:46:34,705 INFO Drone 1 monitoring point D with 24.0 percentage at 12:46:34 (D2)
2023-02-21 12:46:53,701 INFO Drone 1 monitoring point D with 21.0 percentage at 12:46:53 (D2)
2023-02-21 12:47:15,493 INFO Drone 1 monitoring point D with 18.0 percentage at 12:47:15 (D2)
2023-02-21 12:47:33,210 INFO Mayday! Mayday! Drone without battery (M)
2023-02-21 12:50:03,827 CRITICAL Starting new episode - Episode 1
2023-02-21 12:50:18,053 INFO Drone 0 charging battery at PC with 100.0 percentage at 12:50:18 (PC10)
2023-02-21 12:50:18,056 INFO Drone 1 charging battery at PC with 100.0 percentage at 12:50:18 (PC10)
2023-02-21 12:50:28,955 INFO Drone 0 going to C with 100.0 percentage at 12:50:28 (PC10)
2023-02-21 12:50:28,960 INFO Drone 1 going to D with 100.0 percentage at 12:50:28 (PC10)
2023-02-21 12:51:23,452 INFO Drone 0 going to D with 100.0 percentage at 12:51:23 (C10)
2023-02-21 12:51:23,457 INFO Drone 1 going to A with 100.0 percentage at 12:51:23 (D10)
2023-02-21 12:51:48,949 INFO Drone 0 going to A with 98.0 percentage at 12:51:48 (D10)
2023-02-21 12:51:49,051 INFO Drone 1 going to PC with 98.0 percentage at 12:51:49 (A10)
2023-02-21 12:52:37,045 INFO Drone 0 monitoring point A with 90.0 percentage at 12:52:37 (A9)
2023-02-21 12:52:37,049 INFO Drone 1 acting on point PC with 90.0 percentage at 12:52:37 (PC9)
2023-02-21 12:52:39,653 INFO Drone 1 trying to land, still in air. Still 60.56 from ground.
2023-02-21 12:53:17,533 INFO Drone 1 trying to land, still in air. Still 30.7 from ground.
2023-02-21 12:53:54,319 INFO Drone 1 trying to land, still in air. Still 4.48 from ground.
2023-02-21 12:54:10,354 INFO Drone 1 charging battery at PC with 57.0 percentage at 12:54:10 (PC9)
2023-02-21 12:54:21,952 INFO Drone 0 going to E with 72.0 percentage at 12:54:21 (A7)
2023-02-21 12:54:21,957 INFO Drone 1 going to B with 100.0 percentage at 12:54:21 (PC10)
2023-02-21 12:55:22,819 INFO Drone 0 monitoring point E with 60.0 percentage at 12:55:22 (E6)
2023-02-21 12:55:22,823 INFO Drone 1 monitoring point B with 100.0 percentage at 12:55:22 (B10)
2023-02-21 12:55:41,570 INFO Drone 0 monitoring point E with 57.0 percentage at 12:55:41 (E6)
2023-02-21 12:55:41,574 INFO Drone 1 monitoring point B with 100.0 percentage at 12:55:41 (B10)
2023-02-21 12:56:03,447 INFO Drone 0 monitoring point E with 54.0 percentage at 12:56:03 (E5)
2023-02-21 12:56:03,450 INFO Drone 1 monitoring point B with 98.0 percentage at 12:56:03 (B10)
2023-02-21 12:56:23,064 INFO Drone 0 monitoring point E with 50.0 percentage at 12:56:23 (E5)
2023-02-21 12:56:23,068 INFO Drone 1 going to B with 95.0 percentage at 12:56:23 (B9)
2023-02-21 12:56:41,512 INFO Drone 0 monitoring point E with 47.0 percentage at 12:56:41 (E5)
2023-02-21 12:56:41,616 INFO Drone 1 monitoring point B with 91.0 percentage at 12:56:41 (B9)
2023-02-21 12:57:03,381 INFO Drone 0 going to PC with 44.0 percentage at 12:57:03 (E4)
2023-02-21 12:57:03,387 INFO Drone 1 going to C with 88.0 percentage at 12:57:03 (B9)
2023-02-21 12:57:51,172 INFO Drone 0 acting on point PC with 36.0 percentage at 12:57:51 (PC4)
2023-02-21 12:57:51,176 INFO Drone 1 monitoring point C with 80.0 percentage at 12:57:51 (C8)
2023-02-21 12:57:53,105 INFO Drone 0 trying to land, still in air. Still 59.24 from ground.
2023-02-21 12:58:38,664 INFO Drone 0 trying to land, still in air. Still 29.45 from ground.
