2023-02-15 17:55:53,851 INFO Creation of log actions_states
2023-02-15 17:56:20,824 INFO Drone 1 acting on point PC with 100.0 percentage at 17:56:20 (PC10)
2023-02-15 17:56:20,826 INFO Drone 0 acting on point PC with 100.0 percentage at 17:56:20 (PC10)
2023-02-15 17:56:22,536 INFO Drone 0 trying to land, still in air. Still 1.88 from ground.
2023-02-15 17:56:22,550 INFO Drone 1 trying to land, still in air. Still 1.91 from ground.
2023-02-15 17:56:32,071 INFO Drone 0 charging battery at PC with 98.0 percentage at 17:56:32 (PC10)
2023-02-15 17:56:32,072 INFO Drone 1 charging battery at PC with 98.0 percentage at 17:56:32 (PC10)
2023-02-15 17:56:49,790 INFO Drone 0 charging battery at PC with 100.0 percentage at 17:56:49 (PC10)
2023-02-15 17:56:49,890 INFO Drone 1 charging battery at PC with 100.0 percentage at 17:56:49 (PC10)
2023-02-15 17:57:09,163 INFO Drone 0 charging battery at PC with 100.0 percentage at 17:57:09 (PC10)
2023-02-15 17:57:09,163 INFO Drone 1 charging battery at PC with 100.0 percentage at 17:57:09 (PC10)
2023-02-15 17:57:27,382 INFO Drone 1 charging battery at PC with 100.0 percentage at 17:57:27 (PC10)
2023-02-15 17:57:27,384 INFO Drone 0 charging battery at PC with 100.0 percentage at 17:57:27 (PC10)
2023-02-15 17:57:46,377 INFO Drone 0 charging battery at PC with 100.0 percentage at 17:57:46 (PC10)
2023-02-15 17:57:46,378 INFO Drone 1 charging battery at PC with 100.0 percentage at 17:57:46 (PC10)
2023-02-15 17:58:01,696 INFO Drone 0 charging battery at PC with 100.0 percentage at 17:58:01 (PC10)
2023-02-15 17:58:01,699 INFO Drone 1 charging battery at PC with 100.0 percentage at 17:58:01 (PC10)
2023-02-15 17:58:21,379 INFO Drone 1 charging battery at PC with 100.0 percentage at 17:58:21 (PC10)
2023-02-15 17:58:21,382 INFO Drone 0 charging battery at PC with 100.0 percentage at 17:58:21 (PC10)
2023-02-15 17:58:39,594 INFO Drone 0 charging battery at PC with 100.0 percentage at 17:58:39 (PC10)
2023-02-15 17:58:39,595 INFO Drone 1 charging battery at PC with 100.0 percentage at 17:58:39 (PC10)
2023-02-15 17:58:57,599 INFO Drone 1 charging battery at PC with 100.0 percentage at 17:58:57 (PC10)
2023-02-15 17:58:57,599 INFO Drone 0 charging battery at PC with 100.0 percentage at 17:58:57 (PC10)
2023-02-15 17:59:15,793 INFO Drone 0 charging battery at PC with 100.0 percentage at 17:59:15 (PC10)
2023-02-15 17:59:15,793 INFO Drone 1 charging battery at PC with 100.0 percentage at 17:59:15 (PC10)
2023-02-15 17:59:32,894 INFO Drone 0 charging battery at PC with 100.0 percentage at 17:59:32 (PC10)
2023-02-15 17:59:32,894 INFO Drone 1 charging battery at PC with 100.0 percentage at 17:59:32 (PC10)
2023-02-15 17:59:50,108 INFO Drone 0 charging battery at PC with 100.0 percentage at 17:59:50 (PC10)
2023-02-15 17:59:50,109 INFO Drone 1 charging battery at PC with 100.0 percentage at 17:59:50 (PC10)
2023-02-15 18:00:08,692 INFO Drone 0 charging battery at PC with 100.0 percentage at 18:00:08 (PC10)
2023-02-15 18:00:08,694 INFO Drone 1 charging battery at PC with 100.0 percentage at 18:00:08 (PC10)
2023-02-15 18:00:26,984 INFO Drone 0 charging battery at PC with 100.0 percentage at 18:00:26 (PC10)
2023-02-15 18:00:26,985 INFO Drone 1 charging battery at PC with 100.0 percentage at 18:00:26 (PC10)
2023-02-15 18:00:45,581 INFO Drone 1 charging battery at PC with 100.0 percentage at 18:00:45 (PC10)
2023-02-15 18:00:45,582 INFO Drone 0 charging battery at PC with 100.0 percentage at 18:00:45 (PC10)
2023-02-15 18:01:03,189 INFO Drone 0 charging battery at PC with 100.0 percentage at 18:01:03 (PC10)
2023-02-15 18:01:03,190 INFO Drone 1 charging battery at PC with 100.0 percentage at 18:01:03 (PC10)
2023-02-15 18:01:22,073 INFO Drone 1 charging battery at PC with 100.0 percentage at 18:01:22 (PC10)
2023-02-15 18:01:22,075 INFO Drone 0 charging battery at PC with 100.0 percentage at 18:01:22 (PC10)
2023-02-15 18:01:39,881 INFO Drone 0 charging battery at PC with 100.0 percentage at 18:01:39 (PC10)
2023-02-15 18:01:39,882 INFO Drone 1 charging battery at PC with 100.0 percentage at 18:01:39 (PC10)
2023-02-15 18:01:58,176 INFO Drone 1 charging battery at PC with 100.0 percentage at 18:01:58 (PC10)
2023-02-15 18:01:58,178 INFO Drone 0 charging battery at PC with 100.0 percentage at 18:01:58 (PC10)
2023-02-15 18:02:16,474 INFO Drone 0 charging battery at PC with 100.0 percentage at 18:02:16 (PC10)
2023-02-15 18:02:16,577 INFO Drone 1 charging battery at PC with 100.0 percentage at 18:02:16 (PC10)
2023-02-15 18:02:34,480 INFO Drone 0 charging battery at PC with 100.0 percentage at 18:02:34 (PC10)
2023-02-15 18:02:34,481 INFO Drone 1 charging battery at PC with 100.0 percentage at 18:02:34 (PC10)
2023-02-15 18:02:49,993 INFO Drone 0 going to A with 100.0 percentage at 18:02:49 (PC10)
2023-02-15 18:02:49,995 INFO Drone 1 going to A with 100.0 percentage at 18:02:49 (PC10)
