2023-05-12 08:02:56,503 INFO Creation of log actions_states
2023-05-12 08:03:15,906 INFO Drone 1 going to D with 100.0 percentage at 08:03:15 (PC10)
2023-05-12 08:03:15,910 INFO Drone 0 going to C with 100.0 percentage at 08:03:15 (PC10)
2023-05-12 08:03:58,273 INFO Drone 1 going to A with 100.0 percentage at 08:03:58 (D10)
2023-05-12 08:03:58,278 INFO Drone 0 going to D with 100.0 percentage at 08:03:58 (C10)
2023-05-12 08:04:23,963 INFO Drone 1 going to A with 98.0 percentage at 08:04:23 (A10)
2023-05-12 08:04:23,967 INFO Drone 0 going to A with 98.0 percentage at 08:04:23 (D10)
2023-05-12 08:04:46,201 INFO Drone 0 monitoring point A with 92.0 percentage at 08:04:46 (A9)
2023-05-12 08:04:49,073 INFO Drone 1 going to D with 92.0 percentage at 08:04:49 (A9)
2023-05-12 08:05:11,408 INFO Drone 0 monitoring point A with 87.0 percentage at 08:05:11 (A9)
2023-05-12 08:05:14,279 INFO Drone 1 monitoring point D with 86.0 percentage at 08:05:14 (D9)
2023-05-12 08:05:38,849 INFO Drone 1 going to PC with 82.0 percentage at 08:05:38 (D8)
2023-05-12 08:05:38,852 INFO Drone 0 going to E with 82.0 percentage at 08:05:38 (A8)
2023-05-12 08:06:15,651 INFO Drone 0 monitoring point E with 72.0 percentage at 08:06:15 (E7)
2023-05-12 08:06:18,914 INFO Drone 1 acting on point PC with 71.0 percentage at 08:06:18 (PC7)
2023-05-12 08:06:20,330 INFO Drone 1 trying to land, still in air. Still 60.42 from ground.
2023-05-12 08:06:48,416 INFO Drone 1 trying to land, still in air. Still 30.68 from ground.
2023-05-12 08:07:17,962 INFO Drone 1 trying to land, still in air. Still 4.25 from ground.
2023-05-12 08:07:29,957 INFO Drone 1 charging battery at PC with 39.0 percentage at 08:07:29 (PC7)
2023-05-12 08:07:38,589 INFO Drone 0 monitoring point E with 53.0 percentage at 08:07:38 (E5)
2023-05-12 08:07:44,342 INFO Drone 1 charging battery at PC with 100.0 percentage at 08:07:44 (PC10)
2023-05-12 08:07:58,346 INFO Drone 0 monitoring point E with 48.0 percentage at 08:07:58 (E5)
2023-05-12 08:08:03,515 INFO Drone 1 charging battery at PC with 100.0 percentage at 08:08:03 (PC10)
2023-05-12 08:08:18,098 INFO Drone 0 monitoring point E with 43.0 percentage at 08:08:18 (E4)
2023-05-12 08:08:23,748 INFO Drone 1 charging battery at PC with 100.0 percentage at 08:08:23 (PC10)
2023-05-12 08:08:37,557 INFO Drone 0 monitoring point E with 38.0 percentage at 08:08:37 (E4)
2023-05-12 08:08:42,914 INFO Drone 1 charging battery at PC with 100.0 percentage at 08:08:42 (PC10)
2023-05-12 08:08:55,264 INFO Drone 0 monitoring point E with 34.0 percentage at 08:08:55 (E3)
2023-05-12 08:09:00,623 INFO Drone 1 charging battery at PC with 100.0 percentage at 08:09:00 (PC10)
2023-05-12 08:09:14,236 INFO Drone 0 monitoring point E with 29.0 percentage at 08:09:14 (E3)
2023-05-12 08:09:20,083 INFO Drone 1 charging battery at PC with 100.0 percentage at 08:09:20 (PC10)
2023-05-12 08:09:34,378 INFO Drone 0 monitoring point E with 25.0 percentage at 08:09:34 (E2)
2023-05-12 08:09:39,157 INFO Drone 1 charging battery at PC with 100.0 percentage at 08:09:39 (PC10)
2023-05-12 08:09:52,278 INFO Drone 0 monitoring point E with 20.0 percentage at 08:09:52 (E2)
2023-05-12 08:09:55,151 INFO Drone 1 going to A with 100.0 percentage at 08:09:55 (PC10)
2023-05-12 08:10:38,805 INFO Mayday! Mayday! Drone without battery (M)
2023-05-12 08:10:51,180 INFO Drone 1 monitoring point A with 100.0 percentage at 08:10:51 (A10)
2023-05-12 08:11:14,001 INFO Drone 1 monitoring point A with 98.0 percentage at 08:11:14 (A10)
2023-05-12 08:11:35,749 INFO Drone 1 monitoring point A with 92.0 percentage at 08:11:35 (A9)
2023-05-12 08:12:00,307 INFO Drone 1 monitoring point A with 87.0 percentage at 08:12:00 (A9)
2023-05-12 08:12:23,128 INFO Drone 1 monitoring point A with 82.0 percentage at 08:12:23 (A8)
2023-05-12 08:12:47,117 INFO Drone 1 monitoring point A with 76.0 percentage at 08:12:47 (A8)
2023-05-12 08:13:11,296 INFO Drone 1 monitoring point A with 71.0 percentage at 08:13:11 (A7)
2023-05-12 08:13:35,868 INFO Drone 1 monitoring point A with 65.0 percentage at 08:13:35 (A7)
2023-05-12 08:13:59,752 INFO Drone 1 monitoring point A with 60.0 percentage at 08:13:59 (A6)
2023-05-12 08:14:23,444 INFO Drone 1 monitoring point A with 55.0 percentage at 08:14:23 (A6)
2023-05-12 08:14:48,188 INFO Drone 1 monitoring point A with 49.0 percentage at 08:14:48 (A5)
2023-05-12 08:15:11,978 INFO Drone 1 monitoring point A with 44.0 percentage at 08:15:11 (A4)
2023-05-12 08:15:36,149 INFO Drone 1 monitoring point A with 39.0 percentage at 08:15:36 (A4)
2023-05-12 08:16:00,404 INFO Drone 1 monitoring point A with 33.0 percentage at 08:16:00 (A3)
2023-05-12 08:16:24,205 INFO Drone 1 monitoring point A with 29.0 percentage at 08:16:24 (A3)
2023-05-12 08:16:45,684 INFO Drone 1 monitoring point A with 24.0 percentage at 08:16:45 (A2)
2023-05-12 08:17:10,255 INFO Drone 1 going to A with 20.0 percentage at 08:17:10 (A2)
2023-05-12 08:17:28,191 INFO Mayday! Mayday! Drone without battery (M)
2023-05-12 08:17:31,073 INFO Mayday! Mayday! Drone without battery (M)
2023-05-12 08:19:21,832 CRITICAL Starting new episode - Episode 1
2023-05-12 08:19:31,240 INFO Drone 1 going to A with 100.0 percentage at 08:19:31 (PC10)
2023-05-12 08:19:31,244 INFO Drone 0 going to C with 100.0 percentage at 08:19:31 (PC10)
2023-05-12 08:20:13,437 INFO Drone 0 monitoring point C with 100.0 percentage at 08:20:13 (C10)
2023-05-12 08:20:16,021 INFO Drone 1 monitoring point A with 100.0 percentage at 08:20:16 (A10)
2023-05-12 08:20:36,158 INFO Drone 0 monitoring point C with 100.0 percentage at 08:20:36 (C10)
2023-05-12 08:20:39,423 INFO Drone 1 monitoring point A with 99.0 percentage at 08:20:39 (A10)
2023-05-12 08:20:58,497 INFO Drone 0 monitoring point C with 94.0 percentage at 08:20:58 (C9)
2023-05-12 08:21:01,758 INFO Drone 1 monitoring point A with 93.0 percentage at 08:21:01 (A9)
2023-05-12 08:21:24,388 INFO Drone 1 going to C with 89.0 percentage at 08:21:24 (A9)
2023-05-12 08:21:24,392 INFO Drone 0 going to D with 89.0 percentage at 08:21:24 (C9)
2023-05-12 08:21:53,440 INFO Drone 0 monitoring point D with 81.0 percentage at 08:21:53 (D8)
2023-05-12 08:21:56,118 INFO Drone 1 monitoring point C with 80.0 percentage at 08:21:56 (C8)
2023-05-12 08:22:16,349 INFO Drone 0 monitoring point D with 76.0 percentage at 08:22:16 (D8)
2023-05-12 08:22:19,318 INFO Drone 1 monitoring point C with 76.0 percentage at 08:22:19 (C8)
2023-05-12 08:22:39,940 INFO Drone 0 monitoring point D with 71.0 percentage at 08:22:39 (D7)
2023-05-12 08:22:42,909 INFO Drone 1 monitoring point C with 70.0 percentage at 08:22:42 (C7)
2023-05-12 08:23:03,243 INFO Drone 0 monitoring point D with 65.0 percentage at 08:23:03 (D7)
2023-05-12 08:23:06,214 INFO Drone 1 monitoring point C with 64.0 percentage at 08:23:06 (C6)
2023-05-12 08:23:30,002 INFO Drone 1 going to E with 60.0 percentage at 08:23:30 (C6)
2023-05-12 08:23:30,005 INFO Drone 0 going to E with 60.0 percentage at 08:23:30 (D6)
2023-05-12 08:24:01,742 INFO Drone 0 monitoring point E with 52.0 percentage at 08:24:01 (E5)
2023-05-12 08:24:05,102 INFO Drone 1 monitoring point E with 51.0 percentage at 08:24:05 (E5)
2023-05-12 08:24:25,624 INFO Drone 0 monitoring point E with 47.0 percentage at 08:24:25 (E5)
2023-05-12 08:24:28,305 INFO Drone 1 monitoring point E with 46.0 percentage at 08:24:28 (E5)
2023-05-12 08:24:51,505 INFO Drone 1 going to PC with 41.0 percentage at 08:24:51 (E4)
2023-05-12 08:24:51,509 INFO Drone 0 going to B with 41.0 percentage at 08:24:51 (E4)
2023-05-12 08:25:35,718 INFO Drone 0 monitoring point B with 30.0 percentage at 08:25:35 (B3)
2023-05-12 08:25:38,397 INFO Drone 1 acting on point PC with 30.0 percentage at 08:25:38 (PC3)
2023-05-12 08:25:39,620 INFO Drone 1 trying to land, still in air. Still 60.66 from ground.
2023-05-12 08:26:08,288 INFO Drone 1 trying to land, still in air. Still 30.87 from ground.
2023-05-12 08:26:36,756 INFO Drone 1 trying to land, still in air. Still 4.4 from ground.
2023-05-12 08:26:49,624 INFO Drone 1 charging battery at PC with 27.0 percentage at 08:26:49 (PC3)
2023-05-12 08:26:49,629 INFO Mayday! Mayday! Drone without battery (M)
2023-05-12 08:27:00,941 INFO Drone 1 going to A with 100.0 percentage at 08:27:00 (PC10)
2023-05-12 08:27:57,054 INFO Drone 1 monitoring point A with 100.0 percentage at 08:27:57 (A10)
2023-05-12 08:28:19,675 INFO Drone 1 monitoring point A with 98.0 percentage at 08:28:19 (A10)
2023-05-12 08:28:43,661 INFO Drone 1 monitoring point A with 92.0 percentage at 08:28:43 (A9)
2023-05-12 08:29:07,354 INFO Drone 1 monitoring point A with 87.0 percentage at 08:29:07 (A9)
2023-05-12 08:29:31,047 INFO Drone 1 monitoring point A with 81.0 percentage at 08:29:31 (A8)
2023-05-12 08:29:55,525 INFO Drone 1 monitoring point A with 76.0 percentage at 08:29:55 (A8)
2023-05-12 08:30:17,957 INFO Drone 1 monitoring point A with 71.0 percentage at 08:30:17 (A7)
2023-05-12 08:30:40,288 INFO Drone 1 monitoring point A with 65.0 percentage at 08:30:40 (A7)
2023-05-12 08:31:03,693 INFO Drone 1 monitoring point A with 60.0 percentage at 08:31:03 (A6)
2023-05-12 08:31:27,971 INFO Drone 1 monitoring point A with 55.0 percentage at 08:31:27 (A6)
2023-05-12 08:31:49,664 INFO Drone 1 monitoring point A with 50.0 percentage at 08:31:49 (A5)
2023-05-12 08:32:11,610 INFO Drone 1 monitoring point A with 45.0 percentage at 08:32:11 (A4)
2023-05-12 08:32:34,913 INFO Drone 1 monitoring point A with 40.0 percentage at 08:32:34 (A4)
2023-05-12 08:32:59,583 INFO Drone 1 monitoring point A with 34.0 percentage at 08:32:59 (A3)
2023-05-12 08:33:22,314 INFO Drone 1 monitoring point A with 29.0 percentage at 08:33:22 (A3)
2023-05-12 08:33:44,497 INFO Drone 1 monitoring point A with 24.0 percentage at 08:33:44 (A2)
2023-05-12 08:34:07,308 INFO Drone 1 going to C with 20.0 percentage at 08:34:07 (A2)
2023-05-12 08:34:30,516 INFO Mayday! Mayday! Drone without battery (M)
2023-05-12 08:36:16,039 CRITICAL Starting new episode - Episode 2
2023-05-12 08:36:24,348 INFO Drone 1 going to D with 100.0 percentage at 08:36:24 (PC10)
2023-05-12 08:36:24,352 INFO Drone 0 going to C with 100.0 percentage at 08:36:24 (PC10)
2023-05-12 08:37:05,490 INFO Drone 0 monitoring point C with 100.0 percentage at 08:37:05 (C10)
2023-05-12 08:37:08,463 INFO Drone 1 going to B with 100.0 percentage at 08:37:08 (D10)
2023-05-12 08:37:35,030 INFO Drone 0 monitoring point C with 99.0 percentage at 08:37:35 (C10)
2023-05-12 08:37:38,389 INFO Drone 1 monitoring point B with 97.0 percentage at 08:37:38 (B10)
2023-05-12 08:37:58,914 INFO Drone 0 monitoring point C with 93.0 percentage at 08:37:58 (C9)
2023-05-12 08:38:01,886 INFO Drone 1 monitoring point B with 93.0 percentage at 08:38:01 (B9)
2023-05-12 08:38:21,253 INFO Drone 0 monitoring point C with 87.0 percentage at 08:38:21 (C9)
2023-05-12 08:38:24,221 INFO Drone 1 monitoring point B with 87.0 percentage at 08:38:24 (B9)
2023-05-12 08:38:44,270 INFO Drone 0 monitoring point C with 82.0 percentage at 08:38:44 (C8)
2023-05-12 08:38:47,433 INFO Drone 1 monitoring point B with 81.0 percentage at 08:38:47 (B8)
2023-05-12 08:39:08,644 INFO Drone 0 monitoring point C with 77.0 percentage at 08:39:08 (C8)
2023-05-12 08:39:11,515 INFO Drone 1 monitoring point B with 76.0 percentage at 08:39:11 (B8)
2023-05-12 08:39:32,629 INFO Drone 0 monitoring point C with 71.0 percentage at 08:39:32 (C7)
2023-05-12 08:39:35,305 INFO Drone 1 monitoring point B with 71.0 percentage at 08:39:35 (B7)
2023-05-12 08:39:55,454 INFO Drone 0 monitoring point C with 66.0 percentage at 08:39:55 (C7)
2023-05-12 08:39:58,427 INFO Drone 1 monitoring point B with 65.0 percentage at 08:39:58 (B7)
2023-05-12 08:40:18,469 INFO Drone 0 monitoring point C with 61.0 percentage at 08:40:18 (C6)
2023-05-12 08:40:21,828 INFO Drone 1 monitoring point B with 60.0 percentage at 08:40:21 (B6)
2023-05-12 08:40:45,228 INFO Drone 1 monitoring point B with 55.0 percentage at 08:40:45 (B6)
2023-05-12 08:40:45,233 INFO Drone 0 monitoring point C with 55.0 percentage at 08:40:45 (C6)
2023-05-12 08:41:04,884 INFO Drone 0 monitoring point C with 50.0 percentage at 08:41:04 (C5)
2023-05-12 08:41:07,758 INFO Drone 1 monitoring point B with 49.0 percentage at 08:41:07 (B5)
2023-05-12 08:41:28,869 INFO Drone 0 monitoring point C with 45.0 percentage at 08:41:28 (C4)
2023-05-12 08:41:31,647 INFO Drone 1 monitoring point B with 44.0 percentage at 08:41:31 (B4)
2023-05-12 08:41:51,985 INFO Drone 0 monitoring point C with 39.0 percentage at 08:41:51 (C4)
2023-05-12 08:41:54,861 INFO Drone 1 monitoring point B with 39.0 percentage at 08:41:54 (B4)
2023-05-12 08:42:15,681 INFO Drone 0 monitoring point C with 34.0 percentage at 08:42:15 (C3)
2023-05-12 08:42:18,362 INFO Drone 1 monitoring point B with 33.0 percentage at 08:42:18 (B3)
2023-05-12 08:42:38,692 INFO Drone 0 monitoring point C with 29.0 percentage at 08:42:38 (C3)
2023-05-12 08:42:41,369 INFO Drone 1 monitoring point B with 28.0 percentage at 08:42:41 (B3)
2023-05-12 08:43:02,096 INFO Drone 0 monitoring point C with 23.0 percentage at 08:43:02 (C2)
2023-05-12 08:43:04,677 INFO Drone 1 monitoring point B with 23.0 percentage at 08:43:04 (B2)
2023-05-12 08:43:25,209 INFO Drone 0 monitoring point C with 18.0 percentage at 08:43:25 (C2)
2023-05-12 08:43:27,693 INFO Drone 1 monitoring point B with 17.0 percentage at 08:43:27 (B2)
2023-05-12 08:43:39,500 INFO Mayday! Mayday! Drone without battery (M)
2023-05-12 08:43:42,663 INFO Mayday! Mayday! Drone without battery (M)
2023-05-12 08:45:31,700 CRITICAL Starting new episode - Episode 3
2023-05-12 08:45:42,860 INFO Drone 0 charging battery at PC with 100.0 percentage at 08:45:42 (PC10)
2023-05-12 08:45:45,734 INFO Drone 1 charging battery at PC with 100.0 percentage at 08:45:45 (PC10)
2023-05-12 08:45:57,532 INFO Drone 1 going to D with 100.0 percentage at 08:45:57 (PC10)
2023-05-12 08:45:57,535 INFO Drone 0 going to C with 100.0 percentage at 08:45:57 (PC10)
2023-05-12 08:46:48,502 INFO Drone 1 going to A with 100.0 percentage at 08:46:48 (D10)
2023-05-12 08:46:48,505 INFO Drone 0 going to D with 100.0 percentage at 08:46:48 (C10)
2023-05-12 08:47:13,807 INFO Drone 1 going to A with 94.0 percentage at 08:47:13 (A9)
2023-05-12 08:47:13,811 INFO Drone 0 going to A with 94.0 percentage at 08:47:13 (D9)
2023-05-12 08:47:39,060 INFO Drone 0 monitoring point A with 88.0 percentage at 08:47:39 (A9)
2023-05-12 08:47:42,029 INFO Drone 1 monitoring point A with 88.0 percentage at 08:47:42 (A9)
2023-05-12 08:48:05,040 INFO Drone 1 going to PC with 83.0 percentage at 08:48:05 (A8)
2023-05-12 08:48:05,044 INFO Drone 0 going to A with 84.0 percentage at 08:48:05 (A8)
2023-05-12 08:48:43,885 INFO Drone 0 monitoring point A with 74.0 percentage at 08:48:43 (A7)
2023-05-12 08:48:47,437 INFO Drone 1 acting on point PC with 73.0 percentage at 08:48:47 (PC7)
2023-05-12 08:48:48,661 INFO Drone 1 trying to land, still in air. Still 60.58 from ground.
2023-05-12 08:49:16,352 INFO Drone 1 trying to land, still in air. Still 30.98 from ground.
2023-05-12 08:49:45,215 INFO Drone 1 trying to land, still in air. Still 4.36 from ground.
2023-05-12 08:49:57,985 INFO Drone 1 charging battery at PC with 52.0 percentage at 08:49:57 (PC7)
2023-05-12 08:50:06,625 INFO Drone 0 monitoring point A with 54.0 percentage at 08:50:06 (A6)
2023-05-12 08:50:11,893 INFO Drone 1 charging battery at PC with 100.0 percentage at 08:50:11 (PC10)
2023-05-12 08:50:26,180 INFO Drone 0 monitoring point A with 50.0 percentage at 08:50:26 (A5)
2023-05-12 08:50:31,836 INFO Drone 1 charging battery at PC with 100.0 percentage at 08:50:31 (PC10)
2023-05-12 08:50:46,136 INFO Drone 0 monitoring point A with 45.0 percentage at 08:50:46 (A5)
2023-05-12 08:50:51,209 INFO Drone 1 charging battery at PC with 100.0 percentage at 08:50:51 (PC10)
2023-05-12 08:51:05,799 INFO Drone 0 monitoring point A with 40.0 percentage at 08:51:05 (A4)
2023-05-12 08:51:12,034 INFO Drone 1 charging battery at PC with 100.0 percentage at 08:51:12 (PC10)
2023-05-12 08:51:25,940 INFO Drone 0 monitoring point A with 36.0 percentage at 08:51:25 (A4)
2023-05-12 08:51:30,914 INFO Drone 1 charging battery at PC with 100.0 percentage at 08:51:30 (PC10)
2023-05-12 08:51:47,201 INFO Drone 1 going to B with 100.0 percentage at 08:51:47 (PC10)
2023-05-12 08:51:47,205 INFO Drone 0 going to D with 31.0 percentage at 08:51:47 (A3)
2023-05-12 08:52:38,614 INFO Drone 0 monitoring point D with 19.0 percentage at 08:52:38 (D2)
2023-05-12 08:52:41,777 INFO Drone 1 going to PC with 100.0 percentage at 08:52:41 (B10)
2023-05-12 08:52:59,809 INFO Mayday! Mayday! Drone without battery (M)
2023-05-12 08:53:12,477 INFO Drone 1 acting on point PC with 97.0 percentage at 08:53:12 (PC10)
2023-05-12 08:53:13,893 INFO Drone 1 trying to land, still in air. Still 60.13 from ground.
2023-05-12 08:53:43,429 INFO Drone 1 trying to land, still in air. Still 30.48 from ground.
2023-05-12 08:54:12,681 INFO Drone 1 trying to land, still in air. Still 4.14 from ground.
2023-05-12 08:54:25,263 INFO Drone 1 charging battery at PC with 64.0 percentage at 08:54:25 (PC10)
2023-05-12 08:54:39,847 INFO Drone 1 charging battery at PC with 100.0 percentage at 08:54:39 (PC10)
2023-05-12 08:54:51,456 INFO Drone 1 going to B with 100.0 percentage at 08:54:51 (PC10)
2023-05-12 08:55:44,011 INFO Drone 1 monitoring point B with 100.0 percentage at 08:55:44 (B10)
2023-05-12 08:56:07,704 INFO Drone 1 going to A with 100.0 percentage at 08:56:07 (B10)
2023-05-12 08:56:37,345 INFO Drone 1 monitoring point A with 91.0 percentage at 08:56:37 (A9)
2023-05-12 08:56:59,677 INFO Drone 1 monitoring point A with 87.0 percentage at 08:56:59 (A9)
2023-05-12 08:57:22,695 INFO Drone 1 monitoring point A with 81.0 percentage at 08:57:22 (A8)
2023-05-12 08:57:46,197 INFO Drone 1 monitoring point A with 76.0 percentage at 08:57:46 (A8)
2023-05-12 08:58:08,242 INFO Drone 1 monitoring point A with 70.0 percentage at 08:58:08 (A7)
2023-05-12 08:58:31,646 INFO Drone 1 monitoring point A with 65.0 percentage at 08:58:31 (A6)
2023-05-12 08:58:54,756 INFO Drone 1 going to PC with 60.0 percentage at 08:58:54 (A6)
2023-05-12 08:59:41,173 INFO Drone 1 acting on point PC with 49.0 percentage at 08:59:41 (PC5)
2023-05-12 08:59:42,977 INFO Drone 1 trying to land, still in air. Still 60.06 from ground.
2023-05-12 09:00:14,069 INFO Drone 1 trying to land, still in air. Still 30.34 from ground.
2023-05-12 09:00:42,936 INFO Drone 1 trying to land, still in air. Still 4.07 from ground.
2023-05-12 09:00:54,833 INFO Drone 1 charging battery at PC with 16.0 percentage at 09:00:54 (PC5)
2023-05-12 09:01:10,479 INFO Drone 1 charging battery at PC with 100.0 percentage at 09:01:10 (PC10)
2023-05-12 09:01:20,925 INFO Drone 1 going to B with 100.0 percentage at 09:01:20 (PC10)
2023-05-12 09:02:12,810 INFO Drone 1 monitoring point B with 100.0 percentage at 09:02:12 (B10)
2023-05-12 09:02:35,824 INFO Drone 1 monitoring point B with 99.0 percentage at 09:02:35 (B10)
2023-05-12 09:02:57,669 INFO Drone 1 monitoring point B with 93.0 percentage at 09:02:57 (B9)
2023-05-12 09:03:21,461 INFO Drone 1 monitoring point B with 87.0 percentage at 09:03:21 (B9)
2023-05-12 09:03:44,086 INFO Drone 1 monitoring point B with 82.0 percentage at 09:03:44 (B8)
2023-05-12 09:04:08,359 INFO Drone 1 monitoring point B with 77.0 percentage at 09:04:08 (B8)
2023-05-12 09:04:33,225 INFO Drone 1 monitoring point B with 72.0 percentage at 09:04:33 (B7)
2023-05-12 09:04:55,656 INFO Drone 1 monitoring point B with 66.0 percentage at 09:04:55 (B7)
2023-05-12 09:05:17,407 INFO Drone 1 monitoring point B with 61.0 percentage at 09:05:17 (B6)
2023-05-12 09:05:40,518 INFO Drone 1 monitoring point B with 55.0 percentage at 09:05:40 (B6)
2023-05-12 09:06:04,990 INFO Drone 1 monitoring point B with 50.0 percentage at 09:06:04 (B5)
2023-05-12 09:06:28,491 INFO Drone 1 monitoring point B with 45.0 percentage at 09:06:28 (B5)
2023-05-12 09:06:51,310 INFO Drone 1 going to D with 40.0 percentage at 09:06:51 (B4)
2023-05-12 09:07:24,021 INFO Drone 1 monitoring point D with 32.0 percentage at 09:07:24 (D3)
2023-05-12 09:07:47,808 INFO Drone 1 monitoring point D with 27.0 percentage at 09:07:47 (D3)
2023-05-12 09:08:11,114 INFO Drone 1 going to E with 22.0 percentage at 09:08:11 (D2)
2023-05-12 09:08:34,224 INFO Mayday! Mayday! Drone without battery (M)
2023-05-12 09:10:29,588 CRITICAL Starting new episode - Episode 4
2023-05-12 09:10:40,167 INFO Drone 0 charging battery at PC with 100.0 percentage at 09:10:40 (PC10)
2023-05-12 09:10:43,232 INFO Drone 1 charging battery at PC with 100.0 percentage at 09:10:43 (PC10)
2023-05-12 09:10:54,447 INFO Drone 1 going to PC with 100.0 percentage at 09:10:54 (PC10)
2023-05-12 09:10:54,451 INFO Drone 0 going to D with 100.0 percentage at 09:10:54 (PC10)
2023-05-12 09:11:40,309 INFO Drone 0 monitoring point D with 100.0 percentage at 09:11:40 (D10)
2023-05-12 09:11:42,987 INFO Drone 1 acting on point PC with 100.0 percentage at 09:11:42 (PC10)
2023-05-12 09:11:44,112 INFO Drone 1 trying to land, still in air. Still 60.47 from ground.
2023-05-12 09:12:13,650 INFO Drone 1 trying to land, still in air. Still 30.99 from ground.
2023-05-12 09:12:43,388 INFO Drone 1 trying to land, still in air. Still 4.31 from ground.
2023-05-12 09:12:57,227 INFO Drone 1 charging battery at PC with 67.0 percentage at 09:12:57 (PC10)
2023-05-12 09:13:06,934 INFO Drone 0 monitoring point D with 81.0 percentage at 09:13:06 (D8)
2023-05-12 09:13:12,198 INFO Drone 1 charging battery at PC with 100.0 percentage at 09:13:12 (PC10)
2023-05-12 09:13:29,173 INFO Drone 0 monitoring point D with 76.0 percentage at 09:13:29 (D8)
2023-05-12 09:13:31,567 INFO Drone 1 charging battery at PC with 100.0 percentage at 09:13:31 (PC10)
2023-05-12 09:13:47,950 INFO Drone 0 monitoring point D with 71.0 percentage at 09:13:47 (D7)
2023-05-12 09:13:53,021 INFO Drone 1 charging battery at PC with 100.0 percentage at 09:13:53 (PC10)
2023-05-12 09:14:07,116 INFO Drone 0 monitoring point D with 66.0 percentage at 09:14:07 (D7)
2023-05-12 09:14:12,189 INFO Drone 1 charging battery at PC with 100.0 percentage at 09:14:12 (PC10)
2023-05-12 09:14:29,938 INFO Drone 1 going to D with 100.0 percentage at 09:14:29 (PC10)
2023-05-12 09:14:29,942 INFO Drone 0 going to C with 62.0 percentage at 09:14:29 (D6)
2023-05-12 09:15:23,461 INFO Drone 0 monitoring point C with 49.0 percentage at 09:15:23 (C5)
2023-05-12 09:15:26,626 INFO Drone 1 monitoring point D with 100.0 percentage at 09:15:26 (D10)
2023-05-12 09:15:47,541 INFO Drone 0 monitoring point C with 44.0 percentage at 09:15:47 (C4)
2023-05-12 09:15:50,215 INFO Drone 1 monitoring point D with 98.0 percentage at 09:15:50 (D10)
2023-05-12 09:16:10,942 INFO Drone 0 monitoring point C with 38.0 percentage at 09:16:10 (C4)
2023-05-12 09:16:14,008 INFO Drone 1 monitoring point D with 92.0 percentage at 09:16:14 (D9)
2023-05-12 09:16:35,902 INFO Drone 0 monitoring point C with 33.0 percentage at 09:16:35 (C3)
2023-05-12 09:16:38,974 INFO Drone 1 monitoring point D with 87.0 percentage at 09:16:38 (D9)
2023-05-12 09:17:00,573 INFO Drone 0 monitoring point C with 28.0 percentage at 09:17:00 (C3)
2023-05-12 09:17:03,832 INFO Drone 1 monitoring point D with 82.0 percentage at 09:17:03 (D8)
2023-05-12 09:17:24,362 INFO Drone 0 monitoring point C with 22.0 percentage at 09:17:24 (C2)
2023-05-12 09:17:27,235 INFO Drone 1 monitoring point D with 76.0 percentage at 09:17:27 (D8)
2023-05-12 09:17:47,569 INFO Drone 0 monitoring point C with 17.0 percentage at 09:17:47 (C2)
2023-05-12 09:17:50,927 INFO Drone 1 monitoring point D with 71.0 percentage at 09:17:50 (D7)
2023-05-12 09:18:02,049 INFO Mayday! Mayday! Drone without battery (M)
2023-05-12 09:18:13,649 INFO Drone 1 monitoring point D with 65.0 percentage at 09:18:13 (D7)
2023-05-12 09:18:37,734 INFO Drone 1 monitoring point D with 60.0 percentage at 09:18:37 (D6)
2023-05-12 09:19:01,037 INFO Drone 1 monitoring point D with 55.0 percentage at 09:19:01 (D6)
2023-05-12 09:19:23,762 INFO Drone 1 monitoring point D with 50.0 percentage at 09:19:23 (D5)
2023-05-12 09:19:49,304 INFO Drone 1 monitoring point D with 44.0 percentage at 09:19:49 (D4)
2023-05-12 09:20:13,390 INFO Drone 1 monitoring point D with 39.0 percentage at 09:20:13 (D4)
2023-05-12 09:20:36,019 INFO Drone 1 monitoring point D with 34.0 percentage at 09:20:36 (D3)
2023-05-12 09:20:58,547 INFO Drone 1 monitoring point D with 28.0 percentage at 09:20:58 (D3)
2023-05-12 09:21:22,917 INFO Drone 1 going to A with 24.0 percentage at 09:21:22 (D2)
2023-05-12 09:21:53,134 INFO Mayday! Mayday! Drone without battery (M)
2023-05-12 09:21:55,915 INFO Mayday! Mayday! Drone without battery (M)
2023-05-12 09:23:43,629 CRITICAL Starting new episode - Episode 5
2023-05-12 09:23:54,037 INFO Drone 1 going to D with 100.0 percentage at 09:23:54 (PC10)
2023-05-12 09:23:54,041 INFO Drone 0 going to C with 100.0 percentage at 09:23:54 (PC10)
2023-05-12 09:24:39,125 INFO Drone 1 going to A with 100.0 percentage at 09:24:39 (D10)
2023-05-12 09:24:39,130 INFO Drone 0 going to D with 100.0 percentage at 09:24:39 (C10)
2023-05-12 09:25:06,368 INFO Drone 1 going to A with 98.0 percentage at 09:25:06 (A10)
2023-05-12 09:25:06,371 INFO Drone 0 going to A with 98.0 percentage at 09:25:06 (D10)
2023-05-12 09:25:33,028 INFO Drone 1 going to B with 92.0 percentage at 09:25:33 (A9)
2023-05-12 09:25:33,033 INFO Drone 0 going to PC with 92.0 percentage at 09:25:33 (A9)
2023-05-12 09:26:10,624 INFO Drone 0 acting on point PC with 83.0 percentage at 09:26:10 (PC8)
2023-05-12 09:26:12,328 INFO Drone 0 trying to land, still in air. Still 59.18 from ground.
2023-05-12 09:26:13,596 INFO Drone 1 monitoring point B with 82.0 percentage at 09:26:13 (B8)
2023-05-12 09:26:40,418 INFO Drone 0 trying to land, still in air. Still 29.53 from ground.
2023-05-12 09:27:08,221 INFO Drone 0 trying to land, still in air. Still 3.77 from ground.
2023-05-12 09:27:21,292 INFO Drone 0 charging battery at PC with 65.0 percentage at 09:27:21 (PC8)
2023-05-12 09:27:36,059 INFO Drone 1 going to C with 64.0 percentage at 09:27:36 (B6)
2023-05-12 09:27:36,063 INFO Drone 0 going to E with 100.0 percentage at 09:27:36 (PC10)
2023-05-12 09:28:33,423 INFO Drone 1 going to B with 51.0 percentage at 09:28:33 (C5)
2023-05-12 09:28:33,427 INFO Drone 0 going to E with 100.0 percentage at 09:28:33 (E10)
2023-05-12 09:28:58,088 INFO Drone 0 monitoring point E with 97.0 percentage at 09:28:58 (E10)
2023-05-12 09:29:00,764 INFO Drone 1 monitoring point B with 44.0 percentage at 09:29:00 (B4)
2023-05-12 09:29:20,805 INFO Drone 0 monitoring point E with 93.0 percentage at 09:29:20 (E9)
2023-05-12 09:29:23,679 INFO Drone 1 monitoring point B with 39.0 percentage at 09:29:23 (B4)
2023-05-12 09:29:48,533 INFO Drone 1 going to PC with 34.0 percentage at 09:29:48 (B3)
2023-05-12 09:29:48,537 INFO Drone 0 going to C with 88.0 percentage at 09:29:48 (E9)
2023-05-12 09:30:20,465 INFO Drone 0 monitoring point C with 79.0 percentage at 09:30:20 (C8)
2023-05-12 09:30:23,245 INFO Drone 1 acting on point PC with 25.0 percentage at 09:30:23 (PC3)
2023-05-12 09:30:24,657 INFO Drone 1 trying to land, still in air. Still 60.7 from ground.
2023-05-12 09:30:52,446 INFO Drone 1 trying to land, still in air. Still 31.24 from ground.
2023-05-12 09:31:23,355 INFO Drone 1 trying to land, still in air. Still 4.59 from ground.
2023-05-12 09:31:37,001 INFO Drone 1 charging battery at PC with 0.0 percentage at 09:31:37 (PC3)
2023-05-12 09:31:44,859 INFO Drone 0 monitoring point C with 60.0 percentage at 09:31:44 (C6)
2023-05-12 09:31:50,514 INFO Drone 1 charging battery at PC with 100.0 percentage at 09:31:50 (PC10)
2023-05-12 09:32:05,194 INFO Drone 0 monitoring point C with 55.0 percentage at 09:32:05 (C6)
2023-05-12 09:32:11,042 INFO Drone 1 charging battery at PC with 100.0 percentage at 09:32:11 (PC10)
2023-05-12 09:32:25,430 INFO Drone 0 monitoring point C with 50.0 percentage at 09:32:25 (C5)
2023-05-12 09:32:30,889 INFO Drone 1 charging battery at PC with 100.0 percentage at 09:32:30 (PC10)
2023-05-12 09:32:44,896 INFO Drone 0 monitoring point C with 46.0 percentage at 09:32:44 (C5)
2023-05-12 09:32:50,354 INFO Drone 1 charging battery at PC with 100.0 percentage at 09:32:50 (PC10)
2023-05-12 09:33:04,744 INFO Drone 0 monitoring point C with 41.0 percentage at 09:33:04 (C4)
2023-05-12 09:33:09,720 INFO Drone 1 charging battery at PC with 100.0 percentage at 09:33:09 (PC10)
2023-05-12 09:33:22,941 INFO Drone 0 monitoring point C with 36.0 percentage at 09:33:22 (C4)
2023-05-12 09:33:28,208 INFO Drone 1 charging battery at PC with 100.0 percentage at 09:33:28 (PC10)
2023-05-12 09:33:42,401 INFO Drone 0 monitoring point C with 32.0 percentage at 09:33:42 (C3)
2023-05-12 09:33:48,153 INFO Drone 1 charging battery at PC with 100.0 percentage at 09:33:48 (PC10)
2023-05-12 09:34:03,514 INFO Drone 0 monitoring point C with 27.0 percentage at 09:34:03 (C3)
2023-05-12 09:34:09,459 INFO Drone 1 charging battery at PC with 100.0 percentage at 09:34:09 (PC10)
2023-05-12 09:34:23,174 INFO Drone 0 monitoring point C with 22.0 percentage at 09:34:23 (C2)
2023-05-12 09:34:29,021 INFO Drone 1 charging battery at PC with 100.0 percentage at 09:34:29 (PC10)
2023-05-12 09:34:43,710 INFO Drone 0 monitoring point C with 18.0 percentage at 09:34:43 (C2)
2023-05-12 09:34:48,975 INFO Drone 1 charging battery at PC with 100.0 percentage at 09:34:48 (PC10)
2023-05-12 09:34:54,053 INFO Mayday! Mayday! Drone without battery (M)
2023-05-12 09:35:08,830 INFO Drone 1 charging battery at PC with 100.0 percentage at 09:35:08 (PC10)
2023-05-12 09:35:20,144 INFO Drone 1 going to D with 100.0 percentage at 09:35:20 (PC10)
2023-05-12 09:36:16,840 INFO Drone 1 going to D with 100.0 percentage at 09:36:16 (D10)
2023-05-12 09:36:32,000 INFO Drone 1 going to D with 99.0 percentage at 09:36:32 (D10)
2023-05-12 09:36:46,287 INFO Drone 1 going to D with 96.0 percentage at 09:36:46 (D10)
2023-05-12 09:37:02,222 INFO Drone 1 monitoring point D with 93.0 percentage at 09:37:02 (D9)
2023-05-12 09:37:27,081 INFO Drone 1 monitoring point D with 88.0 percentage at 09:37:27 (D9)
2023-05-12 09:37:48,636 INFO Drone 1 monitoring point D with 82.0 percentage at 09:37:48 (D8)
2023-05-12 09:38:11,852 INFO Drone 1 monitoring point D with 77.0 percentage at 09:38:11 (D8)
2023-05-12 09:38:36,712 INFO Drone 1 monitoring point D with 71.0 percentage at 09:38:36 (D7)
2023-05-12 09:39:00,218 INFO Drone 1 monitoring point D with 66.0 percentage at 09:39:00 (D7)
2023-05-12 09:39:23,820 INFO Drone 1 monitoring point D with 61.0 percentage at 09:39:23 (D6)
2023-05-12 09:39:47,609 INFO Drone 1 monitoring point D with 56.0 percentage at 09:39:47 (D6)
2023-05-12 09:40:08,971 INFO Drone 1 monitoring point D with 50.0 percentage at 09:40:08 (D5)
2023-05-12 09:40:31,203 INFO Drone 1 monitoring point D with 45.0 percentage at 09:40:31 (D4)
2023-05-12 09:40:56,057 INFO Drone 1 monitoring point D with 39.0 percentage at 09:40:56 (D4)
2023-05-12 09:41:18,291 INFO Drone 1 monitoring point D with 34.0 percentage at 09:41:18 (D3)
2023-05-12 09:41:41,021 INFO Drone 1 monitoring point D with 29.0 percentage at 09:41:41 (D3)
2023-05-12 09:42:06,074 INFO Drone 1 monitoring point D with 23.0 percentage at 09:42:06 (D2)
2023-05-12 09:42:28,803 INFO Drone 1 going to A with 19.0 percentage at 09:42:28 (D2)
2023-05-12 09:42:52,401 INFO Mayday! Mayday! Drone without battery (M)
2023-05-12 09:44:42,460 CRITICAL Starting new episode - Episode 6
2023-05-12 09:44:53,456 INFO Drone 1 going to D with 100.0 percentage at 09:44:53 (PC10)
2023-05-12 09:44:53,460 INFO Drone 0 going to C with 100.0 percentage at 09:44:53 (PC10)
2023-05-12 09:45:39,517 INFO Drone 1 going to A with 100.0 percentage at 09:45:39 (D10)
2023-05-12 09:45:39,521 INFO Drone 0 going to D with 100.0 percentage at 09:45:39 (C10)
2023-05-12 09:46:05,890 INFO Drone 1 going to A with 97.0 percentage at 09:46:05 (A10)
2023-05-12 09:46:05,894 INFO Drone 0 going to A with 98.0 percentage at 09:46:05 (D10)
2023-05-12 09:46:30,458 INFO Drone 0 monitoring point A with 92.0 percentage at 09:46:30 (A9)
2023-05-12 09:46:33,041 INFO Drone 1 monitoring point A with 91.0 percentage at 09:46:33 (A9)
2023-05-12 09:46:53,005 INFO Drone 0 monitoring point A with 87.0 percentage at 09:46:53 (A9)
2023-05-12 09:46:55,758 INFO Drone 1 monitoring point A with 87.0 percentage at 09:46:55 (A9)
2023-05-12 09:47:18,418 INFO Drone 0 monitoring point A with 82.0 percentage at 09:47:18 (A8)
2023-05-12 09:47:21,291 INFO Drone 1 monitoring point A with 81.0 percentage at 09:47:21 (A8)
2023-05-12 09:47:43,858 INFO Drone 0 monitoring point A with 76.0 percentage at 09:47:43 (A8)
2023-05-12 09:47:46,829 INFO Drone 1 monitoring point A with 76.0 percentage at 09:47:46 (A8)
2023-05-12 09:48:05,900 INFO Drone 0 monitoring point A with 71.0 percentage at 09:48:05 (A7)
2023-05-12 09:48:08,774 INFO Drone 1 going to E with 72.0 percentage at 09:48:08 (A7)
2023-05-12 09:48:47,144 INFO Drone 0 monitoring point A with 62.0 percentage at 09:48:47 (A6)
2023-05-12 09:48:50,982 INFO Drone 1 monitoring point E with 61.0 percentage at 09:48:50 (E6)
2023-05-12 09:49:11,701 INFO Drone 0 monitoring point A with 56.0 percentage at 09:49:11 (A6)
2023-05-12 09:49:14,575 INFO Drone 1 monitoring point E with 56.0 percentage at 09:49:14 (E6)
2023-05-12 09:49:38,268 INFO Drone 1 going to D with 51.0 percentage at 09:49:38 (E5)
2023-05-12 09:49:38,272 INFO Drone 0 going to A with 51.0 percentage at 09:49:38 (A5)
2023-05-12 09:50:08,401 INFO Drone 0 monitoring point A with 43.0 percentage at 09:50:08 (A4)
2023-05-12 09:50:11,759 INFO Drone 1 monitoring point D with 43.0 percentage at 09:50:11 (D4)
2023-05-12 09:50:32,671 INFO Drone 0 monitoring point A with 39.0 percentage at 09:50:32 (A4)
2023-05-12 09:50:35,350 INFO Drone 1 monitoring point D with 38.0 percentage at 09:50:35 (D4)
2023-05-12 09:50:56,853 INFO Drone 0 monitoring point A with 33.0 percentage at 09:50:56 (A3)
2023-05-12 09:50:59,432 INFO Drone 1 monitoring point D with 32.0 percentage at 09:50:59 (D3)
2023-05-12 09:51:19,958 INFO Drone 0 monitoring point A with 28.0 percentage at 09:51:19 (A3)
2023-05-12 09:51:22,731 INFO Drone 1 monitoring point D with 27.0 percentage at 09:51:22 (D3)
2023-05-12 09:51:42,288 INFO Drone 0 monitoring point A with 22.0 percentage at 09:51:42 (A2)
2023-05-12 09:51:44,967 INFO Drone 1 going to PC with 22.0 percentage at 09:51:44 (D2)
2023-05-12 09:52:17,200 INFO Mayday! Mayday! Drone without battery (M)
2023-05-12 09:52:20,362 INFO Mayday! Mayday! Drone without battery (M)
2023-05-12 09:54:08,826 CRITICAL Starting new episode - Episode 7
2023-05-12 09:54:20,107 INFO Drone 1 going to D with 100.0 percentage at 09:54:20 (PC10)
2023-05-12 09:54:20,111 INFO Drone 0 going to C with 100.0 percentage at 09:54:20 (PC10)
2023-05-12 09:55:03,843 INFO Drone 1 going to A with 100.0 percentage at 09:55:03 (D10)
2023-05-12 09:55:03,847 INFO Drone 0 going to D with 100.0 percentage at 09:55:03 (C10)
2023-05-12 09:55:32,058 INFO Drone 1 going to A with 97.0 percentage at 09:55:32 (A10)
2023-05-12 09:55:32,062 INFO Drone 0 going to A with 98.0 percentage at 09:55:32 (D10)
2023-05-12 09:55:59,304 INFO Drone 1 going to A with 91.0 percentage at 09:55:59 (A9)
2023-05-12 09:55:59,309 INFO Drone 0 going to PC with 92.0 percentage at 09:55:59 (A9)
2023-05-12 09:56:37,477 INFO Drone 0 acting on point PC with 83.0 percentage at 09:56:37 (PC8)
2023-05-12 09:56:38,988 INFO Drone 0 trying to land, still in air. Still 59.2 from ground.
2023-05-12 09:56:40,836 INFO Drone 1 monitoring point A with 82.0 percentage at 09:56:40 (A8)
2023-05-12 09:57:07,657 INFO Drone 0 trying to land, still in air. Still 29.68 from ground.
2023-05-12 09:57:35,940 INFO Drone 0 trying to land, still in air. Still 3.83 from ground.
2023-05-12 09:57:49,779 INFO Drone 0 charging battery at PC with 66.0 percentage at 09:57:49 (PC8)
2023-05-12 09:58:03,866 INFO Drone 1 monitoring point A with 63.0 percentage at 09:58:03 (A6)
2023-05-12 09:58:03,870 INFO Drone 0 charging battery at PC with 100.0 percentage at 09:58:03 (PC10)
2023-05-12 09:58:27,070 INFO Drone 1 monitoring point A with 58.0 percentage at 09:58:27 (A6)
2023-05-12 09:58:27,073 INFO Drone 0 charging battery at PC with 100.0 percentage at 09:58:27 (PC10)
2023-05-12 09:58:49,798 INFO Drone 1 monitoring point A with 52.0 percentage at 09:58:49 (A5)
2023-05-12 09:58:49,803 INFO Drone 0 charging battery at PC with 100.0 percentage at 09:58:49 (PC10)
2023-05-12 09:59:12,433 INFO Drone 1 monitoring point A with 47.0 percentage at 09:59:12 (A5)
2023-05-12 09:59:12,437 INFO Drone 0 charging battery at PC with 100.0 percentage at 09:59:12 (PC10)
2023-05-12 09:59:34,668 INFO Drone 1 going to C with 42.0 percentage at 09:59:34 (A4)
2023-05-12 09:59:34,672 INFO Drone 0 going to B with 100.0 percentage at 09:59:34 (PC10)
2023-05-12 10:00:27,713 INFO Drone 0 monitoring point B with 100.0 percentage at 10:00:27 (B10)
2023-05-12 10:00:30,099 INFO Drone 1 monitoring point C with 29.0 percentage at 10:00:30 (C3)
2023-05-12 10:00:50,724 INFO Drone 0 monitoring point B with 99.0 percentage at 10:00:50 (B10)
2023-05-12 10:00:53,598 INFO Drone 1 monitoring point C with 24.0 percentage at 10:00:53 (C2)
2023-05-12 10:01:13,835 INFO Drone 0 monitoring point B with 93.0 percentage at 10:01:13 (B9)
2023-05-12 10:01:17,193 INFO Drone 1 monitoring point C with 18.0 percentage at 10:01:17 (C2)
2023-05-12 10:01:31,091 INFO Mayday! Mayday! Drone without battery (M)
2023-05-12 10:01:36,461 INFO Drone 0 monitoring point B with 87.0 percentage at 10:01:36 (B9)
2023-05-12 10:01:56,792 INFO Drone 0 monitoring point B with 83.0 percentage at 10:01:56 (B8)
2023-05-12 10:02:17,512 INFO Drone 0 monitoring point B with 78.0 percentage at 10:02:17 (B8)
2023-05-12 10:02:38,327 INFO Drone 0 monitoring point B with 74.0 percentage at 10:02:38 (B7)
2023-05-12 10:03:00,016 INFO Drone 0 monitoring point B with 69.0 percentage at 10:03:00 (B7)
2023-05-12 10:03:19,767 INFO Drone 0 monitoring point B with 64.0 percentage at 10:03:19 (B6)
2023-05-12 10:03:40,092 INFO Drone 0 monitoring point B with 59.0 percentage at 10:03:40 (B6)
2023-05-12 10:04:01,882 INFO Drone 0 monitoring point B with 55.0 percentage at 10:04:01 (B6)
2023-05-12 10:04:22,117 INFO Drone 0 monitoring point B with 50.0 percentage at 10:04:22 (B5)
2023-05-12 10:04:42,738 INFO Drone 0 monitoring point B with 46.0 percentage at 10:04:42 (B5)
2023-05-12 10:05:03,754 INFO Drone 0 monitoring point B with 41.0 percentage at 10:05:03 (B4)
2023-05-12 10:05:24,183 INFO Drone 0 monitoring point B with 36.0 percentage at 10:05:24 (B4)
2023-05-12 10:05:46,367 INFO Drone 0 monitoring point B with 32.0 percentage at 10:05:46 (B3)
2023-05-12 10:06:05,633 INFO Drone 0 monitoring point B with 27.0 percentage at 10:06:05 (B3)
2023-05-12 10:06:25,418 INFO Drone 0 monitoring point B with 23.0 percentage at 10:06:25 (B2)
2023-05-12 10:06:46,140 INFO Drone 0 monitoring point B with 18.0 percentage at 10:06:46 (B2)
2023-05-12 10:06:56,868 INFO Mayday! Mayday! Drone without battery (M)
2023-05-12 10:08:53,629 CRITICAL Starting new episode - Episode 8
2023-05-12 10:09:03,041 INFO Drone 1 going to D with 100.0 percentage at 10:09:03 (PC10)
2023-05-12 10:09:03,044 INFO Drone 0 going to C with 100.0 percentage at 10:09:03 (PC10)
2023-05-12 10:09:46,773 INFO Drone 1 going to A with 100.0 percentage at 10:09:46 (D10)
2023-05-12 10:09:46,776 INFO Drone 0 going to D with 100.0 percentage at 10:09:46 (C10)
2023-05-12 10:10:14,604 INFO Drone 1 going to A with 98.0 percentage at 10:10:14 (A10)
2023-05-12 10:10:14,609 INFO Drone 0 going to A with 98.0 percentage at 10:10:14 (D10)
2023-05-12 10:10:39,264 INFO Drone 0 monitoring point A with 92.0 percentage at 10:10:39 (A9)
2023-05-12 10:10:42,040 INFO Drone 1 monitoring point A with 92.0 percentage at 10:10:42 (A9)
2023-05-12 10:11:04,701 INFO Drone 0 monitoring point A with 88.0 percentage at 10:11:04 (A9)
2023-05-12 10:11:07,376 INFO Drone 1 monitoring point A with 87.0 percentage at 10:11:07 (A9)
2023-05-12 10:11:27,901 INFO Drone 0 monitoring point A with 82.0 percentage at 10:11:27 (A8)
2023-05-12 10:11:31,067 INFO Drone 1 monitoring point A with 81.0 percentage at 10:11:31 (A8)
2023-05-12 10:11:52,377 INFO Drone 0 monitoring point A with 76.0 percentage at 10:11:52 (A8)
2023-05-12 10:11:55,250 INFO Drone 1 monitoring point A with 76.0 percentage at 10:11:55 (A8)
2023-05-12 10:12:15,595 INFO Drone 0 monitoring point A with 71.0 percentage at 10:12:15 (A7)
2023-05-12 10:12:18,466 INFO Drone 1 going to E with 71.0 percentage at 10:12:18 (A7)
2023-05-12 10:12:52,123 INFO Drone 0 monitoring point A with 62.0 percentage at 10:12:52 (A6)
2023-05-12 10:12:54,801 INFO Drone 1 monitoring point E with 62.0 percentage at 10:12:54 (E6)
2023-05-12 10:13:14,936 INFO Drone 0 monitoring point A with 57.0 percentage at 10:13:14 (A6)
2023-05-12 10:13:17,325 INFO Drone 1 monitoring point E with 57.0 percentage at 10:13:17 (E6)
2023-05-12 10:13:37,952 INFO Drone 0 monitoring point A with 52.0 percentage at 10:13:37 (A5)
2023-05-12 10:13:40,629 INFO Drone 1 monitoring point E with 51.0 percentage at 10:13:40 (E5)
2023-05-12 10:14:00,573 INFO Drone 0 monitoring point A with 46.0 percentage at 10:14:00 (A5)
2023-05-12 10:14:03,741 INFO Drone 1 monitoring point E with 46.0 percentage at 10:14:03 (E5)
2023-05-12 10:14:25,344 INFO Drone 0 monitoring point A with 41.0 percentage at 10:14:25 (A4)
2023-05-12 10:14:28,313 INFO Drone 1 monitoring point E with 40.0 percentage at 10:14:28 (E4)
2023-05-12 10:14:49,525 INFO Drone 0 monitoring point A with 36.0 percentage at 10:14:49 (A4)
2023-05-12 10:14:52,397 INFO Drone 1 monitoring point E with 35.0 percentage at 10:14:52 (E4)
2023-05-12 10:15:16,864 INFO Drone 1 going to C with 32.0 percentage at 10:15:16 (E3)
2023-05-12 10:15:16,868 INFO Drone 0 going to C with 31.0 percentage at 10:15:16 (A3)
2023-05-12 10:15:45,921 INFO Drone 0 monitoring point C with 23.0 percentage at 10:15:45 (C2)
2023-05-12 10:15:48,694 INFO Drone 1 going to PC with 23.0 percentage at 10:15:48 (C2)
2023-05-12 10:16:16,677 INFO Mayday! Mayday! Drone without battery (M)
2023-05-12 10:16:19,365 INFO Mayday! Mayday! Drone without battery (M)
2023-05-12 10:16:29,159 INFO Mayday! Mayday! Drone without battery (M)
2023-05-12 10:16:32,131 INFO Mayday! Mayday! Drone without battery (M)
2023-05-12 10:18:28,369 CRITICAL Starting new episode - Episode 9
2023-05-12 10:18:38,949 INFO Drone 0 charging battery at PC with 100.0 percentage at 10:18:38 (PC10)
2023-05-12 10:18:43,179 INFO Drone 1 charging battery at PC with 100.0 percentage at 10:18:43 (PC10)
2023-05-12 10:18:55,465 INFO Drone 1 going to D with 100.0 percentage at 10:18:55 (PC10)
2023-05-12 10:18:55,470 INFO Drone 0 going to C with 100.0 percentage at 10:18:55 (PC10)
2023-05-12 10:19:44,989 INFO Drone 1 going to E with 100.0 percentage at 10:19:44 (D10)
2023-05-12 10:19:44,993 INFO Drone 0 going to A with 100.0 percentage at 10:19:44 (C10)
2023-05-12 10:20:06,774 INFO Drone 1 going to A with 96.0 percentage at 10:20:06 (E10)
2023-05-12 10:20:06,778 INFO Drone 0 going to E with 96.0 percentage at 10:20:06 (A10)
2023-05-12 10:20:38,711 INFO Drone 1 going to E with 88.0 percentage at 10:20:38 (A9)
2023-05-12 10:20:38,713 INFO Drone 0 going to A with 88.0 percentage at 10:20:38 (E9)
2023-05-12 10:21:08,151 INFO Drone 0 monitoring point A with 81.0 percentage at 10:21:08 (A8)
2023-05-12 10:21:11,218 INFO Drone 1 monitoring point E with 80.0 percentage at 10:21:11 (E8)
2023-05-12 10:21:32,320 INFO Drone 0 monitoring point A with 76.0 percentage at 10:21:32 (A8)
2023-05-12 10:21:35,676 INFO Drone 1 monitoring point E with 76.0 percentage at 10:21:35 (E8)
2023-05-12 10:21:56,308 INFO Drone 0 monitoring point A with 70.0 percentage at 10:21:56 (A7)
2023-05-12 10:21:59,080 INFO Drone 1 monitoring point E with 70.0 percentage at 10:21:59 (E7)
2023-05-12 10:22:22,296 INFO Drone 1 going to C with 66.0 percentage at 10:22:22 (E6)
2023-05-12 10:22:22,300 INFO Drone 0 going to C with 65.0 percentage at 10:22:22 (A7)
2023-05-12 10:22:55,593 INFO Drone 1 going to A with 57.0 percentage at 10:22:55 (C6)
2023-05-12 10:22:55,597 INFO Drone 0 going to PC with 58.0 percentage at 10:22:55 (C6)
2023-05-12 10:23:30,689 INFO Drone 0 acting on point PC with 49.0 percentage at 10:23:30 (PC5)
2023-05-12 10:23:32,200 INFO Drone 0 trying to land, still in air. Still 59.22 from ground.
2023-05-12 10:23:33,270 INFO Drone 1 monitoring point A with 48.0 percentage at 10:23:33 (A5)
2023-05-12 10:24:00,765 INFO Drone 0 trying to land, still in air. Still 29.46 from ground.
2023-05-12 10:24:28,366 INFO Drone 0 trying to land, still in air. Still 3.75 from ground.
2023-05-12 10:24:40,267 INFO Drone 0 charging battery at PC with 39.0 percentage at 10:24:40 (PC5)
2023-05-12 10:24:54,254 INFO Drone 1 monitoring point A with 29.0 percentage at 10:24:54 (A3)
2023-05-12 10:24:54,258 INFO Drone 0 charging battery at PC with 100.0 percentage at 10:24:54 (PC10)
2023-05-12 10:25:17,866 INFO Drone 1 monitoring point A with 24.0 percentage at 10:25:17 (A2)
2023-05-12 10:25:17,868 INFO Drone 0 charging battery at PC with 100.0 percentage at 10:25:17 (PC10)
2023-05-12 10:25:41,463 INFO Drone 1 monitoring point A with 18.0 percentage at 10:25:41 (A2)
2023-05-12 10:25:41,468 INFO Drone 0 charging battery at PC with 100.0 percentage at 10:25:41 (PC10)
2023-05-12 10:25:55,168 INFO Mayday! Mayday! Drone without battery (M)
2023-05-12 10:26:04,966 INFO Drone 0 going to A with 100.0 percentage at 10:26:04 (PC10)
2023-05-12 10:26:58,692 INFO Drone 0 monitoring point A with 100.0 percentage at 10:26:58 (A10)
2023-05-12 10:27:22,477 INFO Drone 0 going to B with 100.0 percentage at 10:27:22 (A10)
2023-05-12 10:27:51,829 INFO Drone 0 going to A with 92.0 percentage at 10:27:51 (B9)
2023-05-12 10:28:20,494 INFO Drone 0 going to C with 85.0 percentage at 10:28:20 (A9)
2023-05-12 10:28:39,981 INFO Drone 0 monitoring point C with 81.0 percentage at 10:28:39 (C8)
2023-05-12 10:28:59,827 INFO Drone 0 monitoring point C with 77.0 percentage at 10:28:59 (C8)
2023-05-12 10:29:19,187 INFO Drone 0 monitoring point C with 71.0 percentage at 10:29:19 (C7)
2023-05-12 10:29:38,740 INFO Drone 0 monitoring point C with 67.0 percentage at 10:29:38 (C7)
2023-05-12 10:29:58,878 INFO Drone 0 monitoring point C with 62.0 percentage at 10:29:58 (C6)
2023-05-12 10:30:19,113 INFO Drone 0 monitoring point C with 58.0 percentage at 10:30:19 (C6)
2023-05-12 10:30:39,829 INFO Drone 0 monitoring point C with 53.0 percentage at 10:30:39 (C5)
2023-05-12 10:31:04,010 INFO Drone 0 going to D with 49.0 percentage at 10:31:04 (C5)
2023-05-12 10:31:33,263 INFO Drone 0 monitoring point D with 41.0 percentage at 10:31:33 (D4)
2023-05-12 10:31:54,664 INFO Drone 0 monitoring point D with 37.0 percentage at 10:31:54 (D4)
2023-05-12 10:32:15,099 INFO Drone 0 monitoring point D with 34.0 percentage at 10:32:15 (D3)
2023-05-12 10:32:37,371 INFO Drone 0 monitoring point D with 27.0 percentage at 10:32:37 (D3)
2023-05-12 10:33:00,097 INFO Drone 0 going to E with 22.0 percentage at 10:33:00 (D2)
2023-05-12 10:33:26,085 INFO Mayday! Mayday! Drone without battery (M)
2023-05-12 10:33:28,866 INFO Mayday! Mayday! Drone without battery (M)
2023-05-12 10:35:24,196 CRITICAL Starting new episode - Episode 10
2023-05-12 10:35:36,653 INFO Drone 1 going to D with 100.0 percentage at 10:35:36 (PC10)
2023-05-12 10:35:36,656 INFO Drone 0 going to C with 100.0 percentage at 10:35:36 (PC10)
2023-05-12 10:36:22,418 INFO Drone 1 going to A with 100.0 percentage at 10:36:22 (D10)
2023-05-12 10:36:22,422 INFO Drone 0 going to D with 100.0 percentage at 10:36:22 (C10)
2023-05-12 10:36:48,397 INFO Drone 1 going to A with 97.0 percentage at 10:36:48 (A10)
2023-05-12 10:36:48,401 INFO Drone 0 going to A with 98.0 percentage at 10:36:48 (D10)
2023-05-12 10:37:11,803 INFO Drone 0 monitoring point A with 92.0 percentage at 10:37:11 (A9)
2023-05-12 10:37:15,061 INFO Drone 1 monitoring point A with 91.0 percentage at 10:37:15 (A9)
2023-05-12 10:37:35,688 INFO Drone 0 monitoring point A with 87.0 percentage at 10:37:35 (A9)
2023-05-12 10:37:38,950 INFO Drone 1 monitoring point A with 87.0 percentage at 10:37:38 (A9)
2023-05-12 10:38:02,732 INFO Drone 1 monitoring point A with 81.0 percentage at 10:38:02 (A8)
2023-05-12 10:38:02,736 INFO Drone 0 monitoring point A with 81.0 percentage at 10:38:02 (A8)
2023-05-12 10:38:23,944 INFO Drone 0 monitoring point A with 76.0 percentage at 10:38:23 (A8)
2023-05-12 10:38:26,725 INFO Drone 1 monitoring point A with 76.0 percentage at 10:38:26 (A8)
2023-05-12 10:38:47,638 INFO Drone 0 monitoring point A with 71.0 percentage at 10:38:47 (A7)
2023-05-12 10:38:50,804 INFO Drone 1 going to E with 71.0 percentage at 10:38:50 (A7)
2023-05-12 10:39:24,688 INFO Drone 0 monitoring point A with 63.0 percentage at 10:39:24 (A6)
2023-05-12 10:39:27,752 INFO Drone 1 monitoring point E with 62.0 percentage at 10:39:27 (E6)
2023-05-12 10:39:48,676 INFO Drone 0 monitoring point A with 58.0 percentage at 10:39:48 (A6)
2023-05-12 10:39:51,645 INFO Drone 1 monitoring point E with 57.0 percentage at 10:39:51 (E6)
2023-05-12 10:40:12,081 INFO Drone 0 monitoring point A with 52.0 percentage at 10:40:12 (A5)
2023-05-12 10:40:15,054 INFO Drone 1 monitoring point E with 52.0 percentage at 10:40:15 (E5)
2023-05-12 10:40:35,401 INFO Drone 0 monitoring point A with 47.0 percentage at 10:40:35 (A5)
2023-05-12 10:40:38,176 INFO Drone 1 monitoring point E with 46.0 percentage at 10:40:38 (E5)
2023-05-12 10:40:58,802 INFO Drone 0 monitoring point A with 41.0 percentage at 10:40:58 (A4)
2023-05-12 10:41:02,066 INFO Drone 1 monitoring point E with 41.0 percentage at 10:41:02 (E4)
2023-05-12 10:41:23,757 INFO Drone 0 monitoring point A with 36.0 percentage at 10:41:23 (A4)
2023-05-12 10:41:26,436 INFO Drone 1 monitoring point E with 36.0 percentage at 10:41:26 (E4)
2023-05-12 10:41:51,681 INFO Drone 1 going to C with 31.0 percentage at 10:41:51 (E3)
2023-05-12 10:41:51,684 INFO Drone 0 going to C with 31.0 percentage at 10:41:51 (A3)
2023-05-12 10:42:24,102 INFO Drone 0 monitoring point C with 23.0 percentage at 10:42:24 (C2)
2023-05-12 10:42:26,974 INFO Drone 1 going to A with 22.0 percentage at 10:42:26 (C2)
2023-05-12 10:42:45,013 INFO Drone 0 monitoring point C with 19.0 percentage at 10:42:45 (C2)
2023-05-12 10:42:47,594 INFO Drone 1 going to PC with 18.0 percentage at 10:42:47 (A2)
2023-05-12 10:43:17,625 INFO Mayday! Mayday! Drone without battery (M)
2023-05-12 10:43:20,400 INFO Mayday! Mayday! Drone without battery (M)
2023-05-12 10:45:11,520 CRITICAL Starting new episode - Episode 11
2023-05-12 10:45:21,707 INFO Drone 0 charging battery at PC with 100.0 percentage at 10:45:21 (PC10)
2023-05-12 10:45:24,775 INFO Drone 1 charging battery at PC with 100.0 percentage at 10:45:24 (PC10)
2023-05-12 10:45:36,476 INFO Drone 1 going to D with 100.0 percentage at 10:45:36 (PC10)
2023-05-12 10:45:36,480 INFO Drone 0 going to C with 100.0 percentage at 10:45:36 (PC10)
2023-05-12 10:46:24,639 INFO Drone 1 going to A with 100.0 percentage at 10:46:24 (D10)
2023-05-12 10:46:24,643 INFO Drone 0 going to D with 100.0 percentage at 10:46:24 (C10)
2023-05-12 10:46:50,521 INFO Drone 1 going to PC with 94.0 percentage at 10:46:50 (A9)
2023-05-12 10:46:50,525 INFO Drone 0 going to A with 94.0 percentage at 10:46:50 (D9)
2023-05-12 10:47:32,097 INFO Drone 0 monitoring point A with 85.0 percentage at 10:47:32 (A9)
2023-05-12 10:47:34,970 INFO Drone 1 acting on point PC with 84.0 percentage at 10:47:34 (PC8)
2023-05-12 10:47:36,293 INFO Drone 1 trying to land, still in air. Still 60.46 from ground.
2023-05-12 10:48:04,566 INFO Drone 1 trying to land, still in air. Still 30.91 from ground.
2023-05-12 10:48:34,499 INFO Drone 1 trying to land, still in air. Still 4.35 from ground.
2023-05-12 10:48:47,080 INFO Drone 1 charging battery at PC with 57.0 percentage at 10:48:47 (PC8)
2023-05-12 10:48:58,689 INFO Drone 1 going to B with 100.0 percentage at 10:48:58 (PC10)
2023-05-12 10:48:58,694 INFO Drone 0 going to E with 66.0 percentage at 10:48:58 (A7)
2023-05-12 10:49:49,349 INFO Drone 0 monitoring point E with 54.0 percentage at 10:49:49 (E5)
2023-05-12 10:49:52,605 INFO Drone 1 monitoring point B with 100.0 percentage at 10:49:52 (B10)
2023-05-12 10:50:13,328 INFO Drone 0 monitoring point E with 49.0 percentage at 10:50:13 (E5)
2023-05-12 10:50:16,008 INFO Drone 1 going to B with 99.0 percentage at 10:50:16 (B10)
2023-05-12 10:50:32,627 INFO Drone 0 monitoring point E with 44.0 percentage at 10:50:32 (E5)
2023-05-12 10:50:35,403 INFO Drone 1 going to B with 94.0 percentage at 10:50:35 (B9)
2023-05-12 10:50:56,798 INFO Drone 1 monitoring point B with 89.0 percentage at 10:50:56 (B9)
2023-05-12 10:50:56,802 INFO Drone 0 going to D with 40.0 percentage at 10:50:56 (E4)
2023-05-12 10:51:25,367 INFO Drone 0 monitoring point D with 32.0 percentage at 10:51:25 (D3)
2023-05-12 10:51:28,143 INFO Drone 1 monitoring point B with 83.0 percentage at 10:51:28 (B8)
2023-05-12 10:51:50,414 INFO Drone 0 monitoring point D with 28.0 percentage at 10:51:50 (D3)
2023-05-12 10:51:52,995 INFO Drone 1 monitoring point B with 77.0 percentage at 10:51:52 (B8)
2023-05-12 10:52:13,624 INFO Drone 0 monitoring point D with 22.0 percentage at 10:52:13 (D2)
2023-05-12 10:52:16,789 INFO Drone 1 monitoring point B with 71.0 percentage at 10:52:16 (B7)
2023-05-12 10:52:38,634 INFO Drone 1 monitoring point B with 66.0 percentage at 10:52:38 (B7)
2023-05-12 10:52:38,638 INFO Drone 0 monitoring point D with 16.0 percentage at 10:52:38 (D2)
2023-05-12 10:52:51,016 INFO Mayday! Mayday! Drone without battery (M)
2023-05-12 10:53:03,001 INFO Drone 1 monitoring point B with 61.0 percentage at 10:53:03 (B6)
2023-05-12 10:53:26,792 INFO Drone 1 monitoring point B with 55.0 percentage at 10:53:26 (B6)
2023-05-12 10:53:50,091 INFO Drone 1 monitoring point B with 50.0 percentage at 10:53:50 (B5)
2023-05-12 10:54:13,106 INFO Drone 1 monitoring point B with 45.0 percentage at 10:54:13 (B5)
2023-05-12 10:54:37,970 INFO Drone 1 monitoring point B with 40.0 percentage at 10:54:37 (B4)
2023-05-12 10:55:01,274 INFO Drone 1 monitoring point B with 34.0 percentage at 10:55:01 (B3)
2023-05-12 10:55:25,356 INFO Drone 1 monitoring point B with 29.0 percentage at 10:55:25 (B3)
2023-05-12 10:55:47,297 INFO Drone 1 going to B with 24.0 percentage at 10:55:47 (B2)
2023-05-12 10:56:10,892 INFO Drone 1 going to PC with 18.0 percentage at 10:56:10 (B2)
2023-05-12 10:56:30,540 INFO Mayday! Mayday! Drone without battery (M)
2023-05-12 10:58:15,792 CRITICAL Starting new episode - Episode 12
2023-05-12 10:58:27,366 INFO Drone 1 going to D with 100.0 percentage at 10:58:27 (PC10)
2023-05-12 10:58:27,370 INFO Drone 0 going to C with 100.0 percentage at 10:58:27 (PC10)
2023-05-12 10:59:11,585 INFO Drone 1 going to A with 100.0 percentage at 10:59:11 (D10)
2023-05-12 10:59:11,588 INFO Drone 0 going to D with 100.0 percentage at 10:59:11 (C10)
2023-05-12 10:59:37,183 INFO Drone 1 going to PC with 98.0 percentage at 10:59:37 (A10)
2023-05-12 10:59:37,187 INFO Drone 0 going to A with 98.0 percentage at 10:59:37 (D10)
2023-05-12 11:00:15,749 INFO Drone 0 monitoring point A with 89.0 percentage at 11:00:15 (A9)
2023-05-12 11:00:18,621 INFO Drone 1 acting on point PC with 88.0 percentage at 11:00:18 (PC9)
2023-05-12 11:00:20,039 INFO Drone 1 trying to land, still in air. Still 60.36 from ground.
2023-05-12 11:00:49,290 INFO Drone 1 trying to land, still in air. Still 30.67 from ground.
2023-05-12 11:01:19,613 INFO Drone 1 trying to land, still in air. Still 4.2 from ground.
2023-05-12 11:01:32,773 INFO Drone 1 charging battery at PC with 66.0 percentage at 11:01:32 (PC9)
2023-05-12 11:01:43,212 INFO Drone 1 going to B with 100.0 percentage at 11:01:43 (PC10)
2023-05-12 11:01:43,216 INFO Drone 0 going to E with 70.0 percentage at 11:01:43 (A7)
2023-05-12 11:02:33,285 INFO Drone 0 monitoring point E with 57.0 percentage at 11:02:33 (E6)
2023-05-12 11:02:36,352 INFO Drone 1 monitoring point B with 100.0 percentage at 11:02:36 (B10)
2023-05-12 11:03:00,427 INFO Drone 1 going to D with 100.0 percentage at 11:03:00 (B10)
2023-05-12 11:03:00,430 INFO Drone 0 going to D with 53.0 percentage at 11:03:00 (E5)
2023-05-12 11:03:27,287 INFO Drone 0 monitoring point D with 46.0 percentage at 11:03:27 (D5)
2023-05-12 11:03:30,355 INFO Drone 1 monitoring point D with 91.0 percentage at 11:03:30 (D9)
2023-05-12 11:03:49,622 INFO Drone 0 monitoring point D with 41.0 percentage at 11:03:49 (D4)
2023-05-12 11:03:52,786 INFO Drone 1 monitoring point D with 87.0 percentage at 11:03:52 (D9)
2023-05-12 11:04:13,114 INFO Drone 0 monitoring point D with 35.0 percentage at 11:04:13 (D4)
2023-05-12 11:04:16,282 INFO Drone 1 monitoring point D with 81.0 percentage at 11:04:16 (D8)
2023-05-12 11:04:37,584 INFO Drone 0 monitoring point D with 30.0 percentage at 11:04:37 (D3)
2023-05-12 11:04:40,458 INFO Drone 1 monitoring point D with 76.0 percentage at 11:04:40 (D8)
2023-05-12 11:05:00,309 INFO Drone 0 monitoring point D with 24.0 percentage at 11:05:00 (D2)
2023-05-12 11:05:03,765 INFO Drone 1 monitoring point D with 70.0 percentage at 11:05:03 (D7)
2023-05-12 11:05:27,554 INFO Drone 1 going to B with 66.0 percentage at 11:05:27 (D7)
2023-05-12 11:05:27,558 INFO Drone 0 going to A with 19.0 percentage at 11:05:27 (D2)
2023-05-12 11:05:50,861 INFO Mayday! Mayday! Drone without battery (M)
2023-05-12 11:06:03,717 INFO Drone 1 monitoring point B with 57.0 percentage at 11:06:03 (B6)
2023-05-12 11:06:25,993 INFO Drone 1 monitoring point B with 53.0 percentage at 11:06:25 (B5)
2023-05-12 11:06:49,975 INFO Drone 1 monitoring point B with 47.0 percentage at 11:06:49 (B5)
2023-05-12 11:07:13,380 INFO Drone 1 monitoring point B with 41.0 percentage at 11:07:13 (B4)
2023-05-12 11:07:37,751 INFO Drone 1 monitoring point B with 36.0 percentage at 11:07:37 (B4)
2023-05-12 11:08:02,813 INFO Drone 1 monitoring point B with 31.0 percentage at 11:08:02 (B3)
2023-05-12 11:08:26,698 INFO Drone 1 monitoring point B with 25.0 percentage at 11:08:26 (B3)
2023-05-12 11:08:49,614 INFO Drone 1 going to A with 21.0 percentage at 11:08:49 (B2)
2023-05-12 11:09:16,084 INFO Mayday! Mayday! Drone without battery (M)
2023-05-12 11:11:03,225 CRITICAL Starting new episode - Episode 13
2023-05-12 11:11:14,898 INFO Drone 1 going to D with 100.0 percentage at 11:11:14 (PC10)
2023-05-12 11:11:14,902 INFO Drone 0 going to C with 100.0 percentage at 11:11:14 (PC10)
2023-05-12 11:11:59,396 INFO Drone 1 going to A with 100.0 percentage at 11:11:59 (D10)
2023-05-12 11:11:59,400 INFO Drone 0 going to D with 100.0 percentage at 11:11:59 (C10)
2023-05-12 11:12:25,961 INFO Drone 1 going to PC with 98.0 percentage at 11:12:25 (A10)
2023-05-12 11:12:25,965 INFO Drone 0 going to A with 98.0 percentage at 11:12:25 (D10)
2023-05-12 11:13:03,748 INFO Drone 0 monitoring point A with 89.0 percentage at 11:13:03 (A9)
2023-05-12 11:13:06,718 INFO Drone 1 acting on point PC with 88.0 percentage at 11:13:06 (PC9)
2023-05-12 11:13:08,231 INFO Drone 1 trying to land, still in air. Still 60.62 from ground.
2023-05-12 11:13:37,476 INFO Drone 1 trying to land, still in air. Still 30.99 from ground.
2023-05-12 11:14:06,539 INFO Drone 1 trying to land, still in air. Still 4.56 from ground.
2023-05-12 11:14:19,700 INFO Drone 1 charging battery at PC with 59.0 percentage at 11:14:19 (PC9)
2023-05-12 11:14:32,087 INFO Drone 1 going to B with 100.0 percentage at 11:14:32 (PC10)
2023-05-12 11:14:32,091 INFO Drone 0 going to E with 70.0 percentage at 11:14:32 (A7)
2023-05-12 11:15:26,386 INFO Drone 1 going to B with 100.0 percentage at 11:15:26 (B10)
2023-05-12 11:15:26,390 INFO Drone 0 going to B with 57.0 percentage at 11:15:26 (E6)
2023-05-12 11:16:00,262 INFO Drone 1 monitoring point B with 96.0 percentage at 11:16:00 (B10)
2023-05-12 11:16:00,265 INFO Drone 0 going to D with 50.0 percentage at 11:16:00 (B5)
2023-05-12 11:16:26,640 INFO Drone 0 monitoring point D with 43.0 percentage at 11:16:26 (D4)
2023-05-12 11:16:29,319 INFO Drone 1 monitoring point B with 90.0 percentage at 11:16:29 (B9)
2023-05-12 11:16:52,240 INFO Drone 1 going to C with 85.0 percentage at 11:16:52 (B8)
2023-05-12 11:16:52,244 INFO Drone 0 going to A with 41.0 percentage at 11:16:52 (D4)
2023-05-12 11:17:20,716 INFO Drone 0 monitoring point A with 31.0 percentage at 11:17:20 (A3)
2023-05-12 11:17:23,979 INFO Drone 1 monitoring point C with 77.0 percentage at 11:17:23 (C8)
2023-05-12 11:17:44,113 INFO Drone 0 monitoring point A with 26.0 percentage at 11:17:44 (A3)
2023-05-12 11:17:47,474 INFO Drone 1 monitoring point C with 72.0 percentage at 11:17:47 (C7)
2023-05-12 11:18:07,422 INFO Drone 0 monitoring point A with 20.0 percentage at 11:18:07 (A2)
2023-05-12 11:18:10,878 INFO Drone 1 monitoring point C with 66.0 percentage at 11:18:10 (C7)
2023-05-12 11:18:29,310 INFO Mayday! Mayday! Drone without battery (M)
2023-05-12 11:18:35,158 INFO Drone 1 monitoring point C with 61.0 percentage at 11:18:35 (C6)
2023-05-12 11:18:47,735 INFO Mayday! Mayday! Drone without battery (M)
2023-05-12 11:19:00,113 INFO Drone 1 monitoring point C with 55.0 percentage at 11:19:00 (C6)
2023-05-12 11:19:22,261 INFO Drone 1 monitoring point C with 50.0 percentage at 11:19:22 (C5)
2023-05-12 11:19:43,467 INFO Drone 1 monitoring point C with 46.0 percentage at 11:19:43 (C5)
2023-05-12 11:20:06,387 INFO Drone 1 monitoring point C with 40.0 percentage at 11:20:06 (C4)
2023-05-12 11:20:29,010 INFO Drone 1 monitoring point C with 35.0 percentage at 11:20:29 (C4)
2023-05-12 11:20:51,635 INFO Drone 1 monitoring point C with 29.0 percentage at 11:20:51 (C3)
2023-05-12 11:21:14,458 INFO Drone 1 monitoring point C with 24.0 percentage at 11:21:14 (C2)
2023-05-12 11:21:37,081 INFO Drone 1 monitoring point C with 19.0 percentage at 11:21:37 (C2)
2023-05-12 11:21:53,406 INFO Mayday! Mayday! Drone without battery (M)
2023-05-12 11:23:43,552 CRITICAL Starting new episode - Episode 14
2023-05-12 11:23:54,162 INFO Drone 1 going to A with 100.0 percentage at 11:23:54 (PC10)
2023-05-12 11:23:54,166 INFO Drone 0 going to E with 100.0 percentage at 11:23:54 (PC10)
2023-05-12 11:24:37,245 INFO Drone 0 monitoring point E with 100.0 percentage at 11:24:37 (E10)
2023-05-12 11:24:39,924 INFO Drone 1 monitoring point A with 100.0 percentage at 11:24:39 (A10)
2023-05-12 11:24:58,609 INFO Drone 0 monitoring point E with 99.0 percentage at 11:24:58 (E10)
2023-05-12 11:25:01,675 INFO Drone 1 monitoring point A with 99.0 percentage at 11:25:01 (A10)
2023-05-12 11:25:23,362 INFO Drone 0 monitoring point E with 93.0 percentage at 11:25:23 (E9)
2023-05-12 11:25:26,817 INFO Drone 1 monitoring point A with 93.0 percentage at 11:25:26 (A9)
2023-05-12 11:25:50,421 INFO Drone 1 going to E with 89.0 percentage at 11:25:50 (A9)
2023-05-12 11:25:50,425 INFO Drone 0 going to A with 88.0 percentage at 11:25:50 (E9)
2023-05-12 11:26:30,692 INFO Drone 0 monitoring point A with 78.0 percentage at 11:26:30 (A8)
2023-05-12 11:26:33,662 INFO Drone 1 monitoring point E with 77.0 percentage at 11:26:33 (E8)
2023-05-12 11:26:55,062 INFO Drone 0 monitoring point A with 73.0 percentage at 11:26:55 (A7)
2023-05-12 11:26:58,807 INFO Drone 1 monitoring point E with 73.0 percentage at 11:26:58 (E7)
2023-05-12 11:27:18,169 INFO Drone 0 monitoring point A with 68.0 percentage at 11:27:18 (A7)
2023-05-12 11:27:21,043 INFO Drone 1 monitoring point E with 67.0 percentage at 11:27:21 (E7)
2023-05-12 11:27:43,324 INFO Drone 0 monitoring point A with 62.0 percentage at 11:27:43 (A6)
2023-05-12 11:27:46,102 INFO Drone 1 monitoring point E with 62.0 percentage at 11:27:46 (E6)
2023-05-12 11:28:07,698 INFO Drone 0 monitoring point A with 57.0 percentage at 11:28:07 (A6)
2023-05-12 11:28:10,766 INFO Drone 1 monitoring point E with 56.0 percentage at 11:28:10 (E6)
2023-05-12 11:28:30,909 INFO Drone 0 monitoring point A with 52.0 percentage at 11:28:30 (A5)
2023-05-12 11:28:33,782 INFO Drone 1 monitoring point E with 51.0 percentage at 11:28:33 (E5)
2023-05-12 11:28:57,959 INFO Drone 1 monitoring point E with 46.0 percentage at 11:28:57 (E5)
2023-05-12 11:28:57,963 INFO Drone 0 monitoring point A with 46.0 percentage at 11:28:57 (A5)
2023-05-12 11:29:22,138 INFO Drone 1 monitoring point E with 40.0 percentage at 11:29:22 (E4)
2023-05-12 11:29:22,142 INFO Drone 0 going to D with 41.0 percentage at 11:29:22 (A4)
2023-05-12 11:29:54,176 INFO Drone 0 monitoring point D with 33.0 percentage at 11:29:54 (D3)
2023-05-12 11:29:57,244 INFO Drone 1 monitoring point E with 32.0 percentage at 11:29:57 (E3)
2023-05-12 11:30:17,386 INFO Drone 0 monitoring point D with 28.0 percentage at 11:30:17 (D3)
2023-05-12 11:30:20,065 INFO Drone 1 monitoring point E with 27.0 percentage at 11:30:20 (E3)
2023-05-12 11:30:39,915 INFO Drone 0 monitoring point D with 22.0 percentage at 11:30:39 (D2)
2023-05-12 11:30:42,789 INFO Drone 1 monitoring point E with 22.0 percentage at 11:30:42 (E2)
2023-05-12 11:31:03,607 INFO Drone 0 monitoring point D with 17.0 percentage at 11:31:03 (D2)
2023-05-12 11:31:06,677 INFO Drone 1 monitoring point E with 16.0 percentage at 11:31:06 (E2)
2023-05-12 11:31:16,770 INFO Mayday! Mayday! Drone without battery (M)
2023-05-12 11:31:20,031 INFO Mayday! Mayday! Drone without battery (M)
2023-05-12 11:33:14,092 CRITICAL Starting new episode - Episode 15
2023-05-12 11:33:22,893 INFO Drone 1 going to D with 100.0 percentage at 11:33:22 (PC10)
2023-05-12 11:33:22,897 INFO Drone 0 going to C with 100.0 percentage at 11:33:22 (PC10)
2023-05-12 11:34:08,948 INFO Drone 1 going to B with 100.0 percentage at 11:34:08 (D10)
2023-05-12 11:34:08,952 INFO Drone 0 going to C with 100.0 percentage at 11:34:08 (C10)
2023-05-12 11:34:34,350 INFO Drone 0 monitoring point C with 98.0 percentage at 11:34:34 (C10)
2023-05-12 11:34:37,322 INFO Drone 1 monitoring point B with 97.0 percentage at 11:34:37 (B10)
2023-05-12 11:34:58,821 INFO Drone 0 monitoring point C with 93.0 percentage at 11:34:58 (C9)
2023-05-12 11:35:01,888 INFO Drone 1 monitoring point B with 92.0 percentage at 11:35:01 (B9)
2023-05-12 11:35:27,043 INFO Drone 1 going to A with 87.0 percentage at 11:35:27 (B9)
2023-05-12 11:35:27,050 INFO Drone 0 going to C with 88.0 percentage at 11:35:27 (C9)
2023-05-12 11:36:01,020 INFO Drone 0 monitoring point C with 79.0 percentage at 11:36:01 (C8)
2023-05-12 11:36:03,504 INFO Drone 1 monitoring point A with 79.0 percentage at 11:36:03 (A8)
2023-05-12 11:36:24,704 INFO Drone 0 monitoring point C with 74.0 percentage at 11:36:24 (C7)
2023-05-12 11:36:27,382 INFO Drone 1 monitoring point A with 74.0 percentage at 11:36:27 (A7)
2023-05-12 11:36:47,234 INFO Drone 0 monitoring point C with 69.0 percentage at 11:36:47 (C7)
2023-05-12 11:36:50,010 INFO Drone 1 monitoring point A with 68.0 percentage at 11:36:50 (A7)
2023-05-12 11:37:09,378 INFO Drone 0 monitoring point C with 63.0 percentage at 11:37:09 (C6)
2023-05-12 11:37:12,058 INFO Drone 1 monitoring point A with 63.0 percentage at 11:37:12 (A6)
2023-05-12 11:37:32,685 INFO Drone 0 monitoring point C with 58.0 percentage at 11:37:32 (C6)
2023-05-12 11:37:35,559 INFO Drone 1 monitoring point A with 57.0 percentage at 11:37:35 (A6)
2023-05-12 11:37:58,474 INFO Drone 1 going to PC with 53.0 percentage at 11:37:58 (A5)
2023-05-12 11:37:58,478 INFO Drone 0 going to B with 53.0 percentage at 11:37:58 (C5)
2023-05-12 11:38:40,777 INFO Drone 0 monitoring point B with 43.0 percentage at 11:38:40 (B4)
2023-05-12 11:38:43,747 INFO Drone 1 acting on point PC with 42.0 percentage at 11:38:43 (PC4)
2023-05-12 11:38:45,359 INFO Drone 1 trying to land, still in air. Still 60.55 from ground.
2023-05-12 11:39:14,509 INFO Drone 1 trying to land, still in air. Still 30.75 from ground.
2023-05-12 11:39:42,204 INFO Drone 1 trying to land, still in air. Still 4.1 from ground.
2023-05-12 11:39:55,952 INFO Drone 1 charging battery at PC with 46.0 percentage at 11:39:55 (PC4)
2023-05-12 11:40:04,201 INFO Drone 0 monitoring point B with 23.0 percentage at 11:40:04 (B2)
