2023-02-15 18:43:07,359 INFO Creation of log actions_states
2023-02-15 18:43:32,292 INFO Drone 0 going to A with 100.0 percentage at 18:43:32 (PC10)
2023-02-15 18:43:32,295 INFO Drone 1 going to A with 100.0 percentage at 18:43:32 (PC10)
2023-02-15 18:44:29,042 INFO Drone 0 monitoring point A with 100.0 percentage at 18:44:29 (A10)
2023-02-15 18:44:29,046 INFO Drone 1 monitoring point A with 100.0 percentage at 18:44:29 (A10)
2023-02-15 18:44:53,361 INFO Drone 0 monitoring point A with 98.0 percentage at 18:44:53 (A10)
2023-02-15 18:44:53,362 INFO Drone 1 monitoring point A with 98.0 percentage at 18:44:53 (A10)
2023-02-15 18:45:20,160 INFO Drone 0 monitoring point A with 93.0 percentage at 18:45:20 (A9)
2023-02-15 18:45:20,163 INFO Drone 1 monitoring point A with 93.0 percentage at 18:45:20 (A9)
2023-02-15 18:45:41,745 INFO Drone 0 monitoring point A with 88.0 percentage at 18:45:41 (A9)
2023-02-15 18:45:41,748 INFO Drone 1 monitoring point A with 88.0 percentage at 18:45:41 (A9)
2023-02-15 18:46:05,220 INFO Drone 1 monitoring point A with 83.0 percentage at 18:46:05 (A8)
2023-02-15 18:46:05,221 INFO Drone 0 monitoring point A with 83.0 percentage at 18:46:05 (A8)
2023-02-15 18:46:29,385 INFO Drone 0 monitoring point A with 77.0 percentage at 18:46:29 (A8)
2023-02-15 18:46:29,386 INFO Drone 1 monitoring point A with 77.0 percentage at 18:46:29 (A8)
2023-02-15 18:46:53,933 INFO Drone 0 monitoring point A with 72.0 percentage at 18:46:53 (A7)
2023-02-15 18:46:53,935 INFO Drone 1 going to E with 73.0 percentage at 18:46:53 (A7)
2023-02-15 18:47:28,231 INFO Drone 0 monitoring point A with 65.0 percentage at 18:47:28 (A7)
2023-02-15 18:47:28,232 INFO Drone 1 monitoring point E with 65.0 percentage at 18:47:28 (E6)
2023-02-15 18:47:52,977 INFO Drone 1 monitoring point E with 59.0 percentage at 18:47:52 (E6)
2023-02-15 18:47:52,979 INFO Drone 0 monitoring point A with 59.0 percentage at 18:47:52 (A6)
2023-02-15 18:48:16,133 INFO Drone 0 monitoring point A with 55.0 percentage at 18:48:16 (A6)
2023-02-15 18:48:16,134 INFO Drone 1 monitoring point E with 55.0 percentage at 18:48:16 (E6)
2023-02-15 18:48:41,858 INFO Drone 0 monitoring point A with 49.0 percentage at 18:48:41 (A5)
2023-02-15 18:48:41,862 INFO Drone 1 monitoring point E with 49.0 percentage at 18:48:41 (E5)
2023-02-15 18:49:04,597 INFO Drone 0 going to B with 45.0 percentage at 18:49:04 (A5)
2023-02-15 18:49:04,599 INFO Drone 1 going to C with 45.0 percentage at 18:49:04 (E4)
2023-02-15 18:49:35,138 INFO Drone 0 going to PC with 39.0 percentage at 18:49:35 (B4)
2023-02-15 18:49:35,142 INFO Drone 1 going to PC with 39.0 percentage at 18:49:35 (C4)
2023-02-15 18:50:16,624 INFO Drone 0 going to B with 30.0 percentage at 18:50:16 (PC3)
2023-02-15 18:50:16,626 INFO Drone 1 going to B with 30.0 percentage at 18:50:16 (PC3)
2023-02-15 18:50:45,348 INFO Drone 0 monitoring point B with 23.0 percentage at 18:50:45 (B2)
2023-02-15 18:50:45,351 INFO Drone 1 monitoring point B with 23.0 percentage at 18:50:45 (B2)
2023-02-15 18:51:09,383 INFO Drone 1 monitoring point B with 17.0 percentage at 18:51:09 (B2)
2023-02-15 18:51:09,384 INFO Drone 0 monitoring point B with 17.0 percentage at 18:51:09 (B2)
2023-02-15 18:51:21,205 INFO Mayday! Mayday! Drone without battery (M)
2023-02-15 18:51:24,185 INFO Mayday! Mayday! Drone without battery (M)
