2023-02-21 12:01:39,266 INFO Creation of log actions_states
2023-02-21 12:01:49,714 INFO Mayday! Mayday! Drone without battery (M)
2023-02-21 12:01:53,224 INFO Mayday! Mayday! Drone without battery (M)
2023-02-21 12:03:40,567 CRITICAL Starting new episode - Episode 1
2023-02-21 12:03:57,962 INFO Drone 0 going to A with 100.0 percentage at 12:03:57 (PC10)
2023-02-21 12:03:57,964 INFO Drone 1 going to A with 100.0 percentage at 12:03:57 (PC10)
2023-02-21 12:04:52,563 INFO Drone 1 monitoring point A with 52.0 percentage at 12:04:52 (A6)
2023-02-21 12:04:52,564 INFO Drone 0 monitoring point A with 52.0 percentage at 12:04:52 (A6)
2023-02-21 12:05:17,305 INFO Drone 0 monitoring point A with 29.0 percentage at 12:05:17 (A4)
2023-02-21 12:05:17,308 INFO Drone 1 going to PC with 29.0 percentage at 12:05:17 (A3)
2023-02-21 12:05:59,183 INFO Mayday! Mayday! Drone without battery (M)
2023-02-21 12:06:03,488 INFO Mayday! Mayday! Drone without battery (M)
2023-02-21 12:08:43,100 CRITICAL Starting new episode - Episode 2
2023-02-21 12:08:58,409 INFO Drone 1 going to D with 100.0 percentage at 12:08:58 (PC10)
2023-02-21 12:08:58,411 INFO Drone 0 going to C with 100.0 percentage at 12:08:58 (PC10)
2023-02-21 12:10:02,519 INFO Drone 0 monitoring point C with 56.0 percentage at 12:10:02 (C6)
2023-02-21 12:10:02,521 INFO Drone 1 monitoring point D with 56.0 percentage at 12:10:02 (D6)
2023-02-21 12:10:26,708 INFO Drone 1 monitoring point D with 33.0 percentage at 12:10:26 (D4)
2023-02-21 12:10:26,711 INFO Drone 0 monitoring point C with 33.0 percentage at 12:10:26 (C4)
2023-02-21 12:10:48,938 INFO Mayday! Mayday! Drone without battery (M)
2023-02-21 12:10:52,230 INFO Drone 0 monitoring point C with 16.0 percentage at 12:10:52 (C2)
2023-02-21 12:11:04,422 INFO Mayday! Mayday! Drone without battery (M)
2023-02-21 12:11:07,894 INFO Mayday! Mayday! Drone without battery (M)
2023-02-21 12:13:35,918 CRITICAL Starting new episode - Episode 3
2023-02-21 12:13:53,791 INFO Drone 1 going to A with 100.0 percentage at 12:13:53 (PC10)
2023-02-21 12:13:53,797 INFO Drone 0 going to A with 100.0 percentage at 12:13:53 (PC10)
2023-02-21 12:14:53,595 INFO Drone 1 monitoring point A with 53.0 percentage at 12:14:53 (A6)
2023-02-21 12:14:53,596 INFO Drone 0 monitoring point A with 53.0 percentage at 12:14:53 (A6)
2023-02-21 12:15:21,120 INFO Drone 0 monitoring point A with 26.0 percentage at 12:15:21 (A3)
2023-02-21 12:15:21,121 INFO Drone 1 going to A with 26.0 percentage at 12:15:21 (A3)
2023-02-21 12:15:33,143 INFO Mayday! Mayday! Drone without battery (M)
2023-02-21 12:15:37,503 INFO Mayday! Mayday! Drone without battery (M)
2023-02-21 12:18:14,183 CRITICAL Starting new episode - Episode 4
2023-02-21 12:18:32,311 INFO Drone 0 going to A with 100.0 percentage at 12:18:32 (PC10)
2023-02-21 12:18:32,320 INFO Drone 1 going to A with 100.0 percentage at 12:18:32 (PC10)
2023-02-21 12:19:30,679 INFO Drone 1 going to B with 53.0 percentage at 12:19:30 (A6)
2023-02-21 12:19:30,681 INFO Drone 0 going to PC with 53.0 percentage at 12:19:30 (A6)
2023-02-21 12:20:16,066 INFO Mayday! Mayday! Drone without battery (M)
2023-02-21 12:20:20,718 INFO Mayday! Mayday! Drone without battery (M)
2023-02-21 12:20:29,537 INFO Mayday! Mayday! Drone without battery (M)
2023-02-21 12:22:20,493 CRITICAL Starting new episode - Episode 5
2023-02-21 12:22:33,095 INFO Drone 0 going to A with 100.0 percentage at 12:22:33 (PC10)
2023-02-21 12:22:33,097 INFO Drone 1 going to A with 100.0 percentage at 12:22:33 (PC10)
2023-02-21 12:23:17,153 INFO Drone 0 monitoring point A with 52.0 percentage at 12:23:17 (A6)
2023-02-21 12:23:17,153 INFO Drone 1 monitoring point A with 52.0 percentage at 12:23:17 (A6)
2023-02-21 12:23:40,041 INFO Drone 0 monitoring point A with 25.0 percentage at 12:23:40 (A3)
2023-02-21 12:23:40,041 INFO Drone 1 monitoring point A with 25.0 percentage at 12:23:40 (A3)
2023-02-21 12:23:50,212 INFO Mayday! Mayday! Drone without battery (M)
2023-02-21 12:23:52,600 INFO Mayday! Mayday! Drone without battery (M)
2023-02-21 12:25:42,250 CRITICAL Starting new episode - Episode 6
2023-02-21 12:25:56,340 INFO Drone 1 going to D with 100.0 percentage at 12:25:56 (PC10)
2023-02-21 12:25:56,341 INFO Drone 0 going to C with 100.0 percentage at 12:25:56 (PC10)
2023-02-21 12:26:39,924 INFO Drone 0 monitoring point C with 52.0 percentage at 12:26:39 (C6)
2023-02-21 12:26:39,925 INFO Drone 1 monitoring point D with 52.0 percentage at 12:26:39 (D6)
2023-02-21 12:27:03,685 INFO Drone 0 monitoring point C with 25.0 percentage at 12:27:03 (C3)
2023-02-21 12:27:03,686 INFO Drone 1 monitoring point D with 25.0 percentage at 12:27:03 (D3)
2023-02-21 12:27:15,474 INFO Mayday! Mayday! Drone without battery (M)
2023-02-21 12:27:18,056 INFO Mayday! Mayday! Drone without battery (M)
2023-02-21 12:29:05,337 CRITICAL Starting new episode - Episode 7
2023-02-21 12:29:17,748 INFO Drone 0 going to C with 100.0 percentage at 12:29:17 (PC10)
2023-02-21 12:29:17,748 INFO Drone 1 going to D with 100.0 percentage at 12:29:17 (PC10)
2023-02-21 12:30:00,446 INFO Drone 0 monitoring point C with 53.0 percentage at 12:30:00 (C6)
2023-02-21 12:30:00,447 INFO Drone 1 monitoring point D with 53.0 percentage at 12:30:00 (D6)
2023-02-21 12:30:21,597 INFO Drone 0 monitoring point C with 26.0 percentage at 12:30:21 (C3)
2023-02-21 12:30:21,598 INFO Drone 1 going to PC with 26.0 percentage at 12:30:21 (D3)
2023-02-21 12:30:50,422 INFO Mayday! Mayday! Drone without battery (M)
2023-02-21 12:30:53,007 INFO Mayday! Mayday! Drone without battery (M)
