2023-02-21 13:00:48,597 INFO Creation of log actions_states
2023-02-21 13:00:58,007 INFO Going to E with 100.0 percentage at 13:00:56 (PC10)
2023-02-21 13:01:24,056 INFO Monitoring point E with 100.0 percentage at 13:01:24 (E10)
2023-02-21 13:01:40,191 INFO Monitoring point E with 100.0 percentage at 13:01:40 (E10)
2023-02-21 13:01:56,224 INFO Monitoring point E with 95.0 percentage at 13:01:56 (E9)
2023-02-21 13:02:12,279 INFO Monitoring point E with 90.0 percentage at 13:02:12 (E9)
2023-02-21 13:02:28,310 INFO Monitoring point E with 85.0 percentage at 13:02:28 (E8)
2023-02-21 13:02:44,345 INFO Monitoring point E with 79.0 percentage at 13:02:44 (E8)
2023-02-21 13:03:00,374 INFO Monitoring point E with 74.0 percentage at 13:03:00 (E7)
2023-02-21 13:03:16,402 INFO Monitoring point E with 69.0 percentage at 13:03:16 (E7)
2023-02-21 13:03:30,623 INFO Monitoring point E with 64.0 percentage at 13:03:30 (E6)
2023-02-21 13:03:44,653 INFO Monitoring point E with 59.0 percentage at 13:03:44 (E6)
2023-02-21 13:03:58,778 INFO Monitoring point E with 55.0 percentage at 13:03:58 (E5)
2023-02-21 13:04:14,811 INFO Going to C with 50.0 percentage at 13:04:12 (E5)
2023-02-21 13:04:26,852 INFO Monitoring point C with 45.0 percentage at 13:04:26 (C4)
2023-02-21 13:04:42,877 INFO Monitoring point C with 40.0 percentage at 13:04:42 (C4)
2023-02-21 13:04:57,006 INFO Monitoring point C with 35.0 percentage at 13:04:57 (C3)
2023-02-21 13:05:13,041 INFO Going to A with 30.0 percentage at 13:05:11 (C3)
2023-02-21 13:05:21,057 INFO Going to PC with 28.0 percentage at 13:05:19 (A3)
2023-02-21 13:05:43,186 INFO Acting on point PC with 20.0 percentage at 13:05:43 (PC2)
2023-02-21 13:05:44,210 INFO Trying to land, still in air. Still 59.25 from ground.
2023-02-21 13:06:04,219 INFO Trying to land, still in air. Still 29.48 from ground.
2023-02-21 13:06:24,233 INFO Trying to land, still in air. Still 3.79 from ground.
2023-02-21 13:06:35,215 INFO Charging battery at PC with 21.0 percentage at 13:06:33 (PC9)
2023-02-21 13:06:41,315 INFO Going to E with 100.0 percentage at 13:06:39 (PC10)
2023-02-21 13:07:11,328 INFO Monitoring point E with 100.0 percentage at 13:07:11 (E10)
2023-02-21 13:07:27,336 INFO Monitoring point E with 100.0 percentage at 13:07:27 (E10)
2023-02-21 13:07:43,342 INFO Monitoring point E with 95.0 percentage at 13:07:43 (E9)
2023-02-21 13:07:59,348 INFO Monitoring point E with 89.0 percentage at 13:07:59 (E9)
2023-02-21 13:08:15,354 INFO Monitoring point E with 84.0 percentage at 13:08:15 (E8)
2023-02-21 13:08:29,458 INFO Monitoring point E with 79.0 percentage at 13:08:29 (E8)
2023-02-21 13:08:45,464 INFO Monitoring point E with 74.0 percentage at 13:08:45 (E7)
2023-02-21 13:09:01,470 INFO Monitoring point E with 69.0 percentage at 13:09:01 (E7)
2023-02-21 13:09:17,477 INFO Monitoring point E with 63.0 percentage at 13:09:17 (E6)
2023-02-21 13:09:33,483 INFO Monitoring point E with 58.0 percentage at 13:09:33 (E6)
2023-02-21 13:09:49,490 INFO Going to C with 53.0 percentage at 13:09:47 (E5)
2023-02-21 13:10:01,494 INFO Monitoring point C with 49.0 percentage at 13:10:01 (C5)
2023-02-21 13:10:17,501 INFO Monitoring point C with 43.0 percentage at 13:10:17 (C4)
2023-02-21 13:10:33,509 INFO Monitoring point C with 38.0 percentage at 13:10:33 (C4)
2023-02-21 13:10:49,515 INFO Going to PC with 33.0 percentage at 13:10:47 (C3)
2023-02-21 13:11:09,520 INFO Going to A with 27.0 percentage at 13:11:07 (PC3)
2023-02-21 13:11:31,527 INFO Going to A with 19.0 percentage at 13:11:29 (A2)
2023-02-21 13:11:37,530 INFO Mayday! Mayday! Drone without battery (M)
2023-02-21 13:11:37,530 INFO Going to A with 17.0 percentage at 13:11:35 (M)
2023-02-21 13:11:39,530 INFO Mayday! Mayday! Drone without battery (M)
2023-02-21 13:12:54,557 CRITICAL Starting new episode - Episode 1
2023-02-21 13:12:59,557 INFO Going to E with 100.0 percentage at 13:12:57 (PC10)
2023-02-21 13:13:25,567 INFO Going to B with 100.0 percentage at 13:13:23 (E10)
2023-02-21 13:13:41,573 INFO Going to PC with 100.0 percentage at 13:13:39 (B10)
2023-02-21 13:13:55,579 INFO Going to E with 97.0 percentage at 13:13:53 (PC10)
2023-02-21 13:14:17,589 INFO Monitoring point E with 89.0 percentage at 13:14:17 (E9)
2023-02-21 13:14:33,596 INFO Monitoring point E with 84.0 percentage at 13:14:33 (E8)
