2023-02-13 10:08:46,886 INFO Creation of log actions_states
2023-02-13 10:08:56,040 INFO Going to E with 100.0 percentage at 10:08:54 (PC10)
2023-02-13 10:09:22,198 INFO Monitoring point E with 100.0 percentage at 10:09:22 (E10)
2023-02-13 10:09:38,231 INFO Monitoring point E with 100.0 percentage at 10:09:38 (E10)
2023-02-13 10:09:52,364 INFO Monitoring point E with 96.0 percentage at 10:09:52 (E9)
2023-02-13 10:10:08,401 INFO Monitoring point E with 91.0 percentage at 10:10:08 (E9)
2023-02-13 10:10:24,439 INFO Monitoring point E with 85.0 percentage at 10:10:24 (E8)
2023-02-13 10:10:38,479 INFO Monitoring point E with 81.0 percentage at 10:10:38 (E8)
2023-02-13 10:10:52,511 INFO Monitoring point E with 76.0 percentage at 10:10:52 (E7)
2023-02-13 10:11:08,557 INFO Monitoring point E with 71.0 percentage at 10:11:08 (E7)
2023-02-13 10:11:23,056 INFO Monitoring point E with 66.0 percentage at 10:11:23 (E6)
2023-02-13 10:11:37,090 INFO Monitoring point E with 61.0 percentage at 10:11:37 (E6)
2023-02-13 10:11:51,125 INFO Monitoring point E with 57.0 percentage at 10:11:51 (E6)
2023-02-13 10:12:05,258 INFO Monitoring point E with 52.0 percentage at 10:12:05 (E5)
2023-02-13 10:12:21,294 INFO Monitoring point E with 47.0 percentage at 10:12:21 (E5)
2023-02-13 10:12:37,331 INFO Monitoring point E with 41.0 percentage at 10:12:37 (E4)
2023-02-13 10:12:51,460 INFO Monitoring point E with 37.0 percentage at 10:12:51 (E4)
2023-02-13 10:13:05,495 INFO Going to C with 33.0 percentage at 10:13:03 (E3)
2023-02-13 10:13:17,520 INFO Going to C with 28.0 percentage at 10:13:15 (C3)
2023-02-13 10:13:23,535 INFO Monitoring point C with 26.0 percentage at 10:13:23 (C2)
2023-02-13 10:13:39,670 INFO Monitoring point C with 21.0 percentage at 10:13:39 (C2)
2023-02-13 10:15:13,888 INFO Going to E with 100.0 percentage at 10:15:11 (PC10)
2023-02-13 10:15:40,058 INFO Monitoring point E with 100.0 percentage at 10:15:40 (E10)
2023-02-13 10:15:54,287 INFO Monitoring point E with 100.0 percentage at 10:15:54 (E10)
2023-02-13 10:16:10,327 INFO Monitoring point E with 96.0 percentage at 10:16:10 (E9)
2023-02-13 10:16:26,363 INFO Monitoring point E with 91.0 percentage at 10:16:26 (E9)
2023-02-13 10:16:42,401 INFO Monitoring point E with 85.0 percentage at 10:16:42 (E8)
2023-02-13 10:16:58,437 INFO Monitoring point E with 80.0 percentage at 10:16:58 (E8)
2023-02-13 10:17:14,473 INFO Monitoring point E with 75.0 percentage at 10:17:14 (E7)
2023-02-13 10:17:30,511 INFO Monitoring point E with 69.0 percentage at 10:17:30 (E7)
2023-02-13 10:17:46,560 INFO Monitoring point E with 64.0 percentage at 10:17:46 (E6)
2023-02-13 10:18:02,600 INFO Monitoring point E with 59.0 percentage at 10:18:02 (E6)
2023-02-13 10:18:18,636 INFO Going to C with 54.0 percentage at 10:18:16 (E5)
2023-02-13 10:18:30,665 INFO Monitoring point C with 49.0 percentage at 10:18:30 (C5)
2023-02-13 10:18:46,701 INFO Monitoring point C with 44.0 percentage at 10:18:46 (C4)
2023-02-13 10:19:02,744 INFO Monitoring point C with 39.0 percentage at 10:19:02 (C4)
2023-02-13 10:19:18,787 INFO Going to C with 34.0 percentage at 10:19:16 (C3)
2023-02-13 10:19:24,820 INFO Going to C with 31.0 percentage at 10:19:22 (C3)
2023-02-13 10:19:30,836 INFO Going to C with 29.0 percentage at 10:19:28 (C3)
2023-02-13 10:19:36,849 INFO Going to PC with 28.0 percentage at 10:19:34 (C3)
2023-02-13 10:19:57,012 INFO Acting on point PC with 21.0 percentage at 10:19:57 (PC2)
2023-02-13 10:19:58,053 INFO Trying to land, still in air. Still 59.2 from ground.
2023-02-13 10:20:18,098 INFO Trying to land, still in air. Still 29.62 from ground.
2023-02-13 10:20:38,142 INFO Trying to land, still in air. Still 3.78 from ground.
2023-02-13 10:20:49,127 INFO Charging battery at PC with 41.0 percentage at 10:20:47 (PC9)
2023-02-13 10:20:55,140 INFO Going to E with 100.0 percentage at 10:20:53 (PC10)
2023-02-13 10:21:25,239 INFO Monitoring point E with 100.0 percentage at 10:21:25 (E10)
2023-02-13 10:21:39,393 INFO Monitoring point E with 100.0 percentage at 10:21:39 (E10)
2023-02-13 10:21:53,558 INFO Monitoring point E with 96.0 percentage at 10:21:53 (E9)
2023-02-13 10:22:07,600 INFO Monitoring point E with 91.0 percentage at 10:22:07 (E9)
2023-02-13 10:22:21,745 INFO Monitoring point E with 87.0 percentage at 10:22:21 (E9)
2023-02-13 10:22:35,926 INFO Monitoring point E with 82.0 percentage at 10:22:35 (E8)
2023-02-13 10:22:51,965 INFO Monitoring point E with 77.0 percentage at 10:22:51 (E8)
2023-02-13 10:23:06,207 INFO Monitoring point E with 72.0 percentage at 10:23:06 (E7)
2023-02-13 10:23:20,551 INFO Monitoring point E with 67.0 percentage at 10:23:20 (E7)
2023-02-13 10:23:34,633 INFO Monitoring point E with 63.0 percentage at 10:23:34 (E6)
