2023-02-20 21:42:01,200 INFO Creation of log actions_states
2023-02-20 21:42:22,305 INFO Drone 0 going to A with 100.0 percentage at 21:42:22 (PC10)
2023-02-20 21:42:22,325 INFO Drone 1 going to A with 100.0 percentage at 21:42:22 (PC10)
2023-02-20 21:43:09,795 INFO Drone 0 going to B with 100.0 percentage at 21:43:09 (A10)
2023-02-20 21:43:09,816 INFO Drone 1 going to B with 100.0 percentage at 21:43:09 (A10)
2023-02-20 21:43:40,836 INFO Drone 0 monitoring point B with 100.0 percentage at 21:43:40 (B10)
2023-02-20 21:43:40,858 INFO Drone 1 monitoring point B with 100.0 percentage at 21:43:40 (B10)
2023-02-20 21:43:59,384 INFO Drone 0 monitoring point B with 97.0 percentage at 21:43:59 (B10)
2023-02-20 21:43:59,502 INFO Drone 1 monitoring point B with 97.0 percentage at 21:43:59 (B10)
2023-02-20 21:44:19,128 INFO Drone 0 monitoring point B with 93.0 percentage at 21:44:19 (B9)
2023-02-20 21:44:19,147 INFO Drone 1 monitoring point B with 93.0 percentage at 21:44:19 (B9)
2023-02-20 21:44:37,172 INFO Drone 0 monitoring point B with 90.0 percentage at 21:44:37 (B9)
2023-02-20 21:44:37,290 INFO Drone 1 monitoring point B with 90.0 percentage at 21:44:37 (B9)
2023-02-20 21:44:56,598 INFO Drone 0 monitoring point B with 87.0 percentage at 21:44:56 (B9)
2023-02-20 21:44:56,616 INFO Drone 1 monitoring point B with 87.0 percentage at 21:44:56 (B9)
2023-02-20 21:45:17,301 INFO Drone 0 monitoring point B with 83.0 percentage at 21:45:17 (B8)
2023-02-20 21:45:17,323 INFO Drone 1 monitoring point B with 83.0 percentage at 21:45:17 (B8)
2023-02-20 21:45:37,697 INFO Drone 0 monitoring point B with 80.0 percentage at 21:45:37 (B8)
2023-02-20 21:45:37,718 INFO Drone 1 monitoring point B with 80.0 percentage at 21:45:37 (B8)
2023-02-20 21:46:00,435 INFO Drone 0 monitoring point B with 77.0 percentage at 21:46:00 (B8)
2023-02-20 21:46:00,554 INFO Drone 1 monitoring point B with 77.0 percentage at 21:46:00 (B8)
2023-02-20 21:46:24,169 INFO Drone 0 monitoring point B with 74.0 percentage at 21:46:24 (B7)
2023-02-20 21:46:24,193 INFO Drone 1 monitoring point B with 74.0 percentage at 21:46:24 (B7)
2023-02-20 21:46:46,196 INFO Drone 0 monitoring point B with 71.0 percentage at 21:46:46 (B7)
2023-02-20 21:46:46,215 INFO Drone 1 monitoring point B with 71.0 percentage at 21:46:46 (B7)
2023-02-20 21:47:07,861 INFO Drone 0 monitoring point B with 69.0 percentage at 21:47:07 (B7)
2023-02-20 21:47:07,881 INFO Drone 1 monitoring point B with 69.0 percentage at 21:47:07 (B7)
2023-02-20 21:47:29,997 INFO Drone 0 monitoring point B with 66.0 percentage at 21:47:29 (B7)
2023-02-20 21:47:30,018 INFO Drone 1 monitoring point B with 66.0 percentage at 21:47:30 (B7)
2023-02-20 21:47:55,017 INFO Drone 0 monitoring point B with 63.0 percentage at 21:47:55 (B6)
2023-02-20 21:47:55,037 INFO Drone 1 monitoring point B with 63.0 percentage at 21:47:55 (B6)
2023-02-20 21:48:18,988 INFO Drone 0 monitoring point B with 60.0 percentage at 21:48:18 (B6)
2023-02-20 21:48:19,010 INFO Drone 1 monitoring point B with 60.0 percentage at 21:48:19 (B6)
2023-02-20 21:48:41,305 INFO Drone 0 monitoring point B with 57.0 percentage at 21:48:41 (B6)
2023-02-20 21:48:41,329 INFO Drone 1 monitoring point B with 57.0 percentage at 21:48:41 (B6)
2023-02-20 21:49:06,552 INFO Drone 0 monitoring point B with 55.0 percentage at 21:49:06 (B6)
2023-02-20 21:49:06,576 INFO Drone 1 monitoring point B with 55.0 percentage at 21:49:06 (B6)
2023-02-20 21:49:27,629 INFO Drone 0 monitoring point B with 52.0 percentage at 21:49:27 (B5)
2023-02-20 21:49:27,750 INFO Drone 1 monitoring point B with 52.0 percentage at 21:49:27 (B5)
2023-02-20 21:49:48,789 INFO Drone 0 monitoring point B with 49.0 percentage at 21:49:48 (B5)
2023-02-20 21:49:48,811 INFO Drone 1 monitoring point B with 49.0 percentage at 21:49:48 (B5)
2023-02-20 21:50:12,892 INFO Drone 0 monitoring point B with 46.0 percentage at 21:50:12 (B5)
2023-02-20 21:50:12,913 INFO Drone 1 monitoring point B with 46.0 percentage at 21:50:12 (B5)
2023-02-20 21:50:33,557 INFO Drone 0 monitoring point B with 43.0 percentage at 21:50:33 (B4)
2023-02-20 21:50:33,577 INFO Drone 1 monitoring point B with 43.0 percentage at 21:50:33 (B4)
2023-02-20 21:50:54,919 INFO Drone 0 monitoring point B with 41.0 percentage at 21:50:54 (B4)
2023-02-20 21:50:54,941 INFO Drone 1 monitoring point B with 41.0 percentage at 21:50:54 (B4)
2023-02-20 21:51:17,060 INFO Drone 0 monitoring point B with 38.0 percentage at 21:51:17 (B4)
2023-02-20 21:51:17,083 INFO Drone 1 monitoring point B with 38.0 percentage at 21:51:17 (B4)
2023-02-20 21:51:43,998 INFO Drone 0 monitoring point B with 35.0 percentage at 21:51:43 (B3)
2023-02-20 21:51:44,117 INFO Drone 1 monitoring point B with 35.0 percentage at 21:51:44 (B3)
2023-02-20 21:52:06,731 INFO Drone 0 monitoring point B with 32.0 percentage at 21:52:06 (B3)
2023-02-20 21:52:06,852 INFO Drone 1 monitoring point B with 32.0 percentage at 21:52:06 (B3)
2023-02-20 21:52:28,631 INFO Drone 0 monitoring point B with 29.0 percentage at 21:52:28 (B3)
2023-02-20 21:52:28,651 INFO Drone 1 monitoring point B with 29.0 percentage at 21:52:28 (B3)
2023-02-20 21:52:52,237 INFO Drone 0 monitoring point B with 27.0 percentage at 21:52:52 (B3)
2023-02-20 21:52:52,260 INFO Drone 1 monitoring point B with 27.0 percentage at 21:52:52 (B3)
2023-02-20 21:53:16,411 INFO Drone 0 monitoring point B with 24.0 percentage at 21:53:16 (B2)
2023-02-20 21:53:16,530 INFO Drone 1 monitoring point B with 24.0 percentage at 21:53:16 (B2)
2023-02-20 21:53:40,244 INFO Drone 0 going to C with 22.0 percentage at 21:53:40 (B2)
2023-02-20 21:53:40,363 INFO Drone 1 going to C with 22.0 percentage at 21:53:40 (B2)
2023-02-20 21:54:19,727 INFO Drone 0 going to B with 17.0 percentage at 21:54:19 (C2)
2023-02-20 21:54:19,752 INFO Drone 1 going to D with 17.0 percentage at 21:54:19 (C2)
2023-02-20 21:54:49,117 INFO Mayday! Mayday! Drone without battery (M)
2023-02-20 21:54:49,134 INFO Mayday! Mayday! Drone without battery (M)
2023-02-20 21:59:07,230 CRITICAL Starting new episode - Episode 1
