2023-02-13 11:27:37,978 INFO Creation of log actions_states
2023-02-13 11:27:48,306 INFO Going to E with 100.0 percentage at 11:27:46 (PC10)
2023-02-13 11:28:14,371 INFO Monitoring point E with 100.0 percentage at 11:28:14 (E10)
2023-02-13 11:28:28,407 INFO Monitoring point E with 100.0 percentage at 11:28:28 (E10)
2023-02-13 11:28:42,439 INFO Monitoring point E with 97.0 percentage at 11:28:42 (E10)
2023-02-13 11:28:58,479 INFO Monitoring point E with 91.0 percentage at 11:28:58 (E9)
2023-02-13 11:29:14,519 INFO Monitoring point E with 86.0 percentage at 11:29:14 (E8)
2023-02-13 11:29:30,558 INFO Monitoring point E with 81.0 percentage at 11:29:30 (E8)
2023-02-13 11:29:46,595 INFO Monitoring point E with 75.0 percentage at 11:29:46 (E7)
2023-02-13 11:30:02,635 INFO Monitoring point E with 70.0 percentage at 11:30:02 (E7)
2023-02-13 11:30:18,676 INFO Monitoring point E with 65.0 percentage at 11:30:18 (E6)
2023-02-13 11:30:34,715 INFO Monitoring point E with 59.0 percentage at 11:30:34 (E6)
2023-02-13 11:30:48,751 INFO Monitoring point E with 55.0 percentage at 11:30:48 (E5)
2023-02-13 11:31:04,790 INFO Going to C with 50.0 percentage at 11:31:02 (E5)
2023-02-13 11:31:16,822 INFO Monitoring point C with 45.0 percentage at 11:31:16 (C4)
2023-02-13 11:31:32,861 INFO Going to E with 41.0 percentage at 11:31:30 (C4)
2023-02-13 11:31:44,891 INFO Monitoring point E with 36.0 percentage at 11:31:44 (E3)
2023-02-13 11:32:00,926 INFO Going to C with 31.0 percentage at 11:31:58 (E3)
2023-02-13 11:32:12,957 INFO Going to PC with 27.0 percentage at 11:32:10 (C3)
2023-02-13 11:32:33,006 INFO Acting on point PC with 20.0 percentage at 11:32:33 (PC2)
2023-02-13 11:32:34,034 INFO Trying to land, still in air. Still 59.37 from ground.
2023-02-13 11:32:54,082 INFO Trying to land, still in air. Still 29.6 from ground.
2023-02-13 11:33:14,127 INFO Trying to land, still in air. Still 3.71 from ground.
2023-02-13 11:33:25,123 INFO Charging battery at PC with 34.0 percentage at 11:33:23 (PC9)
2023-02-13 11:33:31,134 INFO Going to E with 100.0 percentage at 11:33:29 (PC10)
2023-02-13 11:34:01,307 INFO Monitoring point E with 100.0 percentage at 11:34:01 (E10)
2023-02-13 11:34:17,344 INFO Monitoring point E with 100.0 percentage at 11:34:17 (E10)
2023-02-13 11:34:33,384 INFO Monitoring point E with 95.0 percentage at 11:34:33 (E9)
2023-02-13 11:34:49,423 INFO Monitoring point E with 89.0 percentage at 11:34:49 (E9)
2023-02-13 11:35:05,462 INFO Monitoring point E with 84.0 percentage at 11:35:05 (E8)
2023-02-13 11:35:19,498 INFO Monitoring point E with 79.0 percentage at 11:35:19 (E8)
2023-02-13 11:35:35,536 INFO Going to E with 74.0 percentage at 11:35:33 (E7)
2023-02-13 11:35:41,551 INFO Monitoring point E with 72.0 percentage at 11:35:41 (E7)
2023-02-13 11:35:57,591 INFO Monitoring point E with 67.0 percentage at 11:35:57 (E7)
2023-02-13 11:36:11,626 INFO Monitoring point E with 62.0 percentage at 11:36:11 (E6)
2023-02-13 11:36:27,665 INFO Monitoring point E with 57.0 percentage at 11:36:27 (E6)
2023-02-13 11:36:43,705 INFO Going to C with 52.0 percentage at 11:36:41 (E5)
2023-02-13 11:36:55,735 INFO Monitoring point C with 47.0 percentage at 11:36:55 (C5)
2023-02-13 11:37:11,773 INFO Going to E with 43.0 percentage at 11:37:09 (C4)
2023-02-13 11:37:23,801 INFO Monitoring point E with 38.0 percentage at 11:37:23 (E4)
2023-02-13 11:37:39,850 INFO Monitoring point E with 33.0 percentage at 11:37:39 (E3)
2023-02-13 11:37:55,890 INFO Monitoring point E with 27.0 percentage at 11:37:55 (E3)
2023-02-13 11:38:11,931 INFO Going to B with 23.0 percentage at 11:38:09 (E2)
2023-02-13 11:38:27,967 INFO Mayday! Mayday! Drone without battery (M)
2023-02-13 11:39:36,121 CRITICAL Starting new episode - Episode 1
2023-02-13 11:39:42,139 INFO Going to E with 100.0 percentage at 11:39:40 (PC10)
2023-02-13 11:40:08,200 INFO Monitoring point E with 100.0 percentage at 11:40:08 (E10)
2023-02-13 11:40:24,240 INFO Monitoring point E with 100.0 percentage at 11:40:24 (E10)
2023-02-13 11:40:40,280 INFO Monitoring point E with 95.0 percentage at 11:40:40 (E9)
2023-02-13 11:40:56,319 INFO Monitoring point E with 90.0 percentage at 11:40:56 (E9)
2023-02-13 11:41:12,359 INFO Going to E with 85.0 percentage at 11:41:10 (E8)
2023-02-13 11:41:18,374 INFO Monitoring point E with 83.0 percentage at 11:41:18 (E8)
2023-02-13 11:41:34,412 INFO Going to E with 77.0 percentage at 11:41:32 (E8)
2023-02-13 11:41:40,426 INFO Monitoring point E with 75.0 percentage at 11:41:40 (E7)
2023-02-13 11:41:56,468 INFO Monitoring point E with 70.0 percentage at 11:41:56 (E7)
2023-02-13 11:42:12,505 INFO Monitoring point E with 65.0 percentage at 11:42:12 (E6)
2023-02-13 11:42:28,544 INFO Monitoring point E with 59.0 percentage at 11:42:28 (E6)
2023-02-13 11:42:44,582 INFO Monitoring point E with 54.0 percentage at 11:42:44 (E5)
2023-02-13 11:43:00,621 INFO Going to C with 49.0 percentage at 11:42:58 (E5)
2023-02-13 11:43:12,650 INFO Going to E with 45.0 percentage at 11:43:10 (C4)
2023-02-13 11:43:24,679 INFO Monitoring point E with 41.0 percentage at 11:43:24 (E4)
2023-02-13 11:43:40,720 INFO Monitoring point E with 35.0 percentage at 11:43:40 (E3)
2023-02-13 11:43:56,759 INFO Monitoring point E with 30.0 percentage at 11:43:56 (E3)
2023-02-13 11:44:12,898 INFO Going to B with 25.0 percentage at 11:44:10 (E2)
2023-02-13 11:44:28,937 INFO Going to D with 20.0 percentage at 11:44:26 (B2)
2023-02-13 11:44:38,961 INFO Mayday! Mayday! Drone without battery (M)
2023-02-13 11:45:54,128 CRITICAL Starting new episode - Episode 2
2023-02-13 11:45:59,147 INFO Going to E with 100.0 percentage at 11:45:57 (PC10)
2023-02-13 11:46:25,210 INFO Going to C with 100.0 percentage at 11:46:23 (E10)
2023-02-13 11:46:37,239 INFO Monitoring point C with 100.0 percentage at 11:46:37 (C10)
2023-02-13 11:46:53,276 INFO Monitoring point C with 97.0 percentage at 11:46:53 (C10)
2023-02-13 11:47:07,311 INFO Monitoring point C with 92.0 percentage at 11:47:07 (C9)
2023-02-13 11:47:23,349 INFO Monitoring point C with 87.0 percentage at 11:47:23 (C9)
2023-02-13 11:47:37,387 INFO Going to A with 83.0 percentage at 11:47:35 (C8)
2023-02-13 11:47:45,404 INFO Monitoring point A with 80.0 percentage at 11:47:45 (A8)
2023-02-13 11:48:01,445 INFO Monitoring point A with 74.0 percentage at 11:48:01 (A7)
2023-02-13 11:48:15,479 INFO Monitoring point A with 70.0 percentage at 11:48:15 (A7)
2023-02-13 11:48:31,518 INFO Monitoring point A with 64.0 percentage at 11:48:31 (A6)
2023-02-13 11:48:45,552 INFO Monitoring point A with 60.0 percentage at 11:48:45 (A6)
2023-02-13 11:49:01,590 INFO Monitoring point A with 54.0 percentage at 11:49:01 (A5)
2023-02-13 11:49:15,626 INFO Going to A with 50.0 percentage at 11:49:13 (A5)
2023-02-13 11:49:21,639 INFO Monitoring point A with 48.0 percentage at 11:49:21 (A5)
2023-02-13 11:49:37,679 INFO Monitoring point A with 42.0 percentage at 11:49:37 (A4)
2023-02-13 11:49:51,713 INFO Monitoring point A with 38.0 percentage at 11:49:51 (A4)
2023-02-13 11:50:07,752 INFO Monitoring point A with 32.0 percentage at 11:50:07 (A3)
2023-02-13 11:50:21,787 INFO Monitoring point A with 28.0 percentage at 11:50:21 (A3)
2023-02-13 11:50:37,827 INFO Going to D with 23.0 percentage at 11:50:35 (A2)
2023-02-13 11:50:49,855 INFO Going to A with 19.0 percentage at 11:50:47 (D2)
2023-02-13 11:50:57,875 INFO Mayday! Mayday! Drone without battery (M)
2023-02-13 11:52:12,041 CRITICAL Starting new episode - Episode 3
2023-02-13 11:52:18,061 INFO Going to E with 100.0 percentage at 11:52:16 (PC10)
2023-02-13 11:52:44,121 INFO Going to C with 100.0 percentage at 11:52:42 (E10)
2023-02-13 11:52:56,151 INFO Monitoring point C with 100.0 percentage at 11:52:56 (C10)
2023-02-13 11:53:12,191 INFO Monitoring point C with 97.0 percentage at 11:53:12 (C10)
2023-02-13 11:53:28,231 INFO Monitoring point C with 91.0 percentage at 11:53:28 (C9)
2023-02-13 11:53:42,264 INFO Monitoring point C with 87.0 percentage at 11:53:42 (C9)
2023-02-13 11:53:58,303 INFO Going to A with 82.0 percentage at 11:53:56 (C8)
2023-02-13 11:54:06,323 INFO Monitoring point A with 79.0 percentage at 11:54:06 (A8)
2023-02-13 11:54:20,356 INFO Monitoring point A with 74.0 percentage at 11:54:20 (A7)
2023-02-13 11:54:36,494 INFO Monitoring point A with 69.0 percentage at 11:54:36 (A7)
2023-02-13 11:54:52,532 INFO Monitoring point A with 63.0 percentage at 11:54:52 (A6)
2023-02-13 11:55:08,572 INFO Monitoring point A with 58.0 percentage at 11:55:08 (A6)
2023-02-13 11:55:24,611 INFO Going to A with 53.0 percentage at 11:55:22 (A5)
2023-02-13 11:55:30,627 INFO Monitoring point A with 51.0 percentage at 11:55:30 (A5)
2023-02-13 11:55:44,661 INFO Monitoring point A with 46.0 percentage at 11:55:44 (A4)
2023-02-13 11:55:58,695 INFO Monitoring point A with 41.0 percentage at 11:55:58 (A4)
2023-02-13 11:56:14,735 INFO Monitoring point A with 36.0 percentage at 11:56:14 (A3)
2023-02-13 11:56:30,774 INFO Monitoring point A with 31.0 percentage at 11:56:30 (A3)
2023-02-13 11:56:44,808 INFO Monitoring point A with 26.0 percentage at 11:56:44 (A2)
2023-02-13 11:57:00,847 INFO Going to D with 21.0 percentage at 11:56:58 (A2)
2023-02-13 11:57:12,876 INFO Mayday! Mayday! Drone without battery (M)
2023-02-13 11:57:12,876 INFO Going to A with 17.0 percentage at 11:57:10 (M)
2023-02-13 11:57:20,895 INFO Mayday! Mayday! Drone without battery (M)
2023-02-13 11:58:36,065 CRITICAL Starting new episode - Episode 4
2023-02-13 11:58:41,082 INFO Going to E with 100.0 percentage at 11:58:39 (PC10)
2023-02-13 11:59:07,145 INFO Monitoring point E with 100.0 percentage at 11:59:07 (E10)
2023-02-13 11:59:23,183 INFO Monitoring point E with 100.0 percentage at 11:59:23 (E10)
2023-02-13 11:59:39,223 INFO Monitoring point E with 96.0 percentage at 11:59:39 (E9)
2023-02-13 11:59:53,259 INFO Monitoring point E with 91.0 percentage at 11:59:53 (E9)
2023-02-13 12:00:09,297 INFO Monitoring point E with 86.0 percentage at 12:00:09 (E8)
2023-02-13 12:00:25,335 INFO Monitoring point E with 80.0 percentage at 12:00:25 (E8)
2023-02-13 12:00:41,375 INFO Going to C with 76.0 percentage at 12:00:39 (E7)
2023-02-13 12:00:53,406 INFO Monitoring point C with 71.0 percentage at 12:00:53 (C7)
2023-02-13 12:01:07,443 INFO Monitoring point C with 66.0 percentage at 12:01:07 (C7)
2023-02-13 12:01:23,482 INFO Going to A with 61.0 percentage at 12:01:21 (C6)
2023-02-13 12:01:31,499 INFO Monitoring point A with 58.0 percentage at 12:01:31 (A6)
2023-02-13 12:01:45,535 INFO Monitoring point A with 54.0 percentage at 12:01:45 (A5)
2023-02-13 12:01:59,570 INFO Monitoring point A with 49.0 percentage at 12:01:59 (A5)
2023-02-13 12:02:13,702 INFO Monitoring point A with 44.0 percentage at 12:02:13 (A4)
2023-02-13 12:02:27,739 INFO Monitoring point A with 40.0 percentage at 12:02:27 (A4)
2023-02-13 12:02:43,778 INFO Monitoring point A with 34.0 percentage at 12:02:43 (A3)
2023-02-13 12:02:59,815 INFO Monitoring point A with 29.0 percentage at 12:02:59 (A3)
2023-02-13 12:03:15,855 INFO Going to D with 24.0 percentage at 12:03:13 (A2)
2023-02-13 12:03:27,886 INFO Going to B with 20.0 percentage at 12:03:25 (D2)
2023-02-13 12:03:37,907 INFO Mayday! Mayday! Drone without battery (M)
2023-02-13 12:04:44,058 CRITICAL Starting new episode - Episode 5
2023-02-13 12:04:50,076 INFO Going to E with 100.0 percentage at 12:04:48 (PC10)
2023-02-13 12:05:16,136 INFO Monitoring point E with 100.0 percentage at 12:05:16 (E10)
2023-02-13 12:05:30,171 INFO Monitoring point E with 100.0 percentage at 12:05:30 (E10)
2023-02-13 12:05:44,206 INFO Monitoring point E with 97.0 percentage at 12:05:44 (E10)
2023-02-13 12:06:00,247 INFO Monitoring point E with 91.0 percentage at 12:06:00 (E9)
2023-02-13 12:06:16,286 INFO Monitoring point E with 86.0 percentage at 12:06:16 (E8)
2023-02-13 12:06:30,321 INFO Monitoring point E with 81.0 percentage at 12:06:30 (E8)
2023-02-13 12:06:46,360 INFO Monitoring point E with 76.0 percentage at 12:06:46 (E7)
2023-02-13 12:07:02,399 INFO Monitoring point E with 71.0 percentage at 12:07:02 (E7)
2023-02-13 12:07:16,434 INFO Monitoring point E with 66.0 percentage at 12:07:16 (E6)
2023-02-13 12:07:32,475 INFO Monitoring point E with 61.0 percentage at 12:07:32 (E6)
2023-02-13 12:07:48,514 INFO Monitoring point E with 55.0 percentage at 12:07:48 (E6)
2023-02-13 12:08:02,550 INFO Going to C with 51.0 percentage at 12:08:00 (E5)
2023-02-13 12:08:14,579 INFO Monitoring point C with 47.0 percentage at 12:08:14 (C5)
2023-02-13 12:08:30,619 INFO Going to E with 42.0 percentage at 12:08:28 (C4)
2023-02-13 12:08:42,647 INFO Monitoring point E with 37.0 percentage at 12:08:42 (E4)
2023-02-13 12:08:58,688 INFO Going to D with 33.0 percentage at 12:08:56 (E3)
2023-02-13 12:09:06,706 INFO Monitoring point D with 29.0 percentage at 12:09:06 (D3)
2023-02-13 12:09:22,746 INFO Going to C with 25.0 percentage at 12:09:20 (D2)
2023-02-13 12:09:30,764 INFO Monitoring point C with 21.0 percentage at 12:09:30 (C2)
2023-02-13 12:09:44,797 INFO Mayday! Mayday! Drone without battery (M)
2023-02-13 12:10:59,965 CRITICAL Starting new episode - Episode 6
2023-02-13 12:11:04,986 INFO Going to E with 100.0 percentage at 12:11:02 (PC10)
2023-02-13 12:11:33,052 INFO Monitoring point E with 100.0 percentage at 12:11:33 (E10)
2023-02-13 12:11:49,091 INFO Monitoring point E with 100.0 percentage at 12:11:49 (E10)
2023-02-13 12:12:05,133 INFO Monitoring point E with 95.0 percentage at 12:12:05 (E9)
2023-02-13 12:12:19,166 INFO Monitoring point E with 90.0 percentage at 12:12:19 (E9)
2023-02-13 12:12:35,206 INFO Monitoring point E with 85.0 percentage at 12:12:35 (E8)
2023-02-13 12:12:51,246 INFO Monitoring point E with 80.0 percentage at 12:12:51 (E8)
2023-02-13 12:13:07,284 INFO Monitoring point E with 74.0 percentage at 12:13:07 (E7)
2023-02-13 12:13:23,323 INFO Monitoring point E with 69.0 percentage at 12:13:23 (E7)
2023-02-13 12:13:39,362 INFO Monitoring point E with 64.0 percentage at 12:13:39 (E6)
2023-02-13 12:13:53,395 INFO Monitoring point E with 59.0 percentage at 12:13:53 (E6)
2023-02-13 12:14:09,436 INFO Going to C with 54.0 percentage at 12:14:07 (E5)
2023-02-13 12:14:21,463 INFO Monitoring point C with 50.0 percentage at 12:14:21 (C5)
2023-02-13 12:14:37,503 INFO Going to PC with 45.0 percentage at 12:14:35 (C4)
2023-02-13 12:14:57,550 INFO Acting on point PC with 38.0 percentage at 12:14:57 (PC4)
2023-02-13 12:14:58,580 INFO Trying to land, still in air. Still 59.45 from ground.
2023-02-13 12:15:18,626 INFO Trying to land, still in air. Still 29.99 from ground.
2023-02-13 12:15:38,672 INFO Trying to land, still in air. Still 3.93 from ground.
2023-02-13 12:15:49,669 INFO Charging battery at PC with 27.0 percentage at 12:15:47 (PC9)
2023-02-13 12:15:55,682 INFO Going to E with 100.0 percentage at 12:15:53 (PC10)
2023-02-13 12:16:25,754 INFO Monitoring point E with 100.0 percentage at 12:16:25 (E10)
2023-02-13 12:16:41,791 INFO Monitoring point E with 100.0 percentage at 12:16:41 (E10)
2023-02-13 12:16:55,826 INFO Monitoring point E with 95.0 percentage at 12:16:55 (E9)
2023-02-13 12:17:09,860 INFO Monitoring point E with 91.0 percentage at 12:17:09 (E9)
2023-02-13 12:17:25,900 INFO Monitoring point E with 85.0 percentage at 12:17:25 (E8)
2023-02-13 12:17:41,939 INFO Monitoring point E with 80.0 percentage at 12:17:41 (E8)
2023-02-13 12:17:57,979 INFO Monitoring point E with 75.0 percentage at 12:17:57 (E7)
2023-02-13 12:18:14,020 INFO Monitoring point E with 69.0 percentage at 12:18:14 (E7)
2023-02-13 12:18:30,059 INFO Monitoring point E with 64.0 percentage at 12:18:30 (E6)
2023-02-13 12:18:44,095 INFO Monitoring point E with 59.0 percentage at 12:18:44 (E6)
2023-02-13 12:19:00,133 INFO Monitoring point E with 54.0 percentage at 12:19:00 (E5)
2023-02-13 12:19:14,169 INFO Going to C with 50.0 percentage at 12:19:12 (E5)
2023-02-13 12:19:26,198 INFO Monitoring point C with 45.0 percentage at 12:19:26 (C4)
2023-02-13 12:19:42,240 INFO Going to PC with 41.0 percentage at 12:19:40 (C4)
2023-02-13 12:20:02,286 INFO Going to A with 34.0 percentage at 12:20:00 (PC3)
2023-02-13 12:20:24,338 INFO Monitoring point A with 26.0 percentage at 12:20:24 (A2)
2023-02-13 12:20:40,378 INFO Going to D with 21.0 percentage at 12:20:38 (A2)
2023-02-13 12:20:52,406 INFO Mayday! Mayday! Drone without battery (M)
2023-02-13 12:20:52,406 INFO Going to E with 17.0 percentage at 12:20:50 (M)
2023-02-13 12:20:56,415 INFO Mayday! Mayday! Drone without battery (M)
2023-02-13 12:22:11,581 CRITICAL Starting new episode - Episode 7
2023-02-13 12:22:16,600 INFO Going to E with 100.0 percentage at 12:22:14 (PC10)
2023-02-13 12:22:42,664 INFO Monitoring point E with 100.0 percentage at 12:22:42 (E10)
2023-02-13 12:22:58,703 INFO Monitoring point E with 100.0 percentage at 12:22:58 (E10)
2023-02-13 12:23:14,743 INFO Monitoring point E with 96.0 percentage at 12:23:14 (E9)
2023-02-13 12:23:28,775 INFO Monitoring point E with 91.0 percentage at 12:23:28 (E9)
2023-02-13 12:23:42,810 INFO Monitoring point E with 86.0 percentage at 12:23:42 (E9)
2023-02-13 12:23:58,851 INFO Monitoring point E with 81.0 percentage at 12:23:58 (E8)
2023-02-13 12:24:12,884 INFO Monitoring point E with 76.0 percentage at 12:24:12 (E8)
2023-02-13 12:24:28,924 INFO Monitoring point E with 71.0 percentage at 12:24:28 (E7)
2023-02-13 12:24:42,958 INFO Monitoring point E with 66.0 percentage at 12:24:42 (E7)
2023-02-13 12:24:58,998 INFO Monitoring point E with 61.0 percentage at 12:24:58 (E6)
2023-02-13 12:25:15,037 INFO Monitoring point E with 56.0 percentage at 12:25:15 (E6)
2023-02-13 12:25:29,073 INFO Going to C with 51.0 percentage at 12:25:27 (E5)
2023-02-13 12:25:41,102 INFO Monitoring point C with 47.0 percentage at 12:25:41 (C5)
2023-02-13 12:25:57,143 INFO Going to E with 42.0 percentage at 12:25:55 (C4)
2023-02-13 12:26:09,170 INFO Monitoring point E with 38.0 percentage at 12:26:09 (E4)
2023-02-13 12:26:25,210 INFO Monitoring point E with 32.0 percentage at 12:26:25 (E3)
2023-02-13 12:26:41,250 INFO Monitoring point E with 27.0 percentage at 12:26:41 (E3)
2023-02-13 12:26:57,291 INFO Going to PC with 22.0 percentage at 12:26:55 (E2)
2023-02-13 12:27:15,332 INFO Mayday! Mayday! Drone without battery (M)
2023-02-13 12:28:07,444 CRITICAL Starting new episode - Episode 8
2023-02-13 12:28:13,466 INFO Going to E with 100.0 percentage at 12:28:11 (PC10)
2023-02-13 12:28:39,527 INFO Monitoring point E with 100.0 percentage at 12:28:39 (E10)
2023-02-13 12:28:55,566 INFO Monitoring point E with 100.0 percentage at 12:28:55 (E10)
2023-02-13 12:29:11,607 INFO Monitoring point E with 95.0 percentage at 12:29:11 (E9)
2023-02-13 12:29:27,647 INFO Monitoring point E with 90.0 percentage at 12:29:27 (E9)
2023-02-13 12:29:43,690 INFO Monitoring point E with 85.0 percentage at 12:29:43 (E8)
2023-02-13 12:29:59,732 INFO Monitoring point E with 79.0 percentage at 12:29:59 (E8)
2023-02-13 12:30:13,763 INFO Monitoring point E with 75.0 percentage at 12:30:13 (E7)
2023-02-13 12:30:27,799 INFO Monitoring point E with 70.0 percentage at 12:30:27 (E7)
2023-02-13 12:30:43,838 INFO Monitoring point E with 65.0 percentage at 12:30:43 (E6)
2023-02-13 12:30:59,879 INFO Monitoring point E with 59.0 percentage at 12:30:59 (E6)
2023-02-13 12:31:15,918 INFO Monitoring point E with 54.0 percentage at 12:31:15 (E5)
2023-02-13 12:31:29,954 INFO Going to C with 50.0 percentage at 12:31:27 (E5)
2023-02-13 12:31:41,982 INFO Monitoring point C with 45.0 percentage at 12:31:41 (C4)
2023-02-13 12:31:58,021 INFO Going to E with 41.0 percentage at 12:31:56 (C4)
2023-02-13 12:32:10,050 INFO Monitoring point E with 36.0 percentage at 12:32:10 (E3)
2023-02-13 12:32:26,090 INFO Monitoring point E with 31.0 percentage at 12:32:26 (E3)
2023-02-13 12:32:40,124 INFO Monitoring point E with 26.0 percentage at 12:32:40 (E2)
2023-02-13 12:32:54,158 INFO Going to B with 22.0 percentage at 12:32:52 (E2)
2023-02-13 12:33:10,197 INFO Mayday! Mayday! Drone without battery (M)
2023-02-13 12:34:17,345 CRITICAL Starting new episode - Episode 9
2023-02-13 12:34:22,362 INFO Acting on point PC with 100.0 percentage at 12:34:22 (PC10)
2023-02-13 12:34:23,393 INFO Trying to land, still in air. Still 0.37 from ground.
2023-02-13 12:34:30,379 INFO Charging battery at PC with 97.0 percentage at 12:34:28 (PC10)
2023-02-13 12:34:36,392 INFO Going to E with 100.0 percentage at 12:34:34 (PC10)
2023-02-13 12:35:04,459 INFO Monitoring point E with 100.0 percentage at 12:35:04 (E10)
2023-02-13 12:35:20,502 INFO Monitoring point E with 100.0 percentage at 12:35:20 (E10)
2023-02-13 12:35:36,539 INFO Monitoring point E with 95.0 percentage at 12:35:36 (E9)
2023-02-13 12:35:50,574 INFO Monitoring point E with 91.0 percentage at 12:35:50 (E9)
2023-02-13 12:36:06,614 INFO Monitoring point E with 85.0 percentage at 12:36:06 (E8)
2023-02-13 12:36:22,652 INFO Monitoring point E with 80.0 percentage at 12:36:22 (E8)
2023-02-13 12:36:36,687 INFO Monitoring point E with 75.0 percentage at 12:36:36 (E7)
2023-02-13 12:36:50,723 INFO Monitoring point E with 71.0 percentage at 12:36:50 (E7)
2023-02-13 12:37:06,760 INFO Monitoring point E with 65.0 percentage at 12:37:06 (E6)
2023-02-13 12:37:20,794 INFO Monitoring point E with 61.0 percentage at 12:37:20 (E6)
2023-02-13 12:37:34,831 INFO Monitoring point E with 56.0 percentage at 12:37:34 (E6)
2023-02-13 12:37:50,870 INFO Going to C with 51.0 percentage at 12:37:48 (E5)
2023-02-13 12:38:02,897 INFO Monitoring point C with 47.0 percentage at 12:38:02 (C5)
2023-02-13 12:38:16,932 INFO Going to E with 43.0 percentage at 12:38:14 (C4)
2023-02-13 12:38:28,962 INFO Monitoring point E with 38.0 percentage at 12:38:28 (E4)
2023-02-13 12:38:45,000 INFO Monitoring point E with 33.0 percentage at 12:38:45 (E3)
2023-02-13 12:39:01,040 INFO Monitoring point E with 27.0 percentage at 12:39:01 (E3)
2023-02-13 12:39:17,079 INFO Going to B with 22.0 percentage at 12:39:15 (E2)
2023-02-13 12:39:33,118 INFO Mayday! Mayday! Drone without battery (M)
2023-02-13 12:40:41,268 CRITICAL Starting new episode - Episode 10
2023-02-13 12:40:47,287 INFO Going to E with 100.0 percentage at 12:40:45 (PC10)
2023-02-13 12:41:13,349 INFO Monitoring point E with 100.0 percentage at 12:41:13 (E10)
2023-02-13 12:41:27,384 INFO Monitoring point E with 100.0 percentage at 12:41:27 (E10)
2023-02-13 12:41:43,422 INFO Monitoring point E with 96.0 percentage at 12:41:43 (E9)
2023-02-13 12:41:59,463 INFO Monitoring point E with 91.0 percentage at 12:41:59 (E9)
2023-02-13 12:42:15,503 INFO Monitoring point E with 85.0 percentage at 12:42:15 (E8)
2023-02-13 12:42:29,537 INFO Monitoring point E with 81.0 percentage at 12:42:29 (E8)
2023-02-13 12:42:45,577 INFO Monitoring point E with 75.0 percentage at 12:42:45 (E7)
2023-02-13 12:43:01,616 INFO Monitoring point E with 70.0 percentage at 12:43:01 (E7)
2023-02-13 12:43:17,656 INFO Monitoring point E with 65.0 percentage at 12:43:17 (E6)
2023-02-13 12:43:33,695 INFO Monitoring point E with 59.0 percentage at 12:43:33 (E6)
2023-02-13 12:43:47,729 INFO Monitoring point E with 55.0 percentage at 12:43:47 (E5)
2023-02-13 12:44:01,763 INFO Going to C with 51.0 percentage at 12:43:59 (E5)
2023-02-13 12:44:13,792 INFO Monitoring point C with 46.0 percentage at 12:44:13 (C4)
2023-02-13 12:44:29,830 INFO Going to E with 41.0 percentage at 12:44:27 (C4)
2023-02-13 12:44:41,859 INFO Monitoring point E with 37.0 percentage at 12:44:41 (E4)
2023-02-13 12:44:57,898 INFO Going to A with 32.0 percentage at 12:44:55 (E3)
2023-02-13 12:45:13,938 INFO Monitoring point A with 26.0 percentage at 12:45:13 (A2)
2023-02-13 12:45:27,974 INFO Going to E with 22.0 percentage at 12:45:25 (A2)
2023-02-13 12:45:44,011 INFO Mayday! Mayday! Drone without battery (M)
2023-02-13 12:45:44,011 INFO Going to B with 17.0 percentage at 12:45:42 (M)
2023-02-13 12:45:56,043 INFO Mayday! Mayday! Drone without battery (M)
2023-02-13 12:47:02,191 CRITICAL Starting new episode - Episode 11
2023-02-13 12:47:08,208 INFO Going to E with 100.0 percentage at 12:47:06 (PC10)
2023-02-13 12:47:34,272 INFO Monitoring point E with 100.0 percentage at 12:47:34 (E10)
2023-02-13 12:47:48,308 INFO Going to D with 100.0 percentage at 12:47:46 (E10)
2023-02-13 12:47:56,327 INFO Monitoring point D with 99.0 percentage at 12:47:56 (D10)
2023-02-13 12:48:12,366 INFO Going to A with 94.0 percentage at 12:48:10 (D9)
2023-02-13 12:48:24,591 INFO Going to PC with 90.0 percentage at 12:48:22 (A9)
2023-02-13 12:48:46,643 INFO Acting on point PC with 82.0 percentage at 12:48:46 (PC8)
2023-02-13 12:48:47,674 INFO Trying to land, still in air. Still 59.41 from ground.
2023-02-13 12:49:07,719 INFO Trying to land, still in air. Still 29.78 from ground.
2023-02-13 12:49:27,763 INFO Trying to land, still in air. Still 3.88 from ground.
2023-02-13 12:49:38,759 INFO Charging battery at PC with 59.0 percentage at 12:49:36 (PC9)
2023-02-13 12:49:44,772 INFO Going to E with 100.0 percentage at 12:49:42 (PC10)
2023-02-13 12:50:14,843 INFO Monitoring point E with 100.0 percentage at 12:50:14 (E10)
2023-02-13 12:50:30,883 INFO Monitoring point E with 100.0 percentage at 12:50:30 (E10)
2023-02-13 12:50:44,918 INFO Monitoring point E with 95.0 percentage at 12:50:44 (E9)
2023-02-13 12:50:58,952 INFO Monitoring point E with 91.0 percentage at 12:50:58 (E9)
2023-02-13 12:51:12,986 INFO Monitoring point E with 86.0 percentage at 12:51:12 (E8)
2023-02-13 12:51:29,024 INFO Monitoring point E with 81.0 percentage at 12:51:29 (E8)
2023-02-13 12:51:43,058 INFO Monitoring point E with 76.0 percentage at 12:51:43 (E7)
2023-02-13 12:51:59,294 INFO Monitoring point E with 71.0 percentage at 12:51:59 (E7)
2023-02-13 12:52:13,327 INFO Monitoring point E with 66.0 percentage at 12:52:13 (E6)
2023-02-13 12:52:27,364 INFO Monitoring point E with 61.0 percentage at 12:52:27 (E6)
2023-02-13 12:52:43,400 INFO Monitoring point E with 56.0 percentage at 12:52:43 (E6)
2023-02-13 12:52:57,434 INFO Going to C with 52.0 percentage at 12:52:55 (E5)
2023-02-13 12:53:09,463 INFO Monitoring point C with 47.0 percentage at 12:53:09 (C5)
2023-02-13 12:53:23,498 INFO Going to E with 43.0 percentage at 12:53:21 (C4)
2023-02-13 12:53:35,526 INFO Monitoring point E with 39.0 percentage at 12:53:35 (E4)
2023-02-13 12:53:51,565 INFO Monitoring point E with 33.0 percentage at 12:53:51 (E3)
2023-02-13 12:54:07,603 INFO Monitoring point E with 28.0 percentage at 12:54:07 (E3)
2023-02-13 12:54:23,643 INFO Going to D with 23.0 percentage at 12:54:21 (E2)
2023-02-13 12:54:31,859 INFO Going to C with 21.0 percentage at 12:54:29 (D2)
2023-02-13 12:54:39,886 INFO Monitoring point C with 17.0 percentage at 12:54:39 (C2)
2023-02-13 12:54:51,915 INFO Mayday! Mayday! Drone without battery (M)
2023-02-13 12:56:05,077 CRITICAL Starting new episode - Episode 12
2023-02-13 12:56:10,095 INFO Going to E with 100.0 percentage at 12:56:08 (PC10)
2023-02-13 12:56:36,156 INFO Monitoring point E with 100.0 percentage at 12:56:36 (E10)
2023-02-13 12:56:52,196 INFO Going to E with 100.0 percentage at 12:56:50 (E10)
2023-02-13 12:56:58,210 INFO Monitoring point E with 99.0 percentage at 12:56:58 (E10)
2023-02-13 12:57:12,246 INFO Going to C with 95.0 percentage at 12:57:10 (E9)
2023-02-13 12:57:24,274 INFO Going to A with 91.0 percentage at 12:57:22 (C9)
2023-02-13 12:57:32,295 INFO Going to D with 88.0 percentage at 12:57:30 (A9)
2023-02-13 12:57:44,322 INFO Going to B with 84.0 percentage at 12:57:42 (D8)
2023-02-13 12:57:58,357 INFO Going to E with 80.0 percentage at 12:57:56 (B8)
2023-02-13 12:58:14,394 INFO Monitoring point E with 74.0 percentage at 12:58:14 (E7)
2023-02-13 12:58:30,434 INFO Monitoring point E with 68.0 percentage at 12:58:30 (E7)
2023-02-13 12:58:44,470 INFO Monitoring point E with 64.0 percentage at 12:58:44 (E6)
2023-02-13 12:58:58,603 INFO Monitoring point E with 59.0 percentage at 12:58:58 (E6)
2023-02-13 12:59:14,642 INFO Going to C with 54.0 percentage at 12:59:12 (E5)
2023-02-13 12:59:26,672 INFO Monitoring point C with 50.0 percentage at 12:59:26 (C5)
2023-02-13 12:59:42,710 INFO Going to E with 45.0 percentage at 12:59:40 (C4)
2023-02-13 12:59:54,739 INFO Going to C with 41.0 percentage at 12:59:52 (E4)
2023-02-13 13:00:06,768 INFO Going to E with 37.0 percentage at 13:00:04 (C4)
2023-02-13 13:00:18,799 INFO Going to D with 33.0 percentage at 13:00:16 (E3)
2023-02-13 13:00:26,817 INFO Monitoring point D with 30.0 percentage at 13:00:26 (D3)
2023-02-13 13:00:42,856 INFO Going to C with 25.0 percentage at 13:00:40 (D2)
2023-02-13 13:00:50,875 INFO Going to D with 22.0 percentage at 13:00:48 (C2)
2023-02-13 13:00:58,895 INFO Going to C with 20.0 percentage at 13:00:56 (D2)
2023-02-13 13:01:06,915 INFO Mayday! Mayday! Drone without battery (M)
2023-02-13 13:01:06,915 INFO Going to D with 17.0 percentage at 13:01:04 (M)
2023-02-13 13:01:10,922 INFO Mayday! Mayday! Drone without battery (M)
2023-02-13 13:02:25,089 CRITICAL Starting new episode - Episode 13
2023-02-13 13:02:31,107 INFO Going to E with 100.0 percentage at 13:02:29 (PC10)
2023-02-13 13:02:57,268 INFO Monitoring point E with 100.0 percentage at 13:02:57 (E10)
2023-02-13 13:03:13,307 INFO Monitoring point E with 100.0 percentage at 13:03:13 (E10)
2023-02-13 13:03:29,347 INFO Monitoring point E with 95.0 percentage at 13:03:29 (E9)
2023-02-13 13:03:43,383 INFO Monitoring point E with 91.0 percentage at 13:03:43 (E9)
2023-02-13 13:03:59,422 INFO Monitoring point E with 85.0 percentage at 13:03:59 (E8)
2023-02-13 13:04:15,462 INFO Monitoring point E with 80.0 percentage at 13:04:15 (E8)
2023-02-13 13:04:31,503 INFO Monitoring point E with 75.0 percentage at 13:04:31 (E7)
2023-02-13 13:04:45,536 INFO Monitoring point E with 70.0 percentage at 13:04:45 (E7)
2023-02-13 13:05:01,576 INFO Monitoring point E with 65.0 percentage at 13:05:01 (E6)
2023-02-13 13:05:17,615 INFO Monitoring point E with 59.0 percentage at 13:05:17 (E6)
2023-02-13 13:05:31,649 INFO Monitoring point E with 55.0 percentage at 13:05:31 (E5)
2023-02-13 13:05:45,682 INFO Going to C with 51.0 percentage at 13:05:43 (E5)
2023-02-13 13:05:57,712 INFO Monitoring point C with 46.0 percentage at 13:05:57 (C4)
2023-02-13 13:06:13,752 INFO Monitoring point C with 41.0 percentage at 13:06:13 (C4)
2023-02-13 13:06:29,792 INFO Monitoring point C with 35.0 percentage at 13:06:29 (C3)
2023-02-13 13:06:45,831 INFO Going to PC with 31.0 percentage at 13:06:43 (C3)
2023-02-13 13:07:05,878 INFO Acting on point PC with 23.0 percentage at 13:07:05 (PC2)
2023-02-13 13:07:06,911 INFO Trying to land, still in air. Still 59.37 from ground.
2023-02-13 13:07:26,955 INFO Trying to land, still in air. Still 29.63 from ground.
2023-02-13 13:07:47,002 INFO Trying to land, still in air. Still 3.65 from ground.
2023-02-13 13:07:58,005 INFO Charging battery at PC with 58.0 percentage at 13:07:55 (PC9)
2023-02-13 13:08:04,011 INFO Going to E with 100.0 percentage at 13:08:02 (PC10)
2023-02-13 13:08:34,079 INFO Monitoring point E with 100.0 percentage at 13:08:34 (E10)
2023-02-13 13:08:48,116 INFO Monitoring point E with 100.0 percentage at 13:08:48 (E10)
2023-02-13 13:09:04,155 INFO Monitoring point E with 95.0 percentage at 13:09:04 (E9)
2023-02-13 13:09:20,194 INFO Monitoring point E with 90.0 percentage at 13:09:20 (E9)
2023-02-13 13:09:36,235 INFO Going to A with 85.0 percentage at 13:09:34 (E8)
2023-02-13 13:09:52,272 INFO Monitoring point A with 79.0 percentage at 13:09:52 (A8)
2023-02-13 13:10:08,311 INFO Monitoring point A with 74.0 percentage at 13:10:08 (A7)
2023-02-13 13:10:24,350 INFO Monitoring point A with 69.0 percentage at 13:10:24 (A7)
2023-02-13 13:10:38,385 INFO Monitoring point A with 64.0 percentage at 13:10:38 (A6)
2023-02-13 13:10:52,420 INFO Monitoring point A with 59.0 percentage at 13:10:52 (A6)
2023-02-13 13:11:08,460 INFO Monitoring point A with 54.0 percentage at 13:11:08 (A5)
2023-02-13 13:11:24,499 INFO Monitoring point A with 49.0 percentage at 13:11:24 (A5)
2023-02-13 13:11:40,536 INFO Monitoring point A with 43.0 percentage at 13:11:40 (A4)
2023-02-13 13:11:56,576 INFO Monitoring point A with 38.0 percentage at 13:11:56 (A4)
2023-02-13 13:12:12,616 INFO Monitoring point A with 33.0 percentage at 13:12:12 (A3)
2023-02-13 13:12:28,655 INFO Monitoring point A with 27.0 percentage at 13:12:28 (A3)
2023-02-13 13:12:42,687 INFO Monitoring point A with 23.0 percentage at 13:12:42 (A2)
2023-02-13 13:12:58,725 INFO Going to B with 18.0 percentage at 13:12:56 (A2)
2023-02-13 13:13:06,743 INFO Mayday! Mayday! Drone without battery (M)
2023-02-13 13:14:12,890 CRITICAL Starting new episode - Episode 14
2023-02-13 13:14:18,910 INFO Going to E with 100.0 percentage at 13:14:16 (PC10)
2023-02-13 13:14:44,975 INFO Monitoring point E with 100.0 percentage at 13:14:44 (E10)
2023-02-13 13:14:59,008 INFO Monitoring point E with 100.0 percentage at 13:14:59 (E10)
2023-02-13 13:15:15,048 INFO Monitoring point E with 96.0 percentage at 13:15:15 (E9)
2023-02-13 13:15:31,087 INFO Monitoring point E with 91.0 percentage at 13:15:31 (E9)
2023-02-13 13:15:47,126 INFO Monitoring point E with 85.0 percentage at 13:15:47 (E8)
2023-02-13 13:16:03,166 INFO Going to A with 81.0 percentage at 13:16:01 (E8)
2023-02-13 13:16:19,204 INFO Monitoring point A with 75.0 percentage at 13:16:19 (A7)
2023-02-13 13:16:35,243 INFO Monitoring point A with 69.0 percentage at 13:16:35 (A7)
2023-02-13 13:16:51,283 INFO Monitoring point A with 64.0 percentage at 13:16:51 (A6)
2023-02-13 13:17:07,323 INFO Monitoring point A with 59.0 percentage at 13:17:07 (A6)
2023-02-13 13:17:23,363 INFO Monitoring point A with 53.0 percentage at 13:17:23 (A5)
2023-02-13 13:17:39,403 INFO Monitoring point A with 48.0 percentage at 13:17:39 (A5)
2023-02-13 13:17:55,440 INFO Monitoring point A with 43.0 percentage at 13:17:55 (A4)
2023-02-13 13:18:09,474 INFO Monitoring point A with 38.0 percentage at 13:18:09 (A4)
2023-02-13 13:18:25,515 INFO Monitoring point A with 33.0 percentage at 13:18:25 (A3)
2023-02-13 13:18:39,550 INFO Monitoring point A with 28.0 percentage at 13:18:39 (A3)
2023-02-13 13:18:55,588 INFO Going to E with 23.0 percentage at 13:18:53 (A2)
2023-02-13 13:19:11,627 INFO Going to D with 18.0 percentage at 13:19:09 (E2)
2023-02-13 13:19:15,636 INFO Mayday! Mayday! Drone without battery (M)
2023-02-13 13:20:30,804 CRITICAL Starting new episode - Episode 15
2023-02-13 13:20:35,822 INFO Going to E with 100.0 percentage at 13:20:33 (PC10)
2023-02-13 13:21:01,882 INFO Monitoring point E with 100.0 percentage at 13:21:01 (E10)
2023-02-13 13:21:17,923 INFO Monitoring point E with 100.0 percentage at 13:21:17 (E10)
2023-02-13 13:21:33,962 INFO Monitoring point E with 96.0 percentage at 13:21:33 (E9)
2023-02-13 13:21:47,996 INFO Monitoring point E with 91.0 percentage at 13:21:47 (E9)
2023-02-13 13:22:04,035 INFO Monitoring point E with 86.0 percentage at 13:22:04 (E8)
2023-02-13 13:22:18,070 INFO Monitoring point E with 81.0 percentage at 13:22:18 (E8)
2023-02-13 13:22:34,111 INFO Monitoring point E with 76.0 percentage at 13:22:34 (E7)
2023-02-13 13:22:48,143 INFO Going to D with 72.0 percentage at 13:22:46 (E7)
2023-02-13 13:22:56,163 INFO Monitoring point D with 68.0 percentage at 13:22:56 (D7)
2023-02-13 13:23:10,292 INFO Monitoring point D with 64.0 percentage at 13:23:10 (D6)
2023-02-13 13:23:24,330 INFO Monitoring point D with 59.0 percentage at 13:23:24 (D6)
2023-02-13 13:23:40,375 INFO Monitoring point D with 54.0 percentage at 13:23:40 (D5)
2023-02-13 13:23:54,415 INFO Monitoring point D with 49.0 percentage at 13:23:54 (D5)
2023-02-13 13:24:10,460 INFO Going to PC with 44.0 percentage at 13:24:08 (D4)
2023-02-13 13:24:32,518 INFO Acting on point PC with 36.0 percentage at 13:24:32 (PC4)
2023-02-13 13:24:33,548 INFO Trying to land, still in air. Still 59.41 from ground.
2023-02-13 13:24:53,598 INFO Trying to land, still in air. Still 29.69 from ground.
2023-02-13 13:25:13,649 INFO Trying to land, still in air. Still 3.78 from ground.
2023-02-13 13:25:24,647 INFO Charging battery at PC with 33.0 percentage at 13:25:22 (PC9)
2023-02-13 13:25:30,659 INFO Going to D with 100.0 percentage at 13:25:28 (PC10)
2023-02-13 13:26:02,834 INFO Monitoring point D with 100.0 percentage at 13:26:02 (D10)
2023-02-13 13:26:18,874 INFO Monitoring point D with 99.0 percentage at 13:26:18 (D10)
2023-02-13 13:26:34,912 INFO Going to A with 95.0 percentage at 13:26:32 (D9)
2023-02-13 13:26:46,942 INFO Going to PC with 91.0 percentage at 13:26:44 (A9)
2023-02-13 13:27:08,995 INFO Acting on point PC with 83.0 percentage at 13:27:08 (PC8)
2023-02-13 13:27:10,024 INFO Trying to land, still in air. Still 59.32 from ground.
2023-02-13 13:27:30,070 INFO Trying to land, still in air. Still 29.63 from ground.
2023-02-13 13:27:50,114 INFO Trying to land, still in air. Still 3.8 from ground.
2023-02-13 13:28:01,124 INFO Charging battery at PC with 65.0 percentage at 13:27:59 (PC9)
2023-02-13 13:28:07,138 INFO Going to E with 100.0 percentage at 13:28:05 (PC10)
2023-02-13 13:28:37,215 INFO Monitoring point E with 100.0 percentage at 13:28:37 (E10)
2023-02-13 13:28:53,255 INFO Monitoring point E with 100.0 percentage at 13:28:53 (E10)
2023-02-13 13:29:09,294 INFO Monitoring point E with 95.0 percentage at 13:29:09 (E9)
2023-02-13 13:29:25,333 INFO Monitoring point E with 89.0 percentage at 13:29:25 (E9)
2023-02-13 13:29:39,372 INFO Monitoring point E with 85.0 percentage at 13:29:39 (E8)
2023-02-13 13:29:55,412 INFO Monitoring point E with 79.0 percentage at 13:29:55 (E8)
2023-02-13 13:30:09,447 INFO Monitoring point E with 75.0 percentage at 13:30:09 (E7)
2023-02-13 13:30:25,486 INFO Monitoring point E with 69.0 percentage at 13:30:25 (E7)
2023-02-13 13:30:41,523 INFO Monitoring point E with 64.0 percentage at 13:30:41 (E6)
2023-02-13 13:30:57,563 INFO Monitoring point E with 59.0 percentage at 13:30:57 (E6)
2023-02-13 13:31:13,603 INFO Going to PC with 54.0 percentage at 13:31:11 (E5)
2023-02-13 13:31:35,656 INFO Acting on point PC with 46.0 percentage at 13:31:35 (PC4)
2023-02-13 13:31:36,687 INFO Trying to land, still in air. Still 59.29 from ground.
2023-02-13 13:31:56,730 INFO Trying to land, still in air. Still 29.82 from ground.
2023-02-13 13:32:16,776 INFO Trying to land, still in air. Still 3.71 from ground.
2023-02-13 13:32:27,772 INFO Charging battery at PC with 49.0 percentage at 13:32:25 (PC9)
2023-02-13 13:32:33,782 INFO Going to E with 100.0 percentage at 13:32:31 (PC10)
2023-02-13 13:33:03,855 INFO Monitoring point E with 100.0 percentage at 13:33:03 (E10)
2023-02-13 13:33:19,895 INFO Monitoring point E with 100.0 percentage at 13:33:19 (E10)
2023-02-13 13:33:35,934 INFO Going to E with 95.0 percentage at 13:33:33 (E9)
2023-02-13 13:33:41,947 INFO Monitoring point E with 93.0 percentage at 13:33:41 (E9)
2023-02-13 13:33:57,986 INFO Monitoring point E with 87.0 percentage at 13:33:57 (E9)
2023-02-13 13:34:14,027 INFO Monitoring point E with 82.0 percentage at 13:34:14 (E8)
2023-02-13 13:34:28,062 INFO Monitoring point E with 77.0 percentage at 13:34:28 (E8)
2023-02-13 13:34:44,100 INFO Monitoring point E with 72.0 percentage at 13:34:44 (E7)
2023-02-13 13:35:00,139 INFO Monitoring point E with 67.0 percentage at 13:35:00 (E7)
2023-02-13 13:35:16,179 INFO Monitoring point E with 61.0 percentage at 13:35:16 (E6)
2023-02-13 13:35:32,218 INFO Monitoring point E with 56.0 percentage at 13:35:32 (E6)
2023-02-13 13:35:46,252 INFO Going to C with 52.0 percentage at 13:35:44 (E5)
2023-02-13 13:35:58,282 INFO Monitoring point C with 47.0 percentage at 13:35:58 (C5)
2023-02-13 13:36:14,322 INFO Monitoring point C with 42.0 percentage at 13:36:14 (C4)
2023-02-13 13:36:30,370 INFO Monitoring point C with 37.0 percentage at 13:36:30 (C4)
2023-02-13 13:36:44,406 INFO Monitoring point C with 32.0 percentage at 13:36:44 (C3)
2023-02-13 13:36:58,440 INFO Going to PC with 28.0 percentage at 13:36:56 (C3)
2023-02-13 13:37:18,487 INFO Acting on point PC with 21.0 percentage at 13:37:18 (PC2)
2023-02-13 13:37:19,518 INFO Trying to land, still in air. Still 59.32 from ground.
2023-02-13 13:37:39,564 INFO Trying to land, still in air. Still 29.72 from ground.
2023-02-13 13:37:59,611 INFO Trying to land, still in air. Still 3.76 from ground.
2023-02-13 13:38:10,605 INFO Charging battery at PC with 9.0 percentage at 13:38:08 (PC9)
2023-02-13 13:38:16,620 INFO Going to E with 100.0 percentage at 13:38:14 (PC10)
2023-02-13 13:38:46,691 INFO Monitoring point E with 100.0 percentage at 13:38:46 (E10)
2023-02-13 13:39:02,730 INFO Monitoring point E with 100.0 percentage at 13:39:02 (E10)
2023-02-13 13:39:18,769 INFO Monitoring point E with 95.0 percentage at 13:39:18 (E9)
2023-02-13 13:39:34,807 INFO Monitoring point E with 89.0 percentage at 13:39:34 (E9)
2023-02-13 13:39:48,843 INFO Monitoring point E with 85.0 percentage at 13:39:48 (E8)
2023-02-13 13:40:04,882 INFO Monitoring point E with 79.0 percentage at 13:40:04 (E8)
2023-02-13 13:40:20,922 INFO Monitoring point E with 74.0 percentage at 13:40:20 (E7)
2023-02-13 13:40:36,959 INFO Monitoring point E with 69.0 percentage at 13:40:36 (E7)
2023-02-13 13:40:50,994 INFO Monitoring point E with 64.0 percentage at 13:40:50 (E6)
2023-02-13 13:41:07,031 INFO Monitoring point E with 59.0 percentage at 13:41:07 (E6)
2023-02-13 13:41:21,067 INFO Monitoring point E with 54.0 percentage at 13:41:21 (E5)
2023-02-13 13:41:37,107 INFO Going to C with 49.0 percentage at 13:41:35 (E5)
2023-02-13 13:41:49,136 INFO Monitoring point C with 45.0 percentage at 13:41:49 (C4)
2023-02-13 13:42:05,175 INFO Monitoring point C with 39.0 percentage at 13:42:05 (C4)
2023-02-13 13:42:21,214 INFO Going to PC with 35.0 percentage at 13:42:19 (C3)
2023-02-13 13:42:41,260 INFO Going to A with 28.0 percentage at 13:42:39 (PC3)
2023-02-13 13:43:03,314 INFO Going to E with 21.0 percentage at 13:43:01 (A2)
2023-02-13 13:43:17,349 INFO Mayday! Mayday! Drone without battery (M)
2023-02-13 13:44:32,517 CRITICAL Starting new episode - Episode 16
2023-02-13 13:44:37,632 INFO Going to E with 100.0 percentage at 13:44:35 (PC10)
2023-02-13 13:45:03,791 INFO Monitoring point E with 100.0 percentage at 13:45:03 (E10)
2023-02-13 13:45:17,832 INFO Monitoring point E with 100.0 percentage at 13:45:17 (E10)
2023-02-13 13:45:33,870 INFO Monitoring point E with 96.0 percentage at 13:45:33 (E10)
2023-02-13 13:45:49,910 INFO Going to B with 92.0 percentage at 13:45:47 (E9)
2023-02-13 13:46:05,949 INFO Monitoring point B with 86.0 percentage at 13:46:05 (B8)
2023-02-13 13:46:21,988 INFO Going to E with 81.0 percentage at 13:46:19 (B8)
2023-02-13 13:46:38,032 INFO Monitoring point E with 75.0 percentage at 13:46:38 (E7)
2023-02-13 13:46:52,067 INFO Monitoring point E with 70.0 percentage at 13:46:52 (E7)
2023-02-13 13:47:08,106 INFO Monitoring point E with 65.0 percentage at 13:47:08 (E6)
2023-02-13 13:47:22,141 INFO Going to D with 61.0 percentage at 13:47:20 (E6)
2023-02-13 13:47:30,161 INFO Monitoring point D with 58.0 percentage at 13:47:30 (D6)
2023-02-13 13:47:44,295 INFO Monitoring point D with 53.0 percentage at 13:47:44 (D5)
2023-02-13 13:48:00,332 INFO Monitoring point D with 48.0 percentage at 13:48:00 (D5)
2023-02-13 13:48:16,371 INFO Going to PC with 43.0 percentage at 13:48:14 (D4)
2023-02-13 13:48:38,422 INFO Acting on point PC with 35.0 percentage at 13:48:38 (PC3)
2023-02-13 13:48:39,452 INFO Trying to land, still in air. Still 59.4 from ground.
2023-02-13 13:48:59,498 INFO Trying to land, still in air. Still 29.77 from ground.
2023-02-13 13:49:19,542 INFO Trying to land, still in air. Still 3.81 from ground.
2023-02-13 13:49:30,535 INFO Charging battery at PC with 26.0 percentage at 13:49:28 (PC9)
2023-02-13 13:49:36,548 INFO Going to E with 100.0 percentage at 13:49:34 (PC10)
2023-02-13 13:50:06,619 INFO Going to C with 100.0 percentage at 13:50:04 (E10)
2023-02-13 13:50:18,649 INFO Monitoring point C with 100.0 percentage at 13:50:18 (C10)
2023-02-13 13:50:34,688 INFO Monitoring point C with 96.0 percentage at 13:50:34 (C9)
2023-02-13 13:50:48,725 INFO Monitoring point C with 91.0 percentage at 13:50:48 (C9)
2023-02-13 13:51:04,765 INFO Monitoring point C with 86.0 percentage at 13:51:04 (C8)
2023-02-13 13:51:20,802 INFO Going to A with 81.0 percentage at 13:51:18 (C8)
2023-02-13 13:51:28,823 INFO Monitoring point A with 78.0 percentage at 13:51:28 (A8)
2023-02-13 13:51:42,857 INFO Monitoring point A with 73.0 percentage at 13:51:42 (A7)
2023-02-13 13:51:58,897 INFO Monitoring point A with 68.0 percentage at 13:51:58 (A7)
2023-02-13 13:52:14,934 INFO Monitoring point A with 63.0 percentage at 13:52:14 (A6)
2023-02-13 13:52:30,974 INFO Monitoring point A with 57.0 percentage at 13:52:30 (A6)
2023-02-13 13:52:47,012 INFO Monitoring point A with 52.0 percentage at 13:52:47 (A5)
2023-02-13 13:53:03,053 INFO Monitoring point A with 47.0 percentage at 13:53:03 (A5)
2023-02-13 13:53:19,092 INFO Monitoring point A with 41.0 percentage at 13:53:19 (A4)
2023-02-13 13:53:35,135 INFO Monitoring point A with 36.0 percentage at 13:53:35 (A3)
2023-02-13 13:53:49,169 INFO Monitoring point A with 31.0 percentage at 13:53:49 (A3)
2023-02-13 13:54:05,210 INFO Monitoring point A with 26.0 percentage at 13:54:05 (A2)
2023-02-13 13:54:21,248 INFO Going to D with 21.0 percentage at 13:54:19 (A2)
2023-02-13 13:54:33,278 INFO Mayday! Mayday! Drone without battery (M)
2023-02-13 13:54:33,278 INFO Going to C with 17.0 percentage at 13:54:31 (M)
2023-02-13 13:54:37,291 INFO Mayday! Mayday! Drone without battery (M)
2023-02-13 13:55:50,449 CRITICAL Starting new episode - Episode 17
2023-02-13 13:55:55,467 INFO Going to B with 100.0 percentage at 13:55:53 (PC10)
2023-02-13 13:56:21,528 INFO Monitoring point B with 100.0 percentage at 13:56:21 (B10)
2023-02-13 13:56:35,564 INFO Going to PC with 100.0 percentage at 13:56:33 (B10)
2023-02-13 13:56:49,596 INFO Going to E with 97.0 percentage at 13:56:47 (PC10)
2023-02-13 13:57:11,748 INFO Monitoring point E with 90.0 percentage at 13:57:11 (E9)
2023-02-13 13:57:27,786 INFO Monitoring point E with 84.0 percentage at 13:57:27 (E8)
2023-02-13 13:57:41,819 INFO Monitoring point E with 80.0 percentage at 13:57:41 (E8)
2023-02-13 13:57:57,859 INFO Monitoring point E with 74.0 percentage at 13:57:57 (E7)
2023-02-13 13:58:11,891 INFO Going to A with 70.0 percentage at 13:58:09 (E7)
2023-02-13 13:58:27,930 INFO Monitoring point A with 64.0 percentage at 13:58:27 (A6)
2023-02-13 13:58:43,971 INFO Monitoring point A with 59.0 percentage at 13:58:43 (A6)
2023-02-13 13:59:00,008 INFO Monitoring point A with 54.0 percentage at 13:59:00 (A5)
2023-02-13 13:59:16,051 INFO Monitoring point A with 48.0 percentage at 13:59:16 (A5)
2023-02-13 13:59:32,088 INFO Monitoring point A with 43.0 percentage at 13:59:32 (A4)
2023-02-13 13:59:48,128 INFO Monitoring point A with 38.0 percentage at 13:59:48 (A4)
2023-02-13 14:00:04,170 INFO Monitoring point A with 32.0 percentage at 14:00:04 (A3)
2023-02-13 14:00:20,208 INFO Monitoring point A with 27.0 percentage at 14:00:20 (A3)
2023-02-13 14:00:36,247 INFO Going to E with 22.0 percentage at 14:00:34 (A2)
2023-02-13 14:00:52,286 INFO Mayday! Mayday! Drone without battery (M)
2023-02-13 14:00:52,287 INFO Going to E with 16.0 percentage at 14:00:50 (M)
2023-02-13 14:00:54,290 INFO Mayday! Mayday! Drone without battery (M)
2023-02-13 14:02:08,457 CRITICAL Starting new episode - Episode 18
2023-02-13 14:02:14,476 INFO Going to E with 100.0 percentage at 14:02:12 (PC10)
2023-02-13 14:02:40,538 INFO Monitoring point E with 100.0 percentage at 14:02:40 (E10)
2023-02-13 14:02:56,577 INFO Monitoring point E with 100.0 percentage at 14:02:56 (E10)
2023-02-13 14:03:12,615 INFO Monitoring point E with 95.0 percentage at 14:03:12 (E9)
2023-02-13 14:03:28,655 INFO Monitoring point E with 90.0 percentage at 14:03:28 (E9)
2023-02-13 14:03:42,690 INFO Monitoring point E with 85.0 percentage at 14:03:42 (E8)
2023-02-13 14:03:56,724 INFO Going to E with 81.0 percentage at 14:03:54 (E8)
2023-02-13 14:04:02,739 INFO Monitoring point E with 79.0 percentage at 14:04:02 (E8)
2023-02-13 14:04:18,782 INFO Monitoring point E with 73.0 percentage at 14:04:18 (E7)
2023-02-13 14:04:34,820 INFO Monitoring point E with 68.0 percentage at 14:04:34 (E7)
2023-02-13 14:04:48,855 INFO Monitoring point E with 63.0 percentage at 14:04:48 (E6)
2023-02-13 14:05:04,895 INFO Monitoring point E with 58.0 percentage at 14:05:04 (E6)
2023-02-13 14:05:20,935 INFO Going to C with 53.0 percentage at 14:05:18 (E5)
2023-02-13 14:05:32,962 INFO Monitoring point C with 49.0 percentage at 14:05:32 (C5)
2023-02-13 14:05:46,997 INFO Monitoring point C with 44.0 percentage at 14:05:46 (C4)
2023-02-13 14:06:03,036 INFO Monitoring point C with 39.0 percentage at 14:06:03 (C4)
2023-02-13 14:06:19,074 INFO Going to A with 34.0 percentage at 14:06:17 (C3)
2023-02-13 14:06:27,094 INFO Monitoring point A with 31.0 percentage at 14:06:27 (A3)
2023-02-13 14:06:41,130 INFO Monitoring point A with 26.0 percentage at 14:06:41 (A2)
2023-02-13 14:06:57,167 INFO Going to C with 21.0 percentage at 14:06:55 (A2)
2023-02-13 14:07:05,186 INFO Monitoring point C with 18.0 percentage at 14:07:05 (C2)
2023-02-13 14:07:15,212 INFO Mayday! Mayday! Drone without battery (M)
2023-02-13 14:08:27,373 CRITICAL Starting new episode - Episode 19
2023-02-13 14:08:33,390 INFO Going to E with 100.0 percentage at 14:08:31 (PC10)
2023-02-13 14:08:59,454 INFO Monitoring point E with 100.0 percentage at 14:08:59 (E10)
2023-02-13 14:09:15,492 INFO Monitoring point E with 100.0 percentage at 14:09:15 (E10)
2023-02-13 14:09:31,532 INFO Monitoring point E with 95.0 percentage at 14:09:31 (E9)
2023-02-13 14:09:45,568 INFO Monitoring point E with 91.0 percentage at 14:09:45 (E9)
2023-02-13 14:10:01,607 INFO Monitoring point E with 85.0 percentage at 14:10:01 (E8)
2023-02-13 14:10:17,647 INFO Monitoring point E with 80.0 percentage at 14:10:17 (E8)
2023-02-13 14:10:31,679 INFO Monitoring point E with 75.0 percentage at 14:10:31 (E7)
2023-02-13 14:10:45,714 INFO Monitoring point E with 71.0 percentage at 14:10:45 (E7)
2023-02-13 14:11:01,753 INFO Monitoring point E with 65.0 percentage at 14:11:01 (E6)
2023-02-13 14:11:17,792 INFO Monitoring point E with 60.0 percentage at 14:11:17 (E6)
2023-02-13 14:11:33,831 INFO Monitoring point E with 55.0 percentage at 14:11:33 (E5)
2023-02-13 14:11:47,866 INFO Going to C with 51.0 percentage at 14:11:45 (E5)
2023-02-13 14:11:59,893 INFO Monitoring point C with 46.0 percentage at 14:11:59 (C4)
2023-02-13 14:12:13,930 INFO Monitoring point C with 41.0 percentage at 14:12:13 (C4)
2023-02-13 14:12:27,966 INFO Monitoring point C with 37.0 percentage at 14:12:27 (C4)
2023-02-13 14:12:44,007 INFO Monitoring point C with 31.0 percentage at 14:12:44 (C3)
2023-02-13 14:13:00,047 INFO Monitoring point C with 26.0 percentage at 14:13:00 (C2)
2023-02-13 14:13:16,086 INFO Going to PC with 21.0 percentage at 14:13:14 (C2)
2023-02-13 14:13:32,124 INFO Mayday! Mayday! Drone without battery (M)
2023-02-13 14:14:24,236 CRITICAL Starting new episode - Episode 20
