2023-02-15 18:31:11,410 INFO Creation of log actions_states
2023-02-15 18:31:36,260 INFO Drone 0 going to A with 100.0 percentage at 18:31:36 (PC10)
2023-02-15 18:31:36,262 INFO Drone 1 going to A with 100.0 percentage at 18:31:36 (PC10)
2023-02-15 18:32:24,307 INFO Drone 1 monitoring point A with 100.0 percentage at 18:32:24 (A10)
2023-02-15 18:32:24,308 INFO Drone 0 monitoring point A with 100.0 percentage at 18:32:24 (A10)
2023-02-15 18:32:50,401 INFO Drone 1 monitoring point A with 98.0 percentage at 18:32:50 (A10)
2023-02-15 18:32:50,403 INFO Drone 0 monitoring point A with 98.0 percentage at 18:32:50 (A10)
2023-02-15 18:33:14,109 INFO Drone 0 monitoring point A with 93.0 percentage at 18:33:14 (A9)
2023-02-15 18:33:14,110 INFO Drone 1 monitoring point A with 93.0 percentage at 18:33:14 (A9)
2023-02-15 18:33:40,877 INFO Drone 0 monitoring point A with 88.0 percentage at 18:33:40 (A9)
2023-02-15 18:33:40,879 INFO Drone 1 monitoring point A with 88.0 percentage at 18:33:40 (A9)
2023-02-15 18:34:05,061 INFO Drone 0 monitoring point A with 83.0 percentage at 18:34:05 (A8)
2023-02-15 18:34:05,062 INFO Drone 1 monitoring point A with 83.0 percentage at 18:34:05 (A8)
2023-02-15 18:34:28,076 INFO Drone 0 monitoring point A with 78.0 percentage at 18:34:28 (A8)
2023-02-15 18:34:28,077 INFO Drone 1 monitoring point A with 78.0 percentage at 18:34:28 (A8)
2023-02-15 18:34:49,719 INFO Drone 0 monitoring point A with 74.0 percentage at 18:34:49 (A7)
2023-02-15 18:34:49,721 INFO Drone 1 monitoring point A with 74.0 percentage at 18:34:49 (A7)
2023-02-15 18:35:13,122 INFO Drone 0 monitoring point A with 69.0 percentage at 18:35:13 (A7)
2023-02-15 18:35:13,124 INFO Drone 1 monitoring point A with 69.0 percentage at 18:35:13 (A7)
2023-02-15 18:35:39,991 INFO Drone 0 monitoring point A with 64.0 percentage at 18:35:39 (A6)
2023-02-15 18:35:39,992 INFO Drone 1 going to E with 64.0 percentage at 18:35:39 (A6)
2023-02-15 18:36:15,711 INFO Drone 1 monitoring point E with 56.0 percentage at 18:36:15 (E6)
2023-02-15 18:36:15,711 INFO Drone 0 monitoring point A with 56.0 percentage at 18:36:15 (A6)
2023-02-15 18:36:42,007 INFO Drone 0 monitoring point A with 51.0 percentage at 18:36:42 (A5)
2023-02-15 18:36:42,009 INFO Drone 1 monitoring point E with 51.0 percentage at 18:36:42 (E5)
2023-02-15 18:37:10,460 INFO Drone 0 monitoring point A with 46.0 percentage at 18:37:10 (A5)
2023-02-15 18:37:10,462 INFO Drone 1 monitoring point E with 46.0 percentage at 18:37:10 (E5)
2023-02-15 18:37:38,465 INFO Drone 0 monitoring point A with 40.0 percentage at 18:37:38 (A4)
2023-02-15 18:37:38,467 INFO Drone 1 monitoring point E with 40.0 percentage at 18:37:38 (E4)
2023-02-15 18:38:03,388 INFO Drone 0 monitoring point A with 36.0 percentage at 18:38:03 (A4)
2023-02-15 18:38:03,388 INFO Drone 1 monitoring point E with 36.0 percentage at 18:38:03 (E4)
2023-02-15 18:38:24,114 INFO Drone 0 monitoring point A with 32.0 percentage at 18:38:24 (A3)
2023-02-15 18:38:24,115 INFO Drone 1 monitoring point E with 32.0 percentage at 18:38:24 (E3)
2023-02-15 18:38:50,223 INFO Drone 1 monitoring point E with 26.0 percentage at 18:38:50 (E3)
2023-02-15 18:38:50,226 INFO Drone 0 monitoring point A with 26.0 percentage at 18:38:50 (A3)
2023-02-15 18:39:14,215 INFO Drone 0 monitoring point A with 22.0 percentage at 18:39:14 (A2)
2023-02-15 18:39:14,215 INFO Drone 1 monitoring point E with 22.0 percentage at 18:39:14 (E2)
2023-02-15 18:39:38,697 INFO Drone 0 monitoring point A with 17.0 percentage at 18:39:38 (A2)
2023-02-15 18:39:38,700 INFO Drone 1 monitoring point E with 17.0 percentage at 18:39:38 (E2)
2023-02-15 18:39:51,603 INFO Mayday! Mayday! Drone without battery (M)
