2023-02-21 11:17:12,514 INFO Creation of log point_matrix
2023-02-21 11:17:22,690 INFO 
[['A🌿' '🌳🌿' '🌳🌿' 'B🌿']
 ['🌳🌿' 'C🌿' '🌳🌿' '🌳🌿']
 ['🌳🌿' 'D🌿' '🌳🌿' '🌳🌿']
 ['🌳🌿' '🌳🌿' 'E🌿' '🌳🌿']]
2023-02-21 11:18:12,523 INFO 
[['A🌿' '🌳🌿' '🌳🌿' 'B🌿']
 ['🌳🌿' 'C🌿' '🌳🌿' '🌳🌿']
 ['🌳🌿' 'D🌿' '🌳🌿' '🌳🌿']
 ['🌳🌿' '🌳🌿' 'E🌿' '🌳🌿']]
2023-02-21 11:19:12,526 INFO 
[['A🚁' '🌳🌿' '🌳🌿' 'B🌿']
 ['🌳🌿' 'C🌿' '🌳🌿' '🌳🌿']
 ['🌳🌿' 'D🌿' '🌳🌿' '🌳🌿']
 ['🌳🌿' '🌳🌿' 'E🌿' '🌳🌿']]
2023-02-21 11:20:12,530 INFO 
[['A🌿' '🌳🌿' '🌳🌿' 'B🌿']
 ['🌳🌿' 'C🌿' '🌳🌿' '🌳🌿']
 ['🌳🌿' 'D🌿' '🌳🌿' '🌳🌿']
 ['🌳🌿' '🌳🌿' 'E🌿' '🌳🌿']]
2023-02-21 11:21:12,534 INFO 
[['A🌿' '🌳🌿' '🌳🌿' 'B🌿']
 ['🌳🌿' 'C🌿' '🌳🌿' '🌳🌿']
 ['🌳🌿' 'D🌿' '🌳🌿' '🌳🌿']
 ['🌳🌿' '🌳🌿' 'E🌿' '🌳🌿']]
2023-02-21 11:22:12,538 INFO 
[['A🌿' '🌳🌿' '🌳🌿' 'B🌿']
 ['🌳🌿' 'C🔥' '🌳🌿' '🌳🌿']
 ['🌳🌿' 'D🌿' '🌳🌿' '🌳🌿']
 ['🌳🌿' '🌳🌿' 'E🌿' '🌳🌿']]
2023-02-21 11:22:59,275 CRITICAL Starting new episode - Episode 1
2023-02-21 11:23:12,541 INFO 
[['A🌿' '🔥🍂' '🌳🌿' 'B🌿']
 ['🌳🌿' 'C🔥' '🌳🌿' '🌳🌿']
 ['🌳🌿' 'D🌿' '🌳🌿' '🌳🌿']
 ['🌳🌿' '🌳🌿' 'E🌿' '🌳🌿']]
2023-02-21 11:24:12,543 INFO 
[['A🌿' '🔥🍂' '🌳🌿' 'B🌿']
 ['🌳🌿' 'C🔥' '🌳🌿' '🌳🌿']
 ['🌳🌿' 'D🌿' '🌳🌿' '🌳🌿']
 ['🌳🌿' '🌳🌿' 'E🌿' '🌳🌿']]
2023-02-21 11:25:12,550 INFO 
[['A🔥' '🔥🍂' '🌳🌿' 'B🚁']
 ['🌳🌿' 'C🔥' '🌳🌿' '🌳🌿']
 ['🌳🌿' 'D🌿' '🌳🌿' '🌳🌿']
 ['🌳🌿' '🌳🌿' 'E🌿' '🌳🌿']]
2023-02-21 11:26:12,553 INFO 
[['A🌿' '🌳🌿' '🌳🌿' 'B🌿']
 ['🌳🌿' 'C🌿' '🌳🌿' '🌳🌿']
 ['🌳🌿' 'D🌿' '🌳🌿' '🌳🌿']
 ['🌳🌿' '🌳🌿' 'E🌿' '🌳🌿']]
2023-02-21 11:27:12,556 INFO 
[['A🌿' '🌳🌿' '🌳🌿' 'B🌿']
 ['🌳🌿' 'C🌿' '🌳🌿' '🌳🌿']
 ['🌳🌿' 'D🌿' '🌳🌿' '🌳🌿']
 ['🌳🌿' '🌳🌿' 'E🌿' '🌳🌿']]
