2023-02-21 10:40:47,435 INFO Creation of log point_matrix
2023-02-21 10:41:00,196 INFO 
[['A🌿' '🌳🌿' '🌳🌿' 'B🌿']
 ['🌳🌿' 'C🌿' '🌳🌿' '🌳🌿']
 ['🌳🌿' 'D🌿' '🌳🌿' '🌳🌿']
 ['🌳🌿' '🌳🌿' 'E🌿' '🌳🌿']]
2023-02-21 10:41:47,443 INFO 
[['A🌿' '🌳🌿' '🌳🌿' 'B🌿']
 ['🌳🌿' 'C🌿' '🌳🌿' '🌳🌿']
 ['🌳🌿' 'D🌿' '🌳🌿' '🌳🌿']
 ['🌳🌿' '🌳🌿' 'E🌿' '🌳🌿']]
2023-02-21 10:42:47,446 INFO 
[['A🚁' '🌳🌿' '🌳🌿' 'B🌿']
 ['🌳🌿' 'C🌿' '🌳🌿' '🌳🌿']
 ['🌳🌿' 'D🌿' '🌳🌿' '🌳🌿']
 ['🌳🌿' '🌳🌿' 'E🌿' '🌳🌿']]
2023-02-21 10:43:47,451 INFO 
[['A🚁' '🌳🌿' '🌳🌿' 'B🌿']
 ['🌳🌿' 'C🌿' '🌳🌿' '🌳🌿']
 ['🌳🌿' 'D🌿' '🌳🌿' '🌳🌿']
 ['🌳🌿' '🌳🌿' 'E🌿' '🌳🌿']]
2023-02-21 10:44:47,454 INFO 
[['A🚒' '🌳🌿' '🌳🌿' 'B🌿']
 ['🌳🌿' 'C🌿' '🌳🌿' '🌳🌿']
 ['🌳🌿' 'D🌿' '🌳🌿' '🌳🌿']
 ['🌳🌿' '🌳🌿' 'E🌿' '🌳🌿']]
2023-02-21 10:45:47,458 INFO 
[['A🚒' '🌳🌿' '🌳🌿' 'B🚁']
 ['🌳🌿' 'C🌿' '🌳🌿' '🌳🌿']
 ['🌳🌿' 'D🌿' '🌳🌿' '🌳🌿']
 ['🌳🌿' '🌳🌿' 'E🌿' '🌳🌿']]
2023-02-21 10:46:47,462 INFO 
[['A🚒' '🌳🌿' '🌳🌿' 'B🚁']
 ['🌳🌿' 'C🌿' '🌳🌿' '🌳🌿']
 ['🌳🌿' 'D🌿' '🌳🌿' '🌳🌿']
 ['🌳🌿' '🌳🌿' 'E🌿' '🌳🌿']]
2023-02-21 10:47:47,466 INFO 
[['A🚒' '🌳🌿' '🌳🌿' 'B🚁']
 ['🌳🌿' 'C🌿' '🌳🌿' '🌳🌿']
 ['🌳🌿' 'D🌿' '🌳🌿' '🌳🌿']
 ['🌳🌿' '🌳🌿' 'E🌿' '🌳🌿']]
2023-02-21 10:48:47,471 INFO 
[['A🚒' '🌳🌿' '🌳🌿' 'B🚁']
 ['🌳🌿' 'C🌿' '🌳🌿' '🌳🌿']
 ['🌳🌿' 'D🌿' '🌳🌿' '🌳🌿']
 ['🌳🌿' '🌳🌿' 'E🌿' '🌳🌿']]
2023-02-21 10:49:47,487 INFO 
[['A🚒' '🌳🌿' '🌳🌿' 'B🚁']
 ['🌳🌿' 'C🌿' '🌳🌿' '🌳🌿']
 ['🌳🌿' 'D🌿' '🌳🌿' '🌳🌿']
 ['🌳🌿' '🌳🌿' 'E🌿' '🌳🌿']]
2023-02-21 10:50:47,490 INFO 
[['A🚒' '🌳🌿' '🌳🌿' 'B🚁']
 ['🌳🌿' 'C🌿' '🌳🌿' '🌳🌿']
 ['🌳🌿' 'D🌿' '🌳🌿' '🌳🌿']
 ['🌳🌿' '🌳🌿' 'E🌿' '🌳🌿']]
2023-02-21 10:51:47,492 INFO 
[['A🌿' '🌳🌿' '🌳🌿' 'B🌿']
 ['🌳🌿' 'C🌿' '🌳🌿' '🌳🌿']
 ['🌳🌿' 'D🌿' '🌳🌿' '🌳🌿']
 ['🌳🌿' '🌳🌿' 'E🌿' '🌳🌿']]
2023-02-21 10:52:47,496 INFO 
[['A🌿' '🌳🌿' '🌳🌿' 'B🌿']
 ['🌳🌿' 'C🌿' '🌳🌿' '🌳🌿']
 ['🌳🌿' 'D🌿' '🌳🌿' '🌳🌿']
 ['🌳🌿' '🌳🌿' 'E🌿' '🌳🌿']]
2023-02-21 10:53:46,255 CRITICAL Starting new episode - Episode 1
2023-02-21 10:53:47,499 INFO 
[['A🌿' '🌳🌿' '🌳🌿' 'B🌿']
 ['🌳🌿' 'C🌿' '🌳🌿' '🌳🌿']
 ['🌳🌿' 'D🌿' '🌳🌿' '🌳🌿']
 ['🌳🌿' '🌳🌿' 'E🌿' '🌳🌿']]
2023-02-21 10:54:47,501 INFO 
[['A🌿' '🌳🌿' '🌳🌿' 'B🌿']
 ['🌳🌿' 'C🌿' '🌳🌿' '🌳🌿']
 ['🌳🌿' 'D🌿' '🔥🍂' '🔥🍂']
 ['🌳🌿' '🌳🌿' 'E🌿' '🌳🌿']]
2023-02-21 10:55:47,507 INFO 
[['A🚁' '🌳🌿' '🌳🌿' 'B🌿']
 ['🌳🌿' 'C🌿' '🌳🌿' '🌳🌿']
 ['🌳🌿' 'D🌿' '🔥🍂' '🔥🍂']
 ['🌳🌿' '🌳🌿' 'E🌿' '🌳🌿']]
2023-02-21 10:56:47,510 INFO 
[['A🚁' '🌳🌿' '🌳🌿' 'B🌿']
 ['🌳🌿' 'C🌿' '🌳🌿' '🌳🌿']
 ['🌳🌿' 'D🌿' '🔥🍂' '🔥🍂']
 ['🌳🌿' '🌳🌿' 'E🌿' '🌳🌿']]
2023-02-21 10:57:47,513 INFO 
[['A🚁' '🌳🌿' '🌳🌿' 'B🌿']
 ['🌳🌿' 'C🌿' '🌳🌿' '🌳🌿']
 ['🌳🌿' 'D🌿' '🔥🍂' '🔥🍂']
 ['🌳🌿' '🌳🌿' 'E🌿' '🌳🌿']]
2023-02-21 10:58:47,515 INFO 
[['A🚁' '🌳🌿' '🌳🌿' 'B🌿']
 ['🌳🌿' 'C🌿' '🌳🌿' '🌳🌿']
 ['🌳🌿' 'D🚁' '🔥🍂' '🔥🍂']
 ['🌳🌿' '🌳🌿' 'E🌿' '🌳🌿']]
2023-02-21 10:59:47,522 INFO 
[['A🚁' '🌳🌿' '🌳🌿' 'B🌿']
 ['🌳🌿' 'C🌿' '🌳🌿' '🌳🌿']
 ['🌳🌿' 'D🚁' '🔥🍂' '🔥🍂']
 ['🌳🌿' '🌳🌿' 'E🌿' '🌳🌿']]
2023-02-21 11:00:47,525 INFO 
[['A🚁' '🌳🌿' '🌳🌿' 'B🌿']
 ['🌳🌿' 'C🌿' '🌳🌿' '🌳🌿']
 ['🌳🌿' 'D🚁' '🔥🍂' '🔥🍂']
 ['🌳🌿' '🌳🌿' 'E🔥' '🌳🌿']]
2023-02-21 11:01:47,527 INFO 
[['A🚁' '🌳🌿' '🌳🌿' 'B🌿']
 ['🌳🌿' 'C🌿' '🌳🌿' '🌳🌿']
 ['🌳🌿' 'D🌿' '🔥🍂' '🔥🍂']
 ['🌳🌿' '🌳🌿' 'E🔥' '🌳🌿']]
2023-02-21 11:02:47,530 INFO 
[['A🌿' '🌳🌿' '🌳🌿' 'B🌿']
 ['🌳🌿' 'C🚁' '🌳🌿' '🌳🌿']
 ['🌳🌿' 'D🚁' '🔥🍂' '🔥🍂']
 ['🌳🌿' '🌳🌿' 'E🔥' '🌳🌿']]
2023-02-21 11:03:47,534 INFO 
[['A🌿' '🌳🌿' '🌳🌿' 'B🌿']
 ['🌳🌿' 'C🚁' '🌳🌿' '🌳🌿']
 ['🌳🌿' 'D🚁' '🌳🌿' '🔥🍂']
 ['🌳🌿' '🌳🌿' 'E🌿' '🔥🍂']]
2023-02-21 11:04:47,538 INFO 
[['A🌿' '🌳🌿' '🌳🌿' 'B🌿']
 ['🌳🌿' 'C🚁' '🌳🌿' '🌳🌿']
 ['🌳🌿' 'D🚁' '🌳🌿' '🔥🍂']
 ['🌳🌿' '🌳🌿' 'E🌿' '🔥🍂']]
2023-02-21 11:05:47,543 INFO 
[['A🌿' '🌳🌿' '🌳🌿' 'B🚁']
 ['🌳🌿' 'C🚁' '🌳🌿' '🌳🌿']
 ['🌳🌿' 'D🌿' '🔥🍂' '🔥🍂']
 ['🌳🌿' '🌳🌿' 'E🌿' '🔥🍂']]
2023-02-21 11:06:47,546 INFO 
[['A🌿' '🌳🌿' '🌳🌿' 'B🚁']
 ['🌳🌿' 'C🚁' '🌳🌿' '🌳🌿']
 ['🌳🌿' 'D🌿' '🔥🍂' '🔥🍂']
 ['🌳🌿' '🌳🌿' 'E🌿' '🔥🍂']]
2023-02-21 11:07:47,550 INFO 
[['A🌿' '🌳🌿' '🌳🌿' 'B🌿']
 ['🌳🌿' 'C🌿' '🌳🌿' '🌳🌿']
 ['🌳🌿' 'D🌿' '🌳🌿' '🌳🌿']
 ['🌳🌿' '🌳🌿' 'E🌿' '🌳🌿']]
2023-02-21 11:08:47,554 INFO 
[['A🌿' '🌳🌿' '🌳🌿' 'B🌿']
 ['🌳🌿' 'C🌿' '🌳🌿' '🌳🌿']
 ['🌳🌿' 'D🌿' '🌳🌿' '🌳🌿']
 ['🌳🌿' '🌳🌿' 'E🌿' '🌳🌿']]
2023-02-21 11:09:47,556 INFO 
[['A🌿' '🌳🌿' '🌳🌿' 'B🌿']
 ['🌳🌿' 'C🌿' '🌳🌿' '🌳🌿']
 ['🌳🌿' 'D🌿' '🌳🌿' '🌳🌿']
 ['🌳🌿' '🌳🌿' 'E🌿' '🌳🌿']]
2023-02-21 11:09:53,882 CRITICAL Starting new episode - Episode 2
2023-02-21 11:10:07,646 CRITICAL Starting new episode - Episode 3
2023-02-21 11:10:20,087 CRITICAL Starting new episode - Episode 4
2023-02-21 11:10:31,650 CRITICAL Starting new episode - Episode 5
2023-02-21 11:10:42,298 CRITICAL Starting new episode - Episode 6
2023-02-21 11:10:47,563 INFO 
[['A🌿' '🌳🌿' '🌳🌿' 'B🌿']
 ['🌳🌿' 'C🌿' '🌳🌿' '🌳🌿']
 ['🌳🌿' 'D🌿' '🌳🌿' '🌳🌿']
 ['🌳🌿' '🌳🌿' 'E🌿' '🌳🌿']]
2023-02-21 11:10:52,830 CRITICAL Starting new episode - Episode 7
2023-02-21 11:11:03,275 CRITICAL Starting new episode - Episode 8
2023-02-21 11:11:13,918 CRITICAL Starting new episode - Episode 9
2023-02-21 11:11:25,022 CRITICAL Starting new episode - Episode 10
2023-02-21 11:11:47,566 INFO 
[['A🌿' '🌳🌿' '🌳🌿' 'B🌿']
 ['🌳🌿' 'C🌿' '🌳🌿' '🌳🌿']
 ['🌳🌿' 'D🌿' '🌳🌿' '🌳🌿']
 ['🌳🌿' '🌳🌿' 'E🌿' '🌳🌿']]
2023-02-21 11:11:56,338 CRITICAL Starting new episode - Episode 11
2023-02-21 11:12:05,491 CRITICAL Starting new episode - Episode 12
2023-02-21 11:12:17,393 CRITICAL Starting new episode - Episode 13
2023-02-21 11:12:27,927 CRITICAL Starting new episode - Episode 14
2023-02-21 11:12:47,569 INFO 
[['A🌿' '🌳🌿' '🌳🌿' 'B🌿']
 ['🌳🌿' 'C🌿' '🌳🌿' '🔥🍂']
 ['🌳🌿' 'D🌿' '🌳🌿' '🌳🌿']
 ['🌳🌿' '🌳🌿' 'E🌿' '🌳🌿']]
2023-02-21 11:12:51,326 CRITICAL Starting new episode - Episode 15
2023-02-21 11:13:12,399 CRITICAL Starting new episode - Episode 16
2023-02-21 11:13:33,774 CRITICAL Starting new episode - Episode 17
2023-02-21 11:13:47,573 INFO 
[['A🌿' '🌳🌿' '🌳🌿' 'B🌿']
 ['🌳🌿' 'C🌿' '🌳🌿' '🌳🌿']
 ['🌳🌿' 'D🌿' '🌳🌿' '🌳🌿']
 ['🌳🌿' '🌳🌿' 'E🌿' '🌳🌿']]
2023-02-21 11:13:54,299 CRITICAL Starting new episode - Episode 18
2023-02-21 11:14:14,282 CRITICAL Starting new episode - Episode 19
2023-02-21 11:14:27,751 CRITICAL Starting new episode - Episode 20
2023-02-21 11:14:47,594 INFO 
[['A🌿' '🌳🌿' '🌳🌿' 'B🌿']
 ['🌳🌿' 'C🌿' '🌳🌿' '🌳🌿']
 ['🌳🌿' 'D🌿' '🌳🌿' '🌳🌿']
 ['🌳🌿' '🔥🍂' 'E🔥' '🌳🌿']]
