2023-02-21 12:32:54,873 INFO Creation of log point_matrix
2023-02-21 12:33:04,732 INFO 
[['A🌿' '🌳🌿' '🌳🌿' 'B🌿']
 ['🌳🌿' 'C🌿' '🌳🌿' '🌳🌿']
 ['🌳🌿' 'D🌿' '🌳🌿' '🌳🌿']
 ['🌳🌿' '🌳🌿' 'E🌿' '🌳🌿']]
2023-02-21 12:33:54,889 INFO 
[['A🌿' '🌳🌿' '🌳🌿' 'B🌿']
 ['🌳🌿' 'C🌿' '🌳🌿' '🌳🌿']
 ['🌳🌿' 'D🌿' '🌳🌿' '🌳🌿']
 ['🌳🌿' '🌳🌿' 'E🌿' '🌳🌿']]
2023-02-21 12:34:54,895 INFO 
[['A🚁' '🌳🌿' '🌳🌿' 'B🌿']
 ['🌳🌿' 'C🌿' '🌳🌿' '🌳🌿']
 ['🌳🌿' 'D🌿' '🌳🌿' '🌳🌿']
 ['🌳🌿' '🌳🌿' 'E🌿' '🌳🌿']]
2023-02-21 12:35:54,898 INFO 
[['A🚁' '🌳🌿' '🌳🌿' 'B🌿']
 ['🌳🌿' 'C🌿' '🌳🌿' '🌳🌿']
 ['🌳🌿' 'D🌿' '🌳🌿' '🌳🌿']
 ['🌳🌿' '🌳🌿' 'E🌿' '🌳🌿']]
2023-02-21 12:36:54,902 INFO 
[['A🚁' '🌳🌿' '🌳🌿' 'B🌿']
 ['🌳🌿' 'C🌿' '🌳🌿' '🌳🌿']
 ['🌳🌿' 'D🌿' '🌳🌿' '🌳🌿']
 ['🌳🌿' '🌳🌿' 'E🌿' '🌳🌿']]
2023-02-21 12:37:54,905 INFO 
[['A🌿' '🌳🌿' '🌳🌿' 'B🌿']
 ['🌳🌿' 'C🌿' '🌳🌿' '🌳🌿']
 ['🌳🌿' 'D🌿' '🌳🌿' '🌳🌿']
 ['🌳🌿' '🌳🌿' 'E🚁' '🌳🌿']]
2023-02-21 12:38:54,909 INFO 
[['A🌿' '🌳🌿' '🌳🌿' 'B🚁']
 ['🌳🌿' 'C🌿' '🌳🌿' '🌳🌿']
 ['🌳🌿' 'D🌿' '🌳🌿' '🌳🌿']
 ['🌳🌿' '🌳🌿' 'E🚁' '🌳🌿']]
2023-02-21 12:39:54,911 INFO 
[['A🌿' '🌳🌿' '🌳🌿' 'B🌿']
 ['🌳🌿' 'C🚁' '🌳🌿' '🌳🌿']
 ['🌳🌿' 'D🌿' '🌳🌿' '🌳🌿']
 ['🌳🌿' '🌳🌿' 'E🚁' '🌳🌿']]
2023-02-21 12:40:54,914 INFO 
[['A🌿' '🌳🌿' '🌳🌿' 'B🌿']
 ['🌳🌿' 'C🌿' '🌳🌿' '🌳🌿']
 ['🌳🌿' 'D🚁' '🌳🌿' '🌳🌿']
 ['🌳🌿' '🌳🌿' 'E🚁' '🌳🌿']]
2023-02-21 12:41:54,923 INFO 
[['A🌿' '🌳🌿' '🌳🌿' 'B🌿']
 ['🌳🌿' 'C🌿' '🌳🌿' '🌳🌿']
 ['🌳🌿' 'D🚁' '🌳🌿' '🌳🌿']
 ['🌳🌿' '🌳🌿' 'E🚁' '🌳🌿']]
2023-02-21 12:42:54,934 INFO 
[['A🌿' '🌳🌿' '🌳🌿' 'B🌿']
 ['🌳🌿' 'C🌿' '🌳🌿' '🌳🌿']
 ['🌳🌿' 'D🚁' '🌳🌿' '🌳🌿']
 ['🌳🌿' '🌳🌿' 'E🚁' '🌳🌿']]
2023-02-21 12:43:54,938 INFO 
[['A🌿' '🌳🌿' '🌳🌿' 'B🌿']
 ['🌳🌿' 'C🌿' '🌳🌿' '🌳🌿']
 ['🌳🌿' 'D🚁' '🌳🌿' '🌳🌿']
 ['🌳🌿' '🌳🌿' 'E🌿' '🌳🌿']]
2023-02-21 12:44:54,942 INFO 
[['A🌿' '🌳🌿' '🌳🌿' 'B🌿']
 ['🌳🌿' 'C🌿' '🌳🌿' '🌳🌿']
 ['🌳🌿' 'D🚁' '🔥🍂' '🔥🍂']
 ['🌳🌿' '🌳🌿' 'E🔥' '🌳🌿']]
2023-02-21 12:45:54,944 INFO 
[['A🌿' '🌳🌿' '🌳🌿' 'B🌿']
 ['🌳🌿' 'C🌿' '🌳🌿' '🔥🍂']
 ['🌳🌿' 'D🚁' '🔥🍂' '🔥🍂']
 ['🌳🌿' '🔥🍂' 'E🌿' '🌳🌿']]
2023-02-21 12:46:54,946 INFO 
[['A🌿' '🌳🌿' '🌳🌿' 'B🌿']
 ['🌳🌿' 'C🌿' '🌳🌿' '🔥🍂']
 ['🌳🌿' 'D🚁' '🔥🍂' '🔥🍂']
 ['🔥🍂' '🔥🍂' 'E🌿' '🌳🌿']]
2023-02-21 12:47:54,948 INFO 
[['A🌿' '🌳🌿' '🌳🌿' 'B🌿']
 ['🌳🌿' 'C🌿' '🌳🌿' '🌳🌿']
 ['🌳🌿' 'D🌿' '🌳🌿' '🌳🌿']
 ['🌳🌿' '🌳🌿' 'E🌿' '🌳🌿']]
2023-02-21 12:48:54,951 INFO 
[['A🌿' '🌳🌿' '🌳🌿' 'B🌿']
 ['🌳🌿' 'C🌿' '🌳🌿' '🌳🌿']
 ['🌳🌿' 'D🌿' '🌳🌿' '🌳🌿']
 ['🌳🌿' '🌳🌿' 'E🌿' '🌳🌿']]
2023-02-21 12:49:54,954 INFO 
[['A🌿' '🌳🌿' '🌳🌿' 'B🌿']
 ['🌳🌿' 'C🌿' '🌳🌿' '🌳🌿']
 ['🌳🌿' 'D🌿' '🌳🌿' '🌳🌿']
 ['🌳🌿' '🌳🌿' 'E🌿' '🌳🌿']]
2023-02-21 12:50:03,828 CRITICAL Starting new episode - Episode 1
2023-02-21 12:50:54,956 INFO 
[['A🌿' '🌳🌿' '🌳🌿' 'B🌿']
 ['🌳🌿' 'C🌿' '🌳🌿' '🌳🌿']
 ['🌳🌿' 'D🔥' '🌳🌿' '🌳🌿']
 ['🌳🌿' '🔥🍂' 'E🌿' '🌳🌿']]
2023-02-21 12:51:54,958 INFO 
[['A🚁' '🌳🌿' '🌳🌿' 'B🌿']
 ['🌳🌿' 'C🌿' '🌳🌿' '🌳🌿']
 ['🌳🌿' 'D🚒' '🌳🌿' '🌳🌿']
 ['🌳🌿' '🔥🍂' 'E🌿' '🌳🌿']]
2023-02-21 12:52:54,961 INFO 
[['A🚁' '🌳🌿' '🌳🌿' 'B🌿']
 ['🌳🌿' 'C🔥' '🌳🌿' '🌳🌿']
 ['🔥🍂' 'D🔥' '🌳🌿' '🌳🌿']
 ['🔥🍂' '🔥🍂' 'E🔥' '🌳🌿']]
2023-02-21 12:53:54,965 INFO 
[['A🚁' '🌳🌿' '🌳🌿' 'B🌿']
 ['🔥🍂' 'C🔥' '🌳🌿' '🌳🌿']
 ['🔥🍂' 'D🔥' '🌳🌿' '🌳🌿']
 ['🔥🍂' '🌳🌿' 'E🌿' '🔥🍂']]
2023-02-21 12:54:54,966 INFO 
[['A🌿' '🌳🌿' '🌳🌿' 'B🌿']
 ['🔥🍂' 'C🌿' '🌳🌿' '🌳🌿']
 ['🔥🍂' 'D🔥' '🌳🌿' '🌳🌿']
 ['🔥🍂' '🌳🌿' 'E🚁' '🔥🍂']]
2023-02-21 12:55:54,968 INFO 
[['A🌿' '🌳🌿' '🌳🌿' 'B🚁']
 ['🌳🌿' 'C🌿' '🌳🌿' '🌳🌿']
 ['🔥🍂' 'D🔥' '🌳🌿' '🌳🌿']
 ['🔥🍂' '🌳🌿' 'E🚁' '🔥🍂']]
2023-02-21 12:56:54,972 INFO 
[['A🌿' '🌳🌿' '🌳🌿' 'B🚁']
 ['🌳🌿' 'C🌿' '🌳🌿' '🌳🌿']
 ['🔥🍂' 'D🔥' '🌳🌿' '🌳🌿']
 ['🔥🍂' '🌳🌿' 'E🚁' '🔥🍂']]
2023-02-21 12:57:54,974 INFO 
[['A🌿' '🌳🌿' '🌳🌿' 'B🌿']
 ['🌳🌿' 'C🚁' '🌳🌿' '🌳🌿']
 ['🔥🍂' 'D🔥' '🌳🌿' '🌳🌿']
 ['🔥🍂' '🔥🍂' 'E🌿' '🔥🍂']]
2023-02-21 12:58:54,976 INFO 
[['A🌿' '🌳🌿' '🌳🌿' 'B🌿']
 ['🌳🌿' 'C🚁' '🌳🌿' '🌳🌿']
 ['🔥🍂' 'D🔥' '🔥🍂' '🌳🌿']
 ['🔥🍂' '🔥🍂' 'E🌿' '🔥🍂']]
