2023-05-14 00:16:17,237 INFO Creation of log point_matrix
2023-05-14 00:16:21,701 INFO 
[['A🌿' '🌳🌿' '🌳🌿' 'B🌿']
 ['🌳🌿' 'C🌿' '🌳🌿' '🌳🌿']
 ['🌳🌿' 'D🌿' '🌳🌿' '🌳🌿']
 ['🌳🌿' '🌳🌿' 'E🌿' '🌳🌿']]
2023-05-14 00:17:17,276 INFO 
[['A🌿' '🌳🌿' '🌳🌿' 'B🌿']
 ['🌳🌿' 'C🌿' '🌳🌿' '🌳🌿']
 ['🌳🌿' 'D🚁' '🌳🌿' '🌳🌿']
 ['🌳🌿' '🌳🌿' 'E🌿' '🌳🌿']]
2023-05-14 00:18:17,277 INFO 
[['A🌿' '🌳🌿' '🌳🌿' 'B🌿']
 ['🌳🌿' 'C🌿' '🌳🌿' '🌳🌿']
 ['🌳🌿' 'D🌿' '🌳🌿' '🌳🌿']
 ['🌳🌿' '🌳🌿' 'E🌿' '🌳🌿']]
2023-05-14 00:19:17,279 INFO 
[['A🌿' '🌳🌿' '🌳🌿' 'B🌿']
 ['🌳🌿' 'C🌿' '🌳🌿' '🌳🌿']
 ['🌳🌿' 'D🌿' '🌳🌿' '🌳🌿']
 ['🌳🌿' '🌳🌿' 'E🌿' '🌳🌿']]
2023-05-14 00:20:17,282 INFO 
[['A🌿' '🌳🌿' '🌳🌿' 'B🌿']
 ['🌳🌿' 'C🌿' '🌳🌿' '🌳🌿']
 ['🌳🌿' 'D🌿' '🌳🌿' '🌳🌿']
 ['🌳🌿' '🌳🌿' 'E🚁' '🌳🌿']]
2023-05-14 00:21:17,284 INFO 
[['A🌿' '🌳🌿' '🌳🌿' 'B🌿']
 ['🌳🌿' 'C🌿' '🌳🌿' '🌳🌿']
 ['🌳🌿' 'D🌿' '🌳🌿' '🌳🌿']
 ['🌳🌿' '🌳🌿' 'E🌿' '🌳🌿']]
2023-05-14 00:22:17,286 INFO 
[['A🌿' '🌳🌿' '🌳🌿' 'B🌿']
 ['🌳🌿' 'C🌿' '🌳🌿' '🌳🌿']
 ['🌳🌿' 'D🌿' '🌳🌿' '🌳🌿']
 ['🌳🌿' '🔥🍂' 'E🌿' '🌳🌿']]
2023-05-14 00:23:17,290 INFO 
[['A🌿' '🌳🌿' '🌳🌿' 'B🌿']
 ['🌳🌿' 'C🚁' '🌳🌿' '🌳🌿']
 ['🌳🌿' 'D🌿' '🌳🌿' '🌳🌿']
 ['🌳🌿' '🔥🍂' 'E🌿' '🌳🌿']]
2023-05-14 00:24:17,293 INFO 
[['A🌿' '🌳🌿' '🌳🌿' 'B🌿']
 ['🌳🌿' 'C🌿' '🌳🌿' '🌳🌿']
 ['🌳🌿' 'D🌿' '🌳🌿' '🌳🌿']
 ['🌳🌿' '🔥🍂' 'E🔥' '🌳🌿']]
2023-05-14 00:25:17,295 INFO 
[['A🌿' '🌳🌿' '🌳🌿' 'B🌿']
 ['🌳🌿' 'C🌿' '🌳🌿' '🌳🌿']
 ['🌳🌿' 'D🌿' '🌳🌿' '🌳🌿']
 ['🔥🍂' '🔥🍂' 'E🔥' '🌳🌿']]
2023-05-14 00:26:17,299 INFO 
[['A🌿' '🌳🌿' '🌳🌿' 'B🌿']
 ['🌳🌿' 'C🌿' '🌳🌿' '🌳🌿']
 ['🌳🌿' 'D🔥' '🌳🌿' '🌳🌿']
 ['🌳🌿' '🔥🍂' 'E🚒' '🌳🌿']]
2023-05-14 00:27:17,302 INFO 
[['A🌿' '🌳🌿' '🌳🌿' 'B🌿']
 ['🌳🌿' 'C🚁' '🌳🌿' '🌳🌿']
 ['🌳🌿' 'D🌿' '🌳🌿' '🌳🌿']
 ['🌳🌿' '🔥🍂' 'E🔥' '🌳🌿']]
2023-05-14 00:28:17,305 INFO 
[['A🚁' '🌳🌿' '🌳🌿' 'B🌿']
 ['🌳🌿' 'C🌿' '🌳🌿' '🌳🌿']
 ['🌳🌿' 'D🌿' '🌳🌿' '🌳🌿']
 ['🌳🌿' '🔥🍂' 'E🔥' '🔥🍂']]
2023-05-14 00:29:17,306 INFO 
[['A🚁' '🌳🌿' '🌳🌿' 'B🌿']
 ['🌳🌿' 'C🌿' '🌳🌿' '🌳🌿']
 ['🌳🌿' 'D🔥' '🌳🌿' '🌳🌿']
 ['🌳🌿' '🔥🍂' 'E🌿' '🔥🍂']]
2023-05-14 00:30:17,308 INFO 
[['A🌿' '🌳🌿' '🌳🌿' 'B🌿']
 ['🌳🌿' 'C🌿' '🌳🌿' '🌳🌿']
 ['🌳🌿' 'D🔥' '🔥🍂' '🌳🌿']
 ['🔥🍂' '🔥🍂' 'E🔥' '🔥🍂']]
2023-05-14 00:31:17,311 INFO 
[['A🌿' '🌳🌿' '🌳🌿' 'B🌿']
 ['🌳🌿' 'C🌿' '🔥🍂' '🌳🌿']
 ['🌳🌿' 'D🔥' '🔥🍂' '🌳🌿']
 ['🔥🍂' '🌳🌿' 'E🚁' '🔥🍂']]
2023-05-14 00:32:17,313 INFO 
[['A🌿' '🌳🌿' '🌳🌿' 'B🌿']
 ['🌳🌿' 'C🚁' '🔥🍂' '🌳🌿']
 ['🌳🌿' 'D🔥' '🔥🍂' '🌳🌿']
 ['🌳🌿' '🔥🍂' 'E🔥' '🔥🍂']]
2023-05-14 00:33:17,315 INFO 
[['A🌿' '🌳🌿' '🌳🌿' 'B🌿']
 ['🌳🌿' 'C🚁' '🔥🍂' '🌳🌿']
 ['🌳🌿' 'D🔥' '🔥🍂' '🔥🍂']
 ['🌳🌿' '🔥🍂' 'E🔥' '🔥🍂']]
2023-05-14 00:34:17,318 INFO 
[['A🌿' '🌳🌿' '🔥🍂' 'B🌿']
 ['🌳🌿' 'C🚁' '🌳🌿' '🌳🌿']
 ['🌳🌿' 'D🔥' '🔥🍂' '🔥🍂']
 ['🌳🌿' '🔥🍂' 'E🌿' '🔥🍂']]
2023-05-14 00:35:17,320 INFO 
[['A🌿' '🌳🌿' '🔥🍂' 'B🌿']
 ['🌳🌿' 'C🌿' '🔥🍂' '🌳🌿']
 ['🌳🌿' 'D🔥' '🔥🍂' '🔥🍂']
 ['🌳🌿' '🔥🍂' 'E🔥' '🔥🍂']]
2023-05-14 00:36:17,321 INFO 
[['A🌿' '🌳🌿' '🌳🌿' 'B🌿']
 ['🌳🌿' 'C🌿' '🌳🌿' '🌳🌿']
 ['🌳🌿' 'D🌿' '🌳🌿' '🌳🌿']
 ['🌳🌿' '🌳🌿' 'E🌿' '🌳🌿']]
2023-05-14 00:36:37,877 CRITICAL Starting new episode - Episode 1
2023-05-14 00:37:17,333 INFO 
[['A🌿' '🌳🌿' '🌳🌿' 'B🌿']
 ['🌳🌿' 'C🌿' '🌳🌿' '🌳🌿']
 ['🌳🌿' 'D🌿' '🌳🌿' '🌳🌿']
 ['🌳🌿' '🌳🌿' 'E🚁' '🌳🌿']]
2023-05-14 00:38:17,342 INFO 
[['A🌿' '🌳🌿' '🌳🌿' 'B🌿']
 ['🌳🌿' 'C🚁' '🌳🌿' '🌳🌿']
 ['🌳🌿' 'D🌿' '🌳🌿' '🌳🌿']
 ['🌳🌿' '🌳🌿' 'E🌿' '🌳🌿']]
2023-05-14 00:39:17,344 INFO 
[['A🌿' '🌳🌿' '🌳🌿' 'B🌿']
 ['🌳🌿' 'C🌿' '🌳🌿' '🌳🌿']
 ['🌳🌿' 'D🌿' '🌳🌿' '🌳🌿']
 ['🌳🌿' '🌳🌿' 'E🌿' '🌳🌿']]
2023-05-14 00:40:17,348 INFO 
[['A🌿' '🌳🌿' '🌳🌿' 'B🌿']
 ['🌳🌿' 'C🌿' '🌳🌿' '🌳🌿']
 ['🌳🌿' 'D🌿' '🌳🌿' '🌳🌿']
 ['🌳🌿' '🌳🌿' 'E🚁' '🌳🌿']]
2023-05-14 00:41:17,350 INFO 
[['A🌿' '🌳🌿' '🌳🌿' 'B🌿']
 ['🌳🌿' 'C🚁' '🌳🌿' '🌳🌿']
 ['🌳🌿' 'D🌿' '🌳🌿' '🌳🌿']
 ['🌳🌿' '🌳🌿' 'E🌿' '🌳🌿']]
2023-05-14 00:42:17,354 INFO 
[['A🌿' '🌳🌿' '🌳🌿' 'B🚁']
 ['🌳🌿' 'C🌿' '🌳🌿' '🌳🌿']
 ['🌳🌿' 'D🌿' '🌳🌿' '🌳🌿']
 ['🌳🌿' '🌳🌿' 'E🌿' '🌳🌿']]
2023-05-14 00:43:17,357 INFO 
[['A🌿' '🌳🌿' '🌳🌿' 'B🌿']
 ['🌳🌿' 'C🚁' '🌳🌿' '🌳🌿']
 ['🌳🌿' 'D🌿' '🌳🌿' '🌳🌿']
 ['🌳🌿' '🌳🌿' 'E🌿' '🌳🌿']]
2023-05-14 00:44:17,361 INFO 
[['A🌿' '🌳🌿' '🌳🌿' 'B🌿']
 ['🌳🌿' 'C🌿' '🌳🌿' '🌳🌿']
 ['🌳🌿' 'D🌿' '🌳🌿' '🌳🌿']
 ['🌳🌿' '🌳🌿' 'E🌿' '🌳🌿']]
2023-05-14 00:45:17,364 INFO 
[['A🌿' '🌳🌿' '🌳🌿' 'B🌿']
 ['🌳🌿' 'C🌿' '🌳🌿' '🌳🌿']
 ['🌳🌿' 'D🌿' '🌳🌿' '🌳🌿']
 ['🌳🌿' '🌳🌿' 'E🌿' '🌳🌿']]
2023-05-14 00:46:17,366 INFO 
[['A🌿' '🌳🌿' '🌳🌿' 'B🌿']
 ['🌳🌿' 'C🌿' '🌳🌿' '🌳🌿']
 ['🌳🌿' 'D🌿' '🌳🌿' '🌳🌿']
 ['🌳🌿' '🌳🌿' 'E🚁' '🌳🌿']]
2023-05-14 00:47:17,369 INFO 
[['A🌿' '🌳🌿' '🌳🌿' 'B🌿']
 ['🌳🌿' 'C🌿' '🌳🌿' '🌳🌿']
 ['🌳🌿' 'D🌿' '🌳🌿' '🌳🌿']
 ['🌳🌿' '🌳🌿' 'E🌿' '🌳🌿']]
2023-05-14 00:48:17,371 INFO 
[['A🌿' '🌳🌿' '🌳🌿' 'B🌿']
 ['🌳🌿' 'C🌿' '🌳🌿' '🌳🌿']
 ['🌳🌿' 'D🌿' '🌳🌿' '🌳🌿']
 ['🌳🌿' '🌳🌿' 'E🌿' '🌳🌿']]
2023-05-14 00:49:17,373 INFO 
[['A🚁' '🌳🌿' '🌳🌿' 'B🌿']
 ['🌳🌿' 'C🌿' '🌳🌿' '🌳🌿']
 ['🌳🌿' 'D🌿' '🌳🌿' '🌳🌿']
 ['🌳🌿' '🌳🌿' 'E🌿' '🌳🌿']]
2023-05-14 00:50:17,376 INFO 
[['A🌿' '🌳🌿' '🌳🌿' 'B🌿']
 ['🌳🌿' 'C🌿' '🌳🌿' '🌳🌿']
 ['🌳🌿' 'D🌿' '🌳🌿' '🔥🍂']
 ['🌳🌿' '🌳🌿' 'E🌿' '🌳🌿']]
2023-05-14 00:51:17,381 INFO 
[['A🌿' '🌳🌿' '🌳🌿' 'B🌿']
 ['🌳🌿' 'C🌿' '🌳🌿' '🌳🌿']
 ['🌳🌿' 'D🌿' '🌳🌿' '🔥🍂']
 ['🌳🌿' '🌳🌿' 'E🚁' '🌳🌿']]
2023-05-14 00:52:17,389 INFO 
[['A🌿' '🌳🌿' '🌳🌿' 'B🌿']
 ['🌳🌿' 'C🚁' '🌳🌿' '🌳🌿']
 ['🌳🌿' 'D🌿' '🌳🌿' '🔥🍂']
 ['🌳🌿' '🌳🌿' 'E🌿' '🌳🌿']]
2023-05-14 00:53:17,392 INFO 
[['A🌿' '🌳🌿' '🌳🌿' 'B🌿']
 ['🌳🌿' 'C🌿' '🌳🌿' '🌳🌿']
 ['🌳🌿' 'D🌿' '🌳🌿' '🔥🍂']
 ['🌳🌿' '🌳🌿' 'E🌿' '🌳🌿']]
2023-05-14 00:54:17,394 INFO 
[['A🌿' '🌳🌿' '🌳🌿' 'B🌿']
 ['🌳🌿' 'C🌿' '🌳🌿' '🌳🌿']
 ['🌳🌿' 'D🌿' '🌳🌿' '🔥🍂']
 ['🌳🌿' '🌳🌿' 'E🚁' '🌳🌿']]
2023-05-14 00:55:17,403 INFO 
[['A🌿' '🌳🌿' '🌳🌿' 'B🌿']
 ['🌳🌿' 'C🚁' '🌳🌿' '🌳🌿']
 ['🌳🌿' 'D🌿' '🌳🌿' '🔥🍂']
 ['🌳🌿' '🌳🌿' 'E🌿' '🌳🌿']]
2023-05-14 00:56:17,405 INFO 
[['A🌿' '🌳🌿' '🌳🌿' 'B🌿']
 ['🌳🌿' 'C🌿' '🌳🌿' '🌳🌿']
 ['🌳🌿' 'D🌿' '🌳🌿' '🔥🍂']
 ['🌳🌿' '🌳🌿' 'E🌿' '🌳🌿']]
2023-05-14 00:57:17,410 INFO 
[['A🌿' '🌳🌿' '🌳🌿' 'B🌿']
 ['🌳🌿' 'C🌿' '🌳🌿' '🔥🍂']
 ['🌳🌿' 'D🌿' '🌳🌿' '🔥🍂']
 ['🌳🌿' '🌳🌿' 'E🚁' '🌳🌿']]
2023-05-14 00:58:17,417 INFO 
[['A🌿' '🌳🌿' '🌳🌿' 'B🌿']
 ['🌳🌿' 'C🚁' '🌳🌿' '🔥🍂']
 ['🌳🌿' 'D🌿' '🌳🌿' '🔥🍂']
 ['🌳🌿' '🌳🌿' 'E🌿' '🌳🌿']]
2023-05-14 00:59:17,419 INFO 
[['A🌿' '🌳🌿' '🌳🌿' 'B🌿']
 ['🌳🌿' 'C🚁' '🌳🌿' '🔥🍂']
 ['🌳🌿' 'D🌿' '🌳🌿' '🌳🌿']
 ['🌳🌿' '🌳🌿' 'E🌿' '🌳🌿']]
2023-05-14 01:00:17,423 INFO 
[['A🌿' '🌳🌿' '🌳🌿' 'B🌿']
 ['🌳🌿' 'C🌿' '🔥🍂' '🔥🍂']
 ['🌳🌿' 'D🌿' '🌳🌿' '🌳🌿']
 ['🌳🌿' '🌳🌿' 'E🌿' '🌳🌿']]
2023-05-14 01:01:17,426 INFO 
[['A🌿' '🌳🌿' '🌳🌿' 'B🌿']
 ['🌳🌿' 'C🌿' '🔥🍂' '🔥🍂']
 ['🌳🌿' 'D🌿' '🌳🌿' '🌳🌿']
 ['🌳🌿' '🌳🌿' 'E🚁' '🌳🌿']]
2023-05-14 01:02:17,429 INFO 
[['A🌿' '🌳🌿' '🌳🌿' 'B🌿']
 ['🌳🌿' 'C🚁' '🔥🍂' '🔥🍂']
 ['🌳🌿' 'D🌿' '🌳🌿' '🌳🌿']
 ['🌳🌿' '🌳🌿' 'E🌿' '🌳🌿']]
2023-05-14 01:03:17,431 INFO 
[['A🌿' '🌳🌿' '🌳🌿' 'B🌿']
 ['🌳🌿' 'C🌿' '🔥🍂' '🔥🍂']
 ['🌳🌿' 'D🌿' '🌳🌿' '🌳🌿']
 ['🌳🌿' '🌳🌿' 'E🌿' '🌳🌿']]
2023-05-14 01:04:17,434 INFO 
[['A🌿' '🌳🌿' '🌳🌿' 'B🌿']
 ['🌳🌿' 'C🌿' '🔥🍂' '🔥🍂']
 ['🌳🌿' 'D🌿' '🌳🌿' '🌳🌿']
 ['🌳🌿' '🌳🌿' 'E🌿' '🌳🌿']]
2023-05-14 01:05:17,442 INFO 
[['A🌿' '🌳🌿' '🌳🌿' 'B🌿']
 ['🌳🌿' 'C🚁' '🔥🍂' '🔥🍂']
 ['🌳🌿' 'D🌿' '🌳🌿' '🌳🌿']
 ['🌳🌿' '🌳🌿' 'E🌿' '🌳🌿']]
2023-05-14 01:06:17,445 INFO 
[['A🌿' '🌳🌿' '🌳🌿' 'B🌿']
 ['🌳🌿' 'C🌿' '🔥🍂' '🔥🍂']
 ['🌳🌿' 'D🌿' '🌳🌿' '🔥🍂']
 ['🌳🌿' '🌳🌿' 'E🌿' '🌳🌿']]
2023-05-14 01:07:17,447 INFO 
[['A🌿' '🌳🌿' '🌳🌿' 'B🌿']
 ['🌳🌿' 'C🌿' '🌳🌿' '🔥🍂']
 ['🌳🌿' 'D🌿' '🌳🌿' '🔥🍂']
 ['🌳🌿' '🌳🌿' 'E🌿' '🌳🌿']]
2023-05-14 01:08:17,457 INFO 
[['A🌿' '🌳🌿' '🌳🌿' 'B🔥']
 ['🌳🌿' 'C🚁' '🌳🌿' '🔥🍂']
 ['🌳🌿' 'D🌿' '🌳🌿' '🌳🌿']
 ['🌳🌿' '🌳🌿' 'E🌿' '🌳🌿']]
2023-05-14 01:09:17,460 INFO 
[['A🌿' '🌳🌿' '🌳🌿' 'B🔥']
 ['🌳🌿' 'C🌿' '🌳🌿' '🔥🍂']
 ['🌳🌿' 'D🌿' '🌳🌿' '🌳🌿']
 ['🌳🌿' '🌳🌿' 'E🌿' '🌳🌿']]
2023-05-14 01:10:17,462 INFO 
[['A🌿' '🌳🌿' '🌳🌿' 'B🔥']
 ['🌳🌿' 'C🌿' '🌳🌿' '🔥🍂']
 ['🌳🌿' 'D🌿' '🌳🌿' '🌳🌿']
 ['🌳🌿' '🌳🌿' 'E🌿' '🌳🌿']]
2023-05-14 01:11:17,474 INFO 
[['A🌿' '🌳🌿' '🌳🌿' 'B🔥']
 ['🌳🌿' 'C🚁' '🌳🌿' '🌳🌿']
 ['🌳🌿' 'D🌿' '🌳🌿' '🔥🍂']
 ['🌳🌿' '🌳🌿' 'E🌿' '🌳🌿']]
2023-05-14 01:12:17,476 INFO 
[['A🌿' '🌳🌿' '🌳🌿' 'B🔥']
 ['🌳🌿' 'C🌿' '🌳🌿' '🌳🌿']
 ['🌳🌿' 'D🌿' '🌳🌿' '🔥🍂']
 ['🌳🌿' '🌳🌿' 'E🌿' '🌳🌿']]
2023-05-14 01:13:17,478 INFO 
[['A🌿' '🌳🌿' '🌳🌿' 'B🔥']
 ['🌳🌿' 'C🌿' '🌳🌿' '🌳🌿']
 ['🌳🌿' 'D🌿' '🔥🍂' '🔥🍂']
 ['🌳🌿' '🌳🌿' 'E🌿' '🌳🌿']]
2023-05-14 01:14:17,481 INFO 
[['A🌿' '🌳🌿' '🌳🌿' 'B🔥']
 ['🌳🌿' 'C🌿' '🔥🍂' '🌳🌿']
 ['🌳🌿' 'D🌿' '🔥🍂' '🔥🍂']
 ['🌳🌿' '🌳🌿' 'E🌿' '🌳🌿']]
2023-05-14 01:15:17,484 INFO 
[['A🌿' '🌳🌿' '🌳🌿' 'B🌿']
 ['🌳🌿' 'C🌿' '🔥🍂' '🌳🌿']
 ['🌳🌿' 'D🌿' '🌳🌿' '🔥🍂']
 ['🌳🌿' '🌳🌿' 'E🌿' '🌳🌿']]
2023-05-14 01:16:17,488 INFO 
[['A🚁' '🌳🌿' '🌳🌿' 'B🌿']
 ['🌳🌿' 'C🌿' '🔥🍂' '🌳🌿']
 ['🌳🌿' 'D🌿' '🌳🌿' '🌳🌿']
 ['🌳🌿' '🌳🌿' 'E🌿' '🔥🍂']]
2023-05-14 01:17:17,491 INFO 
[['A🌿' '🌳🌿' '🌳🌿' 'B🌿']
 ['🌳🌿' 'C🌿' '🔥🍂' '🌳🌿']
 ['🌳🌿' 'D🌿' '🌳🌿' '🌳🌿']
 ['🌳🌿' '🌳🌿' 'E🌿' '🔥🍂']]
2023-05-14 01:18:17,493 INFO 
[['A🌿' '🌳🌿' '🌳🌿' 'B🌿']
 ['🌳🌿' 'C🌿' '🔥🍂' '🌳🌿']
 ['🌳🌿' 'D🌿' '🌳🌿' '🌳🌿']
 ['🌳🌿' '🌳🌿' 'E🚁' '🌳🌿']]
2023-05-14 01:19:17,497 INFO 
[['A🌿' '🌳🌿' '🌳🌿' 'B🌿']
 ['🌳🌿' 'C🌿' '🔥🍂' '🌳🌿']
 ['🌳🌿' 'D🌿' '🌳🌿' '🌳🌿']
 ['🌳🌿' '🌳🌿' 'E🌿' '🌳🌿']]
2023-05-14 01:20:17,499 INFO 
[['A🌿' '🌳🌿' '🔥🍂' 'B🌿']
 ['🌳🌿' 'C🌿' '🔥🍂' '🌳🌿']
 ['🌳🌿' 'D🌿' '🌳🌿' '🌳🌿']
 ['🌳🌿' '🌳🌿' 'E🌿' '🌳🌿']]
2023-05-14 01:21:17,502 INFO 
[['A🌿' '🌳🌿' '🌳🌿' 'B🌿']
 ['🌳🌿' 'C🌿' '🔥🍂' '🌳🌿']
 ['🌳🌿' 'D🚁' '🌳🌿' '🌳🌿']
 ['🌳🌿' '🌳🌿' 'E🌿' '🌳🌿']]
2023-05-14 01:22:17,504 INFO 
[['A🌿' '🌳🌿' '🌳🌿' 'B🌿']
 ['🌳🌿' 'C🌿' '🔥🍂' '🌳🌿']
 ['🌳🌿' 'D🌿' '🌳🌿' '🌳🌿']
 ['🌳🌿' '🌳🌿' 'E🌿' '🌳🌿']]
2023-05-14 01:23:17,506 INFO 
[['A🌿' '🌳🌿' '🔥🍂' 'B🌿']
 ['🌳🌿' 'C🌿' '🔥🍂' '🔥🍂']
 ['🌳🌿' 'D🌿' '🌳🌿' '🌳🌿']
 ['🌳🌿' '🌳🌿' 'E🚁' '🌳🌿']]
2023-05-14 01:24:17,514 INFO 
[['A🌿' '🌳🌿' '🔥🍂' 'B🔥']
 ['🌳🌿' 'C🚁' '🔥🍂' '🔥🍂']
 ['🌳🌿' 'D🌿' '🌳🌿' '🌳🌿']
 ['🌳🌿' '🌳🌿' 'E🌿' '🌳🌿']]
2023-05-14 01:25:17,517 INFO 
[['A🌿' '🌳🌿' '🔥🍂' 'B🔥']
 ['🌳🌿' 'C🌿' '🔥🍂' '🔥🍂']
 ['🌳🌿' 'D🌿' '🌳🌿' '🌳🌿']
 ['🌳🌿' '🌳🌿' 'E🌿' '🌳🌿']]
2023-05-14 01:26:17,520 INFO 
[['A🌿' '🌳🌿' '🔥🍂' 'B🔥']
 ['🌳🌿' 'C🌿' '🔥🍂' '🔥🍂']
 ['🌳🌿' 'D🌿' '🌳🌿' '🌳🌿']
 ['🌳🌿' '🌳🌿' 'E🚁' '🌳🌿']]
2023-05-14 01:27:17,526 INFO 
[['A🌿' '🌳🌿' '🔥🍂' 'B🔥']
 ['🌳🌿' 'C🚁' '🔥🍂' '🔥🍂']
 ['🌳🌿' 'D🌿' '🌳🌿' '🌳🌿']
 ['🌳🌿' '🌳🌿' 'E🌿' '🌳🌿']]
2023-05-14 01:28:17,529 INFO 
[['A🌿' '🔥🍂' '🔥🍂' 'B🔥']
 ['🌳🌿' 'C🌿' '🔥🍂' '🔥🍂']
 ['🌳🌿' 'D🌿' '🌳🌿' '🌳🌿']
 ['🌳🌿' '🌳🌿' 'E🌿' '🌳🌿']]
2023-05-14 01:29:17,532 INFO 
[['A🌿' '🔥🍂' '🔥🍂' 'B🔥']
 ['🌳🌿' 'C🔥' '🔥🍂' '🔥🍂']
 ['🌳🌿' 'D🌿' '🌳🌿' '🌳🌿']
 ['🌳🌿' '🌳🌿' 'E🚁' '🌳🌿']]
2023-05-14 01:30:17,534 INFO 
[['A🌿' '🔥🍂' '🔥🍂' 'B🌿']
 ['🌳🌿' 'C🚒' '🔥🍂' '🔥🍂']
 ['🌳🌿' 'D🌿' '🔥🍂' '🌳🌿']
 ['🌳🌿' '🌳🌿' 'E🌿' '🌳🌿']]
2023-05-14 01:31:17,540 INFO 
[['A🌿' '🔥🍂' '🔥🍂' 'B🌿']
 ['🌳🌿' 'C🔥' '🔥🍂' '🌳🌿']
 ['🌳🌿' 'D🚁' '🔥🍂' '🌳🌿']
 ['🌳🌿' '🌳🌿' 'E🔥' '🌳🌿']]
2023-05-14 01:32:17,543 INFO 
[['A🌿' '🔥🍂' '🌳🌿' 'B🔥']
 ['🌳🌿' 'C🔥' '🔥🍂' '🌳🌿']
 ['🌳🌿' 'D🚁' '🔥🍂' '🌳🌿']
 ['🌳🌿' '🌳🌿' 'E🔥' '🌳🌿']]
2023-05-14 01:33:17,546 INFO 
[['A🌿' '🔥🍂' '🔥🍂' 'B🔥']
 ['🌳🌿' 'C🔥' '🔥🍂' '🌳🌿']
 ['🌳🌿' 'D🌿' '🔥🍂' '🌳🌿']
 ['🌳🌿' '🌳🌿' 'E🔥' '🌳🌿']]
2023-05-14 01:34:17,548 INFO 
[['A🌿' '🌳🌿' '🌳🌿' 'B🌿']
 ['🌳🌿' 'C🌿' '🌳🌿' '🌳🌿']
 ['🌳🌿' 'D🌿' '🌳🌿' '🌳🌿']
 ['🌳🌿' '🌳🌿' 'E🌿' '🌳🌿']]
2023-05-14 01:35:02,661 CRITICAL Starting new episode - Episode 2
2023-05-14 01:35:17,550 INFO 
[['A🌿' '🌳🌿' '🌳🌿' 'B🌿']
 ['🌳🌿' 'C🌿' '🌳🌿' '🌳🌿']
 ['🌳🌿' 'D🌿' '🌳🌿' '🌳🌿']
 ['🌳🌿' '🌳🌿' 'E🌿' '🌳🌿']]
2023-05-14 01:36:17,552 INFO 
[['A🌿' '🌳🌿' '🌳🌿' 'B🌿']
 ['🌳🌿' 'C🌿' '🌳🌿' '🌳🌿']
 ['🌳🌿' 'D🌿' '🌳🌿' '🌳🌿']
 ['🌳🌿' '🌳🌿' 'E🌿' '🌳🌿']]
2023-05-14 01:37:17,554 INFO 
[['A🌿' '🌳🌿' '🌳🌿' 'B🌿']
 ['🌳🌿' 'C🌿' '🌳🌿' '🌳🌿']
 ['🌳🌿' 'D🌿' '🌳🌿' '🌳🌿']
 ['🌳🌿' '🌳🌿' 'E🌿' '🌳🌿']]
2023-05-14 01:38:17,556 INFO 
[['A🌿' '🌳🌿' '🌳🌿' 'B🌿']
 ['🌳🌿' 'C🌿' '🌳🌿' '🌳🌿']
 ['🌳🌿' 'D🌿' '🌳🌿' '🌳🌿']
 ['🌳🌿' '🌳🌿' 'E🌿' '🌳🌿']]
2023-05-14 01:39:17,558 INFO 
[['A🌿' '🌳🌿' '🌳🌿' 'B🌿']
 ['🌳🌿' 'C🌿' '🌳🌿' '🌳🌿']
 ['🌳🌿' 'D🌿' '🌳🌿' '🌳🌿']
 ['🌳🌿' '🌳🌿' 'E🌿' '🌳🌿']]
2023-05-14 01:40:17,562 INFO 
[['A🌿' '🌳🌿' '🌳🌿' 'B🌿']
 ['🌳🌿' 'C🌿' '🌳🌿' '🌳🌿']
 ['🌳🌿' 'D🌿' '🌳🌿' '🌳🌿']
 ['🌳🌿' '🌳🌿' 'E🌿' '🌳🌿']]
2023-05-14 01:41:17,564 INFO 
[['A🌿' '🌳🌿' '🌳🌿' 'B🌿']
 ['🌳🌿' 'C🌿' '🌳🌿' '🌳🌿']
 ['🌳🌿' 'D🌿' '🌳🌿' '🌳🌿']
 ['🌳🌿' '🌳🌿' 'E🌿' '🌳🌿']]
2023-05-14 01:42:17,566 INFO 
[['A🌿' '🌳🌿' '🌳🌿' 'B🌿']
 ['🌳🌿' 'C🚁' '🌳🌿' '🌳🌿']
 ['🌳🌿' 'D🌿' '🌳🌿' '🌳🌿']
 ['🌳🌿' '🌳🌿' 'E🌿' '🌳🌿']]
2023-05-14 01:43:17,573 INFO 
[['A🚁' '🌳🌿' '🌳🌿' 'B🌿']
 ['🌳🌿' 'C🌿' '🌳🌿' '🌳🌿']
 ['🌳🌿' 'D🌿' '🌳🌿' '🌳🌿']
 ['🌳🌿' '🌳🌿' 'E🌿' '🌳🌿']]
2023-05-14 01:44:17,577 INFO 
[['A🌿' '🌳🌿' '🔥🍂' 'B🌿']
 ['🌳🌿' 'C🌿' '🌳🌿' '🌳🌿']
 ['🌳🌿' 'D🌿' '🌳🌿' '🌳🌿']
 ['🌳🌿' '🌳🌿' 'E🌿' '🌳🌿']]
2023-05-14 01:45:17,579 INFO 
[['A🌿' '🌳🌿' '🔥🍂' 'B🌿']
 ['🌳🌿' 'C🌿' '🌳🌿' '🌳🌿']
 ['🌳🌿' 'D🌿' '🌳🌿' '🌳🌿']
 ['🌳🌿' '🌳🌿' 'E🌿' '🌳🌿']]
2023-05-14 01:46:17,581 INFO 
[['A🌿' '🌳🌿' '🔥🍂' 'B🌿']
 ['🌳🌿' 'C🌿' '🌳🌿' '🌳🌿']
 ['🌳🌿' 'D🌿' '🌳🌿' '🌳🌿']
 ['🌳🌿' '🌳🌿' 'E🚁' '🌳🌿']]
2023-05-14 01:47:17,585 INFO 
[['A🌿' '🌳🌿' '🔥🍂' 'B🌿']
 ['🌳🌿' 'C🚁' '🌳🌿' '🌳🌿']
 ['🌳🌿' 'D🌿' '🌳🌿' '🌳🌿']
 ['🌳🌿' '🌳🌿' 'E🌿' '🌳🌿']]
2023-05-14 01:48:17,587 INFO 
[['A🚁' '🌳🌿' '🌳🌿' 'B🌿']
 ['🌳🌿' 'C🌿' '🌳🌿' '🌳🌿']
 ['🌳🌿' 'D🌿' '🌳🌿' '🌳🌿']
 ['🌳🌿' '🌳🌿' 'E🌿' '🌳🌿']]
2023-05-14 01:49:17,590 INFO 
[['A🚁' '🌳🌿' '🌳🌿' 'B🌿']
 ['🌳🌿' 'C🌿' '🌳🌿' '🌳🌿']
 ['🌳🌿' 'D🌿' '🌳🌿' '🌳🌿']
 ['🌳🌿' '🌳🌿' 'E🌿' '🌳🌿']]
2023-05-14 01:50:17,592 INFO 
[['A🌿' '🌳🌿' '🌳🌿' 'B🌿']
 ['🌳🌿' 'C🌿' '🌳🌿' '🌳🌿']
 ['🌳🌿' 'D🌿' '🌳🌿' '🌳🌿']
 ['🌳🌿' '🌳🌿' 'E🌿' '🌳🌿']]
2023-05-14 01:51:17,595 INFO 
[['A🌿' '🌳🌿' '🌳🌿' 'B🌿']
 ['🌳🌿' 'C🌿' '🌳🌿' '🌳🌿']
 ['🌳🌿' 'D🌿' '🌳🌿' '🌳🌿']
 ['🌳🌿' '🌳🌿' 'E🌿' '🌳🌿']]
2023-05-14 01:51:25,221 CRITICAL Starting new episode - Episode 3
2023-05-14 01:52:17,601 INFO 
[['A🌿' '🌳🌿' '🌳🌿' 'B🌿']
 ['🌳🌿' 'C🌿' '🌳🌿' '🌳🌿']
 ['🌳🌿' 'D🌿' '🌳🌿' '🌳🌿']
 ['🌳🌿' '🌳🌿' 'E🚁' '🌳🌿']]
2023-05-14 01:53:17,608 INFO 
[['A🌿' '🌳🌿' '🌳🌿' 'B🌿']
 ['🌳🌿' 'C🚁' '🌳🌿' '🌳🌿']
 ['🌳🌿' 'D🌿' '🌳🌿' '🌳🌿']
 ['🌳🌿' '🌳🌿' 'E🌿' '🌳🌿']]
2023-05-14 01:54:17,613 INFO 
[['A🌿' '🌳🌿' '🌳🌿' 'B🌿']
 ['🌳🌿' 'C🚁' '🌳🌿' '🌳🌿']
 ['🌳🌿' 'D🌿' '🌳🌿' '🌳🌿']
 ['🌳🌿' '🌳🌿' 'E🌿' '🌳🌿']]
2023-05-14 01:55:17,615 INFO 
[['A🌿' '🌳🌿' '🌳🌿' 'B🌿']
 ['🌳🌿' 'C🚁' '🌳🌿' '🔥🍂']
 ['🌳🌿' 'D🌿' '🌳🌿' '🌳🌿']
 ['🌳🌿' '🌳🌿' 'E🌿' '🌳🌿']]
2023-05-14 01:56:17,619 INFO 
[['A🌿' '🌳🌿' '🌳🌿' 'B🌿']
 ['🌳🌿' 'C🌿' '🌳🌿' '🔥🍂']
 ['🌳🌿' 'D🌿' '🌳🌿' '🌳🌿']
 ['🌳🌿' '🌳🌿' 'E🌿' '🌳🌿']]
2023-05-14 01:57:17,622 INFO 
[['A🌿' '🌳🌿' '🌳🌿' 'B🌿']
 ['🌳🌿' 'C🌿' '🌳🌿' '🔥🍂']
 ['🌳🌿' 'D🌿' '🌳🌿' '🌳🌿']
 ['🌳🌿' '🌳🌿' 'E🌿' '🌳🌿']]
2023-05-14 01:58:17,624 INFO 
[['A🌿' '🌳🌿' '🌳🌿' 'B🌿']
 ['🌳🌿' 'C🌿' '🔥🍂' '🔥🍂']
 ['🌳🌿' 'D🌿' '🌳🌿' '🌳🌿']
 ['🌳🌿' '🌳🌿' 'E🚁' '🌳🌿']]
2023-05-14 01:59:17,626 INFO 
[['A🌿' '🌳🌿' '🌳🌿' 'B🌿']
 ['🌳🌿' 'C🌿' '🔥🍂' '🔥🍂']
 ['🌳🌿' 'D🌿' '🌳🌿' '🌳🌿']
 ['🌳🌿' '🌳🌿' 'E🚁' '🌳🌿']]
2023-05-14 02:00:17,629 INFO 
[['A🚁' '🌳🌿' '🌳🌿' 'B🌿']
 ['🌳🌿' 'C🌿' '🔥🍂' '🔥🍂']
 ['🌳🌿' 'D🌿' '🌳🌿' '🌳🌿']
 ['🌳🌿' '🌳🌿' 'E🌿' '🌳🌿']]
2023-05-14 02:01:17,631 INFO 
[['A🚁' '🌳🌿' '🌳🌿' 'B🌿']
 ['🌳🌿' 'C🔥' '🌳🌿' '🔥🍂']
 ['🌳🌿' 'D🌿' '🌳🌿' '🌳🌿']
 ['🌳🌿' '🌳🌿' 'E🌿' '🌳🌿']]
2023-05-14 02:02:17,634 INFO 
[['A🌿' '🌳🌿' '🌳🌿' 'B🌿']
 ['🌳🌿' 'C🌿' '🌳🌿' '🌳🌿']
 ['🌳🌿' 'D🌿' '🌳🌿' '🌳🌿']
 ['🌳🌿' '🌳🌿' 'E🌿' '🌳🌿']]
2023-05-14 02:03:04,333 CRITICAL Starting new episode - Episode 4
2023-05-14 02:03:17,636 INFO 
[['A🌿' '🌳🌿' '🌳🌿' 'B🌿']
 ['🌳🌿' 'C🌿' '🌳🌿' '🌳🌿']
 ['🌳🌿' 'D🌿' '🌳🌿' '🌳🌿']
 ['🌳🌿' '🌳🌿' 'E🌿' '🌳🌿']]
2023-05-14 02:04:17,638 INFO 
[['A🌿' '🌳🌿' '🌳🌿' 'B🌿']
 ['🌳🌿' 'C🌿' '🌳🌿' '🌳🌿']
 ['🌳🌿' 'D🚁' '🌳🌿' '🌳🌿']
 ['🌳🌿' '🌳🌿' 'E🌿' '🌳🌿']]
2023-05-14 02:05:17,641 INFO 
[['A🌿' '🌳🌿' '🌳🌿' 'B🌿']
 ['🌳🌿' 'C🌿' '🌳🌿' '🌳🌿']
 ['🌳🌿' 'D🌿' '🌳🌿' '🌳🌿']
 ['🌳🌿' '🌳🌿' 'E🌿' '🌳🌿']]
2023-05-14 02:06:17,643 INFO 
[['A🌿' '🌳🌿' '🌳🌿' 'B🚁']
 ['🌳🌿' 'C🌿' '🌳🌿' '🌳🌿']
 ['🌳🌿' 'D🌿' '🌳🌿' '🌳🌿']
 ['🌳🌿' '🌳🌿' 'E🌿' '🌳🌿']]
2023-05-14 02:07:17,649 INFO 
[['A🌿' '🌳🌿' '🌳🌿' 'B🌿']
 ['🌳🌿' 'C🌿' '🌳🌿' '🌳🌿']
 ['🌳🌿' 'D🌿' '🌳🌿' '🌳🌿']
 ['🌳🌿' '🌳🌿' 'E🚁' '🌳🌿']]
2023-05-14 02:08:17,651 INFO 
[['A🌿' '🌳🌿' '🌳🌿' 'B🌿']
 ['🌳🌿' 'C🌿' '🌳🌿' '🌳🌿']
 ['🌳🌿' 'D🌿' '🌳🌿' '🌳🌿']
 ['🌳🌿' '🌳🌿' 'E🌿' '🌳🌿']]
2023-05-14 02:09:17,653 INFO 
[['A🌿' '🌳🌿' '🌳🌿' 'B🌿']
 ['🌳🌿' 'C🌿' '🌳🌿' '🌳🌿']
 ['🌳🌿' 'D🌿' '🌳🌿' '🌳🌿']
 ['🌳🌿' '🌳🌿' 'E🌿' '🌳🌿']]
2023-05-14 02:10:17,656 INFO 
[['A🌿' '🌳🌿' '🌳🌿' 'B🌿']
 ['🌳🌿' 'C🌿' '🌳🌿' '🌳🌿']
 ['🌳🌿' 'D🌿' '🌳🌿' '🌳🌿']
 ['🌳🌿' '🌳🌿' 'E🚁' '🌳🌿']]
2023-05-14 02:11:17,659 INFO 
[['A🌿' '🌳🌿' '🌳🌿' 'B🌿']
 ['🌳🌿' 'C🌿' '🌳🌿' '🌳🌿']
 ['🌳🌿' 'D🌿' '🌳🌿' '🌳🌿']
 ['🌳🌿' '🌳🌿' 'E🚁' '🌳🌿']]
2023-05-14 02:12:17,661 INFO 
[['A🌿' '🌳🌿' '🌳🌿' 'B🌿']
 ['🌳🌿' 'C🌿' '🌳🌿' '🌳🌿']
 ['🌳🌿' 'D🌿' '🌳🌿' '🌳🌿']
 ['🌳🌿' '🌳🌿' 'E🌿' '🌳🌿']]
2023-05-14 02:13:17,665 INFO 
[['A🌿' '🌳🌿' '🌳🌿' 'B🌿']
 ['🌳🌿' 'C🌿' '🌳🌿' '🌳🌿']
 ['🌳🌿' 'D🌿' '🌳🌿' '🌳🌿']
 ['🌳🌿' '🌳🌿' 'E🚁' '🌳🌿']]
2023-05-14 02:14:17,669 INFO 
[['A🌿' '🌳🌿' '🌳🌿' 'B🌿']
 ['🌳🌿' 'C🌿' '🌳🌿' '🌳🌿']
 ['🌳🌿' 'D🌿' '🌳🌿' '🌳🌿']
 ['🌳🌿' '🌳🌿' 'E🚁' '🌳🌿']]
2023-05-14 02:15:17,672 INFO 
[['A🌿' '🌳🌿' '🌳🌿' 'B🌿']
 ['🌳🌿' 'C🌿' '🌳🌿' '🌳🌿']
 ['🌳🌿' 'D🌿' '🌳🌿' '🌳🌿']
 ['🌳🌿' '🌳🌿' 'E🌿' '🌳🌿']]
2023-05-14 02:16:17,677 INFO 
[['A🚁' '🌳🌿' '🌳🌿' 'B🌿']
 ['🌳🌿' 'C🌿' '🌳🌿' '🌳🌿']
 ['🌳🌿' 'D🌿' '🔥🍂' '🌳🌿']
 ['🌳🌿' '🌳🌿' 'E🌿' '🌳🌿']]
2023-05-14 02:17:17,679 INFO 
[['A🌿' '🌳🌿' '🌳🌿' 'B🌿']
 ['🌳🌿' 'C🌿' '🌳🌿' '🌳🌿']
 ['🌳🌿' 'D🔥' '🔥🍂' '🌳🌿']
 ['🌳🌿' '🌳🌿' 'E🌿' '🌳🌿']]
2023-05-14 02:18:17,682 INFO 
[['A🌿' '🌳🌿' '🌳🌿' 'B🌿']
 ['🌳🌿' 'C🌿' '🌳🌿' '🌳🌿']
 ['🌳🌿' 'D🔥' '🌳🌿' '🌳🌿']
 ['🌳🌿' '🌳🌿' 'E🌿' '🌳🌿']]
2023-05-14 02:18:56,313 CRITICAL Starting new episode - Episode 5
2023-05-14 02:19:17,683 INFO 
[['A🌿' '🌳🌿' '🌳🌿' 'B🌿']
 ['🌳🌿' 'C🌿' '🌳🌿' '🌳🌿']
 ['🌳🌿' 'D🔥' '🌳🌿' '🌳🌿']
 ['🌳🌿' '🌳🌿' 'E🌿' '🌳🌿']]
2023-05-14 02:20:17,689 INFO 
[['A🌿' '🌳🌿' '🌳🌿' 'B🌿']
 ['🌳🌿' 'C🌿' '🌳🌿' '🌳🌿']
 ['🌳🌿' 'D🔥' '🌳🌿' '🌳🌿']
 ['🌳🌿' '🌳🌿' 'E🚁' '🌳🌿']]
2023-05-14 02:21:17,697 INFO 
[['A🌿' '🌳🌿' '🌳🌿' 'B🌿']
 ['🌳🌿' 'C🚒' '🌳🌿' '🌳🌿']
 ['🌳🌿' 'D🔥' '🌳🌿' '🌳🌿']
 ['🌳🌿' '🌳🌿' 'E🌿' '🌳🌿']]
2023-05-14 02:22:17,701 INFO 
[['A🌿' '🌳🌿' '🌳🌿' 'B🌿']
 ['🌳🌿' 'C🔥' '🌳🌿' '🌳🌿']
 ['🌳🌿' 'D🔥' '🌳🌿' '🌳🌿']
 ['🌳🌿' '🌳🌿' 'E🌿' '🌳🌿']]
2023-05-14 02:23:17,704 INFO 
[['A🚁' '🌳🌿' '🌳🌿' 'B🌿']
 ['🌳🌿' 'C🔥' '🌳🌿' '🌳🌿']
 ['🌳🌿' 'D🔥' '🌳🌿' '🌳🌿']
 ['🌳🌿' '🌳🌿' 'E🌿' '🌳🌿']]
2023-05-14 02:24:17,708 INFO 
[['A🌿' '🌳🌿' '🌳🌿' 'B🌿']
 ['🌳🌿' 'C🔥' '🌳🌿' '🌳🌿']
 ['🌳🌿' 'D🔥' '🔥🍂' '🌳🌿']
 ['🌳🌿' '🌳🌿' 'E🌿' '🌳🌿']]
2023-05-14 02:25:17,711 INFO 
[['A🌿' '🌳🌿' '🌳🌿' 'B🌿']
 ['🌳🌿' 'C🔥' '🌳🌿' '🌳🌿']
 ['🌳🌿' 'D🔥' '🔥🍂' '🌳🌿']
 ['🌳🌿' '🌳🌿' 'E🚁' '🌳🌿']]
2023-05-14 02:26:17,714 INFO 
[['A🌿' '🌳🌿' '🌳🌿' 'B🌿']
 ['🌳🌿' 'C🌿' '🌳🌿' '🌳🌿']
 ['🌳🌿' 'D🚁' '🔥🍂' '🌳🌿']
 ['🌳🌿' '🌳🌿' 'E🌿' '🌳🌿']]
2023-05-14 02:27:17,717 INFO 
[['A🌿' '🌳🌿' '🌳🌿' 'B🌿']
 ['🌳🌿' 'C🚁' '🔥🍂' '🌳🌿']
 ['🌳🌿' 'D🔥' '🔥🍂' '🌳🌿']
 ['🌳🌿' '🌳🌿' 'E🌿' '🌳🌿']]
2023-05-14 02:28:17,719 INFO 
[['A🌿' '🌳🌿' '🌳🌿' 'B🌿']
 ['🌳🌿' 'C🌿' '🔥🍂' '🌳🌿']
 ['🌳🌿' 'D🚒' '🔥🍂' '🔥🍂']
 ['🌳🌿' '🌳🌿' 'E🌿' '🌳🌿']]
2023-05-14 02:29:17,721 INFO 
[['A🌿' '🌳🌿' '🌳🌿' 'B🌿']
 ['🌳🌿' 'C🔥' '🔥🍂' '🌳🌿']
 ['🌳🌿' 'D🔥' '🔥🍂' '🔥🍂']
 ['🌳🌿' '🌳🌿' 'E🌿' '🌳🌿']]
2023-05-14 02:30:17,723 INFO 
[['A🌿' '🔥🍂' '🌳🌿' 'B🌿']
 ['🌳🌿' 'C🔥' '🌳🌿' '🌳🌿']
 ['🌳🌿' 'D🔥' '🔥🍂' '🌳🌿']
 ['🌳🌿' '🌳🌿' 'E🌿' '🌳🌿']]
2023-05-14 02:31:17,734 INFO 
[['A🌿' '🔥🍂' '🌳🌿' 'B🌿']
 ['🌳🌿' 'C🔥' '🔥🍂' '🌳🌿']
 ['🌳🌿' 'D🔥' '🔥🍂' '🌳🌿']
 ['🌳🌿' '🌳🌿' 'E🚁' '🌳🌿']]
2023-05-14 02:32:17,736 INFO 
[['A🌿' '🔥🍂' '🌳🌿' 'B🌿']
 ['🌳🌿' 'C🔥' '🔥🍂' '🌳🌿']
 ['🌳🌿' 'D🔥' '🔥🍂' '🌳🌿']
 ['🌳🌿' '🌳🌿' 'E🌿' '🌳🌿']]
2023-05-14 02:33:17,739 INFO 
[['A🌿' '🔥🍂' '🔥🍂' 'B🌿']
 ['🌳🌿' 'C🔥' '🔥🍂' '🌳🌿']
 ['🌳🌿' 'D🔥' '🔥🍂' '🌳🌿']
 ['🌳🌿' '🌳🌿' 'E🌿' '🌳🌿']]
2023-05-14 02:34:17,741 INFO 
[['A🌿' '🌳🌿' '🔥🍂' 'B🌿']
 ['🌳🌿' 'C🚒' '🔥🍂' '🌳🌿']
 ['🌳🌿' 'D🌿' '🔥🍂' '🌳🌿']
 ['🌳🌿' '🌳🌿' 'E🌿' '🌳🌿']]
2023-05-14 02:35:17,743 INFO 
[['A🌿' '🌳🌿' '🔥🍂' 'B🌿']
 ['🔥🍂' 'C🚒' '🔥🍂' '🌳🌿']
 ['🌳🌿' 'D🌿' '🔥🍂' '🌳🌿']
 ['🌳🌿' '🌳🌿' 'E🌿' '🌳🌿']]
2023-05-14 02:36:17,745 INFO 
[['A🌿' '🌳🌿' '🔥🍂' 'B🌿']
 ['🔥🍂' 'C🚁' '🔥🍂' '🌳🌿']
 ['🌳🌿' 'D🌿' '🔥🍂' '🌳🌿']
 ['🌳🌿' '🌳🌿' 'E🌿' '🌳🌿']]
2023-05-14 02:37:17,754 INFO 
[['A🌿' '🌳🌿' '🔥🍂' 'B🚁']
 ['🔥🍂' 'C🌿' '🔥🍂' '🌳🌿']
 ['🌳🌿' 'D🌿' '🔥🍂' '🌳🌿']
 ['🌳🌿' '🌳🌿' 'E🌿' '🌳🌿']]
2023-05-14 02:38:17,757 INFO 
[['A🌿' '🌳🌿' '🌳🌿' 'B🌿']
 ['🌳🌿' 'C🌿' '🔥🍂' '🌳🌿']
 ['🌳🌿' 'D🌿' '🔥🍂' '🌳🌿']
 ['🌳🌿' '🌳🌿' 'E🔥' '🌳🌿']]
2023-05-14 02:39:05,313 CRITICAL Starting new episode - Episode 6
2023-05-14 02:39:17,759 INFO 
[['A🌿' '🌳🌿' '🌳🌿' 'B🌿']
 ['🌳🌿' 'C🌿' '🔥🍂' '🌳🌿']
 ['🌳🌿' 'D🌿' '🔥🍂' '🌳🌿']
 ['🌳🌿' '🔥🍂' 'E🔥' '🌳🌿']]
2023-05-14 02:40:17,762 INFO 
[['A🌿' '🌳🌿' '🌳🌿' 'B🌿']
 ['🌳🌿' 'C🚁' '🔥🍂' '🌳🌿']
 ['🌳🌿' 'D🌿' '🔥🍂' '🌳🌿']
 ['🔥🍂' '🔥🍂' 'E🔥' '🌳🌿']]
2023-05-14 02:41:17,765 INFO 
[['A🌿' '🌳🌿' '🌳🌿' 'B🌿']
 ['🌳🌿' 'C🌿' '🔥🍂' '🌳🌿']
 ['🌳🌿' 'D🔥' '🔥🍂' '🌳🌿']
 ['🔥🍂' '🔥🍂' 'E🚒' '🌳🌿']]
2023-05-14 02:42:17,768 INFO 
[['A🚁' '🌳🌿' '🌳🌿' 'B🌿']
 ['🌳🌿' 'C🌿' '🔥🍂' '🌳🌿']
 ['🌳🌿' 'D🌿' '🔥🍂' '🌳🌿']
 ['🔥🍂' '🔥🍂' 'E🔥' '🌳🌿']]
2023-05-14 02:43:17,771 INFO 
[['A🌿' '🌳🌿' '🌳🌿' 'B🌿']
 ['🌳🌿' 'C🚁' '🔥🍂' '🌳🌿']
 ['🌳🌿' 'D🌿' '🔥🍂' '🌳🌿']
 ['🔥🍂' '🌳🌿' 'E🌿' '🌳🌿']]
2023-05-14 02:44:17,773 INFO 
[['A🌿' '🌳🌿' '🌳🌿' 'B🌿']
 ['🌳🌿' 'C🌿' '🔥🍂' '🌳🌿']
 ['🔥🍂' 'D🌿' '🔥🍂' '🌳🌿']
 ['🔥🍂' '🌳🌿' 'E🌿' '🌳🌿']]
2023-05-14 02:45:17,809 INFO 
[['A🌿' '🌳🌿' '🌳🌿' 'B🌿']
 ['🌳🌿' 'C🔥' '🔥🍂' '🌳🌿']
 ['🔥🍂' 'D🌿' '🔥🍂' '🌳🌿']
 ['🔥🍂' '🌳🌿' 'E🔥' '🌳🌿']]
2023-05-14 02:46:17,869 INFO 
[['A🌿' '🌳🌿' '🌳🌿' 'B🌿']
 ['🌳🌿' 'C🔥' '🔥🍂' '🌳🌿']
 ['🔥🍂' 'D🌿' '🔥🍂' '🌳🌿']
 ['🔥🍂' '🌳🌿' 'E🔥' '🌳🌿']]
2023-05-14 02:47:17,930 INFO 
[['A🌿' '🌳🌿' '🌳🌿' 'B🌿']
 ['🌳🌿' 'C🔥' '🔥🍂' '🌳🌿']
 ['🔥🍂' 'D🌿' '🔥🍂' '🔥🍂']
 ['🔥🍂' '🌳🌿' 'E🔥' '🌳🌿']]
2023-05-14 02:48:17,989 INFO 
[['A🌿' '🌳🌿' '🌳🌿' 'B🌿']
 ['🌳🌿' 'C🔥' '🔥🍂' '🌳🌿']
 ['🔥🍂' 'D🔥' '🔥🍂' '🔥🍂']
 ['🌳🌿' '🌳🌿' 'E🌿' '🌳🌿']]
2023-05-14 02:49:18,050 INFO 
[['A🌿' '🔥🍂' '🌳🌿' 'B🌿']
 ['🌳🌿' 'C🔥' '🔥🍂' '🌳🌿']
 ['🔥🍂' 'D🌿' '🔥🍂' '🔥🍂']
 ['🌳🌿' '🌳🌿' 'E🌿' '🔥🍂']]
2023-05-14 02:50:18,109 INFO 
[['A🌿' '🔥🍂' '🔥🍂' 'B🌿']
 ['🌳🌿' 'C🔥' '🔥🍂' '🌳🌿']
 ['🔥🍂' 'D🌿' '🔥🍂' '🔥🍂']
 ['🌳🌿' '🌳🌿' 'E🌿' '🔥🍂']]
2023-05-14 02:51:18,170 INFO 
[['A🌿' '🔥🍂' '🔥🍂' 'B🌿']
 ['🌳🌿' 'C🔥' '🔥🍂' '🔥🍂']
 ['🔥🍂' 'D🌿' '🔥🍂' '🔥🍂']
 ['🌳🌿' '🌳🌿' 'E🌿' '🔥🍂']]
2023-05-14 02:52:18,229 INFO 
[['A🌿' '🔥🍂' '🔥🍂' 'B🔥']
 ['🌳🌿' 'C🌿' '🔥🍂' '🔥🍂']
 ['🔥🍂' 'D🌿' '🔥🍂' '🔥🍂']
 ['🌳🌿' '🌳🌿' 'E🌿' '🔥🍂']]
2023-05-14 02:53:18,290 INFO 
[['A🌿' '🌳🌿' '🔥🍂' 'B🔥']
 ['🌳🌿' 'C🌿' '🔥🍂' '🔥🍂']
 ['🔥🍂' 'D🌿' '🔥🍂' '🔥🍂']
 ['🌳🌿' '🌳🌿' 'E🌿' '🔥🍂']]
2023-05-14 02:54:18,351 INFO 
[['A🌿' '🌳🌿' '🌳🌿' 'B🔥']
 ['🌳🌿' 'C🌿' '🔥🍂' '🔥🍂']
 ['🔥🍂' 'D🔥' '🔥🍂' '🔥🍂']
 ['🌳🌿' '🌳🌿' 'E🌿' '🔥🍂']]
2023-05-14 02:55:18,410 INFO 
[['A🌿' '🌳🌿' '🌳🌿' 'B🔥']
 ['🌳🌿' 'C🔥' '🔥🍂' '🔥🍂']
 ['🔥🍂' 'D🌿' '🔥🍂' '🔥🍂']
 ['🌳🌿' '🌳🌿' 'E🌿' '🔥🍂']]
2023-05-14 02:56:18,470 INFO 
[['A🌿' '🌳🌿' '🌳🌿' 'B🔥']
 ['🌳🌿' 'C🔥' '🔥🍂' '🌳🌿']
 ['🔥🍂' 'D🌿' '🔥🍂' '🔥🍂']
 ['🌳🌿' '🌳🌿' 'E🌿' '🔥🍂']]
2023-05-14 02:57:18,530 INFO 
[['A🌿' '🌳🌿' '🌳🌿' 'B🔥']
 ['🔥🍂' 'C🔥' '🔥🍂' '🔥🍂']
 ['🔥🍂' 'D🌿' '🌳🌿' '🌳🌿']
 ['🔥🍂' '🌳🌿' 'E🌿' '🔥🍂']]
2023-05-14 02:58:18,591 INFO 
[['A🌿' '🌳🌿' '🌳🌿' 'B🌿']
 ['🔥🍂' 'C🌿' '🔥🍂' '🔥🍂']
 ['🔥🍂' 'D🌿' '🌳🌿' '🔥🍂']
 ['🔥🍂' '🔥🍂' 'E🌿' '🔥🍂']]
2023-05-14 02:59:18,652 INFO 
[['A🔥' '🌳🌿' '🌳🌿' 'B🌿']
 ['🔥🍂' 'C🌿' '🔥🍂' '🔥🍂']
 ['🔥🍂' 'D🌿' '🌳🌿' '🔥🍂']
 ['🔥🍂' '🔥🍂' 'E🌿' '🔥🍂']]
2023-05-14 03:00:18,714 INFO 
[['A🔥' '🌳🌿' '🔥🍂' 'B🌿']
 ['🔥🍂' 'C🔥' '🔥🍂' '🔥🍂']
 ['🔥🍂' 'D🌿' '🌳🌿' '🔥🍂']
 ['🔥🍂' '🔥🍂' 'E🌿' '🔥🍂']]
2023-05-14 03:01:18,773 INFO 
[['A🔥' '🌳🌿' '🔥🍂' 'B🔥']
 ['🌳🌿' 'C🔥' '🔥🍂' '🔥🍂']
 ['🔥🍂' 'D🔥' '🌳🌿' '🔥🍂']
 ['🔥🍂' '🌳🌿' 'E🌿' '🔥🍂']]
2023-05-14 03:02:18,833 INFO 
[['A🔥' '🔥🍂' '🔥🍂' 'B🔥']
 ['🌳🌿' 'C🔥' '🔥🍂' '🔥🍂']
 ['🔥🍂' 'D🔥' '🌳🌿' '🔥🍂']
 ['🔥🍂' '🌳🌿' 'E🌿' '🔥🍂']]
2023-05-14 03:03:18,893 INFO 
[['A🔥' '🔥🍂' '🌳🌿' 'B🔥']
 ['🔥🍂' 'C🔥' '🔥🍂' '🔥🍂']
 ['🌳🌿' 'D🔥' '🌳🌿' '🔥🍂']
 ['🌳🌿' '🌳🌿' 'E🌿' '🔥🍂']]
2023-05-14 03:04:18,955 INFO 
[['A🔥' '🔥🍂' '🔥🍂' 'B🔥']
 ['🔥🍂' 'C🔥' '🔥🍂' '🔥🍂']
 ['🌳🌿' 'D🔥' '🔥🍂' '🌳🌿']
 ['🌳🌿' '🌳🌿' 'E🔥' '🔥🍂']]
2023-05-14 03:05:19,016 INFO 
[['A🔥' '🔥🍂' '🔥🍂' 'B🔥']
 ['🔥🍂' 'C🌿' '🌳🌿' '🔥🍂']
 ['🌳🌿' 'D🌿' '🔥🍂' '🌳🌿']
 ['🌳🌿' '🔥🍂' 'E🔥' '🔥🍂']]
2023-05-14 03:06:19,077 INFO 
[['A🔥' '🔥🍂' '🔥🍂' 'B🔥']
 ['🔥🍂' 'C🌿' '🌳🌿' '🔥🍂']
 ['🌳🌿' 'D🌿' '🔥🍂' '🔥🍂']
 ['🌳🌿' '🔥🍂' 'E🔥' '🔥🍂']]
2023-05-14 03:07:19,137 INFO 
[['A🔥' '🔥🍂' '🌳🌿' 'B🔥']
 ['🔥🍂' 'C🌿' '🌳🌿' '🔥🍂']
 ['🌳🌿' 'D🔥' '🔥🍂' '🔥🍂']
 ['🌳🌿' '🔥🍂' 'E🔥' '🔥🍂']]
2023-05-14 03:08:19,197 INFO 
[['A🔥' '🔥🍂' '🌳🌿' 'B🔥']
 ['🔥🍂' 'C🌿' '🌳🌿' '🔥🍂']
 ['🔥🍂' 'D🔥' '🔥🍂' '🔥🍂']
 ['🌳🌿' '🔥🍂' 'E🔥' '🔥🍂']]
2023-05-14 03:09:19,258 INFO 
[['A🌿' '🔥🍂' '🌳🌿' 'B🔥']
 ['🔥🍂' 'C🌿' '🌳🌿' '🔥🍂']
 ['🔥🍂' 'D🔥' '🔥🍂' '🔥🍂']
 ['🔥🍂' '🔥🍂' 'E🔥' '🔥🍂']]
2023-05-14 03:10:19,317 INFO 
[['A🔥' '🔥🍂' '🌳🌿' 'B🔥']
 ['🌳🌿' 'C🌿' '🌳🌿' '🔥🍂']
 ['🔥🍂' 'D🔥' '🔥🍂' '🔥🍂']
 ['🔥🍂' '🔥🍂' 'E🔥' '🔥🍂']]
2023-05-14 03:11:19,378 INFO 
[['A🌿' '🔥🍂' '🌳🌿' 'B🔥']
 ['🌳🌿' 'C🌿' '🔥🍂' '🔥🍂']
 ['🌳🌿' 'D🔥' '🔥🍂' '🔥🍂']
 ['🔥🍂' '🔥🍂' 'E🔥' '🔥🍂']]
2023-05-14 03:12:19,438 INFO 
[['A🌿' '🔥🍂' '🔥🍂' 'B🔥']
 ['🌳🌿' 'C🌿' '🔥🍂' '🔥🍂']
 ['🌳🌿' 'D🔥' '🔥🍂' '🔥🍂']
 ['🔥🍂' '🔥🍂' 'E🔥' '🔥🍂']]
2023-05-14 03:13:19,497 INFO 
[['A🌿' '🔥🍂' '🔥🍂' 'B🔥']
 ['🌳🌿' 'C🔥' '🔥🍂' '🔥🍂']
 ['🔥🍂' 'D🔥' '🔥🍂' '🔥🍂']
 ['🔥🍂' '🌳🌿' 'E🌿' '🔥🍂']]
2023-05-14 03:14:19,557 INFO 
[['A🌿' '🔥🍂' '🔥🍂' 'B🔥']
 ['🌳🌿' 'C🔥' '🔥🍂' '🔥🍂']
 ['🔥🍂' 'D🔥' '🔥🍂' '🔥🍂']
 ['🔥🍂' '🌳🌿' 'E🔥' '🔥🍂']]
2023-05-14 03:15:19,617 INFO 
[['A🌿' '🔥🍂' '🔥🍂' 'B🔥']
 ['🌳🌿' 'C🔥' '🔥🍂' '🔥🍂']
 ['🔥🍂' 'D🔥' '🔥🍂' '🔥🍂']
 ['🔥🍂' '🌳🌿' 'E🔥' '🔥🍂']]
2023-05-14 03:16:19,678 INFO 
[['A🌿' '🔥🍂' '🔥🍂' 'B🔥']
 ['🌳🌿' 'C🌿' '🔥🍂' '🔥🍂']
 ['🌳🌿' 'D🔥' '🔥🍂' '🔥🍂']
 ['🔥🍂' '🌳🌿' 'E🌿' '🔥🍂']]
2023-05-14 03:17:19,737 INFO 
[['A🌿' '🔥🍂' '🌳🌿' 'B🔥']
 ['🌳🌿' 'C🌿' '🔥🍂' '🔥🍂']
 ['🌳🌿' 'D🔥' '🔥🍂' '🔥🍂']
 ['🔥🍂' '🔥🍂' 'E🌿' '🔥🍂']]
2023-05-14 03:18:19,797 INFO 
[['A🌿' '🔥🍂' '🌳🌿' 'B🔥']
 ['🌳🌿' 'C🌿' '🌳🌿' '🔥🍂']
 ['🌳🌿' 'D🔥' '🔥🍂' '🔥🍂']
 ['🔥🍂' '🌳🌿' 'E🌿' '🔥🍂']]
2023-05-14 03:19:19,859 INFO 
[['A🌿' '🔥🍂' '🌳🌿' 'B🔥']
 ['🌳🌿' 'C🌿' '🌳🌿' '🔥🍂']
 ['🌳🌿' 'D🔥' '🔥🍂' '🔥🍂']
 ['🔥🍂' '🌳🌿' 'E🌿' '🔥🍂']]
2023-05-14 03:20:19,918 INFO 
[['A🌿' '🔥🍂' '🌳🌿' 'B🔥']
 ['🌳🌿' 'C🌿' '🌳🌿' '🔥🍂']
 ['🌳🌿' 'D🔥' '🔥🍂' '🔥🍂']
 ['🔥🍂' '🌳🌿' 'E🔥' '🔥🍂']]
2023-05-14 03:21:19,977 INFO 
[['A🌿' '🔥🍂' '🌳🌿' 'B🔥']
 ['🌳🌿' 'C🌿' '🌳🌿' '🔥🍂']
 ['🌳🌿' 'D🔥' '🔥🍂' '🔥🍂']
 ['🔥🍂' '🌳🌿' 'E🌿' '🌳🌿']]
2023-05-14 03:22:20,039 INFO 
[['A🔥' '🔥🍂' '🌳🌿' 'B🌿']
 ['🌳🌿' 'C🌿' '🌳🌿' '🔥🍂']
 ['🌳🌿' 'D🔥' '🌳🌿' '🌳🌿']
 ['🔥🍂' '🌳🌿' 'E🌿' '🔥🍂']]
2023-05-14 03:23:20,102 INFO 
[['A🔥' '🔥🍂' '🔥🍂' 'B🌿']
 ['🌳🌿' 'C🌿' '🌳🌿' '🌳🌿']
 ['🌳🌿' 'D🔥' '🌳🌿' '🌳🌿']
 ['🔥🍂' '🌳🌿' 'E🌿' '🔥🍂']]
2023-05-14 03:24:20,161 INFO 
[['A🔥' '🔥🍂' '🔥🍂' 'B🌿']
 ['🌳🌿' 'C🌿' '🌳🌿' '🌳🌿']
 ['🌳🌿' 'D🔥' '🌳🌿' '🌳🌿']
 ['🔥🍂' '🔥🍂' 'E🌿' '🌳🌿']]
2023-05-14 03:25:20,221 INFO 
[['A🔥' '🔥🍂' '🔥🍂' 'B🌿']
 ['🌳🌿' 'C🔥' '🌳🌿' '🌳🌿']
 ['🌳🌿' 'D🔥' '🌳🌿' '🌳🌿']
 ['🔥🍂' '🔥🍂' 'E🌿' '🌳🌿']]
2023-05-14 03:26:20,281 INFO 
[['A🔥' '🔥🍂' '🔥🍂' 'B🌿']
 ['🌳🌿' 'C🔥' '🌳🌿' '🌳🌿']
 ['🔥🍂' 'D🔥' '🌳🌿' '🌳🌿']
 ['🔥🍂' '🔥🍂' 'E🌿' '🌳🌿']]
2023-05-14 03:27:20,341 INFO 
[['A🔥' '🔥🍂' '🔥🍂' 'B🌿']
 ['🌳🌿' 'C🔥' '🌳🌿' '🌳🌿']
 ['🔥🍂' 'D🔥' '🌳🌿' '🌳🌿']
 ['🔥🍂' '🔥🍂' 'E🌿' '🌳🌿']]
2023-05-14 03:28:20,402 INFO 
[['A🔥' '🔥🍂' '🔥🍂' 'B🌿']
 ['🔥🍂' 'C🔥' '🌳🌿' '🌳🌿']
 ['🔥🍂' 'D🔥' '🌳🌿' '🌳🌿']
 ['🔥🍂' '🌳🌿' 'E🌿' '🌳🌿']]
2023-05-14 03:29:20,462 INFO 
[['A🔥' '🔥🍂' '🔥🍂' 'B🌿']
 ['🔥🍂' 'C🔥' '🌳🌿' '🌳🌿']
 ['🔥🍂' 'D🔥' '🌳🌿' '🌳🌿']
 ['🔥🍂' '🌳🌿' 'E🌿' '🌳🌿']]
2023-05-14 03:30:20,522 INFO 
[['A🌿' '🔥🍂' '🔥🍂' 'B🌿']
 ['🔥🍂' 'C🔥' '🔥🍂' '🌳🌿']
 ['🔥🍂' 'D🔥' '🌳🌿' '🌳🌿']
 ['🔥🍂' '🌳🌿' 'E🌿' '🌳🌿']]
2023-05-14 03:31:20,583 INFO 
[['A🌿' '🔥🍂' '🔥🍂' 'B🌿']
 ['🔥🍂' 'C🔥' '🔥🍂' '🌳🌿']
 ['🌳🌿' 'D🔥' '🔥🍂' '🌳🌿']
 ['🌳🌿' '🌳🌿' 'E🌿' '🌳🌿']]
2023-05-14 03:32:20,645 INFO 
[['A🔥' '🔥🍂' '🔥🍂' 'B🌿']
 ['🔥🍂' 'C🌿' '🔥🍂' '🌳🌿']
 ['🌳🌿' 'D🔥' '🔥🍂' '🔥🍂']
 ['🌳🌿' '🌳🌿' 'E🌿' '🌳🌿']]
2023-05-14 03:33:20,705 INFO 
[['A🔥' '🔥🍂' '🔥🍂' 'B🌿']
 ['🌳🌿' 'C🌿' '🔥🍂' '🌳🌿']
 ['🌳🌿' 'D🔥' '🔥🍂' '🔥🍂']
 ['🌳🌿' '🌳🌿' 'E🔥' '🔥🍂']]
2023-05-14 03:34:20,767 INFO 
[['A🔥' '🔥🍂' '🔥🍂' 'B🌿']
 ['🌳🌿' 'C🌿' '🔥🍂' '🌳🌿']
 ['🔥🍂' 'D🔥' '🔥🍂' '🔥🍂']
 ['🌳🌿' '🌳🌿' 'E🔥' '🔥🍂']]
2023-05-14 03:35:20,829 INFO 
[['A🔥' '🔥🍂' '🔥🍂' 'B🌿']
 ['🔥🍂' 'C🔥' '🔥🍂' '🌳🌿']
 ['🔥🍂' 'D🔥' '🔥🍂' '🔥🍂']
 ['🌳🌿' '🌳🌿' 'E🔥' '🔥🍂']]
2023-05-14 03:36:20,890 INFO 
[['A🔥' '🔥🍂' '🔥🍂' 'B🌿']
 ['🔥🍂' 'C🔥' '🔥🍂' '🌳🌿']
 ['🔥🍂' 'D🔥' '🔥🍂' '🔥🍂']
 ['🌳🌿' '🌳🌿' 'E🔥' '🔥🍂']]
2023-05-14 03:37:20,950 INFO 
[['A🔥' '🔥🍂' '🔥🍂' 'B🌿']
 ['🔥🍂' 'C🔥' '🔥🍂' '🌳🌿']
 ['🔥🍂' 'D🔥' '🔥🍂' '🔥🍂']
 ['🌳🌿' '🌳🌿' 'E🔥' '🔥🍂']]
2023-05-14 03:38:21,010 INFO 
[['A🔥' '🌳🌿' '🔥🍂' 'B🌿']
 ['🔥🍂' 'C🔥' '🌳🌿' '🌳🌿']
 ['🔥🍂' 'D🔥' '🌳🌿' '🔥🍂']
 ['🌳🌿' '🌳🌿' 'E🌿' '🔥🍂']]
2023-05-14 03:39:21,069 INFO 
[['A🌿' '🌳🌿' '🔥🍂' 'B🌿']
 ['🔥🍂' 'C🔥' '🌳🌿' '🌳🌿']
 ['🔥🍂' 'D🔥' '🌳🌿' '🔥🍂']
 ['🌳🌿' '🔥🍂' 'E🌿' '🔥🍂']]
2023-05-14 03:40:21,129 INFO 
[['A🌿' '🔥🍂' '🔥🍂' 'B🔥']
 ['🌳🌿' 'C🔥' '🌳🌿' '🔥🍂']
 ['🔥🍂' 'D🔥' '🌳🌿' '🔥🍂']
 ['🌳🌿' '🔥🍂' 'E🌿' '🔥🍂']]
2023-05-14 03:41:21,190 INFO 
[['A🌿' '🔥🍂' '🔥🍂' 'B🔥']
 ['🌳🌿' 'C🔥' '🌳🌿' '🔥🍂']
 ['🔥🍂' 'D🌿' '🌳🌿' '🔥🍂']
 ['🌳🌿' '🔥🍂' 'E🔥' '🔥🍂']]
2023-05-14 03:42:21,249 INFO 
[['A🌿' '🔥🍂' '🔥🍂' 'B🔥']
 ['🌳🌿' 'C🔥' '🌳🌿' '🔥🍂']
 ['🔥🍂' 'D🌿' '🔥🍂' '🔥🍂']
 ['🌳🌿' '🌳🌿' 'E🔥' '🔥🍂']]
2023-05-14 03:43:21,310 INFO 
[['A🌿' '🔥🍂' '🔥🍂' 'B🔥']
 ['🔥🍂' 'C🔥' '🌳🌿' '🔥🍂']
 ['🌳🌿' 'D🌿' '🔥🍂' '🌳🌿']
 ['🌳🌿' '🌳🌿' 'E🔥' '🌳🌿']]
2023-05-14 03:44:21,369 INFO 
[['A🌿' '🌳🌿' '🌳🌿' 'B🌿']
 ['🔥🍂' 'C🔥' '🌳🌿' '🔥🍂']
 ['🌳🌿' 'D🌿' '🔥🍂' '🌳🌿']
 ['🌳🌿' '🌳🌿' 'E🔥' '🌳🌿']]
2023-05-14 03:45:21,429 INFO 
[['A🌿' '🌳🌿' '🌳🌿' 'B🌿']
 ['🔥🍂' 'C🔥' '🌳🌿' '🔥🍂']
 ['🌳🌿' 'D🌿' '🔥🍂' '🌳🌿']
 ['🌳🌿' '🌳🌿' 'E🔥' '🌳🌿']]
2023-05-14 03:46:21,489 INFO 
[['A🌿' '🌳🌿' '🌳🌿' 'B🌿']
 ['🌳🌿' 'C🔥' '🌳🌿' '🔥🍂']
 ['🌳🌿' 'D🌿' '🔥🍂' '🌳🌿']
 ['🌳🌿' '🌳🌿' 'E🔥' '🌳🌿']]
2023-05-14 03:47:21,550 INFO 
[['A🌿' '🌳🌿' '🌳🌿' 'B🌿']
 ['🌳🌿' 'C🔥' '🌳🌿' '🌳🌿']
 ['🌳🌿' 'D🌿' '🔥🍂' '🌳🌿']
 ['🌳🌿' '🌳🌿' 'E🔥' '🌳🌿']]
2023-05-14 03:48:21,611 INFO 
[['A🌿' '🌳🌿' '🌳🌿' 'B🌿']
 ['🔥🍂' 'C🔥' '🔥🍂' '🌳🌿']
 ['🌳🌿' 'D🔥' '🔥🍂' '🌳🌿']
 ['🌳🌿' '🌳🌿' 'E🔥' '🌳🌿']]
2023-05-14 03:49:21,669 INFO 
[['A🌿' '🌳🌿' '🌳🌿' 'B🌿']
 ['🔥🍂' 'C🌿' '🔥🍂' '🌳🌿']
 ['🔥🍂' 'D🔥' '🔥🍂' '🌳🌿']
 ['🌳🌿' '🌳🌿' 'E🔥' '🌳🌿']]
2023-05-14 03:50:21,730 INFO 
[['A🌿' '🌳🌿' '🌳🌿' 'B🌿']
 ['🔥🍂' 'C🌿' '🔥🍂' '🔥🍂']
 ['🔥🍂' 'D🔥' '🔥🍂' '🌳🌿']
 ['🌳🌿' '🌳🌿' 'E🔥' '🌳🌿']]
2023-05-14 03:51:21,789 INFO 
[['A🌿' '🌳🌿' '🌳🌿' 'B🌿']
 ['🔥🍂' 'C🌿' '🔥🍂' '🔥🍂']
 ['🔥🍂' 'D🔥' '🌳🌿' '🌳🌿']
 ['🌳🌿' '🌳🌿' 'E🔥' '🌳🌿']]
2023-05-14 03:52:21,850 INFO 
[['A🌿' '🌳🌿' '🔥🍂' 'B🌿']
 ['🔥🍂' 'C🔥' '🔥🍂' '🔥🍂']
 ['🔥🍂' 'D🔥' '🌳🌿' '🌳🌿']
 ['🌳🌿' '🌳🌿' 'E🔥' '🔥🍂']]
2023-05-14 03:53:21,909 INFO 
[['A🌿' '🌳🌿' '🔥🍂' 'B🔥']
 ['🔥🍂' 'C🔥' '🔥🍂' '🔥🍂']
 ['🌳🌿' 'D🔥' '🌳🌿' '🔥🍂']
 ['🌳🌿' '🌳🌿' 'E🔥' '🔥🍂']]
2023-05-14 03:54:21,969 INFO 
[['A🔥' '🌳🌿' '🔥🍂' 'B🌿']
 ['🔥🍂' 'C🔥' '🔥🍂' '🌳🌿']
 ['🌳🌿' 'D🔥' '🌳🌿' '🔥🍂']
 ['🌳🌿' '🌳🌿' 'E🔥' '🔥🍂']]
2023-05-14 03:55:22,029 INFO 
[['A🔥' '🌳🌿' '🔥🍂' 'B🌿']
 ['🔥🍂' 'C🔥' '🔥🍂' '🌳🌿']
 ['🌳🌿' 'D🔥' '🌳🌿' '🔥🍂']
 ['🌳🌿' '🌳🌿' 'E🌿' '🔥🍂']]
2023-05-14 03:56:22,089 INFO 
[['A🔥' '🔥🍂' '🔥🍂' 'B🌿']
 ['🌳🌿' 'C🔥' '🔥🍂' '🌳🌿']
 ['🌳🌿' 'D🌿' '🔥🍂' '🔥🍂']
 ['🌳🌿' '🌳🌿' 'E🌿' '🔥🍂']]
2023-05-14 03:57:22,149 INFO 
[['A🔥' '🔥🍂' '🌳🌿' 'B🌿']
 ['🌳🌿' 'C🔥' '🔥🍂' '🔥🍂']
 ['🌳🌿' 'D🌿' '🔥🍂' '🔥🍂']
 ['🌳🌿' '🌳🌿' 'E🔥' '🔥🍂']]
2023-05-14 03:58:22,210 INFO 
[['A🔥' '🔥🍂' '🌳🌿' 'B🌿']
 ['🌳🌿' 'C🔥' '🔥🍂' '🔥🍂']
 ['🌳🌿' 'D🌿' '🔥🍂' '🔥🍂']
 ['🌳🌿' '🔥🍂' 'E🔥' '🔥🍂']]
2023-05-14 03:59:22,269 INFO 
[['A🌿' '🔥🍂' '🌳🌿' 'B🌿']
 ['🌳🌿' 'C🔥' '🔥🍂' '🔥🍂']
 ['🌳🌿' 'D🌿' '🔥🍂' '🔥🍂']
 ['🔥🍂' '🔥🍂' 'E🔥' '🔥🍂']]
2023-05-14 04:00:22,329 INFO 
[['A🌿' '🔥🍂' '🌳🌿' 'B🌿']
 ['🌳🌿' 'C🔥' '🔥🍂' '🔥🍂']
 ['🌳🌿' 'D🌿' '🔥🍂' '🔥🍂']
 ['🔥🍂' '🔥🍂' 'E🔥' '🔥🍂']]
2023-05-14 04:01:22,390 INFO 
[['A🌿' '🔥🍂' '🌳🌿' 'B🌿']
 ['🌳🌿' 'C🔥' '🔥🍂' '🔥🍂']
 ['🌳🌿' 'D🌿' '🔥🍂' '🔥🍂']
 ['🔥🍂' '🔥🍂' 'E🌿' '🔥🍂']]
2023-05-14 04:02:22,450 INFO 
[['A🌿' '🔥🍂' '🌳🌿' 'B🌿']
 ['🌳🌿' 'C🔥' '🌳🌿' '🔥🍂']
 ['🌳🌿' 'D🌿' '🔥🍂' '🔥🍂']
 ['🔥🍂' '🌳🌿' 'E🔥' '🔥🍂']]
2023-05-14 04:03:22,510 INFO 
[['A🔥' '🔥🍂' '🔥🍂' 'B🌿']
 ['🔥🍂' 'C🌿' '🔥🍂' '🔥🍂']
 ['🔥🍂' 'D🌿' '🔥🍂' '🔥🍂']
 ['🔥🍂' '🔥🍂' 'E🔥' '🌳🌿']]
2023-05-14 04:04:22,571 INFO 
[['A🔥' '🔥🍂' '🔥🍂' 'B🌿']
 ['🔥🍂' 'C🌿' '🔥🍂' '🔥🍂']
 ['🔥🍂' 'D🌿' '🔥🍂' '🔥🍂']
 ['🔥🍂' '🔥🍂' 'E🔥' '🌳🌿']]
2023-05-14 04:05:22,631 INFO 
[['A🔥' '🔥🍂' '🔥🍂' 'B🌿']
 ['🔥🍂' 'C🌿' '🔥🍂' '🔥🍂']
 ['🔥🍂' 'D🌿' '🔥🍂' '🔥🍂']
 ['🔥🍂' '🌳🌿' 'E🔥' '🌳🌿']]
2023-05-14 04:06:22,693 INFO 
[['A🔥' '🔥🍂' '🔥🍂' 'B🔥']
 ['🌳🌿' 'C🌿' '🔥🍂' '🔥🍂']
 ['🔥🍂' 'D🌿' '🔥🍂' '🔥🍂']
 ['🔥🍂' '🌳🌿' 'E🔥' '🌳🌿']]
2023-05-14 04:07:22,753 INFO 
[['A🔥' '🔥🍂' '🔥🍂' 'B🔥']
 ['🌳🌿' 'C🌿' '🔥🍂' '🔥🍂']
 ['🔥🍂' 'D🌿' '🔥🍂' '🔥🍂']
 ['🔥🍂' '🌳🌿' 'E🔥' '🌳🌿']]
2023-05-14 04:08:22,814 INFO 
[['A🔥' '🔥🍂' '🔥🍂' 'B🔥']
 ['🌳🌿' 'C🔥' '🔥🍂' '🔥🍂']
 ['🔥🍂' 'D🔥' '🔥🍂' '🔥🍂']
 ['🔥🍂' '🔥🍂' 'E🔥' '🔥🍂']]
2023-05-14 04:09:22,875 INFO 
[['A🔥' '🔥🍂' '🔥🍂' 'B🔥']
 ['🔥🍂' 'C🔥' '🔥🍂' '🔥🍂']
 ['🔥🍂' 'D🔥' '🔥🍂' '🔥🍂']
 ['🔥🍂' '🔥🍂' 'E🔥' '🔥🍂']]
2023-05-14 04:10:22,938 INFO 
[['A🌿' '🔥🍂' '🔥🍂' 'B🔥']
 ['🔥🍂' 'C🔥' '🔥🍂' '🔥🍂']
 ['🔥🍂' 'D🔥' '🔥🍂' '🔥🍂']
 ['🔥🍂' '🔥🍂' 'E🔥' '🔥🍂']]
2023-05-14 04:11:22,997 INFO 
[['A🌿' '🌳🌿' '🌳🌿' 'B🔥']
 ['🔥🍂' 'C🔥' '🔥🍂' '🔥🍂']
 ['🔥🍂' 'D🔥' '🔥🍂' '🔥🍂']
 ['🔥🍂' '🔥🍂' 'E🌿' '🔥🍂']]
2023-05-14 04:12:23,057 INFO 
[['A🌿' '🌳🌿' '🌳🌿' 'B🔥']
 ['🔥🍂' 'C🔥' '🔥🍂' '🔥🍂']
 ['🔥🍂' 'D🌿' '🔥🍂' '🔥🍂']
 ['🔥🍂' '🔥🍂' 'E🌿' '🔥🍂']]
2023-05-14 04:13:23,119 INFO 
[['A🌿' '🌳🌿' '🌳🌿' 'B🔥']
 ['🔥🍂' 'C🔥' '🔥🍂' '🔥🍂']
 ['🔥🍂' 'D🌿' '🔥🍂' '🔥🍂']
 ['🔥🍂' '🔥🍂' 'E🌿' '🔥🍂']]
2023-05-14 04:14:23,179 INFO 
[['A🌿' '🌳🌿' '🌳🌿' 'B🔥']
 ['🔥🍂' 'C🔥' '🌳🌿' '🔥🍂']
 ['🔥🍂' 'D🔥' '🔥🍂' '🔥🍂']
 ['🔥🍂' '🔥🍂' 'E🌿' '🔥🍂']]
2023-05-14 04:15:23,237 INFO 
[['A🌿' '🌳🌿' '🌳🌿' 'B🔥']
 ['🔥🍂' 'C🔥' '🌳🌿' '🔥🍂']
 ['🔥🍂' 'D🔥' '🔥🍂' '🔥🍂']
 ['🔥🍂' '🌳🌿' 'E🌿' '🔥🍂']]
2023-05-14 04:16:23,299 INFO 
[['A🌿' '🌳🌿' '🌳🌿' 'B🔥']
 ['🔥🍂' 'C🔥' '🌳🌿' '🔥🍂']
 ['🔥🍂' 'D🔥' '🔥🍂' '🌳🌿']
 ['🔥🍂' '🌳🌿' 'E🌿' '🔥🍂']]
2023-05-14 04:17:23,359 INFO 
[['A🔥' '🌳🌿' '🌳🌿' 'B🔥']
 ['🔥🍂' 'C🔥' '🔥🍂' '🔥🍂']
 ['🔥🍂' 'D🔥' '🔥🍂' '🌳🌿']
 ['🌳🌿' '🌳🌿' 'E🌿' '🌳🌿']]
2023-05-14 04:18:23,417 INFO 
[['A🔥' '🌳🌿' '🌳🌿' 'B🔥']
 ['🌳🌿' 'C🔥' '🔥🍂' '🌳🌿']
 ['🔥🍂' 'D🔥' '🔥🍂' '🌳🌿']
 ['🌳🌿' '🌳🌿' 'E🌿' '🌳🌿']]
2023-05-14 04:19:23,477 INFO 
[['A🔥' '🔥🍂' '🌳🌿' 'B🔥']
 ['🌳🌿' 'C🔥' '🌳🌿' '🌳🌿']
 ['🔥🍂' 'D🔥' '🔥🍂' '🌳🌿']
 ['🌳🌿' '🌳🌿' 'E🌿' '🌳🌿']]
2023-05-14 04:20:23,538 INFO 
[['A🔥' '🔥🍂' '🔥🍂' 'B🌿']
 ['🌳🌿' 'C🔥' '🌳🌿' '🌳🌿']
 ['🌳🌿' 'D🔥' '🔥🍂' '🌳🌿']
 ['🌳🌿' '🌳🌿' 'E🌿' '🌳🌿']]
2023-05-14 04:21:23,598 INFO 
[['A🔥' '🔥🍂' '🔥🍂' 'B🌿']
 ['🌳🌿' 'C🌿' '🔥🍂' '🌳🌿']
 ['🌳🌿' 'D🔥' '🔥🍂' '🌳🌿']
 ['🌳🌿' '🌳🌿' 'E🌿' '🌳🌿']]
2023-05-14 04:22:23,658 INFO 
[['A🔥' '🔥🍂' '🔥🍂' 'B🔥']
 ['🌳🌿' 'C🔥' '🔥🍂' '🌳🌿']
 ['🌳🌿' 'D🔥' '🔥🍂' '🌳🌿']
 ['🌳🌿' '🌳🌿' 'E🌿' '🌳🌿']]
2023-05-14 04:23:23,717 INFO 
[['A🔥' '🌳🌿' '🔥🍂' 'B🔥']
 ['🌳🌿' 'C🔥' '🔥🍂' '🌳🌿']
 ['🌳🌿' 'D🔥' '🔥🍂' '🌳🌿']
 ['🌳🌿' '🔥🍂' 'E🔥' '🌳🌿']]
2023-05-14 04:24:23,779 INFO 
[['A🔥' '🌳🌿' '🔥🍂' 'B🌿']
 ['🌳🌿' 'C🔥' '🔥🍂' '🌳🌿']
 ['🌳🌿' 'D🔥' '🌳🌿' '🌳🌿']
 ['🔥🍂' '🔥🍂' 'E🔥' '🌳🌿']]
2023-05-14 04:25:23,841 INFO 
[['A🔥' '🔥🍂' '🔥🍂' 'B🌿']
 ['🌳🌿' 'C🔥' '🔥🍂' '🔥🍂']
 ['🌳🌿' 'D🔥' '🌳🌿' '🌳🌿']
 ['🔥🍂' '🌳🌿' 'E🔥' '🌳🌿']]
2023-05-14 04:26:23,901 INFO 
[['A🌿' '🔥🍂' '🔥🍂' 'B🌿']
 ['🌳🌿' 'C🔥' '🔥🍂' '🔥🍂']
 ['🔥🍂' 'D🌿' '🌳🌿' '🌳🌿']
 ['🔥🍂' '🌳🌿' 'E🔥' '🔥🍂']]
2023-05-14 04:27:23,962 INFO 
[['A🌿' '🔥🍂' '🔥🍂' 'B🔥']
 ['🔥🍂' 'C🔥' '🔥🍂' '🌳🌿']
 ['🔥🍂' 'D🌿' '🌳🌿' '🌳🌿']
 ['🔥🍂' '🌳🌿' 'E🔥' '🌳🌿']]
2023-05-14 04:28:24,021 INFO 
[['A🌿' '🔥🍂' '🔥🍂' 'B🌿']
 ['🔥🍂' 'C🔥' '🔥🍂' '🌳🌿']
 ['🔥🍂' 'D🔥' '🌳🌿' '🌳🌿']
 ['🔥🍂' '🔥🍂' 'E🔥' '🌳🌿']]
2023-05-14 04:29:24,082 INFO 
[['A🔥' '🌳🌿' '🔥🍂' 'B🌿']
 ['🔥🍂' 'C🔥' '🔥🍂' '🌳🌿']
 ['🔥🍂' 'D🌿' '🌳🌿' '🌳🌿']
 ['🔥🍂' '🔥🍂' 'E🔥' '🔥🍂']]
2023-05-14 04:30:24,142 INFO 
[['A🔥' '🌳🌿' '🔥🍂' 'B🌿']
 ['🔥🍂' 'C🔥' '🔥🍂' '🔥🍂']
 ['🔥🍂' 'D🔥' '🌳🌿' '🌳🌿']
 ['🔥🍂' '🔥🍂' 'E🔥' '🔥🍂']]
2023-05-14 04:31:24,202 INFO 
[['A🔥' '🌳🌿' '🔥🍂' 'B🔥']
 ['🔥🍂' 'C🔥' '🔥🍂' '🔥🍂']
 ['🔥🍂' 'D🔥' '🌳🌿' '🌳🌿']
 ['🔥🍂' '🔥🍂' 'E🌿' '🔥🍂']]
2023-05-14 04:32:24,263 INFO 
[['A🔥' '🔥🍂' '🔥🍂' 'B🔥']
 ['🔥🍂' 'C🔥' '🔥🍂' '🔥🍂']
 ['🔥🍂' 'D🔥' '🌳🌿' '🌳🌿']
 ['🔥🍂' '🔥🍂' 'E🌿' '🔥🍂']]
2023-05-14 04:33:24,322 INFO 
[['A🔥' '🔥🍂' '🔥🍂' 'B🔥']
 ['🔥🍂' 'C🌿' '🔥🍂' '🔥🍂']
 ['🌳🌿' 'D🔥' '🌳🌿' '🔥🍂']
 ['🔥🍂' '🔥🍂' 'E🌿' '🔥🍂']]
2023-05-14 04:34:24,382 INFO 
[['A🔥' '🔥🍂' '🔥🍂' 'B🔥']
 ['🔥🍂' 'C🔥' '🔥🍂' '🔥🍂']
 ['🔥🍂' 'D🔥' '🌳🌿' '🔥🍂']
 ['🔥🍂' '🔥🍂' 'E🌿' '🔥🍂']]
2023-05-14 04:35:24,443 INFO 
[['A🔥' '🔥🍂' '🔥🍂' 'B🔥']
 ['🔥🍂' 'C🔥' '🔥🍂' '🔥🍂']
 ['🔥🍂' 'D🔥' '🔥🍂' '🌳🌿']
 ['🔥🍂' '🔥🍂' 'E🔥' '🔥🍂']]
2023-05-14 04:36:24,502 INFO 
[['A🔥' '🔥🍂' '🔥🍂' 'B🔥']
 ['🔥🍂' 'C🔥' '🔥🍂' '🌳🌿']
 ['🔥🍂' 'D🔥' '🔥🍂' '🌳🌿']
 ['🔥🍂' '🔥🍂' 'E🔥' '🔥🍂']]
2023-05-14 04:37:24,562 INFO 
[['A🌿' '🔥🍂' '🔥🍂' 'B🔥']
 ['🔥🍂' 'C🔥' '🔥🍂' '🌳🌿']
 ['🔥🍂' 'D🔥' '🔥🍂' '🌳🌿']
 ['🔥🍂' '🔥🍂' 'E🔥' '🔥🍂']]
2023-05-14 04:38:24,623 INFO 
[['A🔥' '🔥🍂' '🔥🍂' 'B🔥']
 ['🔥🍂' 'C🔥' '🔥🍂' '🌳🌿']
 ['🔥🍂' 'D🔥' '🌳🌿' '🌳🌿']
 ['🔥🍂' '🔥🍂' 'E🔥' '🌳🌿']]
2023-05-14 04:39:24,682 INFO 
[['A🔥' '🔥🍂' '🔥🍂' 'B🔥']
 ['🔥🍂' 'C🔥' '🔥🍂' '🌳🌿']
 ['🔥🍂' 'D🔥' '🌳🌿' '🌳🌿']
 ['🔥🍂' '🔥🍂' 'E🔥' '🌳🌿']]
2023-05-14 04:40:24,742 INFO 
[['A🔥' '🌳🌿' '🔥🍂' 'B🔥']
 ['🔥🍂' 'C🔥' '🌳🌿' '🌳🌿']
 ['🔥🍂' 'D🔥' '🌳🌿' '🌳🌿']
 ['🔥🍂' '🌳🌿' 'E🔥' '🌳🌿']]
2023-05-14 04:41:24,801 INFO 
[['A🔥' '🌳🌿' '🔥🍂' 'B🔥']
 ['🔥🍂' 'C🔥' '🔥🍂' '🌳🌿']
 ['🔥🍂' 'D🔥' '🌳🌿' '🌳🌿']
 ['🔥🍂' '🌳🌿' 'E🌿' '🌳🌿']]
2023-05-14 04:42:24,862 INFO 
[['A🔥' '🌳🌿' '🔥🍂' 'B🌿']
 ['🔥🍂' 'C🔥' '🔥🍂' '🌳🌿']
 ['🌳🌿' 'D🌿' '🌳🌿' '🌳🌿']
 ['🔥🍂' '🌳🌿' 'E🌿' '🌳🌿']]
2023-05-14 04:43:24,921 INFO 
[['A🔥' '🌳🌿' '🔥🍂' 'B🌿']
 ['🔥🍂' 'C🔥' '🔥🍂' '🌳🌿']
 ['🌳🌿' 'D🌿' '🌳🌿' '🌳🌿']
 ['🔥🍂' '🌳🌿' 'E🌿' '🌳🌿']]
2023-05-14 04:44:24,981 INFO 
[['A🔥' '🌳🌿' '🔥🍂' 'B🌿']
 ['🌳🌿' 'C🔥' '🔥🍂' '🌳🌿']
 ['🔥🍂' 'D🌿' '🌳🌿' '🌳🌿']
 ['🔥🍂' '🌳🌿' 'E🌿' '🌳🌿']]
2023-05-14 04:45:25,041 INFO 
[['A🔥' '🌳🌿' '🌳🌿' 'B🌿']
 ['🌳🌿' 'C🔥' '🔥🍂' '🌳🌿']
 ['🔥🍂' 'D🌿' '🌳🌿' '🌳🌿']
 ['🌳🌿' '🌳🌿' 'E🌿' '🌳🌿']]
2023-05-14 04:46:25,101 INFO 
[['A🔥' '🔥🍂' '🌳🌿' 'B🌿']
 ['🌳🌿' 'C🔥' '🔥🍂' '🌳🌿']
 ['🌳🌿' 'D🔥' '🌳🌿' '🌳🌿']
 ['🔥🍂' '🌳🌿' 'E🌿' '🌳🌿']]
2023-05-14 04:47:25,162 INFO 
[['A🔥' '🔥🍂' '🌳🌿' 'B🌿']
 ['🌳🌿' 'C🔥' '🔥🍂' '🌳🌿']
 ['🌳🌿' 'D🔥' '🌳🌿' '🌳🌿']
 ['🔥🍂' '🌳🌿' 'E🌿' '🌳🌿']]
2023-05-14 04:48:25,223 INFO 
[['A🔥' '🔥🍂' '🌳🌿' 'B🌿']
 ['🌳🌿' 'C🔥' '🔥🍂' '🌳🌿']
 ['🌳🌿' 'D🔥' '🌳🌿' '🌳🌿']
 ['🔥🍂' '🌳🌿' 'E🌿' '🌳🌿']]
2023-05-14 04:49:25,285 INFO 
[['A🔥' '🔥🍂' '🌳🌿' 'B🌿']
 ['🔥🍂' 'C🔥' '🔥🍂' '🌳🌿']
 ['🔥🍂' 'D🔥' '🔥🍂' '🌳🌿']
 ['🔥🍂' '🌳🌿' 'E🌿' '🌳🌿']]
2023-05-14 04:50:25,347 INFO 
[['A🔥' '🔥🍂' '🌳🌿' 'B🌿']
 ['🔥🍂' 'C🔥' '🔥🍂' '🌳🌿']
 ['🔥🍂' 'D🔥' '🔥🍂' '🌳🌿']
 ['🔥🍂' '🌳🌿' 'E🌿' '🌳🌿']]
2023-05-14 04:51:25,409 INFO 
[['A🔥' '🔥🍂' '🌳🌿' 'B🌿']
 ['🔥🍂' 'C🔥' '🔥🍂' '🔥🍂']
 ['🔥🍂' 'D🔥' '🔥🍂' '🔥🍂']
 ['🔥🍂' '🌳🌿' 'E🔥' '🌳🌿']]
2023-05-14 04:52:25,469 INFO 
[['A🔥' '🔥🍂' '🔥🍂' 'B🌿']
 ['🔥🍂' 'C🔥' '🔥🍂' '🔥🍂']
 ['🌳🌿' 'D🔥' '🔥🍂' '🔥🍂']
 ['🔥🍂' '🌳🌿' 'E🔥' '🌳🌿']]
2023-05-14 04:53:25,529 INFO 
[['A🌿' '🔥🍂' '🔥🍂' 'B🔥']
 ['🌳🌿' 'C🔥' '🌳🌿' '🔥🍂']
 ['🔥🍂' 'D🔥' '🔥🍂' '🔥🍂']
 ['🔥🍂' '🔥🍂' 'E🔥' '🔥🍂']]
2023-05-14 04:54:25,589 INFO 
[['A🌿' '🔥🍂' '🔥🍂' 'B🔥']
 ['🔥🍂' 'C🔥' '🌳🌿' '🔥🍂']
 ['🔥🍂' 'D🔥' '🌳🌿' '🌳🌿']
 ['🔥🍂' '🔥🍂' 'E🔥' '🌳🌿']]
2023-05-14 04:55:25,651 INFO 
[['A🔥' '🔥🍂' '🌳🌿' 'B🔥']
 ['🔥🍂' 'C🌿' '🌳🌿' '🌳🌿']
 ['🔥🍂' 'D🔥' '🔥🍂' '🌳🌿']
 ['🔥🍂' '🔥🍂' 'E🔥' '🌳🌿']]
2023-05-14 04:56:25,709 INFO 
[['A🔥' '🔥🍂' '🌳🌿' 'B🌿']
 ['🔥🍂' 'C🌿' '🌳🌿' '🌳🌿']
 ['🔥🍂' 'D🔥' '🔥🍂' '🌳🌿']
 ['🔥🍂' '🔥🍂' 'E🔥' '🌳🌿']]
2023-05-14 04:57:25,770 INFO 
[['A🔥' '🔥🍂' '🌳🌿' 'B🌿']
 ['🔥🍂' 'C🌿' '🌳🌿' '🌳🌿']
 ['🔥🍂' 'D🔥' '🔥🍂' '🌳🌿']
 ['🔥🍂' '🌳🌿' 'E🔥' '🌳🌿']]
2023-05-14 04:58:25,831 INFO 
[['A🔥' '🔥🍂' '🌳🌿' 'B🌿']
 ['🔥🍂' 'C🌿' '🌳🌿' '🌳🌿']
 ['🔥🍂' 'D🔥' '🔥🍂' '🌳🌿']
 ['🔥🍂' '🌳🌿' 'E🌿' '🌳🌿']]
2023-05-14 04:59:25,892 INFO 
[['A🔥' '🔥🍂' '🌳🌿' 'B🌿']
 ['🔥🍂' 'C🔥' '🌳🌿' '🌳🌿']
 ['🔥🍂' 'D🔥' '🔥🍂' '🔥🍂']
 ['🔥🍂' '🌳🌿' 'E🌿' '🌳🌿']]
2023-05-14 05:00:25,953 INFO 
[['A🔥' '🔥🍂' '🔥🍂' 'B🌿']
 ['🔥🍂' 'C🌿' '🌳🌿' '🌳🌿']
 ['🌳🌿' 'D🔥' '🔥🍂' '🔥🍂']
 ['🌳🌿' '🔥🍂' 'E🌿' '🌳🌿']]
2023-05-14 05:01:26,013 INFO 
[['A🔥' '🔥🍂' '🔥🍂' 'B🌿']
 ['🔥🍂' 'C🌿' '🌳🌿' '🌳🌿']
 ['🌳🌿' 'D🔥' '🔥🍂' '🔥🍂']
 ['🔥🍂' '🔥🍂' 'E🌿' '🌳🌿']]
2023-05-14 05:02:26,073 INFO 
[['A🔥' '🔥🍂' '🔥🍂' 'B🌿']
 ['🔥🍂' 'C🌿' '🌳🌿' '🌳🌿']
 ['🌳🌿' 'D🔥' '🔥🍂' '🔥🍂']
 ['🔥🍂' '🔥🍂' 'E🌿' '🌳🌿']]
2023-05-14 05:03:26,133 INFO 
[['A🌿' '🔥🍂' '🔥🍂' 'B🌿']
 ['🌳🌿' 'C🌿' '🌳🌿' '🌳🌿']
 ['🌳🌿' 'D🔥' '🔥🍂' '🔥🍂']
 ['🔥🍂' '🔥🍂' 'E🌿' '🌳🌿']]
2023-05-14 05:04:26,193 INFO 
[['A🌿' '🔥🍂' '🔥🍂' 'B🌿']
 ['🌳🌿' 'C🌿' '🌳🌿' '🌳🌿']
 ['🌳🌿' 'D🔥' '🔥🍂' '🔥🍂']
 ['🔥🍂' '🔥🍂' 'E🌿' '🔥🍂']]
2023-05-14 05:05:26,253 INFO 
[['A🔥' '🔥🍂' '🔥🍂' 'B🌿']
 ['🌳🌿' 'C🔥' '🔥🍂' '🌳🌿']
 ['🌳🌿' 'D🔥' '🔥🍂' '🔥🍂']
 ['🌳🌿' '🔥🍂' 'E🌿' '🔥🍂']]
2023-05-14 05:06:26,314 INFO 
[['A🔥' '🔥🍂' '🔥🍂' 'B🌿']
 ['🔥🍂' 'C🔥' '🔥🍂' '🌳🌿']
 ['🌳🌿' 'D🔥' '🔥🍂' '🔥🍂']
 ['🌳🌿' '🔥🍂' 'E🌿' '🔥🍂']]
2023-05-14 05:07:26,374 INFO 
[['A🔥' '🔥🍂' '🔥🍂' 'B🌿']
 ['🔥🍂' 'C🔥' '🔥🍂' '🔥🍂']
 ['🔥🍂' 'D🔥' '🌳🌿' '🔥🍂']
 ['🌳🌿' '🌳🌿' 'E🌿' '🔥🍂']]
2023-05-14 05:08:26,434 INFO 
[['A🔥' '🔥🍂' '🔥🍂' 'B🌿']
 ['🌳🌿' 'C🔥' '🌳🌿' '🔥🍂']
 ['🔥🍂' 'D🔥' '🔥🍂' '🔥🍂']
 ['🌳🌿' '🌳🌿' 'E🌿' '🔥🍂']]
2023-05-14 05:09:26,494 INFO 
[['A🌿' '🌳🌿' '🔥🍂' 'B🌿']
 ['🌳🌿' 'C🔥' '🌳🌿' '🔥🍂']
 ['🔥🍂' 'D🔥' '🔥🍂' '🔥🍂']
 ['🌳🌿' '🌳🌿' 'E🌿' '🔥🍂']]
2023-05-14 05:10:26,555 INFO 
[['A🌿' '🌳🌿' '🔥🍂' 'B🌿']
 ['🔥🍂' 'C🔥' '🌳🌿' '🔥🍂']
 ['🌳🌿' 'D🌿' '🔥🍂' '🔥🍂']
 ['🌳🌿' '🌳🌿' 'E🔥' '🔥🍂']]
2023-05-14 05:11:26,613 INFO 
[['A🌿' '🌳🌿' '🔥🍂' 'B🌿']
 ['🔥🍂' 'C🔥' '🌳🌿' '🔥🍂']
 ['🌳🌿' 'D🌿' '🔥🍂' '🔥🍂']
 ['🌳🌿' '🌳🌿' 'E🔥' '🔥🍂']]
2023-05-14 05:12:26,673 INFO 
[['A🌿' '🌳🌿' '🔥🍂' 'B🌿']
 ['🔥🍂' 'C🔥' '🌳🌿' '🌳🌿']
 ['🌳🌿' 'D🌿' '🔥🍂' '🌳🌿']
 ['🌳🌿' '🌳🌿' 'E🔥' '🔥🍂']]
2023-05-14 05:13:26,733 INFO 
[['A🌿' '🔥🍂' '🔥🍂' 'B🌿']
 ['🔥🍂' 'C🔥' '🌳🌿' '🌳🌿']
 ['🌳🌿' 'D🌿' '🔥🍂' '🌳🌿']
 ['🌳🌿' '🌳🌿' 'E🔥' '🔥🍂']]
2023-05-14 05:14:26,794 INFO 
[['A🌿' '🔥🍂' '🔥🍂' 'B🌿']
 ['🔥🍂' 'C🔥' '🌳🌿' '🌳🌿']
 ['🌳🌿' 'D🌿' '🔥🍂' '🌳🌿']
 ['🌳🌿' '🌳🌿' 'E🔥' '🔥🍂']]
2023-05-14 05:15:26,854 INFO 
[['A🌿' '🔥🍂' '🔥🍂' 'B🌿']
 ['🔥🍂' 'C🌿' '🌳🌿' '🌳🌿']
 ['🌳🌿' 'D🌿' '🔥🍂' '🔥🍂']
 ['🌳🌿' '🌳🌿' 'E🔥' '🔥🍂']]
2023-05-14 05:16:26,913 INFO 
[['A🌿' '🔥🍂' '🔥🍂' 'B🌿']
 ['🔥🍂' 'C🌿' '🔥🍂' '🔥🍂']
 ['🌳🌿' 'D🌿' '🔥🍂' '🔥🍂']
 ['🌳🌿' '🌳🌿' 'E🔥' '🌳🌿']]
2023-05-14 05:17:26,973 INFO 
[['A🔥' '🔥🍂' '🔥🍂' 'B🌿']
 ['🔥🍂' 'C🔥' '🔥🍂' '🔥🍂']
 ['🌳🌿' 'D🌿' '🔥🍂' '🔥🍂']
 ['🌳🌿' '🔥🍂' 'E🔥' '🌳🌿']]
2023-05-14 05:18:27,033 INFO 
[['A🔥' '🔥🍂' '🔥🍂' 'B🌿']
 ['🔥🍂' 'C🔥' '🔥🍂' '🌳🌿']
 ['🔥🍂' 'D🌿' '🔥🍂' '🔥🍂']
 ['🌳🌿' '🔥🍂' 'E🔥' '🌳🌿']]
2023-05-14 05:19:27,094 INFO 
[['A🔥' '🔥🍂' '🌳🌿' 'B🌿']
 ['🔥🍂' 'C🔥' '🔥🍂' '🌳🌿']
 ['🔥🍂' 'D🌿' '🔥🍂' '🌳🌿']
 ['🌳🌿' '🌳🌿' 'E🔥' '🌳🌿']]
2023-05-14 05:20:27,153 INFO 
[['A🔥' '🔥🍂' '🌳🌿' 'B🌿']
 ['🔥🍂' 'C🔥' '🔥🍂' '🌳🌿']
 ['🔥🍂' 'D🌿' '🔥🍂' '🔥🍂']
 ['🌳🌿' '🌳🌿' 'E🔥' '🌳🌿']]
2023-05-14 05:21:27,213 INFO 
[['A🔥' '🔥🍂' '🌳🌿' 'B🌿']
 ['🔥🍂' 'C🔥' '🔥🍂' '🌳🌿']
 ['🔥🍂' 'D🌿' '🔥🍂' '🔥🍂']
 ['🌳🌿' '🌳🌿' 'E🔥' '🌳🌿']]
2023-05-14 05:22:27,274 INFO 
[['A🔥' '🌳🌿' '🌳🌿' 'B🌿']
 ['🔥🍂' 'C🔥' '🔥🍂' '🌳🌿']
 ['🔥🍂' 'D🌿' '🔥🍂' '🔥🍂']
 ['🌳🌿' '🌳🌿' 'E🔥' '🌳🌿']]
2023-05-14 05:23:27,333 INFO 
[['A🔥' '🔥🍂' '🌳🌿' 'B🌿']
 ['🔥🍂' 'C🔥' '🔥🍂' '🌳🌿']
 ['🔥🍂' 'D🔥' '🔥🍂' '🔥🍂']
 ['🌳🌿' '🌳🌿' 'E🔥' '🔥🍂']]
2023-05-14 05:24:27,393 INFO 
[['A🔥' '🔥🍂' '🌳🌿' 'B🌿']
 ['🔥🍂' 'C🔥' '🔥🍂' '🌳🌿']
 ['🔥🍂' 'D🔥' '🔥🍂' '🔥🍂']
 ['🌳🌿' '🌳🌿' 'E🔥' '🔥🍂']]
2023-05-14 05:25:27,453 INFO 
[['A🌿' '🔥🍂' '🔥🍂' 'B🌿']
 ['🔥🍂' 'C🌿' '🔥🍂' '🌳🌿']
 ['🔥🍂' 'D🔥' '🌳🌿' '🌳🌿']
 ['🌳🌿' '🔥🍂' 'E🔥' '🌳🌿']]
2023-05-14 05:26:27,513 INFO 
[['A🌿' '🔥🍂' '🔥🍂' 'B🌿']
 ['🔥🍂' 'C🌿' '🔥🍂' '🌳🌿']
 ['🔥🍂' 'D🔥' '🌳🌿' '🌳🌿']
 ['🌳🌿' '🌳🌿' 'E🔥' '🌳🌿']]
2023-05-14 05:27:27,573 INFO 
[['A🌿' '🔥🍂' '🔥🍂' 'B🌿']
 ['🔥🍂' 'C🔥' '🔥🍂' '🌳🌿']
 ['🌳🌿' 'D🔥' '🌳🌿' '🌳🌿']
 ['🌳🌿' '🌳🌿' 'E🔥' '🌳🌿']]
2023-05-14 05:28:27,633 INFO 
[['A🌿' '🔥🍂' '🔥🍂' 'B🌿']
 ['🔥🍂' 'C🔥' '🔥🍂' '🌳🌿']
 ['🔥🍂' 'D🔥' '🌳🌿' '🌳🌿']
 ['🌳🌿' '🌳🌿' 'E🌿' '🌳🌿']]
2023-05-14 05:29:27,694 INFO 
[['A🔥' '🔥🍂' '🔥🍂' 'B🌿']
 ['🌳🌿' 'C🔥' '🔥🍂' '🌳🌿']
 ['🔥🍂' 'D🔥' '🌳🌿' '🌳🌿']
 ['🌳🌿' '🌳🌿' 'E🌿' '🌳🌿']]
2023-05-14 05:30:27,756 INFO 
[['A🌿' '🔥🍂' '🔥🍂' 'B🌿']
 ['🌳🌿' 'C🔥' '🔥🍂' '🌳🌿']
 ['🔥🍂' 'D🔥' '🌳🌿' '🌳🌿']
 ['🔥🍂' '🌳🌿' 'E🌿' '🌳🌿']]
2023-05-14 05:31:27,817 INFO 
[['A🌿' '🔥🍂' '🔥🍂' 'B🌿']
 ['🌳🌿' 'C🔥' '🔥🍂' '🌳🌿']
 ['🔥🍂' 'D🔥' '🌳🌿' '🌳🌿']
 ['🔥🍂' '🌳🌿' 'E🌿' '🌳🌿']]
2023-05-14 05:32:27,877 INFO 
[['A🌿' '🔥🍂' '🔥🍂' 'B🌿']
 ['🌳🌿' 'C🔥' '🔥🍂' '🌳🌿']
 ['🔥🍂' 'D🔥' '🔥🍂' '🌳🌿']
 ['🔥🍂' '🌳🌿' 'E🌿' '🌳🌿']]
2023-05-14 05:33:27,938 INFO 
[['A🌿' '🔥🍂' '🔥🍂' 'B🌿']
 ['🔥🍂' 'C🔥' '🔥🍂' '🌳🌿']
 ['🔥🍂' 'D🌿' '🔥🍂' '🌳🌿']
 ['🔥🍂' '🌳🌿' 'E🌿' '🌳🌿']]
2023-05-14 05:34:27,997 INFO 
[['A🌿' '🔥🍂' '🔥🍂' 'B🔥']
 ['🔥🍂' 'C🔥' '🔥🍂' '🌳🌿']
 ['🔥🍂' 'D🌿' '🔥🍂' '🌳🌿']
 ['🔥🍂' '🌳🌿' 'E🌿' '🌳🌿']]
2023-05-14 05:35:28,058 INFO 
[['A🔥' '🔥🍂' '🔥🍂' 'B🔥']
 ['🔥🍂' 'C🔥' '🔥🍂' '🌳🌿']
 ['🔥🍂' 'D🌿' '🔥🍂' '🌳🌿']
 ['🌳🌿' '🌳🌿' 'E🌿' '🌳🌿']]
2023-05-14 05:36:28,118 INFO 
[['A🔥' '🔥🍂' '🔥🍂' 'B🔥']
 ['🔥🍂' 'C🌿' '🔥🍂' '🌳🌿']
 ['🔥🍂' 'D🌿' '🔥🍂' '🌳🌿']
 ['🌳🌿' '🌳🌿' 'E🌿' '🌳🌿']]
2023-05-14 05:37:28,179 INFO 
[['A🌿' '🌳🌿' '🔥🍂' 'B🔥']
 ['🔥🍂' 'C🌿' '🔥🍂' '🔥🍂']
 ['🔥🍂' 'D🌿' '🔥🍂' '🌳🌿']
 ['🌳🌿' '🌳🌿' 'E🌿' '🌳🌿']]
2023-05-14 05:38:28,238 INFO 
[['A🌿' '🌳🌿' '🌳🌿' 'B🔥']
 ['🌳🌿' 'C🔥' '🔥🍂' '🔥🍂']
 ['🔥🍂' 'D🌿' '🔥🍂' '🌳🌿']
 ['🌳🌿' '🌳🌿' 'E🌿' '🌳🌿']]
2023-05-14 05:39:28,298 INFO 
[['A🌿' '🌳🌿' '🌳🌿' 'B🔥']
 ['🌳🌿' 'C🌿' '🔥🍂' '🔥🍂']
 ['🔥🍂' 'D🔥' '🔥🍂' '🌳🌿']
 ['🌳🌿' '🌳🌿' 'E🌿' '🌳🌿']]
2023-05-14 05:40:28,357 INFO 
[['A🌿' '🌳🌿' '🌳🌿' 'B🔥']
 ['🔥🍂' 'C🔥' '🌳🌿' '🌳🌿']
 ['🔥🍂' 'D🔥' '🔥🍂' '🌳🌿']
 ['🌳🌿' '🌳🌿' 'E🌿' '🌳🌿']]
2023-05-14 05:41:28,417 INFO 
[['A🔥' '🌳🌿' '🌳🌿' 'B🔥']
 ['🔥🍂' 'C🔥' '🌳🌿' '🔥🍂']
 ['🔥🍂' 'D🔥' '🔥🍂' '🌳🌿']
 ['🌳🌿' '🌳🌿' 'E🌿' '🌳🌿']]
2023-05-14 05:42:28,478 INFO 
[['A🔥' '🌳🌿' '🔥🍂' 'B🔥']
 ['🔥🍂' 'C🔥' '🔥🍂' '🔥🍂']
 ['🔥🍂' 'D🔥' '🔥🍂' '🔥🍂']
 ['🌳🌿' '🌳🌿' 'E🌿' '🌳🌿']]
2023-05-14 05:43:28,537 INFO 
[['A🔥' '🌳🌿' '🔥🍂' 'B🔥']
 ['🔥🍂' 'C🔥' '🔥🍂' '🔥🍂']
 ['🔥🍂' 'D🔥' '🔥🍂' '🔥🍂']
 ['🌳🌿' '🌳🌿' 'E🌿' '🌳🌿']]
2023-05-14 05:44:28,597 INFO 
[['A🔥' '🔥🍂' '🔥🍂' 'B🔥']
 ['🔥🍂' 'C🔥' '🔥🍂' '🔥🍂']
 ['🔥🍂' 'D🔥' '🔥🍂' '🔥🍂']
 ['🌳🌿' '🌳🌿' 'E🔥' '🌳🌿']]
2023-05-14 05:45:28,657 INFO 
[['A🔥' '🔥🍂' '🔥🍂' 'B🔥']
 ['🌳🌿' 'C🔥' '🔥🍂' '🌳🌿']
 ['🔥🍂' 'D🔥' '🔥🍂' '🔥🍂']
 ['🌳🌿' '🔥🍂' 'E🌿' '🔥🍂']]
2023-05-14 05:46:28,717 INFO 
[['A🔥' '🔥🍂' '🔥🍂' 'B🔥']
 ['🔥🍂' 'C🔥' '🌳🌿' '🌳🌿']
 ['🌳🌿' 'D🔥' '🔥🍂' '🔥🍂']
 ['🔥🍂' '🔥🍂' 'E🔥' '🔥🍂']]
2023-05-14 05:47:28,778 INFO 
[['A🔥' '🔥🍂' '🔥🍂' 'B🌿']
 ['🔥🍂' 'C🔥' '🌳🌿' '🌳🌿']
 ['🔥🍂' 'D🔥' '🔥🍂' '🔥🍂']
 ['🔥🍂' '🔥🍂' 'E🌿' '🔥🍂']]
2023-05-14 05:48:28,840 INFO 
[['A🔥' '🌳🌿' '🔥🍂' 'B🌿']
 ['🔥🍂' 'C🔥' '🌳🌿' '🌳🌿']
 ['🔥🍂' 'D🔥' '🌳🌿' '🌳🌿']
 ['🔥🍂' '🔥🍂' 'E🌿' '🔥🍂']]
2023-05-14 05:49:28,901 INFO 
[['A🔥' '🌳🌿' '🔥🍂' 'B🌿']
 ['🔥🍂' 'C🔥' '🌳🌿' '🌳🌿']
 ['🔥🍂' 'D🔥' '🌳🌿' '🌳🌿']
 ['🔥🍂' '🔥🍂' 'E🌿' '🔥🍂']]
2023-05-14 05:50:28,963 INFO 
[['A🌿' '🔥🍂' '🔥🍂' 'B🔥']
 ['🔥🍂' 'C🔥' '🔥🍂' '🌳🌿']
 ['🔥🍂' 'D🔥' '🌳🌿' '🌳🌿']
 ['🔥🍂' '🔥🍂' 'E🌿' '🔥🍂']]
2023-05-14 05:51:29,021 INFO 
[['A🔥' '🔥🍂' '🌳🌿' 'B🔥']
 ['🔥🍂' 'C🔥' '🔥🍂' '🔥🍂']
 ['🔥🍂' 'D🌿' '🔥🍂' '🌳🌿']
 ['🔥🍂' '🔥🍂' 'E🔥' '🔥🍂']]
2023-05-14 05:52:29,081 INFO 
[['A🔥' '🔥🍂' '🌳🌿' 'B🔥']
 ['🔥🍂' 'C🔥' '🔥🍂' '🌳🌿']
 ['🔥🍂' 'D🌿' '🔥🍂' '🌳🌿']
 ['🔥🍂' '🔥🍂' 'E🔥' '🔥🍂']]
2023-05-14 05:53:29,142 INFO 
[['A🔥' '🔥🍂' '🔥🍂' 'B🌿']
 ['🌳🌿' 'C🔥' '🌳🌿' '🌳🌿']
 ['🔥🍂' 'D🌿' '🔥🍂' '🔥🍂']
 ['🔥🍂' '🔥🍂' 'E🔥' '🔥🍂']]
2023-05-14 05:54:29,202 INFO 
[['A🔥' '🔥🍂' '🔥🍂' 'B🌿']
 ['🔥🍂' 'C🔥' '🌳🌿' '🌳🌿']
 ['🔥🍂' 'D🌿' '🔥🍂' '🔥🍂']
 ['🔥🍂' '🔥🍂' 'E🔥' '🔥🍂']]
2023-05-14 05:55:29,261 INFO 
[['A🔥' '🔥🍂' '🔥🍂' 'B🌿']
 ['🔥🍂' 'C🔥' '🌳🌿' '🌳🌿']
 ['🔥🍂' 'D🌿' '🔥🍂' '🔥🍂']
 ['🔥🍂' '🔥🍂' 'E🔥' '🔥🍂']]
2023-05-14 05:56:29,321 INFO 
[['A🔥' '🔥🍂' '🔥🍂' 'B🌿']
 ['🔥🍂' 'C🔥' '🌳🌿' '🌳🌿']
 ['🔥🍂' 'D🔥' '🔥🍂' '🔥🍂']
 ['🔥🍂' '🔥🍂' 'E🔥' '🔥🍂']]
2023-05-14 05:57:29,381 INFO 
[['A🔥' '🔥🍂' '🔥🍂' 'B🌿']
 ['🌳🌿' 'C🔥' '🌳🌿' '🌳🌿']
 ['🔥🍂' 'D🔥' '🔥🍂' '🔥🍂']
 ['🔥🍂' '🔥🍂' 'E🔥' '🌳🌿']]
2023-05-14 05:58:29,442 INFO 
[['A🔥' '🔥🍂' '🔥🍂' 'B🌿']
 ['🌳🌿' 'C🔥' '🌳🌿' '🌳🌿']
 ['🔥🍂' 'D🔥' '🔥🍂' '🔥🍂']
 ['🔥🍂' '🔥🍂' 'E🔥' '🌳🌿']]
2023-05-14 05:59:29,501 INFO 
[['A🔥' '🔥🍂' '🔥🍂' 'B🌿']
 ['🔥🍂' 'C🔥' '🔥🍂' '🌳🌿']
 ['🔥🍂' 'D🔥' '🔥🍂' '🔥🍂']
 ['🔥🍂' '🔥🍂' 'E🔥' '🌳🌿']]
2023-05-14 06:00:29,561 INFO 
[['A🌿' '🔥🍂' '🔥🍂' 'B🌿']
 ['🔥🍂' 'C🔥' '🔥🍂' '🔥🍂']
 ['🔥🍂' 'D🔥' '🔥🍂' '🔥🍂']
 ['🔥🍂' '🔥🍂' 'E🔥' '🔥🍂']]
2023-05-14 06:01:29,622 INFO 
[['A🌿' '🔥🍂' '🔥🍂' 'B🌿']
 ['🔥🍂' 'C🔥' '🔥🍂' '🔥🍂']
 ['🔥🍂' 'D🔥' '🔥🍂' '🔥🍂']
 ['🔥🍂' '🔥🍂' 'E🔥' '🌳🌿']]
2023-05-14 06:02:29,684 INFO 
[['A🌿' '🔥🍂' '🔥🍂' 'B🌿']
 ['🔥🍂' 'C🔥' '🔥🍂' '🔥🍂']
 ['🔥🍂' 'D🔥' '🔥🍂' '🔥🍂']
 ['🔥🍂' '🔥🍂' 'E🔥' '🌳🌿']]
2023-05-14 06:03:29,745 INFO 
[['A🌿' '🔥🍂' '🔥🍂' 'B🌿']
 ['🔥🍂' 'C🔥' '🔥🍂' '🔥🍂']
 ['🌳🌿' 'D🔥' '🔥🍂' '🌳🌿']
 ['🔥🍂' '🔥🍂' 'E🌿' '🌳🌿']]
2023-05-14 06:04:29,806 INFO 
[['A🔥' '🔥🍂' '🔥🍂' 'B🌿']
 ['🔥🍂' 'C🔥' '🔥🍂' '🔥🍂']
 ['🔥🍂' 'D🔥' '🔥🍂' '🌳🌿']
 ['🔥🍂' '🌳🌿' 'E🌿' '🌳🌿']]
2023-05-14 06:05:29,865 INFO 
[['A🔥' '🔥🍂' '🔥🍂' 'B🌿']
 ['🔥🍂' 'C🔥' '🔥🍂' '🔥🍂']
 ['🔥🍂' 'D🔥' '🔥🍂' '🌳🌿']
 ['🔥🍂' '🌳🌿' 'E🌿' '🌳🌿']]
2023-05-14 06:06:29,925 INFO 
[['A🔥' '🔥🍂' '🔥🍂' 'B🌿']
 ['🔥🍂' 'C🔥' '🔥🍂' '🔥🍂']
 ['🔥🍂' 'D🔥' '🔥🍂' '🌳🌿']
 ['🔥🍂' '🌳🌿' 'E🌿' '🌳🌿']]
2023-05-14 06:07:29,985 INFO 
[['A🔥' '🔥🍂' '🔥🍂' 'B🌿']
 ['🔥🍂' 'C🔥' '🌳🌿' '🔥🍂']
 ['🔥🍂' 'D🔥' '🔥🍂' '🌳🌿']
 ['🌳🌿' '🌳🌿' 'E🌿' '🌳🌿']]
2023-05-14 06:08:30,046 INFO 
[['A🔥' '🔥🍂' '🔥🍂' 'B🌿']
 ['🔥🍂' 'C🌿' '🌳🌿' '🔥🍂']
 ['🔥🍂' 'D🔥' '🔥🍂' '🌳🌿']
 ['🔥🍂' '🌳🌿' 'E🌿' '🌳🌿']]
2023-05-14 06:09:30,105 INFO 
[['A🔥' '🔥🍂' '🔥🍂' 'B🔥']
 ['🔥🍂' 'C🔥' '🌳🌿' '🔥🍂']
 ['🔥🍂' 'D🌿' '🔥🍂' '🔥🍂']
 ['🔥🍂' '🌳🌿' 'E🌿' '🌳🌿']]
2023-05-14 06:10:30,165 INFO 
[['A🔥' '🔥🍂' '🔥🍂' 'B🔥']
 ['🔥🍂' 'C🔥' '🌳🌿' '🔥🍂']
 ['🔥🍂' 'D🌿' '🌳🌿' '🔥🍂']
 ['🔥🍂' '🌳🌿' 'E🌿' '🔥🍂']]
2023-05-14 06:11:30,225 INFO 
[['A🔥' '🔥🍂' '🔥🍂' 'B🔥']
 ['🔥🍂' 'C🔥' '🌳🌿' '🔥🍂']
 ['🔥🍂' 'D🌿' '🌳🌿' '🔥🍂']
 ['🔥🍂' '🌳🌿' 'E🔥' '🔥🍂']]
2023-05-14 06:12:30,285 INFO 
[['A🔥' '🔥🍂' '🔥🍂' 'B🔥']
 ['🔥🍂' 'C🔥' '🌳🌿' '🔥🍂']
 ['🔥🍂' 'D🌿' '🌳🌿' '🔥🍂']
 ['🔥🍂' '🌳🌿' 'E🔥' '🔥🍂']]
2023-05-14 06:13:30,346 INFO 
[['A🔥' '🔥🍂' '🔥🍂' 'B🔥']
 ['🔥🍂' 'C🔥' '🔥🍂' '🔥🍂']
 ['🔥🍂' 'D🌿' '🔥🍂' '🔥🍂']
 ['🔥🍂' '🌳🌿' 'E🔥' '🌳🌿']]
2023-05-14 06:14:30,405 INFO 
[['A🔥' '🔥🍂' '🔥🍂' 'B🔥']
 ['🔥🍂' 'C🌿' '🔥🍂' '🔥🍂']
 ['🔥🍂' 'D🔥' '🌳🌿' '🔥🍂']
 ['🔥🍂' '🌳🌿' 'E🔥' '🌳🌿']]
2023-05-14 06:15:30,466 INFO 
[['A🔥' '🌳🌿' '🔥🍂' 'B🔥']
 ['🔥🍂' 'C🌿' '🔥🍂' '🔥🍂']
 ['🔥🍂' 'D🔥' '🔥🍂' '🌳🌿']
 ['🔥🍂' '🌳🌿' 'E🔥' '🌳🌿']]
2023-05-14 06:16:30,525 INFO 
[['A🔥' '🌳🌿' '🔥🍂' 'B🔥']
 ['🌳🌿' 'C🌿' '🔥🍂' '🔥🍂']
 ['🌳🌿' 'D🔥' '🔥🍂' '🔥🍂']
 ['🔥🍂' '🔥🍂' 'E🔥' '🌳🌿']]
2023-05-14 06:17:30,587 INFO 
[['A🔥' '🔥🍂' '🔥🍂' 'B🔥']
 ['🌳🌿' 'C🌿' '🔥🍂' '🔥🍂']
 ['🌳🌿' 'D🔥' '🔥🍂' '🔥🍂']
 ['🔥🍂' '🔥🍂' 'E🔥' '🌳🌿']]
2023-05-14 06:18:30,650 INFO 
[['A🔥' '🔥🍂' '🔥🍂' 'B🔥']
 ['🌳🌿' 'C🌿' '🔥🍂' '🔥🍂']
 ['🔥🍂' 'D🔥' '🌳🌿' '🔥🍂']
 ['🔥🍂' '🔥🍂' 'E🔥' '🌳🌿']]
2023-05-14 06:19:30,711 INFO 
[['A🔥' '🔥🍂' '🔥🍂' 'B🔥']
 ['🌳🌿' 'C🌿' '🔥🍂' '🌳🌿']
 ['🔥🍂' 'D🔥' '🌳🌿' '🔥🍂']
 ['🔥🍂' '🔥🍂' 'E🔥' '🌳🌿']]
2023-05-14 06:20:30,771 INFO 
[['A🔥' '🔥🍂' '🔥🍂' 'B🔥']
 ['🌳🌿' 'C🔥' '🔥🍂' '🔥🍂']
 ['🔥🍂' 'D🔥' '🌳🌿' '🔥🍂']
 ['🌳🌿' '🔥🍂' 'E🌿' '🌳🌿']]
2023-05-14 06:21:30,833 INFO 
[['A🔥' '🔥🍂' '🔥🍂' 'B🌿']
 ['🌳🌿' 'C🔥' '🔥🍂' '🔥🍂']
 ['🔥🍂' 'D🔥' '🌳🌿' '🔥🍂']
 ['🌳🌿' '🔥🍂' 'E🌿' '🌳🌿']]
2023-05-14 06:22:30,893 INFO 
[['A🔥' '🔥🍂' '🔥🍂' 'B🌿']
 ['🌳🌿' 'C🔥' '🔥🍂' '🌳🌿']
 ['🔥🍂' 'D🔥' '🔥🍂' '🔥🍂']
 ['🌳🌿' '🔥🍂' 'E🌿' '🌳🌿']]
2023-05-14 06:23:30,953 INFO 
[['A🔥' '🔥🍂' '🔥🍂' 'B🌿']
 ['🔥🍂' 'C🔥' '🔥🍂' '🌳🌿']
 ['🔥🍂' 'D🌿' '🔥🍂' '🔥🍂']
 ['🌳🌿' '🔥🍂' 'E🌿' '🌳🌿']]
2023-05-14 06:24:31,013 INFO 
[['A🔥' '🔥🍂' '🔥🍂' 'B🌿']
 ['🔥🍂' 'C🔥' '🔥🍂' '🌳🌿']
 ['🔥🍂' 'D🌿' '🔥🍂' '🔥🍂']
 ['🌳🌿' '🔥🍂' 'E🌿' '🌳🌿']]
2023-05-14 06:25:31,073 INFO 
[['A🌿' '🔥🍂' '🔥🍂' 'B🌿']
 ['🌳🌿' 'C🔥' '🔥🍂' '🌳🌿']
 ['🌳🌿' 'D🌿' '🔥🍂' '🌳🌿']
 ['🌳🌿' '🔥🍂' 'E🌿' '🌳🌿']]
2023-05-14 06:26:31,134 INFO 
[['A🌿' '🔥🍂' '🔥🍂' 'B🌿']
 ['🌳🌿' 'C🔥' '🔥🍂' '🌳🌿']
 ['🌳🌿' 'D🌿' '🔥🍂' '🔥🍂']
 ['🌳🌿' '🔥🍂' 'E🌿' '🌳🌿']]
2023-05-14 06:27:31,194 INFO 
[['A🌿' '🔥🍂' '🔥🍂' 'B🌿']
 ['🌳🌿' 'C🔥' '🔥🍂' '🌳🌿']
 ['🌳🌿' 'D🔥' '🌳🌿' '🔥🍂']
 ['🌳🌿' '🔥🍂' 'E🔥' '🌳🌿']]
2023-05-14 06:28:31,253 INFO 
[['A🌿' '🔥🍂' '🔥🍂' 'B🌿']
 ['🌳🌿' 'C🔥' '🔥🍂' '🌳🌿']
 ['🌳🌿' 'D🔥' '🌳🌿' '🔥🍂']
 ['🌳🌿' '🔥🍂' 'E🔥' '🌳🌿']]
2023-05-14 06:29:31,314 INFO 
[['A🌿' '🔥🍂' '🌳🌿' 'B🌿']
 ['🌳🌿' 'C🌿' '🌳🌿' '🌳🌿']
 ['🌳🌿' 'D🔥' '🌳🌿' '🔥🍂']
 ['🌳🌿' '🔥🍂' 'E🔥' '🌳🌿']]
2023-05-14 06:30:31,373 INFO 
[['A🌿' '🔥🍂' '🔥🍂' 'B🌿']
 ['🌳🌿' 'C🌿' '🌳🌿' '🌳🌿']
 ['🌳🌿' 'D🔥' '🌳🌿' '🔥🍂']
 ['🌳🌿' '🔥🍂' 'E🔥' '🌳🌿']]
2023-05-14 06:31:31,434 INFO 
[['A🌿' '🔥🍂' '🔥🍂' 'B🌿']
 ['🌳🌿' 'C🔥' '🌳🌿' '🔥🍂']
 ['🌳🌿' 'D🔥' '🔥🍂' '🔥🍂']
 ['🔥🍂' '🔥🍂' 'E🔥' '🌳🌿']]
2023-05-14 06:32:31,494 INFO 
[['A🌿' '🔥🍂' '🔥🍂' 'B🔥']
 ['🌳🌿' 'C🔥' '🌳🌿' '🔥🍂']
 ['🔥🍂' 'D🔥' '🔥🍂' '🔥🍂']
 ['🌳🌿' '🔥🍂' 'E🔥' '🌳🌿']]
2023-05-14 06:33:31,554 INFO 
[['A🌿' '🔥🍂' '🔥🍂' 'B🔥']
 ['🌳🌿' 'C🌿' '🌳🌿' '🌳🌿']
 ['🔥🍂' 'D🌿' '🔥🍂' '🔥🍂']
 ['🌳🌿' '🔥🍂' 'E🔥' '🌳🌿']]
2023-05-14 06:34:31,614 INFO 
[['A🌿' '🌳🌿' '🔥🍂' 'B🔥']
 ['🌳🌿' 'C🌿' '🌳🌿' '🌳🌿']
 ['🔥🍂' 'D🔥' '🔥🍂' '🔥🍂']
 ['🔥🍂' '🔥🍂' 'E🔥' '🌳🌿']]
2023-05-14 06:35:31,673 INFO 
[['A🌿' '🔥🍂' '🔥🍂' 'B🔥']
 ['🌳🌿' 'C🌿' '🌳🌿' '🌳🌿']
 ['🔥🍂' 'D🔥' '🔥🍂' '🔥🍂']
 ['🔥🍂' '🔥🍂' 'E🌿' '🌳🌿']]
2023-05-14 06:36:31,734 INFO 
[['A🌿' '🔥🍂' '🌳🌿' 'B🔥']
 ['🌳🌿' 'C🌿' '🌳🌿' '🔥🍂']
 ['🔥🍂' 'D🔥' '🌳🌿' '🔥🍂']
 ['🔥🍂' '🔥🍂' 'E🌿' '🌳🌿']]
2023-05-14 06:37:31,793 INFO 
[['A🔥' '🔥🍂' '🌳🌿' 'B🔥']
 ['🌳🌿' 'C🌿' '🔥🍂' '🔥🍂']
 ['🔥🍂' 'D🔥' '🌳🌿' '🔥🍂']
 ['🔥🍂' '🔥🍂' 'E🌿' '🌳🌿']]
2023-05-14 06:38:31,855 INFO 
[['A🔥' '🔥🍂' '🔥🍂' 'B🔥']
 ['🌳🌿' 'C🌿' '🔥🍂' '🔥🍂']
 ['🌳🌿' 'D🔥' '🌳🌿' '🔥🍂']
 ['🔥🍂' '🔥🍂' 'E🌿' '🌳🌿']]
2023-05-14 06:39:31,913 INFO 
[['A🔥' '🔥🍂' '🔥🍂' 'B🌿']
 ['🌳🌿' 'C🌿' '🌳🌿' '🔥🍂']
 ['🌳🌿' 'D🔥' '🔥🍂' '🌳🌿']
 ['🔥🍂' '🔥🍂' 'E🌿' '🌳🌿']]
2023-05-14 06:40:31,973 INFO 
[['A🔥' '🔥🍂' '🔥🍂' 'B🌿']
 ['🔥🍂' 'C🌿' '🔥🍂' '🔥🍂']
 ['🌳🌿' 'D🔥' '🌳🌿' '🔥🍂']
 ['🔥🍂' '🔥🍂' 'E🌿' '🌳🌿']]
2023-05-14 06:41:32,033 INFO 
[['A🔥' '🔥🍂' '🔥🍂' 'B🌿']
 ['🔥🍂' 'C🌿' '🔥🍂' '🔥🍂']
 ['🔥🍂' 'D🔥' '🌳🌿' '🔥🍂']
 ['🌳🌿' '🔥🍂' 'E🌿' '🌳🌿']]
2023-05-14 06:42:32,093 INFO 
[['A🔥' '🔥🍂' '🔥🍂' 'B🌿']
 ['🔥🍂' 'C🌿' '🔥🍂' '🔥🍂']
 ['🌳🌿' 'D🔥' '🔥🍂' '🔥🍂']
 ['🌳🌿' '🌳🌿' 'E🔥' '🌳🌿']]
2023-05-14 06:43:32,154 INFO 
[['A🔥' '🔥🍂' '🔥🍂' 'B🌿']
 ['🔥🍂' 'C🌿' '🔥🍂' '🔥🍂']
 ['🌳🌿' 'D🔥' '🔥🍂' '🔥🍂']
 ['🌳🌿' '🌳🌿' 'E🔥' '🔥🍂']]
2023-05-14 06:44:32,213 INFO 
[['A🔥' '🔥🍂' '🔥🍂' 'B🔥']
 ['🌳🌿' 'C🌿' '🔥🍂' '🔥🍂']
 ['🔥🍂' 'D🔥' '🔥🍂' '🔥🍂']
 ['🌳🌿' '🌳🌿' 'E🔥' '🌳🌿']]
2023-05-14 06:45:32,275 INFO 
[['A🔥' '🔥🍂' '🔥🍂' 'B🌿']
 ['🔥🍂' 'C🔥' '🔥🍂' '🔥🍂']
 ['🔥🍂' 'D🔥' '🔥🍂' '🔥🍂']
 ['🌳🌿' '🔥🍂' 'E🔥' '🔥🍂']]
2023-05-14 06:46:32,334 INFO 
[['A🔥' '🔥🍂' '🔥🍂' 'B🌿']
 ['🔥🍂' 'C🔥' '🔥🍂' '🔥🍂']
 ['🔥🍂' 'D🔥' '🔥🍂' '🔥🍂']
 ['🌳🌿' '🌳🌿' 'E🔥' '🔥🍂']]
2023-05-14 06:47:32,395 INFO 
[['A🔥' '🔥🍂' '🔥🍂' 'B🌿']
 ['🔥🍂' 'C🌿' '🌳🌿' '🔥🍂']
 ['🔥🍂' 'D🔥' '🔥🍂' '🔥🍂']
 ['🌳🌿' '🌳🌿' 'E🔥' '🔥🍂']]
2023-05-14 06:48:32,454 INFO 
[['A🔥' '🔥🍂' '🔥🍂' 'B🔥']
 ['🔥🍂' 'C🌿' '🌳🌿' '🔥🍂']
 ['🔥🍂' 'D🔥' '🔥🍂' '🔥🍂']
 ['🌳🌿' '🌳🌿' 'E🔥' '🔥🍂']]
2023-05-14 06:49:32,514 INFO 
[['A🔥' '🔥🍂' '🌳🌿' 'B🔥']
 ['🔥🍂' 'C🌿' '🌳🌿' '🔥🍂']
 ['🔥🍂' 'D🔥' '🔥🍂' '🔥🍂']
 ['🔥🍂' '🌳🌿' 'E🔥' '🔥🍂']]
2023-05-14 06:50:32,573 INFO 
[['A🔥' '🔥🍂' '🌳🌿' 'B🔥']
 ['🔥🍂' 'C🔥' '🌳🌿' '🔥🍂']
 ['🌳🌿' 'D🔥' '🔥🍂' '🔥🍂']
 ['🔥🍂' '🌳🌿' 'E🔥' '🌳🌿']]
2023-05-14 06:51:32,634 INFO 
[['A🔥' '🔥🍂' '🌳🌿' 'B🔥']
 ['🔥🍂' 'C🔥' '🌳🌿' '🌳🌿']
 ['🌳🌿' 'D🔥' '🌳🌿' '🔥🍂']
 ['🔥🍂' '🌳🌿' 'E🔥' '🔥🍂']]
2023-05-14 06:52:32,695 INFO 
[['A🔥' '🔥🍂' '🔥🍂' 'B🔥']
 ['🔥🍂' 'C🔥' '🌳🌿' '🔥🍂']
 ['🌳🌿' 'D🔥' '🌳🌿' '🔥🍂']
 ['🔥🍂' '🌳🌿' 'E🔥' '🔥🍂']]
2023-05-14 06:53:32,757 INFO 
[['A🔥' '🌳🌿' '🔥🍂' 'B🔥']
 ['🌳🌿' 'C🌿' '🔥🍂' '🔥🍂']
 ['🔥🍂' 'D🔥' '🌳🌿' '🔥🍂']
 ['🔥🍂' '🌳🌿' 'E🔥' '🔥🍂']]
2023-05-14 06:54:32,817 INFO 
[['A🔥' '🌳🌿' '🔥🍂' 'B🔥']
 ['🌳🌿' 'C🌿' '🔥🍂' '🔥🍂']
 ['🔥🍂' 'D🔥' '🌳🌿' '🔥🍂']
 ['🔥🍂' '🔥🍂' 'E🔥' '🌳🌿']]
2023-05-14 06:55:32,878 INFO 
[['A🔥' '🌳🌿' '🔥🍂' 'B🔥']
 ['🌳🌿' 'C🌿' '🔥🍂' '🔥🍂']
 ['🔥🍂' 'D🔥' '🔥🍂' '🌳🌿']
 ['🔥🍂' '🔥🍂' 'E🔥' '🌳🌿']]
2023-05-14 06:56:32,937 INFO 
[['A🌿' '🔥🍂' '🔥🍂' 'B🔥']
 ['🌳🌿' 'C🌿' '🔥🍂' '🔥🍂']
 ['🔥🍂' 'D🔥' '🔥🍂' '🌳🌿']
 ['🔥🍂' '🔥🍂' 'E🔥' '🌳🌿']]
2023-05-14 06:57:32,998 INFO 
[['A🔥' '🔥🍂' '🔥🍂' 'B🔥']
 ['🌳🌿' 'C🌿' '🔥🍂' '🔥🍂']
 ['🔥🍂' 'D🔥' '🔥🍂' '🔥🍂']
 ['🔥🍂' '🔥🍂' 'E🔥' '🌳🌿']]
2023-05-14 06:58:33,057 INFO 
[['A🔥' '🔥🍂' '🔥🍂' 'B🔥']
 ['🌳🌿' 'C🌿' '🔥🍂' '🔥🍂']
 ['🌳🌿' 'D🔥' '🔥🍂' '🔥🍂']
 ['🌳🌿' '🔥🍂' 'E🔥' '🌳🌿']]
2023-05-14 06:59:33,118 INFO 
[['A🔥' '🔥🍂' '🔥🍂' 'B🔥']
 ['🌳🌿' 'C🌿' '🌳🌿' '🔥🍂']
 ['🔥🍂' 'D🔥' '🔥🍂' '🔥🍂']
 ['🌳🌿' '🔥🍂' 'E🌿' '🌳🌿']]
2023-05-14 07:00:33,177 INFO 
[['A🔥' '🔥🍂' '🔥🍂' 'B🔥']
 ['🌳🌿' 'C🌿' '🌳🌿' '🔥🍂']
 ['🔥🍂' 'D🔥' '🔥🍂' '🔥🍂']
 ['🌳🌿' '🌳🌿' 'E🌿' '🌳🌿']]
2023-05-14 07:01:33,238 INFO 
[['A🔥' '🔥🍂' '🔥🍂' 'B🔥']
 ['🌳🌿' 'C🌿' '🔥🍂' '🔥🍂']
 ['🔥🍂' 'D🔥' '🔥🍂' '🌳🌿']
 ['🌳🌿' '🔥🍂' 'E🌿' '🌳🌿']]
2023-05-14 07:02:33,297 INFO 
[['A🔥' '🔥🍂' '🔥🍂' 'B🔥']
 ['🌳🌿' 'C🌿' '🔥🍂' '🔥🍂']
 ['🔥🍂' 'D🔥' '🌳🌿' '🌳🌿']
 ['🌳🌿' '🔥🍂' 'E🌿' '🌳🌿']]
2023-05-14 07:03:33,359 INFO 
[['A🔥' '🔥🍂' '🔥🍂' 'B🔥']
 ['🌳🌿' 'C🌿' '🔥🍂' '🔥🍂']
 ['🔥🍂' 'D🔥' '🌳🌿' '🌳🌿']
 ['🌳🌿' '🔥🍂' 'E🌿' '🌳🌿']]
2023-05-14 07:04:33,420 INFO 
[['A🔥' '🔥🍂' '🔥🍂' 'B🔥']
 ['🌳🌿' 'C🌿' '🌳🌿' '🔥🍂']
 ['🔥🍂' 'D🌿' '🌳🌿' '🔥🍂']
 ['🌳🌿' '🔥🍂' 'E🌿' '🌳🌿']]
2023-05-14 07:05:33,481 INFO 
[['A🔥' '🔥🍂' '🔥🍂' 'B🔥']
 ['🌳🌿' 'C🌿' '🔥🍂' '🔥🍂']
 ['🔥🍂' 'D🌿' '🌳🌿' '🔥🍂']
 ['🌳🌿' '🔥🍂' 'E🌿' '🌳🌿']]
2023-05-14 07:06:33,542 INFO 
[['A🔥' '🔥🍂' '🔥🍂' 'B🔥']
 ['🌳🌿' 'C🔥' '🔥🍂' '🔥🍂']
 ['🔥🍂' 'D🌿' '🔥🍂' '🔥🍂']
 ['🌳🌿' '🔥🍂' 'E🌿' '🔥🍂']]
2023-05-14 07:07:33,601 INFO 
[['A🔥' '🔥🍂' '🔥🍂' 'B🌿']
 ['🌳🌿' 'C🔥' '🔥🍂' '🔥🍂']
 ['🌳🌿' 'D🌿' '🔥🍂' '🔥🍂']
 ['🌳🌿' '🔥🍂' 'E🌿' '🔥🍂']]
2023-05-14 07:08:33,661 INFO 
[['A🔥' '🔥🍂' '🔥🍂' 'B🌿']
 ['🌳🌿' 'C🔥' '🔥🍂' '🔥🍂']
 ['🌳🌿' 'D🌿' '🔥🍂' '🔥🍂']
 ['🌳🌿' '🔥🍂' 'E🔥' '🔥🍂']]
2023-05-14 07:09:33,722 INFO 
[['A🔥' '🔥🍂' '🔥🍂' 'B🌿']
 ['🔥🍂' 'C🔥' '🌳🌿' '🔥🍂']
 ['🌳🌿' 'D🔥' '🔥🍂' '🔥🍂']
 ['🌳🌿' '🔥🍂' 'E🌿' '🔥🍂']]
2023-05-14 07:10:33,782 INFO 
[['A🔥' '🔥🍂' '🔥🍂' 'B🌿']
 ['🔥🍂' 'C🔥' '🌳🌿' '🔥🍂']
 ['🌳🌿' 'D🔥' '🌳🌿' '🔥🍂']
 ['🌳🌿' '🔥🍂' 'E🌿' '🔥🍂']]
2023-05-14 07:11:33,844 INFO 
[['A🔥' '🔥🍂' '🌳🌿' 'B🌿']
 ['🔥🍂' 'C🔥' '🌳🌿' '🔥🍂']
 ['🌳🌿' 'D🔥' '🌳🌿' '🔥🍂']
 ['🌳🌿' '🔥🍂' 'E🔥' '🔥🍂']]
2023-05-14 07:12:33,905 INFO 
[['A🔥' '🔥🍂' '🌳🌿' 'B🔥']
 ['🔥🍂' 'C🔥' '🌳🌿' '🌳🌿']
 ['🌳🌿' 'D🔥' '🌳🌿' '🔥🍂']
 ['🌳🌿' '🔥🍂' 'E🔥' '🔥🍂']]
2023-05-14 07:13:33,967 INFO 
[['A🔥' '🔥🍂' '🌳🌿' 'B🔥']
 ['🔥🍂' 'C🔥' '🌳🌿' '🌳🌿']
 ['🌳🌿' 'D🔥' '🌳🌿' '🔥🍂']
 ['🌳🌿' '🔥🍂' 'E🔥' '🔥🍂']]
2023-05-14 07:14:34,026 INFO 
[['A🔥' '🔥🍂' '🌳🌿' 'B🔥']
 ['🌳🌿' 'C🔥' '🌳🌿' '🌳🌿']
 ['🌳🌿' 'D🌿' '🌳🌿' '🔥🍂']
 ['🌳🌿' '🔥🍂' 'E🔥' '🔥🍂']]
2023-05-14 07:15:34,085 INFO 
[['A🔥' '🔥🍂' '🌳🌿' 'B🔥']
 ['🌳🌿' 'C🔥' '🔥🍂' '🌳🌿']
 ['🌳🌿' 'D🌿' '🌳🌿' '🔥🍂']
 ['🌳🌿' '🔥🍂' 'E🌿' '🔥🍂']]
2023-05-14 07:16:34,145 INFO 
[['A🔥' '🔥🍂' '🔥🍂' 'B🌿']
 ['🌳🌿' 'C🔥' '🔥🍂' '🌳🌿']
 ['🌳🌿' 'D🌿' '🌳🌿' '🔥🍂']
 ['🌳🌿' '🔥🍂' 'E🌿' '🔥🍂']]
2023-05-14 07:17:34,205 INFO 
[['A🔥' '🔥🍂' '🔥🍂' 'B🌿']
 ['🌳🌿' 'C🔥' '🔥🍂' '🌳🌿']
 ['🌳🌿' 'D🌿' '🌳🌿' '🔥🍂']
 ['🌳🌿' '🌳🌿' 'E🌿' '🌳🌿']]
2023-05-14 07:18:34,265 INFO 
[['A🔥' '🌳🌿' '🔥🍂' 'B🌿']
 ['🌳🌿' 'C🔥' '🌳🌿' '🌳🌿']
 ['🌳🌿' 'D🌿' '🌳🌿' '🔥🍂']
 ['🌳🌿' '🌳🌿' 'E🌿' '🌳🌿']]
2023-05-14 07:19:34,326 INFO 
[['A🌿' '🌳🌿' '🔥🍂' 'B🌿']
 ['🌳🌿' 'C🔥' '🌳🌿' '🌳🌿']
 ['🌳🌿' 'D🌿' '🌳🌿' '🔥🍂']
 ['🌳🌿' '🌳🌿' 'E🌿' '🌳🌿']]
2023-05-14 07:20:34,386 INFO 
[['A🌿' '🌳🌿' '🔥🍂' 'B🌿']
 ['🌳🌿' 'C🌿' '🌳🌿' '🌳🌿']
 ['🌳🌿' 'D🌿' '🌳🌿' '🌳🌿']
 ['🌳🌿' '🌳🌿' 'E🌿' '🌳🌿']]
2023-05-14 07:21:34,445 INFO 
[['A🌿' '🌳🌿' '🔥🍂' 'B🌿']
 ['🌳🌿' 'C🌿' '🔥🍂' '🌳🌿']
 ['🌳🌿' 'D🌿' '🌳🌿' '🌳🌿']
 ['🌳🌿' '🌳🌿' 'E🌿' '🌳🌿']]
2023-05-14 07:22:34,507 INFO 
[['A🌿' '🌳🌿' '🔥🍂' 'B🌿']
 ['🌳🌿' 'C🌿' '🔥🍂' '🌳🌿']
 ['🌳🌿' 'D🌿' '🔥🍂' '🌳🌿']
 ['🌳🌿' '🌳🌿' 'E🌿' '🌳🌿']]
2023-05-14 07:23:34,565 INFO 
[['A🌿' '🌳🌿' '🌳🌿' 'B🌿']
 ['🌳🌿' 'C🌿' '🔥🍂' '🌳🌿']
 ['🌳🌿' 'D🌿' '🔥🍂' '🌳🌿']
 ['🌳🌿' '🌳🌿' 'E🌿' '🌳🌿']]
2023-05-14 07:24:34,625 INFO 
[['A🌿' '🌳🌿' '🌳🌿' 'B🌿']
 ['🌳🌿' 'C🌿' '🔥🍂' '🔥🍂']
 ['🌳🌿' 'D🌿' '🔥🍂' '🌳🌿']
 ['🌳🌿' '🌳🌿' 'E🌿' '🌳🌿']]
2023-05-14 07:25:34,685 INFO 
[['A🌿' '🌳🌿' '🌳🌿' 'B🌿']
 ['🌳🌿' 'C🌿' '🔥🍂' '🔥🍂']
 ['🌳🌿' 'D🌿' '🔥🍂' '🌳🌿']
 ['🌳🌿' '🌳🌿' 'E🌿' '🌳🌿']]
2023-05-14 07:26:34,745 INFO 
[['A🌿' '🌳🌿' '🌳🌿' 'B🌿']
 ['🌳🌿' 'C🔥' '🌳🌿' '🔥🍂']
 ['🌳🌿' 'D🌿' '🔥🍂' '🌳🌿']
 ['🌳🌿' '🌳🌿' 'E🌿' '🌳🌿']]
2023-05-14 07:27:34,805 INFO 
[['A🌿' '🔥🍂' '🌳🌿' 'B🌿']
 ['🔥🍂' 'C🔥' '🌳🌿' '🔥🍂']
 ['🌳🌿' 'D🔥' '🔥🍂' '🌳🌿']
 ['🌳🌿' '🌳🌿' 'E🌿' '🌳🌿']]
2023-05-14 07:28:34,866 INFO 
[['A🌿' '🔥🍂' '🌳🌿' 'B🌿']
 ['🔥🍂' 'C🌿' '🌳🌿' '🔥🍂']
 ['🌳🌿' 'D🔥' '🔥🍂' '🔥🍂']
 ['🌳🌿' '🌳🌿' 'E🌿' '🌳🌿']]
2023-05-14 07:29:34,925 INFO 
[['A🌿' '🔥🍂' '🌳🌿' 'B🔥']
 ['🔥🍂' 'C🌿' '🌳🌿' '🔥🍂']
 ['🌳🌿' 'D🔥' '🔥🍂' '🔥🍂']
 ['🌳🌿' '🌳🌿' 'E🌿' '🌳🌿']]
2023-05-14 07:30:34,985 INFO 
[['A🌿' '🔥🍂' '🌳🌿' 'B🔥']
 ['🔥🍂' 'C🌿' '🌳🌿' '🔥🍂']
 ['🔥🍂' 'D🔥' '🔥🍂' '🔥🍂']
 ['🌳🌿' '🌳🌿' 'E🔥' '🌳🌿']]
2023-05-14 07:31:35,046 INFO 
[['A🌿' '🌳🌿' '🔥🍂' 'B🔥']
 ['🔥🍂' 'C🌿' '🌳🌿' '🌳🌿']
 ['🔥🍂' 'D🔥' '🔥🍂' '🔥🍂']
 ['🌳🌿' '🌳🌿' 'E🔥' '🌳🌿']]
2023-05-14 07:32:35,107 INFO 
[['A🌿' '🌳🌿' '🔥🍂' 'B🔥']
 ['🔥🍂' 'C🌿' '🔥🍂' '🌳🌿']
 ['🌳🌿' 'D🌿' '🔥🍂' '🔥🍂']
 ['🌳🌿' '🌳🌿' 'E🔥' '🔥🍂']]
2023-05-14 07:33:35,165 INFO 
[['A🌿' '🌳🌿' '🌳🌿' 'B🔥']
 ['🔥🍂' 'C🌿' '🔥🍂' '🔥🍂']
 ['🌳🌿' 'D🌿' '🔥🍂' '🔥🍂']
 ['🌳🌿' '🌳🌿' 'E🔥' '🔥🍂']]
2023-05-14 07:34:35,225 INFO 
[['A🌿' '🌳🌿' '🌳🌿' 'B🔥']
 ['🔥🍂' 'C🌿' '🔥🍂' '🔥🍂']
 ['🌳🌿' 'D🌿' '🔥🍂' '🌳🌿']
 ['🌳🌿' '🌳🌿' 'E🔥' '🔥🍂']]
2023-05-14 07:35:35,285 INFO 
[['A🔥' '🌳🌿' '🌳🌿' 'B🌿']
 ['🔥🍂' 'C🌿' '🔥🍂' '🔥🍂']
 ['🌳🌿' 'D🌿' '🔥🍂' '🌳🌿']
 ['🌳🌿' '🌳🌿' 'E🔥' '🔥🍂']]
2023-05-14 07:36:35,345 INFO 
[['A🔥' '🔥🍂' '🌳🌿' 'B🌿']
 ['🔥🍂' 'C🌿' '🌳🌿' '🔥🍂']
 ['🌳🌿' 'D🔥' '🔥🍂' '🌳🌿']
 ['🌳🌿' '🌳🌿' 'E🔥' '🔥🍂']]
2023-05-14 07:37:35,405 INFO 
[['A🔥' '🔥🍂' '🌳🌿' 'B🌿']
 ['🌳🌿' 'C🌿' '🌳🌿' '🔥🍂']
 ['🔥🍂' 'D🔥' '🔥🍂' '🌳🌿']
 ['🌳🌿' '🔥🍂' 'E🔥' '🔥🍂']]
2023-05-14 07:38:35,465 INFO 
[['A🔥' '🔥🍂' '🌳🌿' 'B🌿']
 ['🔥🍂' 'C🌿' '🔥🍂' '🌳🌿']
 ['🔥🍂' 'D🔥' '🔥🍂' '🌳🌿']
 ['🌳🌿' '🔥🍂' 'E🔥' '🌳🌿']]
2023-05-14 07:39:35,525 INFO 
[['A🔥' '🔥🍂' '🌳🌿' 'B🌿']
 ['🔥🍂' 'C🌿' '🔥🍂' '🌳🌿']
 ['🌳🌿' 'D🔥' '🔥🍂' '🔥🍂']
 ['🌳🌿' '🔥🍂' 'E🔥' '🌳🌿']]
2023-05-14 07:40:35,586 INFO 
[['A🌿' '🔥🍂' '🌳🌿' 'B🌿']
 ['🔥🍂' 'C🔥' '🔥🍂' '🔥🍂']
 ['🌳🌿' 'D🔥' '🔥🍂' '🔥🍂']
 ['🌳🌿' '🔥🍂' 'E🔥' '🌳🌿']]
2023-05-14 07:41:35,647 INFO 
[['A🌿' '🔥🍂' '🌳🌿' 'B🔥']
 ['🔥🍂' 'C🌿' '🔥🍂' '🔥🍂']
 ['🌳🌿' 'D🔥' '🔥🍂' '🌳🌿']
 ['🌳🌿' '🔥🍂' 'E🌿' '🌳🌿']]
2023-05-14 07:42:35,709 INFO 
[['A🌿' '🔥🍂' '🌳🌿' 'B🔥']
 ['🔥🍂' 'C🌿' '🔥🍂' '🔥🍂']
 ['🌳🌿' 'D🔥' '🔥🍂' '🔥🍂']
 ['🔥🍂' '🔥🍂' 'E🌿' '🌳🌿']]
2023-05-14 07:43:35,769 INFO 
[['A🌿' '🔥🍂' '🌳🌿' 'B🔥']
 ['🌳🌿' 'C🌿' '🔥🍂' '🔥🍂']
 ['🔥🍂' 'D🔥' '🔥🍂' '🔥🍂']
 ['🔥🍂' '🔥🍂' 'E🌿' '🌳🌿']]
2023-05-14 07:44:35,831 INFO 
[['A🌿' '🔥🍂' '🌳🌿' 'B🌿']
 ['🌳🌿' 'C🌿' '🌳🌿' '🔥🍂']
 ['🔥🍂' 'D🌿' '🔥🍂' '🌳🌿']
 ['🔥🍂' '🔥🍂' 'E🌿' '🔥🍂']]
2023-05-14 07:45:35,890 INFO 
[['A🌿' '🔥🍂' '🌳🌿' 'B🌿']
 ['🔥🍂' 'C🔥' '🌳🌿' '🔥🍂']
 ['🔥🍂' 'D🌿' '🔥🍂' '🌳🌿']
 ['🔥🍂' '🔥🍂' 'E🌿' '🔥🍂']]
2023-05-14 07:46:35,951 INFO 
[['A🌿' '🔥🍂' '🌳🌿' 'B🌿']
 ['🔥🍂' 'C🔥' '🔥🍂' '🌳🌿']
 ['🔥🍂' 'D🌿' '🌳🌿' '🌳🌿']
 ['🔥🍂' '🔥🍂' 'E🌿' '🔥🍂']]
2023-05-14 07:47:36,012 INFO 
[['A🌿' '🔥🍂' '🌳🌿' 'B🌿']
 ['🔥🍂' 'C🔥' '🔥🍂' '🌳🌿']
 ['🔥🍂' 'D🔥' '🌳🌿' '🌳🌿']
 ['🔥🍂' '🔥🍂' 'E🔥' '🔥🍂']]
2023-05-14 07:48:36,073 INFO 
[['A🌿' '🔥🍂' '🌳🌿' 'B🌿']
 ['🔥🍂' 'C🌿' '🔥🍂' '🌳🌿']
 ['🔥🍂' 'D🔥' '🔥🍂' '🌳🌿']
 ['🔥🍂' '🌳🌿' 'E🔥' '🔥🍂']]
2023-05-14 07:49:36,133 INFO 
[['A🌿' '🔥🍂' '🌳🌿' 'B🌿']
 ['🔥🍂' 'C🔥' '🔥🍂' '🔥🍂']
 ['🔥🍂' 'D🔥' '🔥🍂' '🌳🌿']
 ['🔥🍂' '🌳🌿' 'E🔥' '🔥🍂']]
2023-05-14 07:50:36,193 INFO 
[['A🔥' '🔥🍂' '🌳🌿' 'B🌿']
 ['🔥🍂' 'C🔥' '🔥🍂' '🔥🍂']
 ['🔥🍂' 'D🔥' '🔥🍂' '🌳🌿']
 ['🔥🍂' '🌳🌿' 'E🔥' '🔥🍂']]
2023-05-14 07:51:36,253 INFO 
[['A🔥' '🔥🍂' '🌳🌿' 'B🌿']
 ['🔥🍂' 'C🔥' '🔥🍂' '🔥🍂']
 ['🔥🍂' 'D🔥' '🔥🍂' '🌳🌿']
 ['🌳🌿' '🌳🌿' 'E🔥' '🔥🍂']]
2023-05-14 07:52:36,315 INFO 
[['A🔥' '🔥🍂' '🔥🍂' 'B🌿']
 ['🔥🍂' 'C🔥' '🔥🍂' '🔥🍂']
 ['🔥🍂' 'D🔥' '🔥🍂' '🔥🍂']
 ['🌳🌿' '🔥🍂' 'E🔥' '🔥🍂']]
2023-05-14 07:53:36,375 INFO 
[['A🔥' '🔥🍂' '🔥🍂' 'B🌿']
 ['🔥🍂' 'C🔥' '🔥🍂' '🔥🍂']
 ['🔥🍂' 'D🔥' '🔥🍂' '🔥🍂']
 ['🌳🌿' '🔥🍂' 'E🔥' '🔥🍂']]
2023-05-14 07:54:36,433 INFO 
[['A🔥' '🔥🍂' '🔥🍂' 'B🌿']
 ['🔥🍂' 'C🔥' '🌳🌿' '🔥🍂']
 ['🔥🍂' 'D🔥' '🔥🍂' '🔥🍂']
 ['🌳🌿' '🔥🍂' 'E🔥' '🔥🍂']]
2023-05-14 07:55:36,493 INFO 
[['A🔥' '🔥🍂' '🔥🍂' 'B🌿']
 ['🔥🍂' 'C🔥' '🔥🍂' '🔥🍂']
 ['🔥🍂' 'D🔥' '🔥🍂' '🔥🍂']
 ['🔥🍂' '🔥🍂' 'E🔥' '🔥🍂']]
2023-05-14 07:56:36,553 INFO 
[['A🔥' '🔥🍂' '🔥🍂' 'B🔥']
 ['🔥🍂' 'C🔥' '🔥🍂' '🔥🍂']
 ['🔥🍂' 'D🔥' '🔥🍂' '🔥🍂']
 ['🔥🍂' '🔥🍂' 'E🔥' '🔥🍂']]
2023-05-14 07:57:36,613 INFO 
[['A🔥' '🔥🍂' '🔥🍂' 'B🔥']
 ['🔥🍂' 'C🔥' '🌳🌿' '🔥🍂']
 ['🌳🌿' 'D🌿' '🌳🌿' '🔥🍂']
 ['🔥🍂' '🔥🍂' 'E🔥' '🔥🍂']]
2023-05-14 07:58:36,674 INFO 
[['A🔥' '🔥🍂' '🔥🍂' 'B🔥']
 ['🔥🍂' 'C🔥' '🌳🌿' '🔥🍂']
 ['🌳🌿' 'D🌿' '🌳🌿' '🔥🍂']
 ['🔥🍂' '🔥🍂' 'E🌿' '🔥🍂']]
2023-05-14 07:59:36,734 INFO 
[['A🔥' '🌳🌿' '🔥🍂' 'B🔥']
 ['🔥🍂' 'C🔥' '🌳🌿' '🔥🍂']
 ['🌳🌿' 'D🔥' '🌳🌿' '🌳🌿']
 ['🔥🍂' '🔥🍂' 'E🌿' '🔥🍂']]
2023-05-14 08:00:36,795 INFO 
[['A🔥' '🔥🍂' '🔥🍂' 'B🔥']
 ['🔥🍂' 'C🔥' '🌳🌿' '🔥🍂']
 ['🌳🌿' 'D🔥' '🌳🌿' '🌳🌿']
 ['🔥🍂' '🌳🌿' 'E🌿' '🔥🍂']]
2023-05-14 08:01:36,853 INFO 
[['A🔥' '🔥🍂' '🔥🍂' 'B🔥']
 ['🌳🌿' 'C🔥' '🌳🌿' '🔥🍂']
 ['🌳🌿' 'D🔥' '🌳🌿' '🔥🍂']
 ['🔥🍂' '🌳🌿' 'E🌿' '🔥🍂']]
2023-05-14 08:02:36,913 INFO 
[['A🔥' '🔥🍂' '🔥🍂' 'B🔥']
 ['🌳🌿' 'C🌿' '🔥🍂' '🔥🍂']
 ['🌳🌿' 'D🔥' '🔥🍂' '🔥🍂']
 ['🔥🍂' '🌳🌿' 'E🌿' '🔥🍂']]
2023-05-14 08:03:36,974 INFO 
[['A🔥' '🌳🌿' '🔥🍂' 'B🔥']
 ['🌳🌿' 'C🌿' '🔥🍂' '🔥🍂']
 ['🔥🍂' 'D🔥' '🌳🌿' '🔥🍂']
 ['🔥🍂' '🌳🌿' 'E🌿' '🌳🌿']]
2023-05-14 08:04:37,033 INFO 
[['A🔥' '🌳🌿' '🔥🍂' 'B🌿']
 ['🔥🍂' 'C🌿' '🔥🍂' '🔥🍂']
 ['🔥🍂' 'D🔥' '🔥🍂' '🌳🌿']
 ['🔥🍂' '🌳🌿' 'E🌿' '🌳🌿']]
2023-05-14 08:05:37,094 INFO 
[['A🔥' '🌳🌿' '🔥🍂' 'B🔥']
 ['🔥🍂' 'C🌿' '🔥🍂' '🔥🍂']
 ['🔥🍂' 'D🌿' '🔥🍂' '🔥🍂']
 ['🌳🌿' '🌳🌿' 'E🌿' '🌳🌿']]
2023-05-14 08:06:37,156 INFO 
[['A🔥' '🌳🌿' '🔥🍂' 'B🔥']
 ['🔥🍂' 'C🌿' '🔥🍂' '🔥🍂']
 ['🌳🌿' 'D🔥' '🔥🍂' '🔥🍂']
 ['🌳🌿' '🌳🌿' 'E🌿' '🌳🌿']]
2023-05-14 08:07:37,217 INFO 
[['A🔥' '🌳🌿' '🔥🍂' 'B🔥']
 ['🔥🍂' 'C🌿' '🔥🍂' '🌳🌿']
 ['🌳🌿' 'D🔥' '🔥🍂' '🔥🍂']
 ['🌳🌿' '🌳🌿' 'E🌿' '🔥🍂']]
2023-05-14 08:08:37,278 INFO 
[['A🔥' '🌳🌿' '🔥🍂' 'B🌿']
 ['🔥🍂' 'C🌿' '🔥🍂' '🔥🍂']
 ['🌳🌿' 'D🔥' '🔥🍂' '🔥🍂']
 ['🌳🌿' '🌳🌿' 'E🌿' '🌳🌿']]
2023-05-14 08:09:37,339 INFO 
[['A🔥' '🌳🌿' '🔥🍂' 'B🌿']
 ['🔥🍂' 'C🌿' '🔥🍂' '🌳🌿']
 ['🌳🌿' 'D🔥' '🔥🍂' '🔥🍂']
 ['🌳🌿' '🌳🌿' 'E🔥' '🌳🌿']]
2023-05-14 08:10:37,397 INFO 
[['A🔥' '🌳🌿' '🔥🍂' 'B🌿']
 ['🔥🍂' 'C🌿' '🔥🍂' '🌳🌿']
 ['🔥🍂' 'D🔥' '🌳🌿' '🔥🍂']
 ['🌳🌿' '🔥🍂' 'E🔥' '🌳🌿']]
2023-05-14 08:11:37,459 INFO 
[['A🔥' '🌳🌿' '🔥🍂' 'B🌿']
 ['🔥🍂' 'C🌿' '🔥🍂' '🌳🌿']
 ['🔥🍂' 'D🔥' '🔥🍂' '🔥🍂']
 ['🔥🍂' '🔥🍂' 'E🔥' '🌳🌿']]
2023-05-14 08:12:37,520 INFO 
[['A🔥' '🌳🌿' '🔥🍂' 'B🌿']
 ['🔥🍂' 'C🔥' '🔥🍂' '🌳🌿']
 ['🔥🍂' 'D🔥' '🔥🍂' '🔥🍂']
 ['🔥🍂' '🌳🌿' 'E🔥' '🔥🍂']]
2023-05-14 08:13:37,582 INFO 
[['A🔥' '🌳🌿' '🔥🍂' 'B🌿']
 ['🔥🍂' 'C🔥' '🔥🍂' '🌳🌿']
 ['🔥🍂' 'D🔥' '🌳🌿' '🌳🌿']
 ['🔥🍂' '🌳🌿' 'E🔥' '🔥🍂']]
2023-05-14 08:14:37,641 INFO 
[['A🔥' '🌳🌿' '🌳🌿' 'B🌿']
 ['🔥🍂' 'C🔥' '🔥🍂' '🌳🌿']
 ['🔥🍂' 'D🔥' '🔥🍂' '🌳🌿']
 ['🔥🍂' '🌳🌿' 'E🔥' '🔥🍂']]
2023-05-14 08:15:37,701 INFO 
[['A🌿' '🌳🌿' '🌳🌿' 'B🌿']
 ['🔥🍂' 'C🔥' '🔥🍂' '🌳🌿']
 ['🌳🌿' 'D🔥' '🔥🍂' '🌳🌿']
 ['🔥🍂' '🔥🍂' 'E🔥' '🔥🍂']]
2023-05-14 08:16:37,761 INFO 
[['A🔥' '🔥🍂' '🌳🌿' 'B🌿']
 ['🔥🍂' 'C🔥' '🔥🍂' '🌳🌿']
 ['🔥🍂' 'D🔥' '🌳🌿' '🌳🌿']
 ['🔥🍂' '🌳🌿' 'E🔥' '🔥🍂']]
2023-05-14 08:17:37,822 INFO 
[['A🔥' '🔥🍂' '🔥🍂' 'B🌿']
 ['🌳🌿' 'C🔥' '🔥🍂' '🌳🌿']
 ['🌳🌿' 'D🔥' '🔥🍂' '🌳🌿']
 ['🔥🍂' '🌳🌿' 'E🔥' '🌳🌿']]
2023-05-14 08:18:37,882 INFO 
[['A🔥' '🔥🍂' '🔥🍂' 'B🌿']
 ['🌳🌿' 'C🔥' '🔥🍂' '🌳🌿']
 ['🌳🌿' 'D🔥' '🔥🍂' '🌳🌿']
 ['🔥🍂' '🔥🍂' 'E🔥' '🌳🌿']]
2023-05-14 08:19:37,943 INFO 
[['A🌿' '🔥🍂' '🔥🍂' 'B🌿']
 ['🔥🍂' 'C🔥' '🔥🍂' '🌳🌿']
 ['🌳🌿' 'D🔥' '🔥🍂' '🌳🌿']
 ['🔥🍂' '🔥🍂' 'E🔥' '🔥🍂']]
2023-05-14 08:20:38,001 INFO 
[['A🌿' '🔥🍂' '🔥🍂' 'B🌿']
 ['🔥🍂' 'C🔥' '🌳🌿' '🌳🌿']
 ['🌳🌿' 'D🔥' '🔥🍂' '🔥🍂']
 ['🔥🍂' '🔥🍂' 'E🔥' '🔥🍂']]
2023-05-14 08:21:38,062 INFO 
[['A🌿' '🔥🍂' '🔥🍂' 'B🌿']
 ['🔥🍂' 'C🔥' '🌳🌿' '🌳🌿']
 ['🌳🌿' 'D🔥' '🌳🌿' '🔥🍂']
 ['🔥🍂' '🔥🍂' 'E🔥' '🔥🍂']]
2023-05-14 08:22:38,121 INFO 
[['A🌿' '🔥🍂' '🔥🍂' 'B🔥']
 ['🌳🌿' 'C🔥' '🔥🍂' '🌳🌿']
 ['🌳🌿' 'D🔥' '🌳🌿' '🌳🌿']
 ['🔥🍂' '🔥🍂' 'E🔥' '🔥🍂']]
2023-05-14 08:23:38,182 INFO 
[['A🔥' '🔥🍂' '🔥🍂' 'B🔥']
 ['🌳🌿' 'C🔥' '🔥🍂' '🌳🌿']
 ['🔥🍂' 'D🔥' '🔥🍂' '🌳🌿']
 ['🔥🍂' '🔥🍂' 'E🔥' '🔥🍂']]
2023-05-14 08:24:38,242 INFO 
[['A🔥' '🔥🍂' '🔥🍂' 'B🔥']
 ['🔥🍂' 'C🔥' '🔥🍂' '🌳🌿']
 ['🔥🍂' 'D🌿' '🌳🌿' '🔥🍂']
 ['🌳🌿' '🔥🍂' 'E🔥' '🔥🍂']]
2023-05-14 08:25:38,302 INFO 
[['A🔥' '🔥🍂' '🔥🍂' 'B🔥']
 ['🔥🍂' 'C🔥' '🔥🍂' '🌳🌿']
 ['🔥🍂' 'D🌿' '🌳🌿' '🔥🍂']
 ['🌳🌿' '🔥🍂' 'E🔥' '🔥🍂']]
2023-05-14 08:26:38,363 INFO 
[['A🔥' '🌳🌿' '🔥🍂' 'B🔥']
 ['🔥🍂' 'C🔥' '🔥🍂' '🌳🌿']
 ['🔥🍂' 'D🌿' '🌳🌿' '🔥🍂']
 ['🌳🌿' '🔥🍂' 'E🔥' '🔥🍂']]
2023-05-14 08:27:38,421 INFO 
[['A🔥' '🌳🌿' '🔥🍂' 'B🔥']
 ['🔥🍂' 'C🔥' '🔥🍂' '🔥🍂']
 ['🔥🍂' 'D🌿' '🌳🌿' '🔥🍂']
 ['🔥🍂' '🔥🍂' 'E🔥' '🔥🍂']]
2023-05-14 08:28:38,482 INFO 
[['A🔥' '🌳🌿' '🔥🍂' 'B🔥']
 ['🔥🍂' 'C🔥' '🔥🍂' '🔥🍂']
 ['🔥🍂' 'D🌿' '🌳🌿' '🔥🍂']
 ['🔥🍂' '🔥🍂' 'E🔥' '🌳🌿']]
2023-05-14 08:29:38,542 INFO 
[['A🔥' '🌳🌿' '🔥🍂' 'B🔥']
 ['🔥🍂' 'C🔥' '🔥🍂' '🔥🍂']
 ['🔥🍂' 'D🔥' '🌳🌿' '🔥🍂']
 ['🔥🍂' '🔥🍂' 'E🔥' '🌳🌿']]
2023-05-14 08:30:38,603 INFO 
[['A🌿' '🔥🍂' '🔥🍂' 'B🔥']
 ['🔥🍂' 'C🌿' '🔥🍂' '🔥🍂']
 ['🔥🍂' 'D🔥' '🌳🌿' '🔥🍂']
 ['🔥🍂' '🔥🍂' 'E🔥' '🌳🌿']]
2023-05-14 08:31:38,665 INFO 
[['A🌿' '🔥🍂' '🔥🍂' 'B🔥']
 ['🔥🍂' 'C🔥' '🔥🍂' '🔥🍂']
 ['🔥🍂' 'D🔥' '🌳🌿' '🔥🍂']
 ['🔥🍂' '🌳🌿' 'E🔥' '🌳🌿']]
2023-05-14 08:32:38,725 INFO 
[['A🌿' '🔥🍂' '🔥🍂' 'B🔥']
 ['🔥🍂' 'C🔥' '🔥🍂' '🔥🍂']
 ['🔥🍂' 'D🔥' '🔥🍂' '🔥🍂']
 ['🔥🍂' '🌳🌿' 'E🔥' '🌳🌿']]
2023-05-14 08:33:38,785 INFO 
[['A🌿' '🔥🍂' '🔥🍂' 'B🔥']
 ['🔥🍂' 'C🔥' '🔥🍂' '🔥🍂']
 ['🔥🍂' 'D🌿' '🔥🍂' '🔥🍂']
 ['🔥🍂' '🌳🌿' 'E🔥' '🌳🌿']]
2023-05-14 08:34:38,845 INFO 
[['A🔥' '🔥🍂' '🔥🍂' 'B🔥']
 ['🔥🍂' 'C🔥' '🔥🍂' '🔥🍂']
 ['🔥🍂' 'D🌿' '🌳🌿' '🔥🍂']
 ['🔥🍂' '🌳🌿' 'E🌿' '🌳🌿']]
2023-05-14 08:35:38,905 INFO 
[['A🔥' '🔥🍂' '🔥🍂' 'B🔥']
 ['🌳🌿' 'C🔥' '🔥🍂' '🔥🍂']
 ['🔥🍂' 'D🌿' '🌳🌿' '🔥🍂']
 ['🌳🌿' '🌳🌿' 'E🌿' '🌳🌿']]
2023-05-14 08:36:38,966 INFO 
[['A🌿' '🔥🍂' '🔥🍂' 'B🔥']
 ['🌳🌿' 'C🔥' '🔥🍂' '🌳🌿']
 ['🔥🍂' 'D🌿' '🌳🌿' '🔥🍂']
 ['🌳🌿' '🌳🌿' 'E🌿' '🌳🌿']]
2023-05-14 08:37:39,027 INFO 
[['A🔥' '🔥🍂' '🌳🌿' 'B🔥']
 ['🌳🌿' 'C🔥' '🔥🍂' '🌳🌿']
 ['🔥🍂' 'D🌿' '🌳🌿' '🔥🍂']
 ['🌳🌿' '🌳🌿' 'E🌿' '🌳🌿']]
2023-05-14 08:38:39,085 INFO 
[['A🔥' '🔥🍂' '🌳🌿' 'B🔥']
 ['🔥🍂' 'C🔥' '🔥🍂' '🔥🍂']
 ['🔥🍂' 'D🌿' '🌳🌿' '🔥🍂']
 ['🌳🌿' '🌳🌿' 'E🌿' '🔥🍂']]
2023-05-14 08:39:39,145 INFO 
[['A🔥' '🌳🌿' '🌳🌿' 'B🔥']
 ['🔥🍂' 'C🔥' '🔥🍂' '🔥🍂']
 ['🔥🍂' 'D🌿' '🔥🍂' '🔥🍂']
 ['🌳🌿' '🌳🌿' 'E🌿' '🌳🌿']]
2023-05-14 08:40:39,205 INFO 
[['A🔥' '🌳🌿' '🌳🌿' 'B🔥']
 ['🔥🍂' 'C🔥' '🔥🍂' '🔥🍂']
 ['🔥🍂' 'D🔥' '🔥🍂' '🔥🍂']
 ['🌳🌿' '🌳🌿' 'E🌿' '🌳🌿']]
2023-05-14 08:41:39,266 INFO 
[['A🔥' '🌳🌿' '🌳🌿' 'B🔥']
 ['🔥🍂' 'C🔥' '🔥🍂' '🔥🍂']
 ['🔥🍂' 'D🔥' '🔥🍂' '🔥🍂']
 ['🌳🌿' '🌳🌿' 'E🌿' '🌳🌿']]
2023-05-14 08:42:39,326 INFO 
[['A🌿' '🌳🌿' '🌳🌿' 'B🔥']
 ['🔥🍂' 'C🔥' '🔥🍂' '🌳🌿']
 ['🌳🌿' 'D🔥' '🔥🍂' '🔥🍂']
 ['🌳🌿' '🔥🍂' 'E🌿' '🌳🌿']]
2023-05-14 08:43:39,385 INFO 
[['A🌿' '🌳🌿' '🌳🌿' 'B🌿']
 ['🔥🍂' 'C🔥' '🔥🍂' '🌳🌿']
 ['🌳🌿' 'D🔥' '🔥🍂' '🔥🍂']
 ['🌳🌿' '🔥🍂' 'E🌿' '🔥🍂']]
2023-05-14 08:44:39,448 INFO 
[['A🌿' '🌳🌿' '🌳🌿' 'B🌿']
 ['🔥🍂' 'C🔥' '🔥🍂' '🔥🍂']
 ['🌳🌿' 'D🔥' '🌳🌿' '🔥🍂']
 ['🌳🌿' '🔥🍂' 'E🌿' '🔥🍂']]
2023-05-14 08:45:39,509 INFO 
[['A🌿' '🌳🌿' '🌳🌿' 'B🌿']
 ['🔥🍂' 'C🔥' '🔥🍂' '🔥🍂']
 ['🔥🍂' 'D🔥' '🌳🌿' '🔥🍂']
 ['🌳🌿' '🔥🍂' 'E🌿' '🔥🍂']]
2023-05-14 08:46:39,569 INFO 
[['A🌿' '🌳🌿' '🌳🌿' 'B🌿']
 ['🌳🌿' 'C🔥' '🔥🍂' '🔥🍂']
 ['🔥🍂' 'D🔥' '🔥🍂' '🔥🍂']
 ['🌳🌿' '🔥🍂' 'E🌿' '🔥🍂']]
2023-05-14 08:47:39,629 INFO 
[['A🌿' '🌳🌿' '🌳🌿' 'B🌿']
 ['🌳🌿' 'C🔥' '🔥🍂' '🔥🍂']
 ['🔥🍂' 'D🔥' '🔥🍂' '🔥🍂']
 ['🌳🌿' '🌳🌿' 'E🌿' '🌳🌿']]
2023-05-14 08:48:39,690 INFO 
[['A🌿' '🌳🌿' '🌳🌿' 'B🌿']
 ['🌳🌿' 'C🔥' '🌳🌿' '🔥🍂']
 ['🔥🍂' 'D🔥' '🔥🍂' '🔥🍂']
 ['🌳🌿' '🌳🌿' 'E🌿' '🌳🌿']]
2023-05-14 08:49:39,751 INFO 
[['A🌿' '🌳🌿' '🌳🌿' 'B🔥']
 ['🌳🌿' 'C🌿' '🌳🌿' '🔥🍂']
 ['🔥🍂' 'D🔥' '🔥🍂' '🔥🍂']
 ['🌳🌿' '🔥🍂' 'E🌿' '🌳🌿']]
2023-05-14 08:50:39,811 INFO 
[['A🌿' '🌳🌿' '🌳🌿' 'B🔥']
 ['🌳🌿' 'C🌿' '🌳🌿' '🔥🍂']
 ['🔥🍂' 'D🔥' '🔥🍂' '🔥🍂']
 ['🌳🌿' '🌳🌿' 'E🌿' '🌳🌿']]
2023-05-14 08:51:39,873 INFO 
[['A🌿' '🌳🌿' '🌳🌿' 'B🌿']
 ['🌳🌿' 'C🌿' '🌳🌿' '🔥🍂']
 ['🔥🍂' 'D🌿' '🔥🍂' '🌳🌿']
 ['🌳🌿' '🌳🌿' 'E🌿' '🌳🌿']]
2023-05-14 08:52:39,933 INFO 
[['A🌿' '🌳🌿' '🌳🌿' 'B🌿']
 ['🌳🌿' 'C🌿' '🔥🍂' '🔥🍂']
 ['🔥🍂' 'D🌿' '🔥🍂' '🔥🍂']
 ['🌳🌿' '🌳🌿' 'E🌿' '🌳🌿']]
2023-05-14 08:53:39,994 INFO 
[['A🌿' '🌳🌿' '🌳🌿' 'B🌿']
 ['🌳🌿' 'C🌿' '🔥🍂' '🔥🍂']
 ['🔥🍂' 'D🌿' '🔥🍂' '🔥🍂']
 ['🌳🌿' '🌳🌿' 'E🌿' '🌳🌿']]
2023-05-14 08:54:40,053 INFO 
[['A🌿' '🌳🌿' '🌳🌿' 'B🌿']
 ['🌳🌿' 'C🌿' '🔥🍂' '🔥🍂']
 ['🔥🍂' 'D🔥' '🔥🍂' '🔥🍂']
 ['🌳🌿' '🌳🌿' 'E🌿' '🌳🌿']]
2023-05-14 08:55:40,114 INFO 
[['A🌿' '🌳🌿' '🌳🌿' 'B🌿']
 ['🌳🌿' 'C🌿' '🔥🍂' '🔥🍂']
 ['🔥🍂' 'D🔥' '🔥🍂' '🔥🍂']
 ['🌳🌿' '🌳🌿' 'E🌿' '🌳🌿']]
2023-05-14 08:56:40,173 INFO 
[['A🌿' '🌳🌿' '🌳🌿' 'B🌿']
 ['🔥🍂' 'C🌿' '🔥🍂' '🔥🍂']
 ['🔥🍂' 'D🔥' '🌳🌿' '🔥🍂']
 ['🌳🌿' '🌳🌿' 'E🌿' '🌳🌿']]
2023-05-14 08:57:40,233 INFO 
[['A🌿' '🌳🌿' '🌳🌿' 'B🌿']
 ['🔥🍂' 'C🌿' '🔥🍂' '🔥🍂']
 ['🔥🍂' 'D🌿' '🌳🌿' '🔥🍂']
 ['🌳🌿' '🌳🌿' 'E🌿' '🌳🌿']]
2023-05-14 08:58:40,293 INFO 
[['A🌿' '🌳🌿' '🌳🌿' 'B🌿']
 ['🌳🌿' 'C🌿' '🔥🍂' '🔥🍂']
 ['🔥🍂' 'D🌿' '🌳🌿' '🌳🌿']
 ['🌳🌿' '🌳🌿' 'E🌿' '🌳🌿']]
2023-05-14 08:59:40,354 INFO 
[['A🌿' '🌳🌿' '🌳🌿' 'B🌿']
 ['🌳🌿' 'C🌿' '🔥🍂' '🔥🍂']
 ['🔥🍂' 'D🔥' '🌳🌿' '🌳🌿']
 ['🌳🌿' '🌳🌿' 'E🌿' '🌳🌿']]
2023-05-14 09:00:40,415 INFO 
[['A🌿' '🌳🌿' '🌳🌿' 'B🔥']
 ['🌳🌿' 'C🌿' '🔥🍂' '🌳🌿']
 ['🔥🍂' 'D🌿' '🌳🌿' '🌳🌿']
 ['🌳🌿' '🌳🌿' 'E🌿' '🌳🌿']]
2023-05-14 09:01:40,473 INFO 
[['A🌿' '🌳🌿' '🌳🌿' 'B🔥']
 ['🌳🌿' 'C🌿' '🔥🍂' '🌳🌿']
 ['🔥🍂' 'D🌿' '🌳🌿' '🌳🌿']
 ['🌳🌿' '🌳🌿' 'E🌿' '🌳🌿']]
2023-05-14 09:02:40,533 INFO 
[['A🌿' '🌳🌿' '🌳🌿' 'B🔥']
 ['🌳🌿' 'C🌿' '🔥🍂' '🌳🌿']
 ['🔥🍂' 'D🌿' '🔥🍂' '🌳🌿']
 ['🌳🌿' '🌳🌿' 'E🌿' '🌳🌿']]
2023-05-14 09:03:40,593 INFO 
[['A🌿' '🌳🌿' '🌳🌿' 'B🔥']
 ['🌳🌿' 'C🌿' '🔥🍂' '🌳🌿']
 ['🔥🍂' 'D🔥' '🔥🍂' '🔥🍂']
 ['🌳🌿' '🌳🌿' 'E🌿' '🌳🌿']]
2023-05-14 09:04:40,653 INFO 
[['A🌿' '🌳🌿' '🌳🌿' 'B🔥']
 ['🌳🌿' 'C🌿' '🔥🍂' '🔥🍂']
 ['🌳🌿' 'D🔥' '🔥🍂' '🔥🍂']
 ['🔥🍂' '🌳🌿' 'E🌿' '🌳🌿']]
2023-05-14 09:05:40,713 INFO 
[['A🌿' '🌳🌿' '🔥🍂' 'B🔥']
 ['🌳🌿' 'C🔥' '🔥🍂' '🔥🍂']
 ['🌳🌿' 'D🔥' '🔥🍂' '🔥🍂']
 ['🔥🍂' '🌳🌿' 'E🔥' '🌳🌿']]
2023-05-14 09:06:40,773 INFO 
[['A🌿' '🌳🌿' '🔥🍂' 'B🔥']
 ['🌳🌿' 'C🔥' '🔥🍂' '🔥🍂']
 ['🌳🌿' 'D🌿' '🔥🍂' '🔥🍂']
 ['🔥🍂' '🔥🍂' 'E🌿' '🌳🌿']]
2023-05-14 09:07:40,833 INFO 
[['A🌿' '🔥🍂' '🔥🍂' 'B🔥']
 ['🌳🌿' 'C🔥' '🔥🍂' '🔥🍂']
 ['🌳🌿' 'D🌿' '🔥🍂' '🔥🍂']
 ['🔥🍂' '🔥🍂' 'E🌿' '🌳🌿']]
2023-05-14 09:08:40,893 INFO 
[['A🌿' '🔥🍂' '🔥🍂' 'B🔥']
 ['🌳🌿' 'C🔥' '🔥🍂' '🔥🍂']
 ['🌳🌿' 'D🌿' '🔥🍂' '🔥🍂']
 ['🌳🌿' '🔥🍂' 'E🔥' '🌳🌿']]
2023-05-14 09:09:40,954 INFO 
[['A🌿' '🔥🍂' '🔥🍂' 'B🔥']
 ['🌳🌿' 'C🔥' '🔥🍂' '🔥🍂']
 ['🌳🌿' 'D🌿' '🌳🌿' '🔥🍂']
 ['🌳🌿' '🔥🍂' 'E🔥' '🔥🍂']]
2023-05-14 09:10:41,014 INFO 
[['A🌿' '🌳🌿' '🔥🍂' 'B🔥']
 ['🌳🌿' 'C🌿' '🔥🍂' '🔥🍂']
 ['🌳🌿' 'D🌿' '🌳🌿' '🔥🍂']
 ['🌳🌿' '🔥🍂' 'E🔥' '🔥🍂']]
2023-05-14 09:11:41,076 INFO 
[['A🌿' '🌳🌿' '🔥🍂' 'B🔥']
 ['🌳🌿' 'C🌿' '🔥🍂' '🔥🍂']
 ['🌳🌿' 'D🌿' '🌳🌿' '🔥🍂']
 ['🌳🌿' '🔥🍂' 'E🔥' '🔥🍂']]
2023-05-14 09:12:41,137 INFO 
[['A🌿' '🔥🍂' '🔥🍂' 'B🔥']
 ['🌳🌿' 'C🌿' '🔥🍂' '🌳🌿']
 ['🌳🌿' 'D🌿' '🔥🍂' '🔥🍂']
 ['🌳🌿' '🔥🍂' 'E🔥' '🔥🍂']]
2023-05-14 09:13:41,198 INFO 
[['A🌿' '🔥🍂' '🔥🍂' 'B🔥']
 ['🌳🌿' 'C🌿' '🔥🍂' '🔥🍂']
 ['🌳🌿' 'D🌿' '🔥🍂' '🔥🍂']
 ['🌳🌿' '🔥🍂' 'E🔥' '🌳🌿']]
2023-05-14 09:14:41,257 INFO 
[['A🌿' '🔥🍂' '🔥🍂' 'B🌿']
 ['🌳🌿' 'C🌿' '🔥🍂' '🔥🍂']
 ['🌳🌿' 'D🌿' '🔥🍂' '🔥🍂']
 ['🌳🌿' '🌳🌿' 'E🌿' '🌳🌿']]
2023-05-14 09:15:41,318 INFO 
[['A🔥' '🔥🍂' '🔥🍂' 'B🔥']
 ['🌳🌿' 'C🌿' '🌳🌿' '🔥🍂']
 ['🌳🌿' 'D🔥' '🔥🍂' '🌳🌿']
 ['🌳🌿' '🌳🌿' 'E🌿' '🔥🍂']]
2023-05-14 09:16:41,378 INFO 
[['A🌿' '🔥🍂' '🌳🌿' 'B🔥']
 ['🌳🌿' 'C🌿' '🌳🌿' '🔥🍂']
 ['🌳🌿' 'D🔥' '🔥🍂' '🔥🍂']
 ['🌳🌿' '🔥🍂' 'E🌿' '🔥🍂']]
2023-05-14 09:17:41,437 INFO 
[['A🌿' '🔥🍂' '🔥🍂' 'B🔥']
 ['🌳🌿' 'C🌿' '🌳🌿' '🔥🍂']
 ['🌳🌿' 'D🔥' '🔥🍂' '🔥🍂']
 ['🌳🌿' '🔥🍂' 'E🌿' '🔥🍂']]
2023-05-14 09:18:41,497 INFO 
[['A🔥' '🔥🍂' '🔥🍂' 'B🔥']
 ['🌳🌿' 'C🌿' '🌳🌿' '🌳🌿']
 ['🌳🌿' 'D🔥' '🔥🍂' '🔥🍂']
 ['🌳🌿' '🔥🍂' 'E🌿' '🔥🍂']]
2023-05-14 09:19:41,559 INFO 
[['A🔥' '🔥🍂' '🔥🍂' 'B🔥']
 ['🌳🌿' 'C🌿' '🌳🌿' '🌳🌿']
 ['🌳🌿' 'D🔥' '🔥🍂' '🔥🍂']
 ['🌳🌿' '🔥🍂' 'E🔥' '🔥🍂']]
2023-05-14 09:20:41,619 INFO 
[['A🔥' '🌳🌿' '🔥🍂' 'B🔥']
 ['🌳🌿' 'C🌿' '🌳🌿' '🌳🌿']
 ['🌳🌿' 'D🔥' '🔥🍂' '🌳🌿']
 ['🌳🌿' '🔥🍂' 'E🔥' '🔥🍂']]
2023-05-14 09:21:41,678 INFO 
[['A🔥' '🌳🌿' '🔥🍂' 'B🌿']
 ['🌳🌿' 'C🌿' '🌳🌿' '🌳🌿']
 ['🌳🌿' 'D🔥' '🔥🍂' '🌳🌿']
 ['🌳🌿' '🔥🍂' 'E🔥' '🌳🌿']]
2023-05-14 09:22:41,737 INFO 
[['A🔥' '🌳🌿' '🔥🍂' 'B🌿']
 ['🔥🍂' 'C🌿' '🔥🍂' '🌳🌿']
 ['🌳🌿' 'D🔥' '🔥🍂' '🌳🌿']
 ['🌳🌿' '🔥🍂' 'E🌿' '🌳🌿']]
