2023-02-21 12:01:39,265 INFO Creation of log point_matrix
2023-02-21 12:01:47,972 INFO 
[['A🌿' '🌳🌿' '🌳🌿' 'B🌿']
 ['🌳🌿' 'C🌿' '🌳🌿' '🌳🌿']
 ['🌳🌿' 'D🌿' '🌳🌿' '🌳🌿']
 ['🌳🌿' '🌳🌿' 'E🌿' '🌳🌿']]
2023-02-21 12:02:39,277 INFO 
[['A🌿' '🌳🌿' '🌳🌿' 'B🌿']
 ['🌳🌿' 'C🌿' '🌳🌿' '🌳🌿']
 ['🌳🌿' 'D🌿' '🌳🌿' '🌳🌿']
 ['🌳🌿' '🌳🌿' 'E🌿' '🌳🌿']]
2023-02-21 12:03:39,286 INFO 
[['A🌿' '🌳🌿' '🌳🌿' 'B🌿']
 ['🌳🌿' 'C🌿' '🌳🌿' '🌳🌿']
 ['🌳🌿' 'D🌿' '🌳🌿' '🌳🌿']
 ['🌳🌿' '🌳🌿' 'E🌿' '🌳🌿']]
2023-02-21 12:03:40,567 CRITICAL Starting new episode - Episode 1
2023-02-21 12:04:39,289 INFO 
[['A🚁' '🌳🌿' '🌳🌿' 'B🌿']
 ['🌳🌿' 'C🌿' '🌳🌿' '🌳🌿']
 ['🌳🌿' 'D🌿' '🌳🌿' '🔥🍂']
 ['🌳🌿' '🌳🌿' 'E🌿' '🌳🌿']]
2023-02-21 12:05:39,291 INFO 
[['A🚁' '🌳🌿' '🌳🌿' 'B🌿']
 ['🌳🌿' 'C🌿' '🌳🌿' '🌳🌿']
 ['🌳🌿' 'D🌿' '🌳🌿' '🔥🍂']
 ['🌳🌿' '🌳🌿' 'E🌿' '🌳🌿']]
2023-02-21 12:06:39,294 INFO 
[['A🌿' '🌳🌿' '🌳🌿' 'B🌿']
 ['🌳🌿' 'C🌿' '🌳🌿' '🌳🌿']
 ['🌳🌿' 'D🌿' '🌳🌿' '🌳🌿']
 ['🌳🌿' '🌳🌿' 'E🌿' '🌳🌿']]
2023-02-21 12:07:39,297 INFO 
[['A🌿' '🌳🌿' '🌳🌿' 'B🌿']
 ['🌳🌿' 'C🌿' '🌳🌿' '🌳🌿']
 ['🌳🌿' 'D🌿' '🌳🌿' '🌳🌿']
 ['🌳🌿' '🌳🌿' 'E🌿' '🌳🌿']]
2023-02-21 12:08:39,302 INFO 
[['A🌿' '🌳🌿' '🌳🌿' 'B🌿']
 ['🌳🌿' 'C🌿' '🌳🌿' '🌳🌿']
 ['🌳🌿' 'D🌿' '🌳🌿' '🌳🌿']
 ['🌳🌿' '🌳🌿' 'E🌿' '🌳🌿']]
2023-02-21 12:08:43,100 CRITICAL Starting new episode - Episode 2
2023-02-21 12:09:39,304 INFO 
[['A🌿' '🌳🌿' '🌳🌿' 'B🌿']
 ['🌳🌿' 'C🌿' '🌳🌿' '🌳🌿']
 ['🌳🌿' 'D🌿' '🌳🌿' '🌳🌿']
 ['🌳🌿' '🌳🌿' 'E🌿' '🌳🌿']]
2023-02-21 12:10:39,306 INFO 
[['A🌿' '🌳🌿' '🌳🌿' 'B🌿']
 ['🌳🌿' 'C🚁' '🌳🌿' '🌳🌿']
 ['🌳🌿' 'D🚁' '🌳🌿' '🌳🌿']
 ['🌳🌿' '🌳🌿' 'E🌿' '🌳🌿']]
2023-02-21 12:11:39,307 INFO 
[['A🌿' '🌳🌿' '🌳🌿' 'B🌿']
 ['🌳🌿' 'C🌿' '🌳🌿' '🌳🌿']
 ['🌳🌿' 'D🌿' '🌳🌿' '🌳🌿']
 ['🌳🌿' '🌳🌿' 'E🌿' '🌳🌿']]
2023-02-21 12:12:39,309 INFO 
[['A🌿' '🌳🌿' '🌳🌿' 'B🌿']
 ['🌳🌿' 'C🌿' '🌳🌿' '🌳🌿']
 ['🌳🌿' 'D🌿' '🌳🌿' '🌳🌿']
 ['🌳🌿' '🌳🌿' 'E🌿' '🌳🌿']]
2023-02-21 12:13:35,918 CRITICAL Starting new episode - Episode 3
2023-02-21 12:13:39,313 INFO 
[['A🌿' '🌳🌿' '🌳🌿' 'B🌿']
 ['🌳🌿' 'C🌿' '🌳🌿' '🌳🌿']
 ['🌳🌿' 'D🌿' '🌳🌿' '🌳🌿']
 ['🌳🌿' '🌳🌿' 'E🌿' '🌳🌿']]
2023-02-21 12:14:39,316 INFO 
[['A🚁' '🌳🌿' '🌳🌿' 'B🌿']
 ['🌳🌿' 'C🌿' '🌳🌿' '🌳🌿']
 ['🌳🌿' 'D🌿' '🌳🌿' '🌳🌿']
 ['🌳🌿' '🌳🌿' 'E🌿' '🌳🌿']]
2023-02-21 12:15:39,319 INFO 
[['A🌿' '🌳🌿' '🌳🌿' 'B🌿']
 ['🌳🌿' 'C🌿' '🌳🌿' '🌳🌿']
 ['🌳🌿' 'D🌿' '🌳🌿' '🌳🌿']
 ['🌳🌿' '🌳🌿' 'E🌿' '🌳🌿']]
2023-02-21 12:16:39,322 INFO 
[['A🌿' '🌳🌿' '🌳🌿' 'B🌿']
 ['🌳🌿' 'C🌿' '🌳🌿' '🌳🌿']
 ['🌳🌿' 'D🌿' '🌳🌿' '🌳🌿']
 ['🌳🌿' '🌳🌿' 'E🌿' '🌳🌿']]
2023-02-21 12:17:39,324 INFO 
[['A🌿' '🌳🌿' '🌳🌿' 'B🌿']
 ['🌳🌿' 'C🌿' '🌳🌿' '🌳🌿']
 ['🌳🌿' 'D🌿' '🌳🌿' '🌳🌿']
 ['🌳🌿' '🌳🌿' 'E🌿' '🌳🌿']]
2023-02-21 12:18:14,183 CRITICAL Starting new episode - Episode 4
2023-02-21 12:18:39,326 INFO 
[['A🌿' '🌳🌿' '🌳🌿' 'B🌿']
 ['🌳🌿' 'C🌿' '🌳🌿' '🌳🌿']
 ['🌳🌿' 'D🌿' '🌳🌿' '🌳🌿']
 ['🌳🌿' '🌳🌿' 'E🌿' '🌳🌿']]
2023-02-21 12:19:39,328 INFO 
[['A🚁' '🌳🌿' '🌳🌿' 'B🌿']
 ['🌳🌿' 'C🌿' '🌳🌿' '🌳🌿']
 ['🌳🌿' 'D🌿' '🌳🌿' '🌳🌿']
 ['🌳🌿' '🌳🌿' 'E🌿' '🌳🌿']]
2023-02-21 12:20:39,331 INFO 
[['A🌿' '🌳🌿' '🌳🌿' 'B🌿']
 ['🌳🌿' 'C🌿' '🌳🌿' '🌳🌿']
 ['🌳🌿' 'D🌿' '🌳🌿' '🌳🌿']
 ['🌳🌿' '🌳🌿' 'E🌿' '🌳🌿']]
2023-02-21 12:21:39,332 INFO 
[['A🌿' '🌳🌿' '🌳🌿' 'B🌿']
 ['🌳🌿' 'C🌿' '🌳🌿' '🌳🌿']
 ['🌳🌿' 'D🌿' '🌳🌿' '🌳🌿']
 ['🌳🌿' '🌳🌿' 'E🌿' '🌳🌿']]
2023-02-21 12:22:20,494 CRITICAL Starting new episode - Episode 5
2023-02-21 12:22:39,334 INFO 
[['A🌿' '🔥🍂' '🔥🍂' 'B🌿']
 ['🌳🌿' 'C🌿' '🌳🌿' '🌳🌿']
 ['🌳🌿' 'D🌿' '🌳🌿' '🌳🌿']
 ['🌳🌿' '🌳🌿' 'E🌿' '🌳🌿']]
2023-02-21 12:23:39,336 INFO 
[['A🚒' '🔥🍂' '🔥🍂' 'B🌿']
 ['🌳🌿' 'C🔥' '🌳🌿' '🌳🌿']
 ['🌳🌿' 'D🌿' '🌳🌿' '🌳🌿']
 ['🌳🌿' '🌳🌿' 'E🌿' '🌳🌿']]
2023-02-21 12:24:39,337 INFO 
[['A🌿' '🌳🌿' '🌳🌿' 'B🌿']
 ['🌳🌿' 'C🌿' '🌳🌿' '🌳🌿']
 ['🌳🌿' 'D🌿' '🌳🌿' '🌳🌿']
 ['🌳🌿' '🌳🌿' 'E🌿' '🌳🌿']]
2023-02-21 12:25:39,342 INFO 
[['A🌿' '🌳🌿' '🌳🌿' 'B🌿']
 ['🌳🌿' 'C🌿' '🌳🌿' '🌳🌿']
 ['🌳🌿' 'D🌿' '🌳🌿' '🌳🌿']
 ['🌳🌿' '🌳🌿' 'E🌿' '🌳🌿']]
2023-02-21 12:25:42,250 CRITICAL Starting new episode - Episode 6
2023-02-21 12:26:39,346 INFO 
[['A🌿' '🌳🌿' '🌳🌿' 'B🌿']
 ['🌳🌿' 'C🚁' '🌳🌿' '🌳🌿']
 ['🌳🌿' 'D🚁' '🌳🌿' '🌳🌿']
 ['🌳🌿' '🌳🌿' 'E🌿' '🌳🌿']]
2023-02-21 12:27:39,346 INFO 
[['A🌿' '🌳🌿' '🌳🌿' 'B🌿']
 ['🌳🌿' 'C🌿' '🌳🌿' '🌳🌿']
 ['🌳🌿' 'D🌿' '🌳🌿' '🌳🌿']
 ['🌳🌿' '🌳🌿' 'E🌿' '🌳🌿']]
2023-02-21 12:28:39,347 INFO 
[['A🌿' '🌳🌿' '🌳🌿' 'B🌿']
 ['🌳🌿' 'C🌿' '🌳🌿' '🌳🌿']
 ['🌳🌿' 'D🌿' '🌳🌿' '🌳🌿']
 ['🌳🌿' '🌳🌿' 'E🌿' '🌳🌿']]
2023-02-21 12:29:05,338 CRITICAL Starting new episode - Episode 7
2023-02-21 12:29:39,348 INFO 
[['A🌿' '🌳🌿' '🌳🌿' 'B🌿']
 ['🌳🌿' 'C🌿' '🌳🌿' '🌳🌿']
 ['🌳🌿' 'D🌿' '🌳🌿' '🌳🌿']
 ['🌳🌿' '🌳🌿' 'E🌿' '🌳🌿']]
2023-02-21 12:30:39,350 INFO 
[['A🌿' '🌳🌿' '🌳🌿' 'B🌿']
 ['🌳🌿' 'C🚁' '🌳🌿' '🌳🌿']
 ['🌳🌿' 'D🚁' '🌳🌿' '🌳🌿']
 ['🌳🌿' '🌳🌿' 'E🌿' '🌳🌿']]
