2023-02-15 18:20:11,855 INFO Creation of log point_matrix
2023-02-15 18:20:21,103 INFO 
[['A🌿' '🌳🌿' '🌳🌿' 'B🌿']
 ['🌳🌿' 'C🌿' '🌳🌿' '🌳🌿']
 ['🌳🌿' 'D🌿' '🌳🌿' '🌳🌿']
 ['🌳🌿' '🌳🌿' 'E🌿' '🌳🌿']]
2023-02-15 18:21:11,862 INFO 
[['A🚁' '🌳🌿' '🌳🌿' 'B🌿']
 ['🌳🌿' 'C🌿' '🌳🌿' '🌳🌿']
 ['🌳🌿' 'D🌿' '🌳🌿' '🌳🌿']
 ['🌳🌿' '🌳🌿' 'E🌿' '🌳🌿']]
2023-02-15 18:22:11,919 INFO 
[['A🚁' '🌳🌿' '🌳🌿' 'B🌿']
 ['🌳🌿' 'C🌿' '🌳🌿' '🌳🌿']
 ['🌳🌿' 'D🌿' '🌳🌿' '🌳🌿']
 ['🌳🌿' '🌳🌿' 'E🌿' '🌳🌿']]
2023-02-15 18:23:11,979 INFO 
[['A🚁' '🌳🌿' '🌳🌿' 'B🌿']
 ['🌳🌿' 'C🌿' '🌳🌿' '🌳🌿']
 ['🌳🌿' 'D🌿' '🌳🌿' '🌳🌿']
 ['🌳🌿' '🌳🌿' 'E🌿' '🌳🌿']]
