2023-02-15 17:14:52,861 INFO Creation of log point_matrix
2023-02-15 17:15:04,075 INFO 
[['A🌿' '🌳🌿' '🌳🌿' 'B🌿']
 ['🌳🌿' 'C🌿' '🌳🌿' '🌳🌿']
 ['🌳🌿' 'D🌿' '🌳🌿' '🌳🌿']
 ['🌳🌿' '🌳🌿' 'E🌿' '🌳🌿']]
2023-02-15 17:15:52,891 INFO 
[['A🌿' '🌳🌿' '🌳🌿' 'B🌿']
 ['🌳🌿' 'C🌿' '🌳🌿' '🌳🌿']
 ['🌳🌿' 'D🌿' '🌳🌿' '🌳🌿']
 ['🌳🌿' '🌳🌿' 'E🌿' '🌳🌿']]
2023-02-15 17:16:52,950 INFO 
[['A🌿' '🌳🌿' '🌳🌿' 'B🌿']
 ['🌳🌿' 'C🌿' '🌳🌿' '🌳🌿']
 ['🌳🌿' 'D🌿' '🌳🌿' '🌳🌿']
 ['🌳🌿' '🌳🌿' 'E🌿' '🌳🌿']]
2023-02-15 17:17:53,011 INFO 
[['A🌿' '🌳🌿' '🌳🌿' 'B🌿']
 ['🌳🌿' 'C🌿' '🌳🌿' '🌳🌿']
 ['🌳🌿' 'D🌿' '🌳🌿' '🌳🌿']
 ['🌳🌿' '🌳🌿' 'E🌿' '🌳🌿']]
