2023-05-11 23:52:30,966 INFO Creation of log point_matrix
2023-05-11 23:52:41,327 INFO 
[['A🌿' '🌳🌿' '🌳🌿' 'B🌿']
 ['🌳🌿' 'C🌿' '🌳🌿' '🌳🌿']
 ['🌳🌿' 'D🌿' '🌳🌿' '🌳🌿']
 ['🌳🌿' '🌳🌿' 'E🌿' '🌳🌿']]
2023-05-11 23:53:30,974 INFO 
[['A🌿' '🌳🌿' '🌳🌿' 'B🌿']
 ['🌳🌿' 'C🌿' '🌳🌿' '🌳🌿']
 ['🌳🌿' 'D🚁' '🌳🌿' '🌳🌿']
 ['🌳🌿' '🌳🌿' 'E🌿' '🌳🌿']]
2023-05-11 23:54:30,975 INFO 
[['A🌿' '🌳🌿' '🌳🌿' 'B🌿']
 ['🌳🌿' 'C🌿' '🌳🌿' '🌳🌿']
 ['🌳🌿' 'D🚁' '🌳🌿' '🌳🌿']
 ['🌳🌿' '🌳🌿' 'E🌿' '🌳🌿']]
2023-05-11 23:55:30,977 INFO 
[['A🌿' '🌳🌿' '🌳🌿' 'B🌿']
 ['🌳🌿' 'C🌿' '🌳🌿' '🌳🌿']
 ['🌳🌿' 'D🚁' '🌳🌿' '🌳🌿']
 ['🌳🌿' '🌳🌿' 'E🌿' '🌳🌿']]
2023-05-11 23:56:30,979 INFO 
[['A🚁' '🌳🌿' '🌳🌿' 'B🌿']
 ['🌳🌿' 'C🚁' '🌳🌿' '🌳🌿']
 ['🌳🌿' 'D🌿' '🌳🌿' '🌳🌿']
 ['🌳🌿' '🌳🌿' 'E🌿' '🌳🌿']]
2023-05-11 23:57:30,984 INFO 
[['A🚁' '🌳🌿' '🌳🌿' 'B🌿']
 ['🌳🌿' 'C🚁' '🌳🌿' '🌳🌿']
 ['🌳🌿' 'D🌿' '🌳🌿' '🌳🌿']
 ['🌳🌿' '🌳🌿' 'E🌿' '🌳🌿']]
2023-05-11 23:58:30,985 INFO 
[['A🚁' '🌳🌿' '🌳🌿' 'B🌿']
 ['🌳🌿' 'C🚁' '🌳🌿' '🌳🌿']
 ['🌳🌿' 'D🌿' '🌳🌿' '🌳🌿']
 ['🌳🌿' '🌳🌿' 'E🌿' '🌳🌿']]
2023-05-11 23:59:30,988 INFO 
[['A🚁' '🌳🌿' '🌳🌿' 'B🌿']
 ['🌳🌿' 'C🚁' '🌳🌿' '🌳🌿']
 ['🌳🌿' 'D🌿' '🌳🌿' '🌳🌿']
 ['🌳🌿' '🌳🌿' 'E🌿' '🌳🌿']]
2023-05-12 00:00:30,992 INFO 
[['A🌿' '🌳🌿' '🌳🌿' 'B🌿']
 ['🌳🌿' 'C🚁' '🌳🌿' '🌳🌿']
 ['🌳🌿' 'D🌿' '🌳🌿' '🌳🌿']
 ['🌳🌿' '🌳🌿' 'E🌿' '🌳🌿']]
2023-05-12 00:01:30,996 INFO 
[['A🌿' '🌳🌿' '🌳🌿' 'B🌿']
 ['🌳🌿' 'C🌿' '🌳🌿' '🌳🌿']
 ['🌳🌿' 'D🚁' '🌳🌿' '🌳🌿']
 ['🌳🌿' '🌳🌿' 'E🌿' '🌳🌿']]
2023-05-12 00:02:30,997 INFO 
[['A🌿' '🌳🌿' '🌳🌿' 'B🌿']
 ['🌳🌿' 'C🌿' '🌳🌿' '🌳🌿']
 ['🌳🌿' 'D🚁' '🌳🌿' '🌳🌿']
 ['🌳🌿' '🌳🌿' 'E🌿' '🌳🌿']]
2023-05-12 00:03:30,999 INFO 
[['A🌿' '🔥🍂' '🌳🌿' 'B🌿']
 ['🌳🌿' 'C🌿' '🌳🌿' '🌳🌿']
 ['🌳🌿' 'D🌿' '🌳🌿' '🌳🌿']
 ['🌳🌿' '🌳🌿' 'E🌿' '🌳🌿']]
2023-05-12 00:04:31,001 INFO 
[['A🌿' '🔥🍂' '🌳🌿' 'B🌿']
 ['🌳🌿' 'C🌿' '🌳🌿' '🌳🌿']
 ['🌳🌿' 'D🌿' '🌳🌿' '🌳🌿']
 ['🌳🌿' '🌳🌿' 'E🌿' '🌳🌿']]
2023-05-12 00:04:43,068 CRITICAL Starting new episode - Episode 1
2023-05-12 00:05:31,003 INFO 
[['A🌿' '🌳🌿' '🌳🌿' 'B🌿']
 ['🌳🌿' 'C🌿' '🌳🌿' '🌳🌿']
 ['🌳🌿' 'D🌿' '🌳🌿' '🌳🌿']
 ['🌳🌿' '🌳🌿' 'E🌿' '🌳🌿']]
2023-05-12 00:06:31,004 INFO 
[['A🚁' '🌳🌿' '🌳🌿' 'B🌿']
 ['🌳🌿' 'C🌿' '🌳🌿' '🌳🌿']
 ['🌳🌿' 'D🌿' '🌳🌿' '🌳🌿']
 ['🌳🌿' '🌳🌿' 'E🌿' '🌳🌿']]
2023-05-12 00:07:31,006 INFO 
[['A🌿' '🌳🌿' '🌳🌿' 'B🌿']
 ['🌳🌿' 'C🌿' '🌳🌿' '🌳🌿']
 ['🌳🌿' 'D🌿' '🌳🌿' '🌳🌿']
 ['🌳🌿' '🌳🌿' 'E🚁' '🌳🌿']]
2023-05-12 00:08:31,008 INFO 
[['A🌿' '🌳🌿' '🌳🌿' 'B🌿']
 ['🌳🌿' 'C🌿' '🌳🌿' '🌳🌿']
 ['🌳🌿' 'D🌿' '🌳🌿' '🌳🌿']
 ['🌳🌿' '🌳🌿' 'E🚁' '🌳🌿']]
2023-05-12 00:09:31,012 INFO 
[['A🌿' '🌳🌿' '🌳🌿' 'B🌿']
 ['🌳🌿' 'C🌿' '🌳🌿' '🌳🌿']
 ['🌳🌿' 'D🌿' '🌳🌿' '🌳🌿']
 ['🌳🌿' '🌳🌿' 'E🚁' '🌳🌿']]
2023-05-12 00:10:31,015 INFO 
[['A🌿' '🌳🌿' '🌳🌿' 'B🌿']
 ['🌳🌿' 'C🌿' '🌳🌿' '🌳🌿']
 ['🌳🌿' 'D🌿' '🌳🌿' '🌳🌿']
 ['🌳🌿' '🌳🌿' 'E🚁' '🌳🌿']]
2023-05-12 00:11:31,018 INFO 
[['A🌿' '🌳🌿' '🌳🌿' 'B🌿']
 ['🌳🌿' 'C🌿' '🌳🌿' '🌳🌿']
 ['🌳🌿' 'D🌿' '🌳🌿' '🌳🌿']
 ['🌳🌿' '🌳🌿' 'E🚁' '🔥🍂']]
2023-05-12 00:12:31,019 INFO 
[['A🌿' '🌳🌿' '🌳🌿' 'B🌿']
 ['🌳🌿' 'C🌿' '🌳🌿' '🌳🌿']
 ['🌳🌿' 'D🌿' '🌳🌿' '🌳🌿']
 ['🌳🌿' '🌳🌿' 'E🌿' '🔥🍂']]
2023-05-12 00:13:31,029 INFO 
[['A🚁' '🌳🌿' '🌳🌿' 'B🌿']
 ['🌳🌿' 'C🌿' '🌳🌿' '🌳🌿']
 ['🌳🌿' 'D🌿' '🌳🌿' '🌳🌿']
 ['🌳🌿' '🌳🌿' 'E🌿' '🔥🍂']]
2023-05-12 00:14:31,033 INFO 
[['A🚁' '🌳🌿' '🌳🌿' 'B🌿']
 ['🌳🌿' 'C🌿' '🌳🌿' '🌳🌿']
 ['🌳🌿' 'D🌿' '🌳🌿' '🌳🌿']
 ['🌳🌿' '🌳🌿' 'E🌿' '🔥🍂']]
2023-05-12 00:15:31,034 INFO 
[['A🌿' '🌳🌿' '🌳🌿' 'B🚁']
 ['🌳🌿' 'C🌿' '🌳🌿' '🌳🌿']
 ['🌳🌿' 'D🌿' '🌳🌿' '🌳🌿']
 ['🌳🌿' '🌳🌿' 'E🌿' '🔥🍂']]
2023-05-12 00:16:31,036 INFO 
[['A🌿' '🌳🌿' '🌳🌿' 'B🚁']
 ['🌳🌿' 'C🌿' '🌳🌿' '🌳🌿']
 ['🌳🌿' 'D🌿' '🌳🌿' '🌳🌿']
 ['🌳🌿' '🌳🌿' 'E🌿' '🔥🍂']]
2023-05-12 00:17:31,046 INFO 
[['A🌿' '🌳🌿' '🌳🌿' 'B🚁']
 ['🌳🌿' 'C🌿' '🌳🌿' '🌳🌿']
 ['🌳🌿' 'D🌿' '🌳🌿' '🌳🌿']
 ['🌳🌿' '🌳🌿' 'E🌿' '🔥🍂']]
2023-05-12 00:18:31,050 INFO 
[['A🌿' '🌳🌿' '🌳🌿' 'B🚁']
 ['🌳🌿' 'C🌿' '🌳🌿' '🌳🌿']
 ['🌳🌿' 'D🌿' '🌳🌿' '🌳🌿']
 ['🌳🌿' '🌳🌿' 'E🌿' '🔥🍂']]
2023-05-12 00:19:31,060 INFO 
[['A🌿' '🌳🌿' '🌳🌿' 'B🚁']
 ['🌳🌿' 'C🌿' '🌳🌿' '🌳🌿']
 ['🌳🌿' 'D🌿' '🌳🌿' '🌳🌿']
 ['🌳🌿' '🌳🌿' 'E🌿' '🔥🍂']]
2023-05-12 00:20:31,063 INFO 
[['A🌿' '🌳🌿' '🌳🌿' 'B🌿']
 ['🌳🌿' 'C🌿' '🌳🌿' '🌳🌿']
 ['🌳🌿' 'D🌿' '🌳🌿' '🌳🌿']
 ['🌳🌿' '🌳🌿' 'E🌿' '🌳🌿']]
2023-05-12 00:21:31,065 INFO 
[['A🌿' '🌳🌿' '🌳🌿' 'B🌿']
 ['🌳🌿' 'C🌿' '🌳🌿' '🌳🌿']
 ['🌳🌿' 'D🌿' '🌳🌿' '🌳🌿']
 ['🌳🌿' '🌳🌿' 'E🌿' '🌳🌿']]
2023-05-12 00:21:34,700 CRITICAL Starting new episode - Episode 2
2023-05-12 00:22:31,069 INFO 
[['A🌿' '🌳🌿' '🌳🌿' 'B🌿']
 ['🌳🌿' 'C🚁' '🌳🌿' '🌳🌿']
 ['🌳🌿' 'D🚁' '🌳🌿' '🌳🌿']
 ['🌳🌿' '🌳🌿' 'E🌿' '🌳🌿']]
2023-05-12 00:23:31,070 INFO 
[['A🚁' '🌳🌿' '🌳🌿' 'B🌿']
 ['🌳🌿' 'C🌿' '🌳🌿' '🌳🌿']
 ['🌳🌿' 'D🌿' '🌳🌿' '🌳🌿']
 ['🌳🌿' '🌳🌿' 'E🌿' '🌳🌿']]
2023-05-12 00:24:31,071 INFO 
[['A🚁' '🌳🌿' '🌳🌿' 'B🌿']
 ['🌳🌿' 'C🌿' '🌳🌿' '🌳🌿']
 ['🌳🌿' 'D🌿' '🌳🌿' '🌳🌿']
 ['🌳🌿' '🌳🌿' 'E🌿' '🌳🌿']]
2023-05-12 00:25:31,072 INFO 
[['A🚁' '🌳🌿' '🌳🌿' 'B🌿']
 ['🌳🌿' 'C🌿' '🌳🌿' '🌳🌿']
 ['🌳🌿' 'D🌿' '🌳🌿' '🌳🌿']
 ['🌳🌿' '🌳🌿' 'E🌿' '🌳🌿']]
2023-05-12 00:26:31,075 INFO 
[['A🚁' '🌳🌿' '🌳🌿' 'B🌿']
 ['🌳🌿' 'C🌿' '🌳🌿' '🌳🌿']
 ['🌳🌿' 'D🌿' '🌳🌿' '🌳🌿']
 ['🌳🌿' '🌳🌿' 'E🌿' '🌳🌿']]
2023-05-12 00:27:31,076 INFO 
[['A🚁' '🌳🌿' '🌳🌿' 'B🌿']
 ['🌳🌿' 'C🌿' '🌳🌿' '🌳🌿']
 ['🌳🌿' 'D🌿' '🌳🌿' '🌳🌿']
 ['🌳🌿' '🌳🌿' 'E🌿' '🌳🌿']]
2023-05-12 00:28:31,078 INFO 
[['A🌿' '🌳🌿' '🌳🌿' 'B🚁']
 ['🌳🌿' 'C🌿' '🌳🌿' '🌳🌿']
 ['🌳🌿' 'D🚁' '🌳🌿' '🌳🌿']
 ['🌳🌿' '🌳🌿' 'E🌿' '🌳🌿']]
2023-05-12 00:29:31,084 INFO 
[['A🌿' '🌳🌿' '🌳🌿' 'B🌿']
 ['🌳🌿' 'C🌿' '🌳🌿' '🌳🌿']
 ['🌳🌿' 'D🚁' '🌳🌿' '🌳🌿']
 ['🌳🌿' '🌳🌿' 'E🌿' '🌳🌿']]
2023-05-12 00:30:31,088 INFO 
[['A🌿' '🌳🌿' '🌳🌿' 'B🌿']
 ['🌳🌿' 'C🌿' '🌳🌿' '🌳🌿']
 ['🌳🌿' 'D🚁' '🌳🌿' '🌳🌿']
 ['🌳🌿' '🌳🌿' 'E🌿' '🌳🌿']]
2023-05-12 00:31:31,094 INFO 
[['A🌿' '🌳🌿' '🌳🌿' 'B🌿']
 ['🌳🌿' 'C🌿' '🌳🌿' '🌳🌿']
 ['🌳🌿' 'D🚁' '🌳🌿' '🌳🌿']
 ['🌳🌿' '🌳🌿' 'E🌿' '🌳🌿']]
2023-05-12 00:32:31,096 INFO 
[['A🌿' '🌳🌿' '🌳🌿' 'B🌿']
 ['🌳🌿' 'C🌿' '🌳🌿' '🌳🌿']
 ['🌳🌿' 'D🌿' '🌳🌿' '🌳🌿']
 ['🌳🌿' '🌳🌿' 'E🌿' '🌳🌿']]
2023-05-12 00:33:31,098 INFO 
[['A🌿' '🌳🌿' '🌳🌿' 'B🌿']
 ['🌳🌿' 'C🌿' '🌳🌿' '🌳🌿']
 ['🌳🌿' 'D🌿' '🌳🌿' '🌳🌿']
 ['🌳🌿' '🌳🌿' 'E🌿' '🌳🌿']]
2023-05-12 00:34:31,100 INFO 
[['A🌿' '🌳🌿' '🌳🌿' 'B🌿']
 ['🌳🌿' 'C🌿' '🌳🌿' '🌳🌿']
 ['🌳🌿' 'D🌿' '🌳🌿' '🌳🌿']
 ['🌳🌿' '🌳🌿' 'E🌿' '🌳🌿']]
2023-05-12 00:35:31,102 INFO 
[['A🌿' '🌳🌿' '🌳🌿' 'B🌿']
 ['🌳🌿' 'C🌿' '🌳🌿' '🌳🌿']
 ['🌳🌿' 'D🌿' '🌳🌿' '🌳🌿']
 ['🌳🌿' '🌳🌿' 'E🌿' '🌳🌿']]
2023-05-12 00:36:31,104 INFO 
[['A🌿' '🌳🌿' '🌳🌿' 'B🌿']
 ['🌳🌿' 'C🌿' '🌳🌿' '🌳🌿']
 ['🌳🌿' 'D🌿' '🌳🌿' '🌳🌿']
 ['🌳🌿' '🌳🌿' 'E🌿' '🌳🌿']]
2023-05-12 00:37:31,106 INFO 
[['A🌿' '🌳🌿' '🌳🌿' 'B🌿']
 ['🌳🌿' 'C🌿' '🌳🌿' '🌳🌿']
 ['🌳🌿' 'D🌿' '🌳🌿' '🌳🌿']
 ['🌳🌿' '🌳🌿' 'E🌿' '🌳🌿']]
2023-05-12 00:38:31,108 INFO 
[['A🌿' '🌳🌿' '🌳🌿' 'B🌿']
 ['🌳🌿' 'C🌿' '🌳🌿' '🌳🌿']
 ['🌳🌿' 'D🌿' '🌳🌿' '🌳🌿']
 ['🌳🌿' '🌳🌿' 'E🌿' '🌳🌿']]
2023-05-12 00:39:31,116 INFO 
[['A🌿' '🔥🍂' '🌳🌿' 'B🚁']
 ['🌳🌿' 'C🌿' '🌳🌿' '🌳🌿']
 ['🌳🌿' 'D🌿' '🌳🌿' '🌳🌿']
 ['🌳🌿' '🌳🌿' 'E🌿' '🌳🌿']]
2023-05-12 00:40:31,118 INFO 
[['A🌿' '🔥🍂' '🌳🌿' 'B🚁']
 ['🌳🌿' 'C🌿' '🌳🌿' '🌳🌿']
 ['🌳🌿' 'D🌿' '🌳🌿' '🌳🌿']
 ['🌳🌿' '🌳🌿' 'E🌿' '🌳🌿']]
2023-05-12 00:41:31,119 INFO 
[['A🌿' '🔥🍂' '🌳🌿' 'B🌿']
 ['🌳🌿' 'C🌿' '🌳🌿' '🌳🌿']
 ['🌳🌿' 'D🌿' '🌳🌿' '🌳🌿']
 ['🌳🌿' '🌳🌿' 'E🌿' '🌳🌿']]
2023-05-12 00:42:31,121 INFO 
[['A🌿' '🔥🍂' '🔥🍂' 'B🌿']
 ['🌳🌿' 'C🌿' '🌳🌿' '🌳🌿']
 ['🌳🌿' 'D🌿' '🌳🌿' '🌳🌿']
 ['🌳🌿' '🌳🌿' 'E🌿' '🌳🌿']]
2023-05-12 00:43:31,125 INFO 
[['A🌿' '🔥🍂' '🔥🍂' 'B🚁']
 ['🌳🌿' 'C🌿' '🌳🌿' '🌳🌿']
 ['🌳🌿' 'D🌿' '🌳🌿' '🌳🌿']
 ['🌳🌿' '🌳🌿' 'E🌿' '🌳🌿']]
2023-05-12 00:44:31,128 INFO 
[['A🌿' '🔥🍂' '🌳🌿' 'B🚁']
 ['🌳🌿' 'C🌿' '🌳🌿' '🌳🌿']
 ['🌳🌿' 'D🌿' '🌳🌿' '🌳🌿']
 ['🌳🌿' '🌳🌿' 'E🌿' '🌳🌿']]
2023-05-12 00:45:31,130 INFO 
[['A🌿' '🔥🍂' '🌳🌿' 'B🌿']
 ['🌳🌿' 'C🌿' '🌳🌿' '🌳🌿']
 ['🌳🌿' 'D🌿' '🌳🌿' '🌳🌿']
 ['🌳🌿' '🌳🌿' 'E🌿' '🌳🌿']]
2023-05-12 00:46:31,132 INFO 
[['A🌿' '🔥🍂' '🌳🌿' 'B🌿']
 ['🌳🌿' 'C🌿' '🌳🌿' '🌳🌿']
 ['🌳🌿' 'D🌿' '🌳🌿' '🌳🌿']
 ['🌳🌿' '🌳🌿' 'E🌿' '🌳🌿']]
2023-05-12 00:47:31,133 INFO 
[['A🌿' '🌳🌿' '🌳🌿' 'B🌿']
 ['🌳🌿' 'C🌿' '🌳🌿' '🌳🌿']
 ['🌳🌿' 'D🌿' '🌳🌿' '🌳🌿']
 ['🌳🌿' '🌳🌿' 'E🌿' '🌳🌿']]
2023-05-12 00:48:31,136 INFO 
[['A🌿' '🌳🌿' '🌳🌿' 'B🚁']
 ['🌳🌿' 'C🌿' '🌳🌿' '🌳🌿']
 ['🌳🌿' 'D🌿' '🌳🌿' '🌳🌿']
 ['🌳🌿' '🌳🌿' 'E🌿' '🌳🌿']]
2023-05-12 00:49:31,140 INFO 
[['A🌿' '🌳🌿' '🌳🌿' 'B🚁']
 ['🌳🌿' 'C🌿' '🌳🌿' '🌳🌿']
 ['🌳🌿' 'D🌿' '🌳🌿' '🌳🌿']
 ['🌳🌿' '🌳🌿' 'E🌿' '🌳🌿']]
2023-05-12 00:50:31,145 INFO 
[['A🌿' '🌳🌿' '🌳🌿' 'B🚁']
 ['🌳🌿' 'C🌿' '🌳🌿' '🌳🌿']
 ['🌳🌿' 'D🌿' '🌳🌿' '🌳🌿']
 ['🌳🌿' '🌳🌿' 'E🌿' '🌳🌿']]
2023-05-12 00:51:31,146 INFO 
[['A🌿' '🌳🌿' '🌳🌿' 'B🚁']
 ['🌳🌿' 'C🌿' '🌳🌿' '🌳🌿']
 ['🌳🌿' 'D🌿' '🌳🌿' '🌳🌿']
 ['🌳🌿' '🌳🌿' 'E🌿' '🌳🌿']]
2023-05-12 00:52:31,148 INFO 
[['A🌿' '🌳🌿' '🌳🌿' 'B🚁']
 ['🌳🌿' 'C🌿' '🌳🌿' '🌳🌿']
 ['🌳🌿' 'D🌿' '🌳🌿' '🌳🌿']
 ['🌳🌿' '🌳🌿' 'E🌿' '🌳🌿']]
2023-05-12 00:53:31,156 INFO 
[['A🌿' '🌳🌿' '🌳🌿' 'B🚁']
 ['🌳🌿' 'C🌿' '🌳🌿' '🌳🌿']
 ['🌳🌿' 'D🌿' '🌳🌿' '🌳🌿']
 ['🌳🌿' '🌳🌿' 'E🌿' '🌳🌿']]
2023-05-12 00:54:31,158 INFO 
[['A🌿' '🌳🌿' '🌳🌿' 'B🌿']
 ['🌳🌿' 'C🌿' '🌳🌿' '🌳🌿']
 ['🌳🌿' 'D🌿' '🌳🌿' '🌳🌿']
 ['🌳🌿' '🌳🌿' 'E🌿' '🌳🌿']]
2023-05-12 00:55:31,159 INFO 
[['A🌿' '🌳🌿' '🌳🌿' 'B🌿']
 ['🌳🌿' 'C🌿' '🌳🌿' '🌳🌿']
 ['🌳🌿' 'D🌿' '🌳🌿' '🌳🌿']
 ['🌳🌿' '🌳🌿' 'E🌿' '🌳🌿']]
2023-05-12 00:56:20,204 CRITICAL Starting new episode - Episode 3
2023-05-12 00:56:31,162 INFO 
[['A🌿' '🌳🌿' '🌳🌿' 'B🌿']
 ['🌳🌿' 'C🌿' '🌳🌿' '🌳🌿']
 ['🌳🌿' 'D🌿' '🌳🌿' '🌳🌿']
 ['🌳🌿' '🌳🌿' 'E🌿' '🌳🌿']]
2023-05-12 00:57:31,164 INFO 
[['A🚁' '🌳🌿' '🌳🌿' 'B🌿']
 ['🌳🌿' 'C🌿' '🌳🌿' '🌳🌿']
 ['🌳🌿' 'D🚁' '🌳🌿' '🌳🌿']
 ['🌳🌿' '🌳🌿' 'E🌿' '🌳🌿']]
2023-05-12 00:58:31,168 INFO 
[['A🚁' '🌳🌿' '🌳🌿' 'B🌿']
 ['🌳🌿' 'C🌿' '🌳🌿' '🌳🌿']
 ['🌳🌿' 'D🌿' '🌳🌿' '🌳🌿']
 ['🌳🌿' '🌳🌿' 'E🌿' '🌳🌿']]
2023-05-12 00:59:31,172 INFO 
[['A🚁' '🌳🌿' '🌳🌿' 'B🌿']
 ['🌳🌿' 'C🌿' '🌳🌿' '🌳🌿']
 ['🌳🌿' 'D🌿' '🌳🌿' '🌳🌿']
 ['🌳🌿' '🌳🌿' 'E🌿' '🌳🌿']]
2023-05-12 01:00:31,176 INFO 
[['A🚁' '🌳🌿' '🌳🌿' 'B🌿']
 ['🌳🌿' 'C🌿' '🌳🌿' '🌳🌿']
 ['🌳🌿' 'D🌿' '🌳🌿' '🌳🌿']
 ['🌳🌿' '🌳🌿' 'E🌿' '🌳🌿']]
2023-05-12 01:01:31,178 INFO 
[['A🚁' '🌳🌿' '🌳🌿' 'B🌿']
 ['🌳🌿' 'C🌿' '🌳🌿' '🌳🌿']
 ['🌳🌿' 'D🌿' '🌳🌿' '🌳🌿']
 ['🌳🌿' '🌳🌿' 'E🌿' '🌳🌿']]
2023-05-12 01:02:31,180 INFO 
[['A🚁' '🌳🌿' '🌳🌿' 'B🌿']
 ['🌳🌿' 'C🌿' '🌳🌿' '🌳🌿']
 ['🌳🌿' 'D🌿' '🌳🌿' '🌳🌿']
 ['🌳🌿' '🌳🌿' 'E🌿' '🌳🌿']]
2023-05-12 01:03:31,181 INFO 
[['A🌿' '🌳🌿' '🌳🌿' 'B🚁']
 ['🌳🌿' 'C🌿' '🌳🌿' '🌳🌿']
 ['🌳🌿' 'D🚁' '🌳🌿' '🌳🌿']
 ['🌳🌿' '🌳🌿' 'E🌿' '🌳🌿']]
2023-05-12 01:04:31,184 INFO 
[['A🌿' '🌳🌿' '🌳🌿' 'B🚁']
 ['🌳🌿' 'C🌿' '🌳🌿' '🌳🌿']
 ['🌳🌿' 'D🌿' '🌳🌿' '🌳🌿']
 ['🌳🌿' '🌳🌿' 'E🌿' '🌳🌿']]
2023-05-12 01:05:31,187 INFO 
[['A🌿' '🌳🌿' '🌳🌿' 'B🚁']
 ['🌳🌿' 'C🌿' '🌳🌿' '🌳🌿']
 ['🌳🌿' 'D🌿' '🌳🌿' '🌳🌿']
 ['🌳🌿' '🌳🌿' 'E🌿' '🌳🌿']]
2023-05-12 01:06:31,192 INFO 
[['A🌿' '🌳🌿' '🌳🌿' 'B🚁']
 ['🌳🌿' 'C🌿' '🌳🌿' '🌳🌿']
 ['🌳🌿' 'D🌿' '🌳🌿' '🌳🌿']
 ['🌳🌿' '🌳🌿' 'E🌿' '🌳🌿']]
2023-05-12 01:07:31,193 INFO 
[['A🌿' '🌳🌿' '🌳🌿' 'B🚁']
 ['🌳🌿' 'C🌿' '🌳🌿' '🌳🌿']
 ['🌳🌿' 'D🌿' '🌳🌿' '🌳🌿']
 ['🌳🌿' '🌳🌿' 'E🌿' '🌳🌿']]
2023-05-12 01:08:31,196 INFO 
[['A🌿' '🌳🌿' '🌳🌿' 'B🚁']
 ['🌳🌿' 'C🌿' '🌳🌿' '🌳🌿']
 ['🌳🌿' 'D🌿' '🌳🌿' '🌳🌿']
 ['🌳🌿' '🌳🌿' 'E🌿' '🌳🌿']]
2023-05-12 01:09:31,198 INFO 
[['A🌿' '🌳🌿' '🌳🌿' 'B🚁']
 ['🌳🌿' 'C🌿' '🌳🌿' '🌳🌿']
 ['🌳🌿' 'D🌿' '🌳🌿' '🌳🌿']
 ['🔥🍂' '🌳🌿' 'E🌿' '🌳🌿']]
2023-05-12 01:10:31,200 INFO 
[['A🌿' '🌳🌿' '🔥🍂' 'B🌿']
 ['🌳🌿' 'C🌿' '🔥🍂' '🔥🍂']
 ['🌳🌿' 'D🌿' '🌳🌿' '🌳🌿']
 ['🌳🌿' '🌳🌿' 'E🌿' '🌳🌿']]
2023-05-12 01:11:31,201 INFO 
[['A🌿' '🌳🌿' '🔥🍂' 'B🔥']
 ['🌳🌿' 'C🌿' '🔥🍂' '🔥🍂']
 ['🌳🌿' 'D🌿' '🌳🌿' '🌳🌿']
 ['🌳🌿' '🌳🌿' 'E🌿' '🌳🌿']]
2023-05-12 01:11:40,568 CRITICAL Starting new episode - Episode 4
2023-05-12 01:12:31,202 INFO 
[['A🌿' '🌳🌿' '🔥🍂' 'B🔥']
 ['🌳🌿' 'C🌿' '🔥🍂' '🔥🍂']
 ['🌳🌿' 'D🌿' '🌳🌿' '🌳🌿']
 ['🌳🌿' '🌳🌿' 'E🌿' '🌳🌿']]
2023-05-12 01:13:31,204 INFO 
[['A🚁' '🌳🌿' '🔥🍂' 'B🔥']
 ['🌳🌿' 'C🌿' '🔥🍂' '🌳🌿']
 ['🌳🌿' 'D🌿' '🌳🌿' '🔥🍂']
 ['🌳🌿' '🌳🌿' 'E🌿' '🌳🌿']]
2023-05-12 01:14:31,206 INFO 
[['A🚁' '🌳🌿' '🔥🍂' 'B🔥']
 ['🌳🌿' 'C🌿' '🔥🍂' '🌳🌿']
 ['🌳🌿' 'D🌿' '🌳🌿' '🔥🍂']
 ['🌳🌿' '🌳🌿' 'E🌿' '🌳🌿']]
2023-05-12 01:15:31,207 INFO 
[['A🌿' '🌳🌿' '🔥🍂' 'B🔥']
 ['🌳🌿' 'C🌿' '🔥🍂' '🌳🌿']
 ['🌳🌿' 'D🌿' '🌳🌿' '🔥🍂']
 ['🌳🌿' '🌳🌿' 'E🚁' '🌳🌿']]
2023-05-12 01:16:31,216 INFO 
[['A🌿' '🌳🌿' '🔥🍂' 'B🚒']
 ['🌳🌿' 'C🌿' '🔥🍂' '🌳🌿']
 ['🌳🌿' 'D🌿' '🌳🌿' '🔥🍂']
 ['🌳🌿' '🌳🌿' 'E🚁' '🌳🌿']]
2023-05-12 01:17:31,217 INFO 
[['A🌿' '🌳🌿' '🌳🌿' 'B🚒']
 ['🌳🌿' 'C🌿' '🔥🍂' '🌳🌿']
 ['🌳🌿' 'D🌿' '🌳🌿' '🔥🍂']
 ['🌳🌿' '🌳🌿' 'E🚁' '🌳🌿']]
2023-05-12 01:18:31,220 INFO 
[['A🌿' '🌳🌿' '🌳🌿' 'B🔥']
 ['🌳🌿' 'C🚒' '🔥🍂' '🔥🍂']
 ['🌳🌿' 'D🌿' '🌳🌿' '🔥🍂']
 ['🌳🌿' '🌳🌿' 'E🌿' '🌳🌿']]
2023-05-12 01:19:31,222 INFO 
[['A🌿' '🌳🌿' '🌳🌿' 'B🔥']
 ['🌳🌿' 'C🚒' '🔥🍂' '🔥🍂']
 ['🌳🌿' 'D🌿' '🔥🍂' '🔥🍂']
 ['🌳🌿' '🌳🌿' 'E🌿' '🌳🌿']]
2023-05-12 01:20:31,224 INFO 
[['A🌿' '🌳🌿' '🔥🍂' 'B🔥']
 ['🌳🌿' 'C🚒' '🔥🍂' '🔥🍂']
 ['🌳🌿' 'D🌿' '🔥🍂' '🔥🍂']
 ['🌳🌿' '🌳🌿' 'E🌿' '🌳🌿']]
2023-05-12 01:21:31,225 INFO 
[['A🌿' '🌳🌿' '🔥🍂' 'B🔥']
 ['🌳🌿' 'C🚒' '🔥🍂' '🔥🍂']
 ['🌳🌿' 'D🌿' '🌳🌿' '🔥🍂']
 ['🌳🌿' '🌳🌿' 'E🌿' '🌳🌿']]
2023-05-12 01:22:31,227 INFO 
[['A🌿' '🔥🍂' '🔥🍂' 'B🔥']
 ['🌳🌿' 'C🚒' '🔥🍂' '🔥🍂']
 ['🌳🌿' 'D🌿' '🌳🌿' '🌳🌿']
 ['🌳🌿' '🌳🌿' 'E🌿' '🌳🌿']]
2023-05-12 01:23:31,229 INFO 
[['A🌿' '🔥🍂' '🔥🍂' 'B🔥']
 ['🌳🌿' 'C🔥' '🌳🌿' '🔥🍂']
 ['🌳🌿' 'D🌿' '🌳🌿' '🌳🌿']
 ['🌳🌿' '🌳🌿' 'E🌿' '🌳🌿']]
2023-05-12 01:24:31,231 INFO 
[['A🚁' '🔥🍂' '🔥🍂' 'B🔥']
 ['🌳🌿' 'C🔥' '🌳🌿' '🔥🍂']
 ['🌳🌿' 'D🌿' '🌳🌿' '🌳🌿']
 ['🌳🌿' '🌳🌿' 'E🌿' '🌳🌿']]
2023-05-12 01:25:31,240 INFO 
[['A🚁' '🔥🍂' '🔥🍂' 'B🔥']
 ['🌳🌿' 'C🔥' '🔥🍂' '🔥🍂']
 ['🌳🌿' 'D🌿' '🌳🌿' '🌳🌿']
 ['🌳🌿' '🌳🌿' 'E🌿' '🌳🌿']]
2023-05-12 01:26:31,244 INFO 
[['A🚁' '🔥🍂' '🌳🌿' 'B🌿']
 ['🌳🌿' 'C🔥' '🔥🍂' '🔥🍂']
 ['🌳🌿' 'D🌿' '🌳🌿' '🌳🌿']
 ['🌳🌿' '🌳🌿' 'E🌿' '🌳🌿']]
2023-05-12 01:27:31,245 INFO 
[['A🌿' '🔥🍂' '🌳🌿' 'B🌿']
 ['🌳🌿' 'C🔥' '🔥🍂' '🔥🍂']
 ['🌳🌿' 'D🌿' '🌳🌿' '🔥🍂']
 ['🌳🌿' '🌳🌿' 'E🌿' '🌳🌿']]
2023-05-12 01:28:31,248 INFO 
[['A🌿' '🔥🍂' '🌳🌿' 'B🌿']
 ['🌳🌿' 'C🔥' '🔥🍂' '🔥🍂']
 ['🌳🌿' 'D🌿' '🌳🌿' '🔥🍂']
 ['🌳🌿' '🌳🌿' 'E🌿' '🌳🌿']]
2023-05-12 01:29:31,259 INFO 
[['A🌿' '🌳🌿' '🌳🌿' 'B🌿']
 ['🌳🌿' 'C🌿' '🔥🍂' '🔥🍂']
 ['🌳🌿' 'D🔥' '🌳🌿' '🔥🍂']
 ['🌳🌿' '🌳🌿' 'E🚁' '🌳🌿']]
2023-05-12 01:30:31,262 INFO 
[['A🌿' '🌳🌿' '🌳🌿' 'B🌿']
 ['🌳🌿' 'C🌿' '🔥🍂' '🔥🍂']
 ['🌳🌿' 'D🔥' '🌳🌿' '🔥🍂']
 ['🌳🌿' '🌳🌿' 'E🚁' '🌳🌿']]
2023-05-12 01:31:31,264 INFO 
[['A🌿' '🌳🌿' '🌳🌿' 'B🌿']
 ['🌳🌿' 'C🌿' '🔥🍂' '🔥🍂']
 ['🌳🌿' 'D🔥' '🌳🌿' '🔥🍂']
 ['🌳🌿' '🌳🌿' 'E🚁' '🌳🌿']]
2023-05-12 01:32:31,267 INFO 
[['A🌿' '🌳🌿' '🌳🌿' 'B🌿']
 ['🌳🌿' 'C🔥' '🔥🍂' '🔥🍂']
 ['🌳🌿' 'D🔥' '🔥🍂' '🔥🍂']
 ['🌳🌿' '🌳🌿' 'E🌿' '🌳🌿']]
2023-05-12 01:33:31,269 INFO 
[['A🌿' '🌳🌿' '🌳🌿' 'B🌿']
 ['🌳🌿' 'C🔥' '🔥🍂' '🔥🍂']
 ['🌳🌿' 'D🔥' '🔥🍂' '🌳🌿']
 ['🌳🌿' '🌳🌿' 'E🌿' '🌳🌿']]
2023-05-12 01:34:31,271 INFO 
[['A🌿' '🌳🌿' '🌳🌿' 'B🌿']
 ['🔥🍂' 'C🔥' '🔥🍂' '🌳🌿']
 ['🌳🌿' 'D🔥' '🔥🍂' '🔥🍂']
 ['🌳🌿' '🔥🍂' 'E🌿' '🌳🌿']]
2023-05-12 01:35:31,272 INFO 
[['A🌿' '🌳🌿' '🌳🌿' 'B🌿']
 ['🔥🍂' 'C🔥' '🔥🍂' '🌳🌿']
 ['🌳🌿' 'D🔥' '🔥🍂' '🌳🌿']
 ['🌳🌿' '🔥🍂' 'E🌿' '🌳🌿']]
2023-05-12 01:36:31,274 INFO 
[['A🚁' '🔥🍂' '🌳🌿' 'B🌿']
 ['🔥🍂' 'C🔥' '🔥🍂' '🌳🌿']
 ['🌳🌿' 'D🔥' '🔥🍂' '🌳🌿']
 ['🌳🌿' '🔥🍂' 'E🔥' '🌳🌿']]
2023-05-12 01:37:31,276 INFO 
[['A🌿' '🔥🍂' '🌳🌿' 'B🌿']
 ['🔥🍂' 'C🔥' '🔥🍂' '🌳🌿']
 ['🌳🌿' 'D🔥' '🌳🌿' '🌳🌿']
 ['🌳🌿' '🔥🍂' 'E🔥' '🌳🌿']]
2023-05-12 01:38:31,277 INFO 
[['A🌿' '🔥🍂' '🌳🌿' 'B🌿']
 ['🔥🍂' 'C🔥' '🔥🍂' '🌳🌿']
 ['🌳🌿' 'D🔥' '🌳🌿' '🌳🌿']
 ['🌳🌿' '🔥🍂' 'E🔥' '🌳🌿']]
2023-05-12 01:39:31,281 INFO 
[['A🌿' '🔥🍂' '🌳🌿' 'B🚁']
 ['🔥🍂' 'C🔥' '🔥🍂' '🌳🌿']
 ['🔥🍂' 'D🔥' '🌳🌿' '🌳🌿']
 ['🌳🌿' '🔥🍂' 'E🔥' '🌳🌿']]
2023-05-12 01:40:31,283 INFO 
[['A🔥' '🔥🍂' '🌳🌿' 'B🚁']
 ['🔥🍂' 'C🔥' '🔥🍂' '🌳🌿']
 ['🔥🍂' 'D🌿' '🌳🌿' '🌳🌿']
 ['🌳🌿' '🔥🍂' 'E🔥' '🌳🌿']]
2023-05-12 01:41:31,288 INFO 
[['A🔥' '🔥🍂' '🔥🍂' 'B🚁']
 ['🌳🌿' 'C🔥' '🔥🍂' '🌳🌿']
 ['🔥🍂' 'D🌿' '🌳🌿' '🌳🌿']
 ['🌳🌿' '🔥🍂' 'E🔥' '🌳🌿']]
2023-05-12 01:42:31,296 INFO 
[['A🔥' '🔥🍂' '🔥🍂' 'B🌿']
 ['🌳🌿' 'C🔥' '🌳🌿' '🌳🌿']
 ['🔥🍂' 'D🚁' '🌳🌿' '🌳🌿']
 ['🌳🌿' '🔥🍂' 'E🔥' '🔥🍂']]
2023-05-12 01:43:31,298 INFO 
[['A🔥' '🔥🍂' '🔥🍂' 'B🌿']
 ['🌳🌿' 'C🔥' '🌳🌿' '🌳🌿']
 ['🔥🍂' 'D🚁' '🌳🌿' '🔥🍂']
 ['🌳🌿' '🔥🍂' 'E🔥' '🔥🍂']]
2023-05-12 01:44:31,303 INFO 
[['A🔥' '🔥🍂' '🔥🍂' 'B🌿']
 ['🔥🍂' 'C🔥' '🌳🌿' '🌳🌿']
 ['🔥🍂' 'D🚒' '🌳🌿' '🔥🍂']
 ['🌳🌿' '🔥🍂' 'E🔥' '🔥🍂']]
2023-05-12 01:45:31,305 INFO 
[['A🔥' '🔥🍂' '🔥🍂' 'B🌿']
 ['🔥🍂' 'C🔥' '🌳🌿' '🌳🌿']
 ['🔥🍂' 'D🚒' '🔥🍂' '🔥🍂']
 ['🌳🌿' '🔥🍂' 'E🔥' '🔥🍂']]
2023-05-12 01:46:31,307 INFO 
[['A🌿' '🌳🌿' '🌳🌿' 'B🌿']
 ['🌳🌿' 'C🌿' '🌳🌿' '🌳🌿']
 ['🌳🌿' 'D🌿' '🌳🌿' '🌳🌿']
 ['🌳🌿' '🌳🌿' 'E🌿' '🌳🌿']]
2023-05-12 01:47:31,309 INFO 
[['A🌿' '🌳🌿' '🌳🌿' 'B🌿']
 ['🌳🌿' 'C🌿' '🌳🌿' '🌳🌿']
 ['🌳🌿' 'D🌿' '🌳🌿' '🌳🌿']
 ['🌳🌿' '🌳🌿' 'E🌿' '🌳🌿']]
2023-05-12 01:47:50,116 CRITICAL Starting new episode - Episode 5
2023-05-12 01:48:31,310 INFO 
[['A🌿' '🌳🌿' '🌳🌿' 'B🌿']
 ['🌳🌿' 'C🌿' '🌳🌿' '🌳🌿']
 ['🌳🌿' 'D🌿' '🌳🌿' '🌳🌿']
 ['🌳🌿' '🌳🌿' 'E🌿' '🌳🌿']]
2023-05-12 01:49:31,312 INFO 
[['A🚁' '🌳🌿' '🌳🌿' 'B🌿']
 ['🌳🌿' 'C🌿' '🌳🌿' '🌳🌿']
 ['🌳🌿' 'D🌿' '🌳🌿' '🌳🌿']
 ['🌳🌿' '🌳🌿' 'E🌿' '🌳🌿']]
2023-05-12 01:50:31,313 INFO 
[['A🚁' '🌳🌿' '🌳🌿' 'B🌿']
 ['🌳🌿' 'C🌿' '🌳🌿' '🌳🌿']
 ['🌳🌿' 'D🌿' '🌳🌿' '🌳🌿']
 ['🌳🌿' '🌳🌿' 'E🌿' '🌳🌿']]
2023-05-12 01:51:31,315 INFO 
[['A🚁' '🌳🌿' '🌳🌿' 'B🌿']
 ['🌳🌿' 'C🌿' '🌳🌿' '🌳🌿']
 ['🌳🌿' 'D🌿' '🌳🌿' '🌳🌿']
 ['🌳🌿' '🌳🌿' 'E🌿' '🌳🌿']]
2023-05-12 01:52:31,317 INFO 
[['A🚁' '🌳🌿' '🌳🌿' 'B🚁']
 ['🌳🌿' 'C🌿' '🌳🌿' '🌳🌿']
 ['🌳🌿' 'D🌿' '🌳🌿' '🌳🌿']
 ['🌳🌿' '🌳🌿' 'E🌿' '🌳🌿']]
2023-05-12 01:53:31,318 INFO 
[['A🚁' '🌳🌿' '🌳🌿' 'B🚁']
 ['🌳🌿' 'C🌿' '🌳🌿' '🌳🌿']
 ['🌳🌿' 'D🌿' '🌳🌿' '🌳🌿']
 ['🌳🌿' '🌳🌿' 'E🌿' '🌳🌿']]
2023-05-12 01:54:31,321 INFO 
[['A🌿' '🌳🌿' '🌳🌿' 'B🌿']
 ['🌳🌿' 'C🌿' '🌳🌿' '🌳🌿']
 ['🌳🌿' 'D🚁' '🌳🌿' '🌳🌿']
 ['🌳🌿' '🌳🌿' 'E🌿' '🌳🌿']]
2023-05-12 01:55:31,324 INFO 
[['A🌿' '🌳🌿' '🌳🌿' 'B🌿']
 ['🌳🌿' 'C🌿' '🌳🌿' '🌳🌿']
 ['🌳🌿' 'D🌿' '🌳🌿' '🌳🌿']
 ['🌳🌿' '🌳🌿' 'E🌿' '🌳🌿']]
2023-05-12 01:56:31,326 INFO 
[['A🌿' '🌳🌿' '🌳🌿' 'B🚁']
 ['🌳🌿' 'C🌿' '🌳🌿' '🌳🌿']
 ['🌳🌿' 'D🌿' '🌳🌿' '🌳🌿']
 ['🌳🌿' '🌳🌿' 'E🌿' '🌳🌿']]
2023-05-12 01:57:31,332 INFO 
[['A🌿' '🌳🌿' '🌳🌿' 'B🚁']
 ['🌳🌿' 'C🌿' '🌳🌿' '🌳🌿']
 ['🌳🌿' 'D🌿' '🌳🌿' '🌳🌿']
 ['🌳🌿' '🌳🌿' 'E🌿' '🌳🌿']]
2023-05-12 01:58:31,334 INFO 
[['A🌿' '🌳🌿' '🌳🌿' 'B🚁']
 ['🌳🌿' 'C🌿' '🌳🌿' '🌳🌿']
 ['🌳🌿' 'D🌿' '🌳🌿' '🌳🌿']
 ['🌳🌿' '🌳🌿' 'E🌿' '🌳🌿']]
2023-05-12 01:59:31,344 INFO 
[['A🌿' '🌳🌿' '🌳🌿' 'B🌿']
 ['🌳🌿' 'C🌿' '🌳🌿' '🌳🌿']
 ['🌳🌿' 'D🚁' '🌳🌿' '🌳🌿']
 ['🌳🌿' '🌳🌿' 'E🌿' '🌳🌿']]
2023-05-12 02:00:31,348 INFO 
[['A🌿' '🌳🌿' '🌳🌿' 'B🌿']
 ['🌳🌿' 'C🌿' '🌳🌿' '🌳🌿']
 ['🌳🌿' 'D🚁' '🌳🌿' '🌳🌿']
 ['🌳🌿' '🌳🌿' 'E🌿' '🌳🌿']]
2023-05-12 02:01:31,350 INFO 
[['A🌿' '🌳🌿' '🌳🌿' 'B🌿']
 ['🌳🌿' 'C🌿' '🌳🌿' '🌳🌿']
 ['🌳🌿' 'D🚁' '🌳🌿' '🌳🌿']
 ['🌳🌿' '🌳🌿' 'E🌿' '🌳🌿']]
2023-05-12 02:02:31,361 INFO 
[['A🌿' '🌳🌿' '🌳🌿' 'B🌿']
 ['🌳🌿' 'C🌿' '🌳🌿' '🌳🌿']
 ['🌳🌿' 'D🚁' '🌳🌿' '🌳🌿']
 ['🌳🌿' '🌳🌿' 'E🌿' '🌳🌿']]
2023-05-12 02:03:31,363 INFO 
[['A🌿' '🌳🌿' '🌳🌿' 'B🌿']
 ['🌳🌿' 'C🌿' '🌳🌿' '🌳🌿']
 ['🌳🌿' 'D🌿' '🌳🌿' '🌳🌿']
 ['🌳🌿' '🌳🌿' 'E🌿' '🌳🌿']]
2023-05-12 02:04:31,364 INFO 
[['A🌿' '🌳🌿' '🌳🌿' 'B🌿']
 ['🌳🌿' 'C🌿' '🌳🌿' '🌳🌿']
 ['🌳🌿' 'D🌿' '🌳🌿' '🌳🌿']
 ['🌳🌿' '🌳🌿' 'E🌿' '🌳🌿']]
2023-05-12 02:05:00,108 CRITICAL Starting new episode - Episode 6
2023-05-12 02:05:31,365 INFO 
[['A🌿' '🌳🌿' '🌳🌿' 'B🌿']
 ['🌳🌿' 'C🌿' '🌳🌿' '🌳🌿']
 ['🌳🌿' 'D🌿' '🌳🌿' '🌳🌿']
 ['🌳🌿' '🌳🌿' 'E🌿' '🌳🌿']]
2023-05-12 02:06:31,366 INFO 
[['A🚁' '🌳🌿' '🌳🌿' 'B🌿']
 ['🌳🌿' 'C🌿' '🌳🌿' '🌳🌿']
 ['🌳🌿' 'D🚁' '🌳🌿' '🌳🌿']
 ['🌳🌿' '🌳🌿' 'E🌿' '🌳🌿']]
2023-05-12 02:07:31,367 INFO 
[['A🚁' '🌳🌿' '🌳🌿' 'B🌿']
 ['🌳🌿' 'C🌿' '🌳🌿' '🌳🌿']
 ['🌳🌿' 'D🌿' '🌳🌿' '🌳🌿']
 ['🌳🌿' '🌳🌿' 'E🌿' '🌳🌿']]
2023-05-12 02:08:31,368 INFO 
[['A🚁' '🌳🌿' '🌳🌿' 'B🌿']
 ['🌳🌿' 'C🌿' '🌳🌿' '🌳🌿']
 ['🌳🌿' 'D🌿' '🌳🌿' '🌳🌿']
 ['🌳🌿' '🌳🌿' 'E🌿' '🌳🌿']]
2023-05-12 02:09:31,376 INFO 
[['A🌿' '🌳🌿' '🌳🌿' 'B🚁']
 ['🌳🌿' 'C🌿' '🌳🌿' '🌳🌿']
 ['🌳🌿' 'D🌿' '🌳🌿' '🌳🌿']
 ['🌳🌿' '🌳🌿' 'E🚁' '🌳🌿']]
2023-05-12 02:10:31,378 INFO 
[['A🌿' '🌳🌿' '🌳🌿' 'B🚁']
 ['🌳🌿' 'C🌿' '🌳🌿' '🌳🌿']
 ['🌳🌿' 'D🌿' '🌳🌿' '🌳🌿']
 ['🌳🌿' '🌳🌿' 'E🚁' '🌳🌿']]
2023-05-12 02:11:31,381 INFO 
[['A🌿' '🌳🌿' '🌳🌿' 'B🌿']
 ['🌳🌿' 'C🚁' '🌳🌿' '🌳🌿']
 ['🌳🌿' 'D🌿' '🌳🌿' '🌳🌿']
 ['🌳🌿' '🌳🌿' 'E🌿' '🌳🌿']]
2023-05-12 02:12:31,385 INFO 
[['A🌿' '🌳🌿' '🌳🌿' 'B🌿']
 ['🌳🌿' 'C🚁' '🌳🌿' '🌳🌿']
 ['🌳🌿' 'D🌿' '🌳🌿' '🌳🌿']
 ['🌳🌿' '🌳🌿' 'E🌿' '🌳🌿']]
2023-05-12 02:13:31,387 INFO 
[['A🌿' '🌳🌿' '🌳🌿' 'B🌿']
 ['🌳🌿' 'C🚁' '🌳🌿' '🌳🌿']
 ['🌳🌿' 'D🌿' '🌳🌿' '🌳🌿']
 ['🌳🌿' '🌳🌿' 'E🌿' '🌳🌿']]
2023-05-12 02:14:31,389 INFO 
[['A🌿' '🌳🌿' '🌳🌿' 'B🌿']
 ['🌳🌿' 'C🚁' '🌳🌿' '🌳🌿']
 ['🌳🌿' 'D🌿' '🌳🌿' '🌳🌿']
 ['🌳🌿' '🌳🌿' 'E🌿' '🌳🌿']]
2023-05-12 02:15:31,391 INFO 
[['A🌿' '🌳🌿' '🌳🌿' 'B🌿']
 ['🌳🌿' 'C🌿' '🌳🌿' '🌳🌿']
 ['🌳🌿' 'D🌿' '🌳🌿' '🌳🌿']
 ['🌳🌿' '🌳🌿' 'E🌿' '🌳🌿']]
2023-05-12 02:16:31,392 INFO 
[['A🚁' '🌳🌿' '🌳🌿' 'B🌿']
 ['🌳🌿' 'C🌿' '🌳🌿' '🔥🍂']
 ['🌳🌿' 'D🌿' '🌳🌿' '🌳🌿']
 ['🌳🌿' '🌳🌿' 'E🌿' '🌳🌿']]
2023-05-12 02:17:31,396 INFO 
[['A🚁' '🌳🌿' '🌳🌿' 'B🌿']
 ['🌳🌿' 'C🌿' '🌳🌿' '🌳🌿']
 ['🌳🌿' 'D🌿' '🌳🌿' '🌳🌿']
 ['🌳🌿' '🌳🌿' 'E🌿' '🌳🌿']]
2023-05-12 02:18:31,398 INFO 
[['A🚁' '🌳🌿' '🌳🌿' 'B🌿']
 ['🌳🌿' 'C🌿' '🌳🌿' '🌳🌿']
 ['🌳🌿' 'D🌿' '🌳🌿' '🌳🌿']
 ['🌳🌿' '🌳🌿' 'E🌿' '🌳🌿']]
2023-05-12 02:19:31,400 INFO 
[['A🌿' '🌳🌿' '🌳🌿' 'B🚁']
 ['🌳🌿' 'C🌿' '🌳🌿' '🌳🌿']
 ['🌳🌿' 'D🔥' '🔥🍂' '🌳🌿']
 ['🌳🌿' '🌳🌿' 'E🌿' '🌳🌿']]
2023-05-12 02:20:31,403 INFO 
[['A🌿' '🌳🌿' '🌳🌿' 'B🚁']
 ['🌳🌿' 'C🌿' '🌳🌿' '🌳🌿']
 ['🌳🌿' 'D🔥' '🔥🍂' '🌳🌿']
 ['🌳🌿' '🌳🌿' 'E🔥' '🌳🌿']]
2023-05-12 02:21:31,410 INFO 
[['A🌿' '🌳🌿' '🌳🌿' 'B🚁']
 ['🌳🌿' 'C🌿' '🔥🍂' '🌳🌿']
 ['🔥🍂' 'D🔥' '🔥🍂' '🌳🌿']
 ['🌳🌿' '🌳🌿' 'E🔥' '🌳🌿']]
2023-05-12 02:22:31,413 INFO 
[['A🌿' '🌳🌿' '🔥🍂' 'B🚁']
 ['🌳🌿' 'C🌿' '🔥🍂' '🌳🌿']
 ['🔥🍂' 'D🔥' '🔥🍂' '🌳🌿']
 ['🌳🌿' '🌳🌿' 'E🔥' '🔥🍂']]
2023-05-12 02:23:31,415 INFO 
[['A🌿' '🌳🌿' '🌳🌿' 'B🌿']
 ['🌳🌿' 'C🌿' '🌳🌿' '🌳🌿']
 ['🌳🌿' 'D🌿' '🌳🌿' '🌳🌿']
 ['🌳🌿' '🌳🌿' 'E🌿' '🌳🌿']]
2023-05-12 02:24:31,417 INFO 
[['A🌿' '🌳🌿' '🌳🌿' 'B🌿']
 ['🌳🌿' 'C🌿' '🌳🌿' '🌳🌿']
 ['🌳🌿' 'D🌿' '🌳🌿' '🌳🌿']
 ['🌳🌿' '🌳🌿' 'E🌿' '🌳🌿']]
2023-05-12 02:24:47,604 CRITICAL Starting new episode - Episode 7
2023-05-12 02:25:31,418 INFO 
[['A🌿' '🔥🍂' '🔥🍂' 'B🌿']
 ['🌳🌿' 'C🌿' '🌳🌿' '🌳🌿']
 ['🌳🌿' 'D🌿' '🌳🌿' '🌳🌿']
 ['🌳🌿' '🌳🌿' 'E🌿' '🌳🌿']]
2023-05-12 02:26:31,419 INFO 
[['A🚁' '🔥🍂' '🔥🍂' 'B🌿']
 ['🌳🌿' 'C🌿' '🌳🌿' '🌳🌿']
 ['🌳🌿' 'D🌿' '🌳🌿' '🌳🌿']
 ['🌳🌿' '🌳🌿' 'E🌿' '🌳🌿']]
2023-05-12 02:27:31,421 INFO 
[['A🚁' '🔥🍂' '🔥🍂' 'B🌿']
 ['🌳🌿' 'C🌿' '🌳🌿' '🌳🌿']
 ['🌳🌿' 'D🌿' '🌳🌿' '🌳🌿']
 ['🌳🌿' '🌳🌿' 'E🌿' '🌳🌿']]
2023-05-12 02:28:31,422 INFO 
[['A🚒' '🔥🍂' '🔥🍂' 'B🌿']
 ['🌳🌿' 'C🌿' '🌳🌿' '🌳🌿']
 ['🌳🌿' 'D🌿' '🌳🌿' '🌳🌿']
 ['🌳🌿' '🌳🌿' 'E🌿' '🌳🌿']]
2023-05-12 02:29:31,425 INFO 
[['A🔥' '🔥🍂' '🔥🍂' 'B🚁']
 ['🌳🌿' 'C🌿' '🌳🌿' '🌳🌿']
 ['🌳🌿' 'D🌿' '🌳🌿' '🌳🌿']
 ['🌳🌿' '🌳🌿' 'E🚁' '🌳🌿']]
2023-05-12 02:30:31,427 INFO 
[['A🔥' '🔥🍂' '🔥🍂' 'B🚁']
 ['🌳🌿' 'C🌿' '🌳🌿' '🌳🌿']
 ['🌳🌿' 'D🌿' '🌳🌿' '🌳🌿']
 ['🌳🌿' '🌳🌿' 'E🚁' '🌳🌿']]
2023-05-12 02:31:31,429 INFO 
[['A🔥' '🌳🌿' '🔥🍂' 'B🌿']
 ['🌳🌿' 'C🚁' '🌳🌿' '🌳🌿']
 ['🌳🌿' 'D🌿' '🌳🌿' '🌳🌿']
 ['🌳🌿' '🌳🌿' 'E🌿' '🌳🌿']]
2023-05-12 02:32:31,433 INFO 
[['A🔥' '🔥🍂' '🔥🍂' 'B🌿']
 ['🌳🌿' 'C🚁' '🌳🌿' '🌳🌿']
 ['🌳🌿' 'D🌿' '🌳🌿' '🌳🌿']
 ['🌳🌿' '🌳🌿' 'E🌿' '🌳🌿']]
2023-05-12 02:33:31,434 INFO 
[['A🔥' '🔥🍂' '🔥🍂' 'B🌿']
 ['🌳🌿' 'C🚁' '🌳🌿' '🌳🌿']
 ['🌳🌿' 'D🌿' '🌳🌿' '🌳🌿']
 ['🌳🌿' '🌳🌿' 'E🌿' '🌳🌿']]
2023-05-12 02:34:31,435 INFO 
[['A🔥' '🔥🍂' '🔥🍂' 'B🌿']
 ['🌳🌿' 'C🚁' '🌳🌿' '🌳🌿']
 ['🌳🌿' 'D🌿' '🌳🌿' '🌳🌿']
 ['🌳🌿' '🌳🌿' 'E🌿' '🌳🌿']]
2023-05-12 02:35:31,437 INFO 
[['A🔥' '🔥🍂' '🔥🍂' 'B🌿']
 ['🌳🌿' 'C🌿' '🔥🍂' '🌳🌿']
 ['🌳🌿' 'D🌿' '🌳🌿' '🌳🌿']
 ['🌳🌿' '🌳🌿' 'E🌿' '🌳🌿']]
2023-05-12 02:36:31,439 INFO 
[['A🚒' '🔥🍂' '🔥🍂' 'B🌿']
 ['🌳🌿' 'C🌿' '🔥🍂' '🔥🍂']
 ['🌳🌿' 'D🌿' '🔥🍂' '🌳🌿']
 ['🌳🌿' '🌳🌿' 'E🌿' '🌳🌿']]
2023-05-12 02:37:31,445 INFO 
[['A🚒' '🔥🍂' '🌳🌿' 'B🌿']
 ['🌳🌿' 'C🌿' '🔥🍂' '🔥🍂']
 ['🌳🌿' 'D🌿' '🔥🍂' '🌳🌿']
 ['🌳🌿' '🌳🌿' 'E🔥' '🌳🌿']]
2023-05-12 02:38:31,447 INFO 
[['A🔥' '🔥🍂' '🌳🌿' 'B🚒']
 ['🌳🌿' 'C🌿' '🔥🍂' '🔥🍂']
 ['🌳🌿' 'D🌿' '🔥🍂' '🌳🌿']
 ['🌳🌿' '🌳🌿' 'E🔥' '🌳🌿']]
2023-05-12 02:39:31,452 INFO 
[['A🔥' '🔥🍂' '🌳🌿' 'B🔥']
 ['🌳🌿' 'C🔥' '🔥🍂' '🔥🍂']
 ['🌳🌿' 'D🌿' '🔥🍂' '🌳🌿']
 ['🌳🌿' '🔥🍂' 'E🚁' '🌳🌿']]
2023-05-12 02:40:31,453 INFO 
[['A🔥' '🔥🍂' '🔥🍂' 'B🌿']
 ['🌳🌿' 'C🔥' '🔥🍂' '🔥🍂']
 ['🌳🌿' 'D🌿' '🔥🍂' '🌳🌿']
 ['🌳🌿' '🔥🍂' 'E🚁' '🌳🌿']]
2023-05-12 02:41:31,456 INFO 
[['A🔥' '🔥🍂' '🔥🍂' 'B🌿']
 ['🌳🌿' 'C🌿' '🔥🍂' '🔥🍂']
 ['🌳🌿' 'D🔥' '🔥🍂' '🔥🍂']
 ['🌳🌿' '🔥🍂' 'E🚒' '🌳🌿']]
2023-05-12 02:42:31,464 INFO 
[['A🔥' '🔥🍂' '🌳🌿' 'B🔥']
 ['🔥🍂' 'C🌿' '🌳🌿' '🔥🍂']
 ['🌳🌿' 'D🔥' '🔥🍂' '🔥🍂']
 ['🌳🌿' '🔥🍂' 'E🚒' '🌳🌿']]
2023-05-12 02:43:31,466 INFO 
[['A🌿' '🌳🌿' '🌳🌿' 'B🌿']
 ['🌳🌿' 'C🌿' '🌳🌿' '🌳🌿']
 ['🌳🌿' 'D🔥' '🌳🌿' '🌳🌿']
 ['🌳🌿' '🌳🌿' 'E🌿' '🌳🌿']]
2023-05-12 02:44:31,468 INFO 
[['A🌿' '🌳🌿' '🌳🌿' 'B🌿']
 ['🌳🌿' 'C🌿' '🌳🌿' '🌳🌿']
 ['🌳🌿' 'D🔥' '🌳🌿' '🌳🌿']
 ['🌳🌿' '🌳🌿' 'E🌿' '🌳🌿']]
2023-05-12 02:45:11,700 CRITICAL Starting new episode - Episode 8
2023-05-12 02:45:31,469 INFO 
[['A🌿' '🌳🌿' '🌳🌿' 'B🌿']
 ['🌳🌿' 'C🌿' '🌳🌿' '🌳🌿']
 ['🌳🌿' 'D🌿' '🔥🍂' '🌳🌿']
 ['🌳🌿' '🌳🌿' 'E🌿' '🌳🌿']]
2023-05-12 02:46:31,470 INFO 
[['A🌿' '🌳🌿' '🌳🌿' 'B🚁']
 ['🌳🌿' 'C🌿' '🌳🌿' '🌳🌿']
 ['🌳🌿' 'D🌿' '🔥🍂' '🌳🌿']
 ['🌳🌿' '🌳🌿' 'E🚁' '🌳🌿']]
2023-05-12 02:47:31,474 INFO 
[['A🌿' '🌳🌿' '🌳🌿' 'B🚁']
 ['🌳🌿' 'C🌿' '🌳🌿' '🌳🌿']
 ['🌳🌿' 'D🌿' '🔥🍂' '🌳🌿']
 ['🌳🌿' '🌳🌿' 'E🚁' '🌳🌿']]
2023-05-12 02:48:31,484 INFO 
[['A🌿' '🌳🌿' '🌳🌿' 'B🚁']
 ['🌳🌿' 'C🌿' '🔥🍂' '🌳🌿']
 ['🌳🌿' 'D🌿' '🔥🍂' '🌳🌿']
 ['🌳🌿' '🌳🌿' 'E🚁' '🌳🌿']]
2023-05-12 02:49:31,486 INFO 
[['A🌿' '🌳🌿' '🌳🌿' 'B🚁']
 ['🌳🌿' 'C🌿' '🔥🍂' '🔥🍂']
 ['🌳🌿' 'D🌿' '🔥🍂' '🌳🌿']
 ['🌳🌿' '🌳🌿' 'E🚁' '🌳🌿']]
2023-05-12 02:50:31,488 INFO 
[['A🌿' '🌳🌿' '🌳🌿' 'B🚁']
 ['🌳🌿' 'C🌿' '🔥🍂' '🔥🍂']
 ['🌳🌿' 'D🌿' '🔥🍂' '🌳🌿']
 ['🌳🌿' '🌳🌿' 'E🚁' '🌳🌿']]
2023-05-12 02:51:31,496 INFO 
[['A🚁' '🌳🌿' '🌳🌿' 'B🚒']
 ['🌳🌿' 'C🌿' '🔥🍂' '🔥🍂']
 ['🌳🌿' 'D🌿' '🔥🍂' '🌳🌿']
 ['🌳🌿' '🌳🌿' 'E🌿' '🌳🌿']]
2023-05-12 02:52:31,499 INFO 
[['A🚁' '🌳🌿' '🔥🍂' 'B🚒']
 ['🌳🌿' 'C🌿' '🔥🍂' '🔥🍂']
 ['🌳🌿' 'D🌿' '🔥🍂' '🔥🍂']
 ['🌳🌿' '🌳🌿' 'E🌿' '🌳🌿']]
2023-05-12 02:53:31,501 INFO 
[['A🌿' '🌳🌿' '🌳🌿' 'B🌿']
 ['🌳🌿' 'C🌿' '🌳🌿' '🌳🌿']
 ['🌳🌿' 'D🌿' '🌳🌿' '🌳🌿']
 ['🌳🌿' '🌳🌿' 'E🌿' '🌳🌿']]
2023-05-12 02:54:31,502 INFO 
[['A🌿' '🌳🌿' '🌳🌿' 'B🌿']
 ['🌳🌿' 'C🌿' '🌳🌿' '🌳🌿']
 ['🌳🌿' 'D🌿' '🌳🌿' '🌳🌿']
 ['🌳🌿' '🌳🌿' 'E🌿' '🌳🌿']]
2023-05-12 02:54:37,813 CRITICAL Starting new episode - Episode 9
2023-05-12 02:55:31,504 INFO 
[['A🌿' '🌳🌿' '🌳🌿' 'B🌿']
 ['🌳🌿' 'C🚁' '🌳🌿' '🌳🌿']
 ['🌳🌿' 'D🚁' '🌳🌿' '🌳🌿']
 ['🌳🌿' '🌳🌿' 'E🌿' '🌳🌿']]
2023-05-12 02:56:31,508 INFO 
[['A🌿' '🌳🌿' '🌳🌿' 'B🚁']
 ['🌳🌿' 'C🌿' '🌳🌿' '🌳🌿']
 ['🌳🌿' 'D🌿' '🌳🌿' '🌳🌿']
 ['🌳🌿' '🌳🌿' 'E🚁' '🌳🌿']]
2023-05-12 02:57:31,512 INFO 
[['A🌿' '🌳🌿' '🌳🌿' 'B🚁']
 ['🔥🍂' 'C🌿' '🌳🌿' '🌳🌿']
 ['🌳🌿' 'D🌿' '🌳🌿' '🌳🌿']
 ['🌳🌿' '🌳🌿' 'E🚁' '🌳🌿']]
2023-05-12 02:58:31,523 INFO 
[['A🌿' '🌳🌿' '🌳🌿' 'B🚁']
 ['🔥🍂' 'C🔥' '🌳🌿' '🌳🌿']
 ['🌳🌿' 'D🌿' '🌳🌿' '🌳🌿']
 ['🌳🌿' '🌳🌿' 'E🚁' '🌳🌿']]
2023-05-12 02:59:31,524 INFO 
[['A🔥' '🌳🌿' '🌳🌿' 'B🚁']
 ['🌳🌿' 'C🔥' '🌳🌿' '🌳🌿']
 ['🌳🌿' 'D🌿' '🌳🌿' '🌳🌿']
 ['🌳🌿' '🌳🌿' 'E🚁' '🌳🌿']]
2023-05-12 03:00:31,528 INFO 
[['A🔥' '🌳🌿' '🌳🌿' 'B🚁']
 ['🌳🌿' 'C🔥' '🔥🍂' '🌳🌿']
 ['🌳🌿' 'D🌿' '🌳🌿' '🌳🌿']
 ['🌳🌿' '🌳🌿' 'E🚁' '🌳🌿']]
2023-05-12 03:01:31,530 INFO 
[['A🔥' '🔥🍂' '🌳🌿' 'B🚁']
 ['🔥🍂' 'C🔥' '🔥🍂' '🌳🌿']
 ['🌳🌿' 'D🌿' '🌳🌿' '🌳🌿']
 ['🌳🌿' '🌳🌿' 'E🚁' '🌳🌿']]
2023-05-12 03:02:31,532 INFO 
[['A🌿' '🌳🌿' '🌳🌿' 'B🌿']
 ['🌳🌿' 'C🌿' '🌳🌿' '🌳🌿']
 ['🌳🌿' 'D🌿' '🌳🌿' '🌳🌿']
 ['🌳🌿' '🌳🌿' 'E🌿' '🌳🌿']]
2023-05-12 03:03:31,535 INFO 
[['A🌿' '🌳🌿' '🌳🌿' 'B🌿']
 ['🌳🌿' 'C🌿' '🌳🌿' '🌳🌿']
 ['🌳🌿' 'D🌿' '🌳🌿' '🌳🌿']
 ['🌳🌿' '🌳🌿' 'E🌿' '🌳🌿']]
2023-05-12 03:04:06,620 CRITICAL Starting new episode - Episode 10
2023-05-12 03:04:31,536 INFO 
[['A🌿' '🌳🌿' '🌳🌿' 'B🌿']
 ['🌳🌿' 'C🌿' '🌳🌿' '🌳🌿']
 ['🌳🌿' 'D🌿' '🌳🌿' '🌳🌿']
 ['🌳🌿' '🌳🌿' 'E🌿' '🌳🌿']]
2023-05-12 03:05:31,537 INFO 
[['A🚁' '🌳🌿' '🌳🌿' 'B🌿']
 ['🌳🌿' 'C🌿' '🌳🌿' '🌳🌿']
 ['🌳🌿' 'D🚁' '🌳🌿' '🌳🌿']
 ['🌳🌿' '🌳🌿' 'E🌿' '🌳🌿']]
2023-05-12 03:06:31,538 INFO 
[['A🚁' '🌳🌿' '🌳🌿' 'B🌿']
 ['🌳🌿' 'C🌿' '🌳🌿' '🌳🌿']
 ['🌳🌿' 'D🌿' '🌳🌿' '🌳🌿']
 ['🌳🌿' '🌳🌿' 'E🌿' '🌳🌿']]
2023-05-12 03:07:31,540 INFO 
[['A🚁' '🌳🌿' '🌳🌿' 'B🌿']
 ['🌳🌿' 'C🌿' '🌳🌿' '🌳🌿']
 ['🌳🌿' 'D🌿' '🌳🌿' '🌳🌿']
 ['🌳🌿' '🌳🌿' 'E🌿' '🌳🌿']]
2023-05-12 03:08:31,542 INFO 
[['A🌿' '🌳🌿' '🌳🌿' 'B🚁']
 ['🌳🌿' 'C🌿' '🌳🌿' '🌳🌿']
 ['🌳🌿' 'D🌿' '🌳🌿' '🌳🌿']
 ['🌳🌿' '🌳🌿' 'E🚁' '🌳🌿']]
2023-05-12 03:09:31,543 INFO 
[['A🌿' '🌳🌿' '🌳🌿' 'B🌿']
 ['🌳🌿' 'C🌿' '🌳🌿' '🌳🌿']
 ['🌳🌿' 'D🌿' '🌳🌿' '🌳🌿']
 ['🌳🌿' '🌳🌿' 'E🚁' '🌳🌿']]
2023-05-12 03:10:31,545 INFO 
[['A🌿' '🌳🌿' '🌳🌿' 'B🌿']
 ['🌳🌿' 'C🌿' '🌳🌿' '🌳🌿']
 ['🌳🌿' 'D🚁' '🌳🌿' '🌳🌿']
 ['🌳🌿' '🌳🌿' 'E🚁' '🌳🌿']]
2023-05-12 03:11:31,548 INFO 
[['A🌿' '🌳🌿' '🌳🌿' 'B🌿']
 ['🌳🌿' 'C🌿' '🌳🌿' '🌳🌿']
 ['🌳🌿' 'D🚁' '🌳🌿' '🌳🌿']
 ['🌳🌿' '🌳🌿' 'E🚁' '🌳🌿']]
2023-05-12 03:12:31,551 INFO 
[['A🌿' '🌳🌿' '🌳🌿' 'B🌿']
 ['🌳🌿' 'C🌿' '🌳🌿' '🌳🌿']
 ['🌳🌿' 'D🌿' '🌳🌿' '🌳🌿']
 ['🌳🌿' '🌳🌿' 'E🌿' '🔥🍂']]
2023-05-12 03:13:31,552 INFO 
[['A🌿' '🌳🌿' '🌳🌿' 'B🌿']
 ['🌳🌿' 'C🌿' '🌳🌿' '🌳🌿']
 ['🌳🌿' 'D🌿' '🌳🌿' '🌳🌿']
 ['🌳🌿' '🌳🌿' 'E🌿' '🔥🍂']]
2023-05-12 03:14:31,554 INFO 
[['A🌿' '🌳🌿' '🌳🌿' 'B🌿']
 ['🌳🌿' 'C🌿' '🌳🌿' '🌳🌿']
 ['🌳🌿' 'D🌿' '🌳🌿' '🌳🌿']
 ['🌳🌿' '🌳🌿' 'E🌿' '🔥🍂']]
2023-05-12 03:15:31,560 INFO 
[['A🌿' '🌳🌿' '🌳🌿' 'B🚁']
 ['🌳🌿' 'C🌿' '🌳🌿' '🌳🌿']
 ['🌳🌿' 'D🌿' '🌳🌿' '🌳🌿']
 ['🌳🌿' '🌳🌿' 'E🌿' '🔥🍂']]
2023-05-12 03:16:31,561 INFO 
[['A🌿' '🌳🌿' '🌳🌿' 'B🚁']
 ['🌳🌿' 'C🌿' '🌳🌿' '🌳🌿']
 ['🌳🌿' 'D🌿' '🌳🌿' '🌳🌿']
 ['🌳🌿' '🌳🌿' 'E🌿' '🔥🍂']]
2023-05-12 03:17:31,565 INFO 
[['A🌿' '🌳🌿' '🌳🌿' 'B🚁']
 ['🌳🌿' 'C🌿' '🌳🌿' '🌳🌿']
 ['🌳🌿' 'D🌿' '🌳🌿' '🌳🌿']
 ['🌳🌿' '🌳🌿' 'E🌿' '🔥🍂']]
2023-05-12 03:18:31,568 INFO 
[['A🌿' '🌳🌿' '🌳🌿' 'B🌿']
 ['🌳🌿' 'C🌿' '🌳🌿' '🌳🌿']
 ['🌳🌿' 'D🚁' '🌳🌿' '🔥🍂']
 ['🌳🌿' '🌳🌿' 'E🌿' '🔥🍂']]
2023-05-12 03:19:31,570 INFO 
[['A🌿' '🌳🌿' '🌳🌿' 'B🌿']
 ['🌳🌿' 'C🌿' '🌳🌿' '🔥🍂']
 ['🌳🌿' 'D🚁' '🌳🌿' '🔥🍂']
 ['🌳🌿' '🌳🌿' 'E🌿' '🔥🍂']]
2023-05-12 03:20:31,579 INFO 
[['A🚁' '🌳🌿' '🌳🌿' 'B🔥']
 ['🌳🌿' 'C🌿' '🌳🌿' '🔥🍂']
 ['🌳🌿' 'D🌿' '🌳🌿' '🔥🍂']
 ['🌳🌿' '🌳🌿' 'E🌿' '🔥🍂']]
2023-05-12 03:21:31,580 INFO 
[['A🌿' '🌳🌿' '🌳🌿' 'B🌿']
 ['🌳🌿' 'C🌿' '🌳🌿' '🌳🌿']
 ['🌳🌿' 'D🌿' '🌳🌿' '🌳🌿']
 ['🌳🌿' '🌳🌿' 'E🌿' '🌳🌿']]
2023-05-12 03:22:31,583 INFO 
[['A🌿' '🌳🌿' '🌳🌿' 'B🌿']
 ['🌳🌿' 'C🌿' '🌳🌿' '🌳🌿']
 ['🌳🌿' 'D🌿' '🌳🌿' '🌳🌿']
 ['🌳🌿' '🌳🌿' 'E🌿' '🌳🌿']]
2023-05-12 03:23:27,081 CRITICAL Starting new episode - Episode 11
2023-05-12 03:23:31,584 INFO 
[['A🌿' '🌳🌿' '🌳🌿' 'B🌿']
 ['🌳🌿' 'C🌿' '🌳🌿' '🌳🌿']
 ['🌳🌿' 'D🌿' '🌳🌿' '🌳🌿']
 ['🌳🌿' '🌳🌿' 'E🌿' '🌳🌿']]
2023-05-12 03:24:31,586 INFO 
[['A🌿' '🌳🌿' '🌳🌿' 'B🌿']
 ['🌳🌿' 'C🚁' '🌳🌿' '🌳🌿']
 ['🌳🌿' 'D🚁' '🌳🌿' '🌳🌿']
 ['🌳🌿' '🌳🌿' 'E🌿' '🌳🌿']]
2023-05-12 03:25:31,588 INFO 
[['A🚁' '🌳🌿' '🌳🌿' 'B🌿']
 ['🌳🌿' 'C🌿' '🌳🌿' '🌳🌿']
 ['🌳🌿' 'D🌿' '🌳🌿' '🌳🌿']
 ['🌳🌿' '🌳🌿' 'E🌿' '🌳🌿']]
2023-05-12 03:26:31,590 INFO 
[['A🚁' '🌳🌿' '🌳🌿' 'B🌿']
 ['🌳🌿' 'C🌿' '🌳🌿' '🌳🌿']
 ['🌳🌿' 'D🌿' '🌳🌿' '🌳🌿']
 ['🌳🌿' '🌳🌿' 'E🌿' '🌳🌿']]
2023-05-12 03:27:31,592 INFO 
[['A🚁' '🌳🌿' '🌳🌿' 'B🌿']
 ['🌳🌿' 'C🌿' '🌳🌿' '🌳🌿']
 ['🌳🌿' 'D🌿' '🌳🌿' '🌳🌿']
 ['🌳🌿' '🌳🌿' 'E🌿' '🌳🌿']]
2023-05-12 03:28:31,593 INFO 
[['A🌿' '🌳🌿' '🌳🌿' 'B🌿']
 ['🌳🌿' 'C🌿' '🌳🌿' '🌳🌿']
 ['🌳🌿' 'D🌿' '🌳🌿' '🌳🌿']
 ['🌳🌿' '🌳🌿' 'E🚁' '🌳🌿']]
2023-05-12 03:29:31,595 INFO 
[['A🌿' '🌳🌿' '🌳🌿' 'B🌿']
 ['🌳🌿' 'C🌿' '🌳🌿' '🌳🌿']
 ['🌳🌿' 'D🌿' '🌳🌿' '🌳🌿']
 ['🌳🌿' '🌳🌿' 'E🚁' '🌳🌿']]
2023-05-12 03:30:31,598 INFO 
[['A🌿' '🌳🌿' '🌳🌿' 'B🌿']
 ['🌳🌿' 'C🌿' '🌳🌿' '🌳🌿']
 ['🌳🌿' 'D🌿' '🌳🌿' '🌳🌿']
 ['🌳🌿' '🌳🌿' 'E🚁' '🌳🌿']]
2023-05-12 03:31:31,599 INFO 
[['A🚁' '🌳🌿' '🌳🌿' 'B🌿']
 ['🌳🌿' 'C🌿' '🌳🌿' '🌳🌿']
 ['🌳🌿' 'D🌿' '🌳🌿' '🌳🌿']
 ['🌳🌿' '🌳🌿' 'E🌿' '🌳🌿']]
2023-05-12 03:32:31,603 INFO 
[['A🚁' '🌳🌿' '🌳🌿' 'B🌿']
 ['🌳🌿' 'C🌿' '🌳🌿' '🌳🌿']
 ['🌳🌿' 'D🌿' '🌳🌿' '🌳🌿']
 ['🌳🌿' '🌳🌿' 'E🌿' '🌳🌿']]
2023-05-12 03:33:31,607 INFO 
[['A🚁' '🌳🌿' '🌳🌿' 'B🌿']
 ['🌳🌿' 'C🌿' '🌳🌿' '🌳🌿']
 ['🌳🌿' 'D🌿' '🌳🌿' '🌳🌿']
 ['🌳🌿' '🌳🌿' 'E🌿' '🌳🌿']]
2023-05-12 03:34:31,609 INFO 
[['A🚁' '🌳🌿' '🌳🌿' 'B🌿']
 ['🌳🌿' 'C🌿' '🌳🌿' '🌳🌿']
 ['🌳🌿' 'D🌿' '🌳🌿' '🌳🌿']
 ['🌳🌿' '🌳🌿' 'E🌿' '🌳🌿']]
2023-05-12 03:35:31,612 INFO 
[['A🚁' '🌳🌿' '🌳🌿' 'B🌿']
 ['🌳🌿' 'C🌿' '🌳🌿' '🌳🌿']
 ['🌳🌿' 'D🌿' '🌳🌿' '🌳🌿']
 ['🌳🌿' '🌳🌿' 'E🌿' '🌳🌿']]
2023-05-12 03:36:31,620 INFO 
[['A🚁' '🌳🌿' '🌳🌿' 'B🌿']
 ['🔥🍂' 'C🌿' '🌳🌿' '🌳🌿']
 ['🌳🌿' 'D🌿' '🌳🌿' '🌳🌿']
 ['🌳🌿' '🌳🌿' 'E🌿' '🌳🌿']]
2023-05-12 03:37:31,624 INFO 
[['A🚁' '🌳🌿' '🌳🌿' 'B🌿']
 ['🔥🍂' 'C🌿' '🌳🌿' '🌳🌿']
 ['🌳🌿' 'D🌿' '🌳🌿' '🌳🌿']
 ['🌳🌿' '🌳🌿' 'E🌿' '🌳🌿']]
2023-05-12 03:38:31,626 INFO 
[['A🌿' '🌳🌿' '🌳🌿' 'B🌿']
 ['🔥🍂' 'C🌿' '🌳🌿' '🌳🌿']
 ['🌳🌿' 'D🌿' '🌳🌿' '🌳🌿']
 ['🌳🌿' '🌳🌿' 'E🌿' '🌳🌿']]
2023-05-12 03:39:31,628 INFO 
[['A🌿' '🌳🌿' '🌳🌿' 'B🌿']
 ['🌳🌿' 'C🌿' '🌳🌿' '🌳🌿']
 ['🌳🌿' 'D🌿' '🌳🌿' '🌳🌿']
 ['🌳🌿' '🌳🌿' 'E🌿' '🌳🌿']]
2023-05-12 03:40:29,492 CRITICAL Starting new episode - Episode 12
2023-05-12 03:40:31,632 INFO 
[['A🌿' '🌳🌿' '🌳🌿' 'B🌿']
 ['🌳🌿' 'C🌿' '🌳🌿' '🌳🌿']
 ['🌳🌿' 'D🌿' '🌳🌿' '🌳🌿']
 ['🌳🌿' '🌳🌿' 'E🌿' '🌳🌿']]
2023-05-12 03:41:31,633 INFO 
[['A🌿' '🌳🌿' '🌳🌿' 'B🌿']
 ['🌳🌿' 'C🚁' '🌳🌿' '🌳🌿']
 ['🌳🌿' 'D🚁' '🌳🌿' '🌳🌿']
 ['🌳🌿' '🌳🌿' 'E🌿' '🌳🌿']]
2023-05-12 03:42:31,641 INFO 
[['A🚁' '🌳🌿' '🌳🌿' 'B🌿']
 ['🌳🌿' 'C🌿' '🌳🌿' '🌳🌿']
 ['🌳🌿' 'D🌿' '🌳🌿' '🌳🌿']
 ['🌳🌿' '🌳🌿' 'E🌿' '🌳🌿']]
2023-05-12 03:43:31,644 INFO 
[['A🚁' '🌳🌿' '🌳🌿' 'B🌿']
 ['🌳🌿' 'C🌿' '🌳🌿' '🌳🌿']
 ['🌳🌿' 'D🌿' '🌳🌿' '🌳🌿']
 ['🌳🌿' '🌳🌿' 'E🌿' '🌳🌿']]
2023-05-12 03:44:31,645 INFO 
[['A🚁' '🌳🌿' '🌳🌿' 'B🌿']
 ['🌳🌿' 'C🚁' '🌳🌿' '🌳🌿']
 ['🌳🌿' 'D🌿' '🌳🌿' '🌳🌿']
 ['🌳🌿' '🌳🌿' 'E🌿' '🌳🌿']]
2023-05-12 03:45:31,647 INFO 
[['A🌿' '🌳🌿' '🌳🌿' 'B🌿']
 ['🌳🌿' 'C🚁' '🌳🌿' '🌳🌿']
 ['🌳🌿' 'D🚁' '🌳🌿' '🌳🌿']
 ['🌳🌿' '🌳🌿' 'E🌿' '🌳🌿']]
2023-05-12 03:46:31,648 INFO 
[['A🌿' '🌳🌿' '🌳🌿' 'B🌿']
 ['🌳🌿' 'C🚁' '🌳🌿' '🌳🌿']
 ['🌳🌿' 'D🚁' '🌳🌿' '🌳🌿']
 ['🌳🌿' '🌳🌿' 'E🌿' '🌳🌿']]
2023-05-12 03:47:31,649 INFO 
[['A🚁' '🌳🌿' '🌳🌿' 'B🚁']
 ['🌳🌿' 'C🌿' '🌳🌿' '🌳🌿']
 ['🌳🌿' 'D🌿' '🌳🌿' '🌳🌿']
 ['🌳🌿' '🌳🌿' 'E🌿' '🌳🌿']]
2023-05-12 03:48:31,651 INFO 
[['A🌿' '🌳🌿' '🌳🌿' 'B🌿']
 ['🌳🌿' 'C🌿' '🌳🌿' '🌳🌿']
 ['🌳🌿' 'D🌿' '🌳🌿' '🌳🌿']
 ['🌳🌿' '🌳🌿' 'E🌿' '🌳🌿']]
2023-05-12 03:49:31,652 INFO 
[['A🌿' '🌳🌿' '🌳🌿' 'B🌿']
 ['🌳🌿' 'C🌿' '🌳🌿' '🌳🌿']
 ['🌳🌿' 'D🌿' '🌳🌿' '🌳🌿']
 ['🌳🌿' '🌳🌿' 'E🌿' '🌳🌿']]
2023-05-12 03:49:46,426 CRITICAL Starting new episode - Episode 13
2023-05-12 03:50:31,653 INFO 
[['A🌿' '🌳🌿' '🌳🌿' 'B🌿']
 ['🌳🌿' 'C🌿' '🌳🌿' '🌳🌿']
 ['🌳🌿' 'D🌿' '🌳🌿' '🌳🌿']
 ['🌳🌿' '🌳🌿' 'E🌿' '🌳🌿']]
2023-05-12 03:51:31,655 INFO 
[['A🚁' '🌳🌿' '🌳🌿' 'B🌿']
 ['🌳🌿' 'C🌿' '🌳🌿' '🌳🌿']
 ['🌳🌿' 'D🌿' '🌳🌿' '🌳🌿']
 ['🌳🌿' '🌳🌿' 'E🌿' '🌳🌿']]
2023-05-12 03:52:31,657 INFO 
[['A🚁' '🌳🌿' '🌳🌿' 'B🌿']
 ['🌳🌿' 'C🌿' '🌳🌿' '🌳🌿']
 ['🌳🌿' 'D🌿' '🌳🌿' '🌳🌿']
 ['🌳🌿' '🌳🌿' 'E🌿' '🌳🌿']]
2023-05-12 03:53:31,659 INFO 
[['A🌿' '🌳🌿' '🌳🌿' 'B🌿']
 ['🌳🌿' 'C🌿' '🌳🌿' '🌳🌿']
 ['🌳🌿' 'D🌿' '🌳🌿' '🌳🌿']
 ['🌳🌿' '🌳🌿' 'E🚒' '🌳🌿']]
2023-05-12 03:54:31,662 INFO 
[['A🌿' '🌳🌿' '🌳🌿' 'B🌿']
 ['🌳🌿' 'C🌿' '🌳🌿' '🌳🌿']
 ['🌳🌿' 'D🌿' '🌳🌿' '🌳🌿']
 ['🌳🌿' '🌳🌿' 'E🚒' '🌳🌿']]
2023-05-12 03:55:31,664 INFO 
[['A🌿' '🌳🌿' '🌳🌿' 'B🌿']
 ['🌳🌿' 'C🌿' '🌳🌿' '🌳🌿']
 ['🌳🌿' 'D🌿' '🌳🌿' '🌳🌿']
 ['🌳🌿' '🌳🌿' 'E🚒' '🌳🌿']]
2023-05-12 03:56:31,666 INFO 
[['A🌿' '🌳🌿' '🌳🌿' 'B🌿']
 ['🌳🌿' 'C🌿' '🌳🌿' '🌳🌿']
 ['🌳🌿' 'D🌿' '🌳🌿' '🌳🌿']
 ['🌳🌿' '🌳🌿' 'E🚒' '🌳🌿']]
2023-05-12 03:57:31,667 INFO 
[['A🌿' '🌳🌿' '🌳🌿' 'B🌿']
 ['🌳🌿' 'C🌿' '🌳🌿' '🌳🌿']
 ['🌳🌿' 'D🌿' '🌳🌿' '🌳🌿']
 ['🌳🌿' '🌳🌿' 'E🔥' '🌳🌿']]
2023-05-12 03:58:31,668 INFO 
[['A🌿' '🌳🌿' '🌳🌿' 'B🌿']
 ['🌳🌿' 'C🌿' '🌳🌿' '🌳🌿']
 ['🌳🌿' 'D🌿' '🔥🍂' '🌳🌿']
 ['🌳🌿' '🌳🌿' 'E🔥' '🌳🌿']]
2023-05-12 03:59:31,670 INFO 
[['A🌿' '🌳🌿' '🌳🌿' 'B🌿']
 ['🌳🌿' 'C🌿' '🌳🌿' '🌳🌿']
 ['🌳🌿' 'D🚁' '🔥🍂' '🌳🌿']
 ['🌳🌿' '🌳🌿' 'E🔥' '🌳🌿']]
2023-05-12 04:00:31,671 INFO 
[['A🌿' '🌳🌿' '🌳🌿' 'B🌿']
 ['🌳🌿' 'C🌿' '🌳🌿' '🌳🌿']
 ['🌳🌿' 'D🚁' '🔥🍂' '🌳🌿']
 ['🌳🌿' '🌳🌿' 'E🔥' '🌳🌿']]
2023-05-12 04:01:31,680 INFO 
[['A🌿' '🌳🌿' '🌳🌿' 'B🌿']
 ['🌳🌿' 'C🌿' '🌳🌿' '🌳🌿']
 ['🌳🌿' 'D🚁' '🔥🍂' '🔥🍂']
 ['🌳🌿' '🌳🌿' 'E🔥' '🌳🌿']]
2023-05-12 04:02:31,682 INFO 
[['A🌿' '🌳🌿' '🌳🌿' 'B🌿']
 ['🌳🌿' 'C🌿' '🌳🌿' '🌳🌿']
 ['🌳🌿' 'D🚁' '🔥🍂' '🔥🍂']
 ['🌳🌿' '🌳🌿' 'E🔥' '🌳🌿']]
2023-05-12 04:03:31,684 INFO 
[['A🌿' '🌳🌿' '🌳🌿' 'B🌿']
 ['🌳🌿' 'C🌿' '🌳🌿' '🌳🌿']
 ['🌳🌿' 'D🚁' '🔥🍂' '🔥🍂']
 ['🌳🌿' '🌳🌿' 'E🔥' '🌳🌿']]
2023-05-12 04:04:31,685 INFO 
[['A🌿' '🌳🌿' '🌳🌿' 'B🌿']
 ['🌳🌿' 'C🌿' '🌳🌿' '🌳🌿']
 ['🌳🌿' 'D🚁' '🌳🌿' '🔥🍂']
 ['🌳🌿' '🌳🌿' 'E🔥' '🌳🌿']]
2023-05-12 04:05:31,686 INFO 
[['A🌿' '🌳🌿' '🌳🌿' 'B🌿']
 ['🌳🌿' 'C🌿' '🌳🌿' '🌳🌿']
 ['🌳🌿' 'D🚁' '🌳🌿' '🔥🍂']
 ['🌳🌿' '🌳🌿' 'E🔥' '🌳🌿']]
2023-05-12 04:06:31,688 INFO 
[['A🌿' '🌳🌿' '🌳🌿' 'B🌿']
 ['🌳🌿' 'C🌿' '🌳🌿' '🌳🌿']
 ['🌳🌿' 'D🌿' '🌳🌿' '🌳🌿']
 ['🌳🌿' '🌳🌿' 'E🌿' '🌳🌿']]
2023-05-12 04:07:31,691 INFO 
[['A🌿' '🌳🌿' '🌳🌿' 'B🌿']
 ['🌳🌿' 'C🌿' '🌳🌿' '🌳🌿']
 ['🌳🌿' 'D🌿' '🌳🌿' '🌳🌿']
 ['🌳🌿' '🌳🌿' 'E🌿' '🌳🌿']]
2023-05-12 04:07:42,692 CRITICAL Starting new episode - Episode 14
2023-05-12 04:08:31,692 INFO 
[['A🌿' '🌳🌿' '🌳🌿' 'B🌿']
 ['🌳🌿' 'C🌿' '🌳🌿' '🌳🌿']
 ['🌳🌿' 'D🌿' '🌳🌿' '🌳🌿']
 ['🔥🍂' '🌳🌿' 'E🌿' '🌳🌿']]
2023-05-12 04:09:31,695 INFO 
[['A🌿' '🌳🌿' '🌳🌿' 'B🚁']
 ['🌳🌿' 'C🌿' '🌳🌿' '🌳🌿']
 ['🌳🌿' 'D🌿' '🌳🌿' '🌳🌿']
 ['🔥🍂' '🌳🌿' 'E🌿' '🌳🌿']]
2023-05-12 04:10:31,699 INFO 
[['A🌿' '🌳🌿' '🌳🌿' 'B🚁']
 ['🌳🌿' 'C🌿' '🌳🌿' '🌳🌿']
 ['🌳🌿' 'D🌿' '🌳🌿' '🌳🌿']
 ['🔥🍂' '🌳🌿' 'E🌿' '🌳🌿']]
2023-05-12 04:11:31,701 INFO 
[['A🌿' '🌳🌿' '🌳🌿' 'B🚁']
 ['🌳🌿' 'C🌿' '🌳🌿' '🌳🌿']
 ['🌳🌿' 'D🌿' '🌳🌿' '🌳🌿']
 ['🔥🍂' '🌳🌿' 'E🌿' '🌳🌿']]
2023-05-12 04:12:31,704 INFO 
[['A🌿' '🌳🌿' '🌳🌿' 'B🚁']
 ['🌳🌿' 'C🌿' '🌳🌿' '🌳🌿']
 ['🌳🌿' 'D🌿' '🌳🌿' '🌳🌿']
 ['🔥🍂' '🌳🌿' 'E🌿' '🌳🌿']]
2023-05-12 04:13:31,708 INFO 
[['A🌿' '🌳🌿' '🌳🌿' 'B🚁']
 ['🌳🌿' 'C🌿' '🌳🌿' '🌳🌿']
 ['🌳🌿' 'D🌿' '🌳🌿' '🌳🌿']
 ['🔥🍂' '🌳🌿' 'E🌿' '🌳🌿']]
2023-05-12 04:14:31,710 INFO 
[['A🌿' '🌳🌿' '🌳🌿' 'B🌿']
 ['🌳🌿' 'C🚁' '🌳🌿' '🌳🌿']
 ['🌳🌿' 'D🌿' '🌳🌿' '🌳🌿']
 ['🔥🍂' '🌳🌿' 'E🌿' '🌳🌿']]
2023-05-12 04:15:31,716 INFO 
[['A🌿' '🌳🌿' '🌳🌿' 'B🌿']
 ['🌳🌿' 'C🚁' '🌳🌿' '🌳🌿']
 ['🌳🌿' 'D🌿' '🌳🌿' '🌳🌿']
 ['🌳🌿' '🌳🌿' 'E🌿' '🌳🌿']]
2023-05-12 04:16:31,718 INFO 
[['A🌿' '🌳🌿' '🌳🌿' 'B🌿']
 ['🌳🌿' 'C🚁' '🌳🌿' '🌳🌿']
 ['🌳🌿' 'D🌿' '🌳🌿' '🌳🌿']
 ['🌳🌿' '🌳🌿' 'E🌿' '🌳🌿']]
2023-05-12 04:17:31,720 INFO 
[['A🌿' '🌳🌿' '🌳🌿' 'B🌿']
 ['🌳🌿' 'C🚁' '🌳🌿' '🌳🌿']
 ['🌳🌿' 'D🌿' '🌳🌿' '🌳🌿']
 ['🌳🌿' '🌳🌿' 'E🌿' '🌳🌿']]
2023-05-12 04:18:31,728 INFO 
[['A🌿' '🌳🌿' '🌳🌿' 'B🌿']
 ['🌳🌿' 'C🚁' '🌳🌿' '🌳🌿']
 ['🌳🌿' 'D🌿' '🌳🌿' '🌳🌿']
 ['🌳🌿' '🌳🌿' 'E🌿' '🌳🌿']]
2023-05-12 04:19:31,731 INFO 
[['A🌿' '🌳🌿' '🌳🌿' 'B🌿']
 ['🌳🌿' 'C🚁' '🌳🌿' '🌳🌿']
 ['🌳🌿' 'D🌿' '🌳🌿' '🌳🌿']
 ['🌳🌿' '🌳🌿' 'E🌿' '🌳🌿']]
2023-05-12 04:20:31,736 INFO 
[['A🌿' '🌳🌿' '🌳🌿' 'B🌿']
 ['🌳🌿' 'C🚁' '🌳🌿' '🌳🌿']
 ['🌳🌿' 'D🌿' '🌳🌿' '🌳🌿']
 ['🌳🌿' '🌳🌿' 'E🌿' '🌳🌿']]
2023-05-12 04:21:31,738 INFO 
[['A🌿' '🌳🌿' '🌳🌿' 'B🌿']
 ['🌳🌿' 'C🌿' '🌳🌿' '🌳🌿']
 ['🌳🌿' 'D🌿' '🌳🌿' '🌳🌿']
 ['🌳🌿' '🌳🌿' 'E🌿' '🌳🌿']]
2023-05-12 04:22:31,740 INFO 
[['A🌿' '🌳🌿' '🌳🌿' 'B🌿']
 ['🌳🌿' 'C🌿' '🌳🌿' '🌳🌿']
 ['🌳🌿' 'D🌿' '🌳🌿' '🌳🌿']
 ['🌳🌿' '🌳🌿' 'E🌿' '🌳🌿']]
2023-05-12 04:23:18,344 CRITICAL Starting new episode - Episode 15
2023-05-12 04:23:31,741 INFO 
[['A🌿' '🌳🌿' '🌳🌿' 'B🌿']
 ['🌳🌿' 'C🌿' '🌳🌿' '🌳🌿']
 ['🌳🌿' 'D🌿' '🌳🌿' '🌳🌿']
 ['🌳🌿' '🌳🌿' 'E🌿' '🌳🌿']]
2023-05-12 04:24:31,748 INFO 
[['A🚁' '🌳🌿' '🌳🌿' 'B🌿']
 ['🌳🌿' 'C🚁' '🌳🌿' '🌳🌿']
 ['🌳🌿' 'D🌿' '🌳🌿' '🌳🌿']
 ['🌳🌿' '🌳🌿' 'E🌿' '🌳🌿']]
2023-05-12 04:25:31,751 INFO 
[['A🚁' '🌳🌿' '🌳🌿' 'B🌿']
 ['🌳🌿' 'C🚁' '🌳🌿' '🌳🌿']
 ['🌳🌿' 'D🌿' '🌳🌿' '🌳🌿']
 ['🌳🌿' '🌳🌿' 'E🌿' '🌳🌿']]
2023-05-12 04:26:31,756 INFO 
[['A🚁' '🌳🌿' '🌳🌿' 'B🌿']
 ['🌳🌿' 'C🚁' '🌳🌿' '🌳🌿']
 ['🌳🌿' 'D🌿' '🌳🌿' '🔥🍂']
 ['🌳🌿' '🌳🌿' 'E🌿' '🌳🌿']]
2023-05-12 04:27:31,757 INFO 
[['A🚁' '🌳🌿' '🌳🌿' 'B🌿']
 ['🌳🌿' 'C🚁' '🌳🌿' '🌳🌿']
 ['🌳🌿' 'D🌿' '🔥🍂' '🌳🌿']
 ['🌳🌿' '🌳🌿' 'E🌿' '🌳🌿']]
2023-05-12 04:28:31,760 INFO 
[['A🚁' '🌳🌿' '🌳🌿' 'B🌿']
 ['🌳🌿' 'C🚁' '🌳🌿' '🌳🌿']
 ['🌳🌿' 'D🌿' '🔥🍂' '🌳🌿']
 ['🌳🌿' '🌳🌿' 'E🌿' '🌳🌿']]
2023-05-12 04:29:31,763 INFO 
[['A🚁' '🌳🌿' '🌳🌿' 'B🌿']
 ['🌳🌿' 'C🚁' '🌳🌿' '🌳🌿']
 ['🌳🌿' 'D🌿' '🔥🍂' '🌳🌿']
 ['🌳🌿' '🌳🌿' 'E🌿' '🌳🌿']]
2023-05-12 04:30:31,765 INFO 
[['A🚁' '🌳🌿' '🌳🌿' 'B🌿']
 ['🌳🌿' 'C🚁' '🌳🌿' '🌳🌿']
 ['🌳🌿' 'D🌿' '🔥🍂' '🌳🌿']
 ['🌳🌿' '🌳🌿' 'E🌿' '🌳🌿']]
2023-05-12 04:31:31,767 INFO 
[['A🌿' '🌳🌿' '🌳🌿' 'B🌿']
 ['🌳🌿' 'C🌿' '🌳🌿' '🌳🌿']
 ['🌳🌿' 'D🌿' '🌳🌿' '🌳🌿']
 ['🌳🌿' '🌳🌿' 'E🌿' '🌳🌿']]
2023-05-12 04:32:31,769 INFO 
[['A🌿' '🌳🌿' '🌳🌿' 'B🌿']
 ['🌳🌿' 'C🌿' '🌳🌿' '🌳🌿']
 ['🌳🌿' 'D🌿' '🌳🌿' '🌳🌿']
 ['🌳🌿' '🌳🌿' 'E🌿' '🌳🌿']]
2023-05-12 04:32:43,016 CRITICAL Starting new episode - Episode 16
2023-05-12 04:33:31,771 INFO 
[['A🌿' '🌳🌿' '🌳🌿' 'B🌿']
 ['🌳🌿' 'C🌿' '🌳🌿' '🌳🌿']
 ['🌳🌿' 'D🌿' '🌳🌿' '🌳🌿']
 ['🌳🌿' '🌳🌿' 'E🌿' '🌳🌿']]
2023-05-12 04:34:31,773 INFO 
[['A🚁' '🌳🌿' '🌳🌿' 'B🌿']
 ['🌳🌿' 'C🌿' '🌳🌿' '🌳🌿']
 ['🌳🌿' 'D🌿' '🌳🌿' '🌳🌿']
 ['🌳🌿' '🌳🌿' 'E🌿' '🌳🌿']]
2023-05-12 04:35:31,776 INFO 
[['A🌿' '🌳🌿' '🌳🌿' 'B🌿']
 ['🌳🌿' 'C🌿' '🌳🌿' '🌳🌿']
 ['🌳🌿' 'D🚁' '🌳🌿' '🌳🌿']
 ['🌳🌿' '🌳🌿' 'E🌿' '🌳🌿']]
2023-05-12 04:36:31,777 INFO 
[['A🌿' '🌳🌿' '🌳🌿' 'B🌿']
 ['🌳🌿' 'C🌿' '🌳🌿' '🌳🌿']
 ['🌳🌿' 'D🚁' '🌳🌿' '🌳🌿']
 ['🌳🌿' '🌳🌿' 'E🌿' '🌳🌿']]
2023-05-12 04:37:31,788 INFO 
[['A🌿' '🌳🌿' '🌳🌿' 'B🌿']
 ['🌳🌿' 'C🌿' '🌳🌿' '🌳🌿']
 ['🌳🌿' 'D🚁' '🌳🌿' '🌳🌿']
 ['🌳🌿' '🌳🌿' 'E🌿' '🌳🌿']]
2023-05-12 04:38:31,789 INFO 
[['A🌿' '🌳🌿' '🌳🌿' 'B🌿']
 ['🌳🌿' 'C🌿' '🌳🌿' '🌳🌿']
 ['🌳🌿' 'D🚁' '🌳🌿' '🌳🌿']
 ['🌳🌿' '🌳🌿' 'E🌿' '🌳🌿']]
2023-05-12 04:39:31,792 INFO 
[['A🌿' '🌳🌿' '🌳🌿' 'B🌿']
 ['🌳🌿' 'C🌿' '🌳🌿' '🌳🌿']
 ['🌳🌿' 'D🌿' '🌳🌿' '🌳🌿']
 ['🌳🌿' '🌳🌿' 'E🌿' '🌳🌿']]
2023-05-12 04:40:31,793 INFO 
[['A🌿' '🌳🌿' '🌳🌿' 'B🌿']
 ['🌳🌿' 'C🌿' '🌳🌿' '🌳🌿']
 ['🌳🌿' 'D🌿' '🌳🌿' '🌳🌿']
 ['🌳🌿' '🌳🌿' 'E🌿' '🌳🌿']]
2023-05-12 04:41:31,794 INFO 
[['A🌿' '🌳🌿' '🌳🌿' 'B🚁']
 ['🌳🌿' 'C🌿' '🌳🌿' '🌳🌿']
 ['🌳🌿' 'D🌿' '🌳🌿' '🌳🌿']
 ['🌳🌿' '🌳🌿' 'E🌿' '🌳🌿']]
2023-05-12 04:42:31,797 INFO 
[['A🌿' '🌳🌿' '🌳🌿' 'B🌿']
 ['🌳🌿' 'C🌿' '🌳🌿' '🌳🌿']
 ['🌳🌿' 'D🚁' '🌳🌿' '🌳🌿']
 ['🌳🌿' '🌳🌿' 'E🌿' '🌳🌿']]
2023-05-12 04:43:31,808 INFO 
[['A🌿' '🌳🌿' '🌳🌿' 'B🌿']
 ['🌳🌿' 'C🌿' '🌳🌿' '🌳🌿']
 ['🌳🌿' 'D🚁' '🌳🌿' '🌳🌿']
 ['🌳🌿' '🌳🌿' 'E🌿' '🌳🌿']]
2023-05-12 04:44:31,810 INFO 
[['A🌿' '🌳🌿' '🌳🌿' 'B🌿']
 ['🌳🌿' 'C🌿' '🌳🌿' '🌳🌿']
 ['🌳🌿' 'D🚁' '🌳🌿' '🌳🌿']
 ['🌳🌿' '🌳🌿' 'E🌿' '🌳🌿']]
2023-05-12 04:45:31,817 INFO 
[['A🌿' '🌳🌿' '🌳🌿' 'B🌿']
 ['🌳🌿' 'C🌿' '🌳🌿' '🌳🌿']
 ['🌳🌿' 'D🚁' '🌳🌿' '🌳🌿']
 ['🌳🌿' '🌳🌿' 'E🌿' '🌳🌿']]
2023-05-12 04:46:31,820 INFO 
[['A🌿' '🌳🌿' '🌳🌿' 'B🌿']
 ['🌳🌿' 'C🌿' '🌳🌿' '🌳🌿']
 ['🌳🌿' 'D🚁' '🌳🌿' '🌳🌿']
 ['🌳🌿' '🌳🌿' 'E🔥' '🌳🌿']]
2023-05-12 04:47:31,821 INFO 
[['A🌿' '🌳🌿' '🌳🌿' 'B🌿']
 ['🌳🌿' 'C🌿' '🌳🌿' '🌳🌿']
 ['🌳🌿' 'D🚁' '🌳🌿' '🌳🌿']
 ['🌳🌿' '🌳🌿' 'E🔥' '🌳🌿']]
2023-05-12 04:48:31,823 INFO 
[['A🌿' '🌳🌿' '🌳🌿' 'B🌿']
 ['🌳🌿' 'C🌿' '🌳🌿' '🌳🌿']
 ['🌳🌿' 'D🌿' '🌳🌿' '🌳🌿']
 ['🌳🌿' '🌳🌿' 'E🌿' '🌳🌿']]
2023-05-12 04:49:31,825 INFO 
[['A🌿' '🌳🌿' '🌳🌿' 'B🌿']
 ['🌳🌿' 'C🌿' '🌳🌿' '🌳🌿']
 ['🌳🌿' 'D🌿' '🌳🌿' '🌳🌿']
 ['🌳🌿' '🌳🌿' 'E🌿' '🌳🌿']]
2023-05-12 04:49:40,549 CRITICAL Starting new episode - Episode 17
2023-05-12 04:50:31,851 INFO 
[['A🌿' '🌳🌿' '🌳🌿' 'B🌿']
 ['🌳🌿' 'C🚁' '🌳🌿' '🌳🌿']
 ['🌳🌿' 'D🌿' '🌳🌿' '🌳🌿']
 ['🌳🌿' '🌳🌿' 'E🚁' '🌳🌿']]
2023-05-12 04:51:31,854 INFO 
[['A🌿' '🌳🌿' '🌳🌿' 'B🌿']
 ['🌳🌿' 'C🚁' '🌳🌿' '🌳🌿']
 ['🌳🌿' 'D🌿' '🌳🌿' '🌳🌿']
 ['🌳🌿' '🌳🌿' 'E🚁' '🌳🌿']]
2023-05-12 04:52:31,856 INFO 
[['A🌿' '🌳🌿' '🌳🌿' 'B🌿']
 ['🌳🌿' 'C🚁' '🌳🌿' '🌳🌿']
 ['🌳🌿' 'D🌿' '🌳🌿' '🌳🌿']
 ['🌳🌿' '🌳🌿' 'E🚁' '🌳🌿']]
2023-05-12 04:53:31,858 INFO 
[['A🌿' '🌳🌿' '🌳🌿' 'B🚁']
 ['🌳🌿' 'C🌿' '🌳🌿' '🌳🌿']
 ['🌳🌿' 'D🌿' '🌳🌿' '🌳🌿']
 ['🌳🌿' '🌳🌿' 'E🚁' '🌳🌿']]
2023-05-12 04:54:31,860 INFO 
[['A🌿' '🌳🌿' '🌳🌿' 'B🚁']
 ['🌳🌿' 'C🔥' '🌳🌿' '🌳🌿']
 ['🌳🌿' 'D🌿' '🌳🌿' '🌳🌿']
 ['🌳🌿' '🌳🌿' 'E🚁' '🌳🌿']]
2023-05-12 04:55:31,862 INFO 
[['A🌿' '🌳🌿' '🌳🌿' 'B🚁']
 ['🌳🌿' 'C🔥' '🌳🌿' '🌳🌿']
 ['🌳🌿' 'D🔥' '🌳🌿' '🌳🌿']
 ['🌳🌿' '🌳🌿' 'E🚁' '🌳🌿']]
2023-05-12 04:56:31,867 INFO 
[['A🌿' '🌳🌿' '🌳🌿' 'B🚁']
 ['🌳🌿' 'C🔥' '🌳🌿' '🌳🌿']
 ['🔥🍂' 'D🔥' '🌳🌿' '🌳🌿']
 ['🌳🌿' '🌳🌿' 'E🚁' '🌳🌿']]
2023-05-12 04:57:31,869 INFO 
[['A🌿' '🌳🌿' '🌳🌿' 'B🌿']
 ['🌳🌿' 'C🌿' '🌳🌿' '🌳🌿']
 ['🌳🌿' 'D🌿' '🌳🌿' '🌳🌿']
 ['🌳🌿' '🌳🌿' 'E🌿' '🌳🌿']]
2023-05-12 04:58:31,871 INFO 
[['A🌿' '🌳🌿' '🌳🌿' 'B🌿']
 ['🌳🌿' 'C🌿' '🌳🌿' '🌳🌿']
 ['🌳🌿' 'D🌿' '🌳🌿' '🌳🌿']
 ['🌳🌿' '🌳🌿' 'E🌿' '🌳🌿']]
2023-05-12 04:59:04,340 CRITICAL Starting new episode - Episode 18
2023-05-12 04:59:31,872 INFO 
[['A🌿' '🌳🌿' '🌳🌿' 'B🌿']
 ['🌳🌿' 'C🌿' '🌳🌿' '🌳🌿']
 ['🌳🌿' 'D🌿' '🌳🌿' '🌳🌿']
 ['🌳🌿' '🌳🌿' 'E🌿' '🌳🌿']]
2023-05-12 05:00:31,874 INFO 
[['A🚁' '🌳🌿' '🌳🌿' 'B🌿']
 ['🌳🌿' 'C🌿' '🌳🌿' '🌳🌿']
 ['🌳🌿' 'D🚁' '🌳🌿' '🌳🌿']
 ['🌳🌿' '🌳🌿' 'E🌿' '🌳🌿']]
2023-05-12 05:01:31,875 INFO 
[['A🚁' '🌳🌿' '🌳🌿' 'B🌿']
 ['🌳🌿' 'C🌿' '🌳🌿' '🌳🌿']
 ['🌳🌿' 'D🌿' '🌳🌿' '🌳🌿']
 ['🌳🌿' '🌳🌿' 'E🔥' '🌳🌿']]
2023-05-12 05:02:31,877 INFO 
[['A🚁' '🌳🌿' '🌳🌿' 'B🌿']
 ['🌳🌿' 'C🌿' '🌳🌿' '🌳🌿']
 ['🌳🌿' 'D🌿' '🌳🌿' '🌳🌿']
 ['🌳🌿' '🌳🌿' 'E🔥' '🌳🌿']]
2023-05-12 05:03:31,878 INFO 
[['A🚁' '🌳🌿' '🌳🌿' 'B🌿']
 ['🌳🌿' 'C🌿' '🌳🌿' '🌳🌿']
 ['🌳🌿' 'D🌿' '🌳🌿' '🌳🌿']
 ['🌳🌿' '🌳🌿' 'E🚒' '🌳🌿']]
2023-05-12 05:04:31,881 INFO 
[['A🚁' '🌳🌿' '🌳🌿' 'B🌿']
 ['🌳🌿' 'C🌿' '🌳🌿' '🌳🌿']
 ['🌳🌿' 'D🌿' '🌳🌿' '🌳🌿']
 ['🌳🌿' '🌳🌿' 'E🚒' '🌳🌿']]
2023-05-12 05:05:31,883 INFO 
[['A🌿' '🌳🌿' '🌳🌿' 'B🌿']
 ['🌳🌿' 'C🌿' '🌳🌿' '🌳🌿']
 ['🌳🌿' 'D🌿' '🌳🌿' '🌳🌿']
 ['🌳🌿' '🌳🌿' 'E🚒' '🌳🌿']]
2023-05-12 05:06:31,885 INFO 
[['A🌿' '🌳🌿' '🌳🌿' 'B🌿']
 ['🌳🌿' 'C🌿' '🌳🌿' '🌳🌿']
 ['🌳🌿' 'D🌿' '🌳🌿' '🌳🌿']
 ['🌳🌿' '🌳🌿' 'E🔥' '🌳🌿']]
2023-05-12 05:07:31,888 INFO 
[['A🌿' '🌳🌿' '🌳🌿' 'B🚁']
 ['🌳🌿' 'C🌿' '🌳🌿' '🌳🌿']
 ['🌳🌿' 'D🌿' '🌳🌿' '🌳🌿']
 ['🌳🌿' '🌳🌿' 'E🔥' '🌳🌿']]
2023-05-12 05:08:31,892 INFO 
[['A🌿' '🌳🌿' '🌳🌿' 'B🚁']
 ['🌳🌿' 'C🌿' '🌳🌿' '🌳🌿']
 ['🌳🌿' 'D🌿' '🌳🌿' '🌳🌿']
 ['🌳🌿' '🌳🌿' 'E🔥' '🌳🌿']]
2023-05-12 05:09:31,900 INFO 
[['A🌿' '🌳🌿' '🌳🌿' 'B🚁']
 ['🌳🌿' 'C🌿' '🌳🌿' '🌳🌿']
 ['🌳🌿' 'D🌿' '🌳🌿' '🌳🌿']
 ['🌳🌿' '🌳🌿' 'E🔥' '🔥🍂']]
2023-05-12 05:10:31,902 INFO 
[['A🌿' '🌳🌿' '🌳🌿' 'B🚁']
 ['🌳🌿' 'C🌿' '🌳🌿' '🌳🌿']
 ['🌳🌿' 'D🌿' '🌳🌿' '🌳🌿']
 ['🌳🌿' '🌳🌿' 'E🔥' '🔥🍂']]
2023-05-12 05:11:31,905 INFO 
[['A🌿' '🌳🌿' '🌳🌿' 'B🚁']
 ['🌳🌿' 'C🌿' '🌳🌿' '🌳🌿']
 ['🌳🌿' 'D🌿' '🌳🌿' '🌳🌿']
 ['🌳🌿' '🌳🌿' 'E🔥' '🔥🍂']]
2023-05-12 05:12:31,916 INFO 
[['A🌿' '🌳🌿' '🌳🌿' 'B🚁']
 ['🌳🌿' 'C🌿' '🌳🌿' '🌳🌿']
 ['🌳🌿' 'D🌿' '🌳🌿' '🌳🌿']
 ['🌳🌿' '🌳🌿' 'E🔥' '🔥🍂']]
2023-05-12 05:13:31,920 INFO 
[['A🌿' '🌳🌿' '🌳🌿' 'B🚁']
 ['🌳🌿' 'C🌿' '🌳🌿' '🌳🌿']
 ['🌳🌿' 'D🌿' '🌳🌿' '🌳🌿']
 ['🌳🌿' '🌳🌿' 'E🔥' '🔥🍂']]
2023-05-12 05:14:31,921 INFO 
[['A🌿' '🌳🌿' '🌳🌿' 'B🌿']
 ['🌳🌿' 'C🌿' '🌳🌿' '🌳🌿']
 ['🌳🌿' 'D🌿' '🌳🌿' '🌳🌿']
 ['🌳🌿' '🌳🌿' 'E🌿' '🌳🌿']]
2023-05-12 05:15:31,923 INFO 
[['A🌿' '🌳🌿' '🌳🌿' 'B🌿']
 ['🌳🌿' 'C🌿' '🌳🌿' '🌳🌿']
 ['🌳🌿' 'D🌿' '🌳🌿' '🌳🌿']
 ['🌳🌿' '🌳🌿' 'E🌿' '🌳🌿']]
2023-05-12 05:16:06,742 CRITICAL Starting new episode - Episode 19
2023-05-12 05:16:31,924 INFO 
[['A🌿' '🌳🌿' '🌳🌿' 'B🌿']
 ['🌳🌿' 'C🌿' '🌳🌿' '🌳🌿']
 ['🌳🌿' 'D🌿' '🌳🌿' '🌳🌿']
 ['🌳🌿' '🌳🌿' 'E🌿' '🌳🌿']]
2023-05-12 05:17:31,927 INFO 
[['A🚁' '🌳🌿' '🌳🌿' 'B🌿']
 ['🌳🌿' 'C🌿' '🌳🌿' '🌳🌿']
 ['🌳🌿' 'D🌿' '🌳🌿' '🌳🌿']
 ['🌳🌿' '🌳🌿' 'E🌿' '🌳🌿']]
2023-05-12 05:18:31,929 INFO 
[['A🚁' '🌳🌿' '🌳🌿' 'B🌿']
 ['🌳🌿' 'C🌿' '🌳🌿' '🌳🌿']
 ['🌳🌿' 'D🌿' '🌳🌿' '🌳🌿']
 ['🌳🌿' '🌳🌿' 'E🌿' '🌳🌿']]
2023-05-12 05:19:31,930 INFO 
[['A🚁' '🌳🌿' '🌳🌿' 'B🌿']
 ['🌳🌿' 'C🔥' '🔥🍂' '🌳🌿']
 ['🌳🌿' 'D🌿' '🌳🌿' '🌳🌿']
 ['🌳🌿' '🌳🌿' 'E🌿' '🌳🌿']]
2023-05-12 05:20:31,934 INFO 
[['A🚁' '🌳🌿' '🌳🌿' 'B🌿']
 ['🌳🌿' 'C🔥' '🔥🍂' '🌳🌿']
 ['🌳🌿' 'D🌿' '🌳🌿' '🌳🌿']
 ['🌳🌿' '🌳🌿' 'E🚁' '🌳🌿']]
2023-05-12 05:21:31,938 INFO 
[['A🚁' '🌳🌿' '🌳🌿' 'B🌿']
 ['🌳🌿' 'C🔥' '🔥🍂' '🌳🌿']
 ['🌳🌿' 'D🌿' '🌳🌿' '🌳🌿']
 ['🌳🌿' '🌳🌿' 'E🚁' '🌳🌿']]
2023-05-12 05:22:31,940 INFO 
[['A🚁' '🌳🌿' '🌳🌿' 'B🌿']
 ['🌳🌿' 'C🔥' '🔥🍂' '🌳🌿']
 ['🌳🌿' 'D🌿' '🌳🌿' '🌳🌿']
 ['🌳🌿' '🌳🌿' 'E🚁' '🌳🌿']]
2023-05-12 05:23:31,944 INFO 
[['A🌿' '🌳🌿' '🌳🌿' 'B🌿']
 ['🌳🌿' 'C🚒' '🔥🍂' '🌳🌿']
 ['🌳🌿' 'D🌿' '🌳🌿' '🌳🌿']
 ['🌳🌿' '🌳🌿' 'E🌿' '🌳🌿']]
2023-05-12 05:24:31,945 INFO 
[['A🌿' '🌳🌿' '🌳🌿' 'B🌿']
 ['🌳🌿' 'C🌿' '🌳🌿' '🌳🌿']
 ['🌳🌿' 'D🌿' '🌳🌿' '🌳🌿']
 ['🌳🌿' '🌳🌿' 'E🌿' '🌳🌿']]
2023-05-12 05:25:31,947 INFO 
[['A🌿' '🌳🌿' '🌳🌿' 'B🌿']
 ['🌳🌿' 'C🌿' '🌳🌿' '🌳🌿']
 ['🌳🌿' 'D🌿' '🌳🌿' '🌳🌿']
 ['🌳🌿' '🌳🌿' 'E🌿' '🌳🌿']]
2023-05-12 05:25:35,728 CRITICAL Starting new episode - Episode 20
2023-05-12 05:26:32,004 INFO 
[['A🌿' '🌳🌿' '🌳🌿' 'B🌿']
 ['🌳🌿' 'C🌿' '🌳🌿' '🌳🌿']
 ['🌳🌿' 'D🌿' '🌳🌿' '🌳🌿']
 ['🌳🌿' '🌳🌿' 'E🌿' '🌳🌿']]
2023-05-12 05:27:32,064 INFO 
[['A🌿' '🌳🌿' '🌳🌿' 'B🌿']
 ['🌳🌿' 'C🌿' '🌳🌿' '🌳🌿']
 ['🌳🌿' 'D🌿' '🌳🌿' '🌳🌿']
 ['🌳🌿' '🌳🌿' 'E🌿' '🌳🌿']]
2023-05-12 05:28:32,124 INFO 
[['A🌿' '🌳🌿' '🌳🌿' 'B🌿']
 ['🌳🌿' 'C🌿' '🌳🌿' '🌳🌿']
 ['🌳🌿' 'D🌿' '🌳🌿' '🌳🌿']
 ['🌳🌿' '🌳🌿' 'E🌿' '🌳🌿']]
2023-05-12 05:29:32,184 INFO 
[['A🌿' '🌳🌿' '🌳🌿' 'B🌿']
 ['🌳🌿' 'C🌿' '🌳🌿' '🌳🌿']
 ['🌳🌿' 'D🌿' '🌳🌿' '🌳🌿']
 ['🌳🌿' '🌳🌿' 'E🌿' '🌳🌿']]
2023-05-12 05:30:32,244 INFO 
[['A🌿' '🌳🌿' '🌳🌿' 'B🌿']
 ['🌳🌿' 'C🌿' '🌳🌿' '🌳🌿']
 ['🌳🌿' 'D🌿' '🌳🌿' '🌳🌿']
 ['🌳🌿' '🌳🌿' 'E🌿' '🌳🌿']]
2023-05-12 05:31:32,304 INFO 
[['A🌿' '🌳🌿' '🌳🌿' 'B🌿']
 ['🌳🌿' 'C🌿' '🌳🌿' '🌳🌿']
 ['🌳🌿' 'D🌿' '🌳🌿' '🌳🌿']
 ['🌳🌿' '🌳🌿' 'E🌿' '🌳🌿']]
2023-05-12 05:32:32,364 INFO 
[['A🌿' '🌳🌿' '🌳🌿' 'B🌿']
 ['🌳🌿' 'C🌿' '🌳🌿' '🌳🌿']
 ['🌳🌿' 'D🌿' '🌳🌿' '🌳🌿']
 ['🌳🌿' '🌳🌿' 'E🌿' '🌳🌿']]
2023-05-12 05:33:32,424 INFO 
[['A🌿' '🌳🌿' '🌳🌿' 'B🌿']
 ['🌳🌿' 'C🌿' '🌳🌿' '🌳🌿']
 ['🌳🌿' 'D🌿' '🌳🌿' '🌳🌿']
 ['🌳🌿' '🌳🌿' 'E🌿' '🌳🌿']]
2023-05-12 05:34:32,484 INFO 
[['A🌿' '🌳🌿' '🌳🌿' 'B🌿']
 ['🌳🌿' 'C🌿' '🌳🌿' '🌳🌿']
 ['🌳🌿' 'D🌿' '🌳🌿' '🌳🌿']
 ['🌳🌿' '🌳🌿' 'E🌿' '🌳🌿']]
2023-05-12 05:35:32,544 INFO 
[['A🌿' '🌳🌿' '🌳🌿' 'B🌿']
 ['🌳🌿' 'C🌿' '🌳🌿' '🌳🌿']
 ['🌳🌿' 'D🌿' '🌳🌿' '🌳🌿']
 ['🌳🌿' '🌳🌿' 'E🌿' '🌳🌿']]
2023-05-12 05:36:32,604 INFO 
[['A🌿' '🌳🌿' '🌳🌿' 'B🌿']
 ['🌳🌿' 'C🌿' '🌳🌿' '🌳🌿']
 ['🌳🌿' 'D🌿' '🌳🌿' '🌳🌿']
 ['🌳🌿' '🌳🌿' 'E🌿' '🌳🌿']]
2023-05-12 05:37:32,664 INFO 
[['A🌿' '🌳🌿' '🌳🌿' 'B🌿']
 ['🌳🌿' 'C🌿' '🌳🌿' '🌳🌿']
 ['🌳🌿' 'D🌿' '🌳🌿' '🌳🌿']
 ['🌳🌿' '🌳🌿' 'E🌿' '🌳🌿']]
2023-05-12 05:38:32,715 INFO 
[['A🌿' '🌳🌿' '🌳🌿' 'B🌿']
 ['🌳🌿' 'C🌿' '🌳🌿' '🌳🌿']
 ['🌳🌿' 'D🌿' '🌳🌿' '🌳🌿']
 ['🌳🌿' '🌳🌿' 'E🌿' '🌳🌿']]
2023-05-12 05:39:32,775 INFO 
[['A🌿' '🌳🌿' '🌳🌿' 'B🌿']
 ['🌳🌿' 'C🌿' '🌳🌿' '🌳🌿']
 ['🌳🌿' 'D🌿' '🌳🌿' '🌳🌿']
 ['🌳🌿' '🌳🌿' 'E🌿' '🌳🌿']]
2023-05-12 05:40:32,836 INFO 
[['A🌿' '🌳🌿' '🌳🌿' 'B🌿']
 ['🌳🌿' 'C🌿' '🌳🌿' '🌳🌿']
 ['🌳🌿' 'D🔥' '🌳🌿' '🌳🌿']
 ['🌳🌿' '🌳🌿' 'E🌿' '🌳🌿']]
2023-05-12 05:41:32,896 INFO 
[['A🌿' '🌳🌿' '🌳🌿' 'B🌿']
 ['🌳🌿' 'C🌿' '🌳🌿' '🌳🌿']
 ['🌳🌿' 'D🔥' '🌳🌿' '🌳🌿']
 ['🌳🌿' '🌳🌿' 'E🌿' '🌳🌿']]
2023-05-12 05:42:32,956 INFO 
[['A🌿' '🌳🌿' '🌳🌿' 'B🌿']
 ['🌳🌿' 'C🌿' '🌳🌿' '🌳🌿']
 ['🌳🌿' 'D🔥' '🌳🌿' '🌳🌿']
 ['🌳🌿' '🌳🌿' 'E🌿' '🌳🌿']]
2023-05-12 05:43:33,016 INFO 
[['A🌿' '🌳🌿' '🌳🌿' 'B🌿']
 ['🌳🌿' 'C🌿' '🌳🌿' '🌳🌿']
 ['🌳🌿' 'D🔥' '🌳🌿' '🌳🌿']
 ['🌳🌿' '🔥🍂' 'E🌿' '🌳🌿']]
2023-05-12 05:44:33,076 INFO 
[['A🌿' '🌳🌿' '🌳🌿' 'B🌿']
 ['🌳🌿' 'C🌿' '🌳🌿' '🌳🌿']
 ['🌳🌿' 'D🔥' '🌳🌿' '🌳🌿']
 ['🌳🌿' '🔥🍂' 'E🌿' '🌳🌿']]
2023-05-12 05:45:33,136 INFO 
[['A🌿' '🌳🌿' '🌳🌿' 'B🌿']
 ['🌳🌿' 'C🌿' '🌳🌿' '🌳🌿']
 ['🌳🌿' 'D🌿' '🌳🌿' '🌳🌿']
 ['🌳🌿' '🔥🍂' 'E🌿' '🌳🌿']]
2023-05-12 05:46:33,196 INFO 
[['A🌿' '🌳🌿' '🌳🌿' 'B🌿']
 ['🌳🌿' 'C🌿' '🌳🌿' '🌳🌿']
 ['🌳🌿' 'D🌿' '🌳🌿' '🌳🌿']
 ['🌳🌿' '🔥🍂' 'E🌿' '🌳🌿']]
2023-05-12 05:47:33,256 INFO 
[['A🌿' '🌳🌿' '🌳🌿' 'B🌿']
 ['🌳🌿' 'C🌿' '🌳🌿' '🌳🌿']
 ['🌳🌿' 'D🌿' '🌳🌿' '🌳🌿']
 ['🌳🌿' '🔥🍂' 'E🔥' '🌳🌿']]
2023-05-12 05:48:33,316 INFO 
[['A🌿' '🌳🌿' '🌳🌿' 'B🌿']
 ['🌳🌿' 'C🌿' '🌳🌿' '🌳🌿']
 ['🌳🌿' 'D🌿' '🌳🌿' '🌳🌿']
 ['🌳🌿' '🔥🍂' 'E🔥' '🌳🌿']]
2023-05-12 05:49:33,364 INFO 
[['A🌿' '🌳🌿' '🌳🌿' 'B🌿']
 ['🌳🌿' 'C🌿' '🌳🌿' '🌳🌿']
 ['🌳🌿' 'D🌿' '🌳🌿' '🌳🌿']
 ['🌳🌿' '🔥🍂' 'E🌿' '🌳🌿']]
2023-05-12 05:50:33,424 INFO 
[['A🌿' '🌳🌿' '🌳🌿' 'B🌿']
 ['🌳🌿' 'C🌿' '🌳🌿' '🌳🌿']
 ['🌳🌿' 'D🔥' '🌳🌿' '🌳🌿']
 ['🌳🌿' '🔥🍂' 'E🌿' '🌳🌿']]
2023-05-12 05:51:33,484 INFO 
[['A🌿' '🌳🌿' '🌳🌿' 'B🌿']
 ['🌳🌿' 'C🌿' '🌳🌿' '🌳🌿']
 ['🌳🌿' 'D🔥' '🌳🌿' '🌳🌿']
 ['🌳🌿' '🌳🌿' 'E🌿' '🌳🌿']]
2023-05-12 05:52:33,544 INFO 
[['A🌿' '🌳🌿' '🌳🌿' 'B🌿']
 ['🌳🌿' 'C🌿' '🌳🌿' '🌳🌿']
 ['🌳🌿' 'D🔥' '🔥🍂' '🌳🌿']
 ['🌳🌿' '🌳🌿' 'E🌿' '🌳🌿']]
2023-05-12 05:53:33,604 INFO 
[['A🌿' '🌳🌿' '🌳🌿' 'B🌿']
 ['🌳🌿' 'C🌿' '🌳🌿' '🌳🌿']
 ['🌳🌿' 'D🌿' '🔥🍂' '🌳🌿']
 ['🌳🌿' '🌳🌿' 'E🌿' '🌳🌿']]
2023-05-12 05:54:33,665 INFO 
[['A🌿' '🌳🌿' '🌳🌿' 'B🌿']
 ['🌳🌿' 'C🌿' '🌳🌿' '🌳🌿']
 ['🌳🌿' 'D🌿' '🌳🌿' '🌳🌿']
 ['🌳🌿' '🌳🌿' 'E🌿' '🌳🌿']]
2023-05-12 05:55:33,724 INFO 
[['A🌿' '🌳🌿' '🌳🌿' 'B🌿']
 ['🌳🌿' 'C🌿' '🌳🌿' '🌳🌿']
 ['🌳🌿' 'D🌿' '🌳🌿' '🌳🌿']
 ['🌳🌿' '🌳🌿' 'E🌿' '🌳🌿']]
2023-05-12 05:56:33,784 INFO 
[['A🌿' '🌳🌿' '🌳🌿' 'B🌿']
 ['🌳🌿' 'C🌿' '🌳🌿' '🌳🌿']
 ['🌳🌿' 'D🌿' '🌳🌿' '🌳🌿']
 ['🌳🌿' '🌳🌿' 'E🌿' '🌳🌿']]
2023-05-12 05:57:33,844 INFO 
[['A🌿' '🌳🌿' '🌳🌿' 'B🌿']
 ['🌳🌿' 'C🌿' '🌳🌿' '🌳🌿']
 ['🌳🌿' 'D🌿' '🌳🌿' '🌳🌿']
 ['🌳🌿' '🌳🌿' 'E🌿' '🌳🌿']]
2023-05-12 05:58:33,904 INFO 
[['A🌿' '🌳🌿' '🌳🌿' 'B🌿']
 ['🌳🌿' 'C🌿' '🌳🌿' '🌳🌿']
 ['🌳🌿' 'D🌿' '🌳🌿' '🌳🌿']
 ['🌳🌿' '🌳🌿' 'E🌿' '🌳🌿']]
2023-05-12 05:59:33,965 INFO 
[['A🌿' '🌳🌿' '🌳🌿' 'B🌿']
 ['🌳🌿' 'C🌿' '🌳🌿' '🌳🌿']
 ['🌳🌿' 'D🌿' '🌳🌿' '🌳🌿']
 ['🌳🌿' '🌳🌿' 'E🌿' '🌳🌿']]
2023-05-12 06:00:34,024 INFO 
[['A🌿' '🌳🌿' '🌳🌿' 'B🌿']
 ['🌳🌿' 'C🌿' '🌳🌿' '🌳🌿']
 ['🌳🌿' 'D🌿' '🌳🌿' '🌳🌿']
 ['🌳🌿' '🌳🌿' 'E🌿' '🌳🌿']]
2023-05-12 06:01:34,084 INFO 
[['A🌿' '🌳🌿' '🌳🌿' 'B🌿']
 ['🌳🌿' 'C🌿' '🌳🌿' '🌳🌿']
 ['🌳🌿' 'D🌿' '🌳🌿' '🌳🌿']
 ['🌳🌿' '🌳🌿' 'E🌿' '🌳🌿']]
2023-05-12 06:02:34,144 INFO 
[['A🌿' '🌳🌿' '🌳🌿' 'B🌿']
 ['🌳🌿' 'C🌿' '🌳🌿' '🌳🌿']
 ['🌳🌿' 'D🌿' '🌳🌿' '🌳🌿']
 ['🌳🌿' '🌳🌿' 'E🌿' '🌳🌿']]
2023-05-12 06:03:34,168 INFO 
[['A🌿' '🌳🌿' '🌳🌿' 'B🌿']
 ['🌳🌿' 'C🌿' '🌳🌿' '🌳🌿']
 ['🌳🌿' 'D🌿' '🌳🌿' '🌳🌿']
 ['🌳🌿' '🌳🌿' 'E🌿' '🌳🌿']]
2023-05-12 06:04:34,228 INFO 
[['A🌿' '🌳🌿' '🌳🌿' 'B🌿']
 ['🌳🌿' 'C🌿' '🌳🌿' '🌳🌿']
 ['🌳🌿' 'D🌿' '🌳🌿' '🌳🌿']
 ['🌳🌿' '🌳🌿' 'E🌿' '🌳🌿']]
2023-05-12 06:05:34,250 INFO 
[['A🌿' '🌳🌿' '🌳🌿' 'B🌿']
 ['🌳🌿' 'C🌿' '🌳🌿' '🌳🌿']
 ['🌳🌿' 'D🌿' '🌳🌿' '🌳🌿']
 ['🌳🌿' '🌳🌿' 'E🌿' '🌳🌿']]
2023-05-12 06:06:34,308 INFO 
[['A🌿' '🌳🌿' '🌳🌿' 'B🌿']
 ['🌳🌿' 'C🌿' '🌳🌿' '🌳🌿']
 ['🌳🌿' 'D🌿' '🌳🌿' '🌳🌿']
 ['🌳🌿' '🌳🌿' 'E🌿' '🔥🍂']]
2023-05-12 06:07:34,368 INFO 
[['A🌿' '🌳🌿' '🌳🌿' 'B🌿']
 ['🌳🌿' 'C🌿' '🌳🌿' '🌳🌿']
 ['🌳🌿' 'D🌿' '🌳🌿' '🌳🌿']
 ['🌳🌿' '🌳🌿' 'E🌿' '🔥🍂']]
2023-05-12 06:08:34,429 INFO 
[['A🌿' '🌳🌿' '🌳🌿' 'B🌿']
 ['🌳🌿' 'C🌿' '🌳🌿' '🌳🌿']
 ['🌳🌿' 'D🌿' '🌳🌿' '🌳🌿']
 ['🌳🌿' '🌳🌿' 'E🔥' '🔥🍂']]
2023-05-12 06:09:34,488 INFO 
[['A🌿' '🌳🌿' '🌳🌿' 'B🌿']
 ['🌳🌿' 'C🌿' '🌳🌿' '🌳🌿']
 ['🌳🌿' 'D🌿' '🌳🌿' '🔥🍂']
 ['🌳🌿' '🌳🌿' 'E🔥' '🔥🍂']]
2023-05-12 06:10:34,548 INFO 
[['A🌿' '🌳🌿' '🌳🌿' 'B🌿']
 ['🌳🌿' 'C🌿' '🌳🌿' '🌳🌿']
 ['🌳🌿' 'D🌿' '🌳🌿' '🔥🍂']
 ['🌳🌿' '🌳🌿' 'E🔥' '🔥🍂']]
2023-05-12 06:11:34,608 INFO 
[['A🌿' '🌳🌿' '🌳🌿' 'B🌿']
 ['🌳🌿' 'C🌿' '🌳🌿' '🌳🌿']
 ['🌳🌿' 'D🌿' '🌳🌿' '🔥🍂']
 ['🌳🌿' '🌳🌿' 'E🔥' '🔥🍂']]
2023-05-12 06:12:34,668 INFO 
[['A🌿' '🌳🌿' '🌳🌿' 'B🌿']
 ['🌳🌿' 'C🌿' '🌳🌿' '🌳🌿']
 ['🌳🌿' 'D🌿' '🌳🌿' '🔥🍂']
 ['🌳🌿' '🌳🌿' 'E🔥' '🔥🍂']]
2023-05-12 06:13:34,728 INFO 
[['A🌿' '🌳🌿' '🌳🌿' 'B🌿']
 ['🌳🌿' 'C🌿' '🌳🌿' '🌳🌿']
 ['🌳🌿' 'D🌿' '🌳🌿' '🔥🍂']
 ['🌳🌿' '🔥🍂' 'E🔥' '🔥🍂']]
2023-05-12 06:14:34,788 INFO 
[['A🌿' '🌳🌿' '🌳🌿' 'B🌿']
 ['🌳🌿' 'C🌿' '🌳🌿' '🌳🌿']
 ['🌳🌿' 'D🌿' '🌳🌿' '🔥🍂']
 ['🌳🌿' '🔥🍂' 'E🔥' '🔥🍂']]
2023-05-12 06:15:34,848 INFO 
[['A🌿' '🌳🌿' '🌳🌿' 'B🌿']
 ['🌳🌿' 'C🌿' '🌳🌿' '🌳🌿']
 ['🌳🌿' 'D🌿' '🌳🌿' '🔥🍂']
 ['🌳🌿' '🔥🍂' 'E🔥' '🔥🍂']]
2023-05-12 06:16:34,908 INFO 
[['A🌿' '🌳🌿' '🌳🌿' 'B🌿']
 ['🌳🌿' 'C🌿' '🌳🌿' '🌳🌿']
 ['🌳🌿' 'D🌿' '🌳🌿' '🔥🍂']
 ['🔥🍂' '🔥🍂' 'E🔥' '🔥🍂']]
2023-05-12 06:17:34,968 INFO 
[['A🌿' '🌳🌿' '🌳🌿' 'B🌿']
 ['🌳🌿' 'C🌿' '🌳🌿' '🌳🌿']
 ['🌳🌿' 'D🌿' '🌳🌿' '🔥🍂']
 ['🔥🍂' '🔥🍂' 'E🔥' '🔥🍂']]
2023-05-12 06:18:35,028 INFO 
[['A🌿' '🌳🌿' '🌳🌿' 'B🌿']
 ['🌳🌿' 'C🌿' '🌳🌿' '🌳🌿']
 ['🌳🌿' 'D🌿' '🔥🍂' '🔥🍂']
 ['🔥🍂' '🔥🍂' 'E🔥' '🔥🍂']]
2023-05-12 06:19:35,088 INFO 
[['A🌿' '🌳🌿' '🌳🌿' 'B🌿']
 ['🌳🌿' 'C🌿' '🌳🌿' '🌳🌿']
 ['🌳🌿' 'D🌿' '🔥🍂' '🔥🍂']
 ['🔥🍂' '🔥🍂' 'E🌿' '🌳🌿']]
2023-05-12 06:20:35,148 INFO 
[['A🌿' '🌳🌿' '🌳🌿' 'B🌿']
 ['🌳🌿' 'C🌿' '🌳🌿' '🌳🌿']
 ['🌳🌿' 'D🔥' '🔥🍂' '🔥🍂']
 ['🔥🍂' '🔥🍂' 'E🌿' '🌳🌿']]
2023-05-12 06:21:35,192 INFO 
[['A🌿' '🌳🌿' '🌳🌿' 'B🌿']
 ['🌳🌿' 'C🌿' '🌳🌿' '🌳🌿']
 ['🌳🌿' 'D🔥' '🔥🍂' '🔥🍂']
 ['🔥🍂' '🔥🍂' 'E🌿' '🌳🌿']]
2023-05-12 06:22:35,252 INFO 
[['A🌿' '🌳🌿' '🌳🌿' 'B🌿']
 ['🌳🌿' 'C🌿' '🔥🍂' '🌳🌿']
 ['🌳🌿' 'D🔥' '🔥🍂' '🔥🍂']
 ['🔥🍂' '🔥🍂' 'E🌿' '🌳🌿']]
2023-05-12 06:23:35,313 INFO 
[['A🌿' '🌳🌿' '🌳🌿' 'B🌿']
 ['🌳🌿' 'C🔥' '🔥🍂' '🌳🌿']
 ['🌳🌿' 'D🔥' '🔥🍂' '🔥🍂']
 ['🔥🍂' '🔥🍂' 'E🌿' '🌳🌿']]
2023-05-12 06:24:35,372 INFO 
[['A🌿' '🌳🌿' '🌳🌿' 'B🌿']
 ['🌳🌿' 'C🔥' '🌳🌿' '🌳🌿']
 ['🌳🌿' 'D🔥' '🔥🍂' '🔥🍂']
 ['🔥🍂' '🔥🍂' 'E🌿' '🌳🌿']]
2023-05-12 06:25:35,433 INFO 
[['A🌿' '🌳🌿' '🌳🌿' 'B🌿']
 ['🌳🌿' 'C🔥' '🌳🌿' '🌳🌿']
 ['🌳🌿' 'D🔥' '🔥🍂' '🔥🍂']
 ['🔥🍂' '🔥🍂' 'E🔥' '🌳🌿']]
2023-05-12 06:26:35,493 INFO 
[['A🌿' '🌳🌿' '🌳🌿' 'B🌿']
 ['🌳🌿' 'C🔥' '🌳🌿' '🌳🌿']
 ['🔥🍂' 'D🔥' '🔥🍂' '🔥🍂']
 ['🔥🍂' '🌳🌿' 'E🔥' '🔥🍂']]
2023-05-12 06:27:35,553 INFO 
[['A🌿' '🌳🌿' '🌳🌿' 'B🌿']
 ['🌳🌿' 'C🔥' '🌳🌿' '🌳🌿']
 ['🔥🍂' 'D🔥' '🔥🍂' '🔥🍂']
 ['🔥🍂' '🌳🌿' 'E🔥' '🔥🍂']]
2023-05-12 06:28:35,610 INFO 
[['A🌿' '🌳🌿' '🌳🌿' 'B🌿']
 ['🌳🌿' 'C🔥' '🔥🍂' '🌳🌿']
 ['🔥🍂' 'D🌿' '🔥🍂' '🔥🍂']
 ['🔥🍂' '🔥🍂' 'E🌿' '🔥🍂']]
2023-05-12 06:29:35,670 INFO 
[['A🌿' '🌳🌿' '🌳🌿' 'B🌿']
 ['🌳🌿' 'C🔥' '🔥🍂' '🔥🍂']
 ['🔥🍂' 'D🔥' '🔥🍂' '🔥🍂']
 ['🔥🍂' '🔥🍂' 'E🌿' '🔥🍂']]
2023-05-12 06:30:35,728 INFO 
[['A🌿' '🌳🌿' '🌳🌿' 'B🌿']
 ['🔥🍂' 'C🔥' '🔥🍂' '🔥🍂']
 ['🌳🌿' 'D🔥' '🔥🍂' '🌳🌿']
 ['🌳🌿' '🔥🍂' 'E🌿' '🔥🍂']]
2023-05-12 06:31:35,788 INFO 
[['A🌿' '🌳🌿' '🌳🌿' 'B🌿']
 ['🌳🌿' 'C🔥' '🔥🍂' '🔥🍂']
 ['🌳🌿' 'D🔥' '🔥🍂' '🌳🌿']
 ['🌳🌿' '🔥🍂' 'E🌿' '🔥🍂']]
2023-05-12 06:32:35,848 INFO 
[['A🌿' '🔥🍂' '🌳🌿' 'B🌿']
 ['🌳🌿' 'C🌿' '🔥🍂' '🔥🍂']
 ['🌳🌿' 'D🔥' '🔥🍂' '🌳🌿']
 ['🌳🌿' '🔥🍂' 'E🔥' '🔥🍂']]
2023-05-12 06:33:35,908 INFO 
[['A🌿' '🔥🍂' '🔥🍂' 'B🌿']
 ['🌳🌿' 'C🌿' '🔥🍂' '🔥🍂']
 ['🌳🌿' 'D🔥' '🔥🍂' '🌳🌿']
 ['🌳🌿' '🔥🍂' 'E🔥' '🔥🍂']]
2023-05-12 06:34:35,968 INFO 
[['A🌿' '🔥🍂' '🔥🍂' 'B🌿']
 ['🌳🌿' 'C🔥' '🔥🍂' '🔥🍂']
 ['🌳🌿' 'D🔥' '🔥🍂' '🌳🌿']
 ['🌳🌿' '🔥🍂' 'E🔥' '🔥🍂']]
2023-05-12 06:35:36,029 INFO 
[['A🔥' '🔥🍂' '🔥🍂' 'B🌿']
 ['🌳🌿' 'C🔥' '🔥🍂' '🔥🍂']
 ['🌳🌿' 'D🔥' '🔥🍂' '🌳🌿']
 ['🌳🌿' '🌳🌿' 'E🔥' '🔥🍂']]
2023-05-12 06:36:36,088 INFO 
[['A🔥' '🔥🍂' '🔥🍂' 'B🌿']
 ['🌳🌿' 'C🔥' '🔥🍂' '🔥🍂']
 ['🌳🌿' 'D🌿' '🌳🌿' '🌳🌿']
 ['🌳🌿' '🌳🌿' 'E🌿' '🔥🍂']]
2023-05-12 06:37:36,148 INFO 
[['A🔥' '🔥🍂' '🌳🌿' 'B🌿']
 ['🌳🌿' 'C🔥' '🔥🍂' '🔥🍂']
 ['🌳🌿' 'D🌿' '🌳🌿' '🌳🌿']
 ['🌳🌿' '🌳🌿' 'E🌿' '🔥🍂']]
2023-05-12 06:38:36,152 INFO 
[['A🔥' '🔥🍂' '🌳🌿' 'B🌿']
 ['🌳🌿' 'C🔥' '🔥🍂' '🔥🍂']
 ['🌳🌿' 'D🌿' '🌳🌿' '🌳🌿']
 ['🌳🌿' '🌳🌿' 'E🔥' '🔥🍂']]
2023-05-12 06:39:36,212 INFO 
[['A🔥' '🔥🍂' '🌳🌿' 'B🌿']
 ['🔥🍂' 'C🔥' '🔥🍂' '🔥🍂']
 ['🌳🌿' 'D🌿' '🌳🌿' '🌳🌿']
 ['🌳🌿' '🌳🌿' 'E🔥' '🔥🍂']]
2023-05-12 06:40:36,272 INFO 
[['A🔥' '🔥🍂' '🌳🌿' 'B🌿']
 ['🔥🍂' 'C🌿' '🔥🍂' '🌳🌿']
 ['🌳🌿' 'D🌿' '🌳🌿' '🌳🌿']
 ['🌳🌿' '🌳🌿' 'E🔥' '🌳🌿']]
2023-05-12 06:41:36,332 INFO 
[['A🔥' '🔥🍂' '🌳🌿' 'B🌿']
 ['🔥🍂' 'C🔥' '🔥🍂' '🌳🌿']
 ['🌳🌿' 'D🌿' '🌳🌿' '🌳🌿']
 ['🌳🌿' '🌳🌿' 'E🔥' '🌳🌿']]
2023-05-12 06:42:36,392 INFO 
[['A🔥' '🔥🍂' '🔥🍂' 'B🌿']
 ['🔥🍂' 'C🔥' '🔥🍂' '🌳🌿']
 ['🔥🍂' 'D🌿' '🌳🌿' '🌳🌿']
 ['🌳🌿' '🌳🌿' 'E🔥' '🌳🌿']]
2023-05-12 06:43:36,452 INFO 
[['A🔥' '🔥🍂' '🔥🍂' 'B🌿']
 ['🔥🍂' 'C🔥' '🔥🍂' '🌳🌿']
 ['🔥🍂' 'D🌿' '🌳🌿' '🌳🌿']
 ['🌳🌿' '🌳🌿' 'E🔥' '🌳🌿']]
2023-05-12 06:44:36,512 INFO 
[['A🔥' '🔥🍂' '🔥🍂' 'B🌿']
 ['🔥🍂' 'C🔥' '🔥🍂' '🌳🌿']
 ['🔥🍂' 'D🌿' '🌳🌿' '🌳🌿']
 ['🔥🍂' '🌳🌿' 'E🔥' '🌳🌿']]
2023-05-12 06:45:36,572 INFO 
[['A🔥' '🔥🍂' '🔥🍂' 'B🌿']
 ['🔥🍂' 'C🔥' '🔥🍂' '🌳🌿']
 ['🔥🍂' 'D🔥' '🌳🌿' '🌳🌿']
 ['🔥🍂' '🌳🌿' 'E🌿' '🌳🌿']]
2023-05-12 06:46:36,632 INFO 
[['A🔥' '🔥🍂' '🔥🍂' 'B🌿']
 ['🔥🍂' 'C🔥' '🌳🌿' '🌳🌿']
 ['🔥🍂' 'D🔥' '🌳🌿' '🌳🌿']
 ['🔥🍂' '🌳🌿' 'E🌿' '🌳🌿']]
2023-05-12 06:47:36,644 INFO 
[['A🌿' '🔥🍂' '🔥🍂' 'B🌿']
 ['🔥🍂' 'C🔥' '🌳🌿' '🌳🌿']
 ['🔥🍂' 'D🔥' '🌳🌿' '🌳🌿']
 ['🔥🍂' '🌳🌿' 'E🌿' '🌳🌿']]
2023-05-12 06:48:36,704 INFO 
[['A🌿' '🌳🌿' '🔥🍂' 'B🌿']
 ['🔥🍂' 'C🔥' '🌳🌿' '🌳🌿']
 ['🔥🍂' 'D🔥' '🔥🍂' '🌳🌿']
 ['🔥🍂' '🌳🌿' 'E🌿' '🌳🌿']]
2023-05-12 06:49:36,765 INFO 
[['A🌿' '🌳🌿' '🔥🍂' 'B🌿']
 ['🌳🌿' 'C🔥' '🌳🌿' '🌳🌿']
 ['🔥🍂' 'D🔥' '🔥🍂' '🌳🌿']
 ['🔥🍂' '🔥🍂' 'E🌿' '🌳🌿']]
2023-05-12 06:50:36,824 INFO 
[['A🌿' '🔥🍂' '🔥🍂' 'B🌿']
 ['🔥🍂' 'C🔥' '🌳🌿' '🌳🌿']
 ['🔥🍂' 'D🔥' '🔥🍂' '🌳🌿']
 ['🔥🍂' '🔥🍂' 'E🌿' '🌳🌿']]
2023-05-12 06:51:36,884 INFO 
[['A🔥' '🌳🌿' '🔥🍂' 'B🔥']
 ['🔥🍂' 'C🔥' '🔥🍂' '🌳🌿']
 ['🔥🍂' 'D🌿' '🌳🌿' '🌳🌿']
 ['🔥🍂' '🔥🍂' 'E🌿' '🌳🌿']]
2023-05-12 06:52:36,901 INFO 
[['A🔥' '🌳🌿' '🔥🍂' 'B🔥']
 ['🔥🍂' 'C🔥' '🔥🍂' '🔥🍂']
 ['🌳🌿' 'D🌿' '🌳🌿' '🌳🌿']
 ['🌳🌿' '🔥🍂' 'E🌿' '🌳🌿']]
2023-05-12 06:53:36,960 INFO 
[['A🔥' '🌳🌿' '🔥🍂' 'B🔥']
 ['🌳🌿' 'C🔥' '🔥🍂' '🔥🍂']
 ['🌳🌿' 'D🔥' '🌳🌿' '🔥🍂']
 ['🔥🍂' '🔥🍂' 'E🌿' '🌳🌿']]
2023-05-12 06:54:37,020 INFO 
[['A🔥' '🔥🍂' '🔥🍂' 'B🔥']
 ['🌳🌿' 'C🔥' '🔥🍂' '🔥🍂']
 ['🔥🍂' 'D🌿' '🌳🌿' '🌳🌿']
 ['🔥🍂' '🔥🍂' 'E🌿' '🔥🍂']]
2023-05-12 06:55:37,061 INFO 
[['A🔥' '🔥🍂' '🔥🍂' 'B🔥']
 ['🌳🌿' 'C🔥' '🔥🍂' '🔥🍂']
 ['🔥🍂' 'D🌿' '🌳🌿' '🌳🌿']
 ['🔥🍂' '🔥🍂' 'E🌿' '🔥🍂']]
2023-05-12 06:56:37,120 INFO 
[['A🌿' '🔥🍂' '🔥🍂' 'B🔥']
 ['🌳🌿' 'C🔥' '🔥🍂' '🔥🍂']
 ['🔥🍂' 'D🌿' '🌳🌿' '🌳🌿']
 ['🔥🍂' '🌳🌿' 'E🌿' '🔥🍂']]
2023-05-12 06:57:37,180 INFO 
[['A🌿' '🔥🍂' '🔥🍂' 'B🔥']
 ['🌳🌿' 'C🔥' '🔥🍂' '🔥🍂']
 ['🔥🍂' 'D🔥' '🌳🌿' '🌳🌿']
 ['🔥🍂' '🌳🌿' 'E🌿' '🔥🍂']]
2023-05-12 06:58:37,240 INFO 
[['A🌿' '🔥🍂' '🔥🍂' 'B🔥']
 ['🔥🍂' 'C🔥' '🔥🍂' '🔥🍂']
 ['🔥🍂' 'D🔥' '🌳🌿' '🔥🍂']
 ['🔥🍂' '🔥🍂' 'E🌿' '🔥🍂']]
2023-05-12 06:59:37,300 INFO 
[['A🌿' '🔥🍂' '🔥🍂' 'B🔥']
 ['🔥🍂' 'C🔥' '🔥🍂' '🔥🍂']
 ['🔥🍂' 'D🔥' '🌳🌿' '🔥🍂']
 ['🔥🍂' '🔥🍂' 'E🌿' '🔥🍂']]
2023-05-12 07:00:37,361 INFO 
[['A🌿' '🔥🍂' '🌳🌿' 'B🔥']
 ['🔥🍂' 'C🔥' '🔥🍂' '🔥🍂']
 ['🔥🍂' 'D🔥' '🔥🍂' '🔥🍂']
 ['🔥🍂' '🔥🍂' 'E🌿' '🔥🍂']]
2023-05-12 07:01:37,420 INFO 
[['A🌿' '🔥🍂' '🌳🌿' 'B🔥']
 ['🔥🍂' 'C🔥' '🔥🍂' '🔥🍂']
 ['🔥🍂' 'D🔥' '🔥🍂' '🔥🍂']
 ['🌳🌿' '🔥🍂' 'E🌿' '🔥🍂']]
2023-05-12 07:02:37,480 INFO 
[['A🌿' '🔥🍂' '🌳🌿' 'B🔥']
 ['🔥🍂' 'C🔥' '🔥🍂' '🔥🍂']
 ['🔥🍂' 'D🌿' '🔥🍂' '🔥🍂']
 ['🔥🍂' '🌳🌿' 'E🌿' '🔥🍂']]
2023-05-12 07:03:37,541 INFO 
[['A🌿' '🌳🌿' '🔥🍂' 'B🔥']
 ['🔥🍂' 'C🌿' '🔥🍂' '🌳🌿']
 ['🔥🍂' 'D🌿' '🔥🍂' '🔥🍂']
 ['🔥🍂' '🔥🍂' 'E🌿' '🔥🍂']]
2023-05-12 07:04:37,601 INFO 
[['A🌿' '🌳🌿' '🔥🍂' 'B🔥']
 ['🔥🍂' 'C🌿' '🔥🍂' '🌳🌿']
 ['🔥🍂' 'D🔥' '🌳🌿' '🔥🍂']
 ['🔥🍂' '🌳🌿' 'E🌿' '🔥🍂']]
2023-05-12 07:05:37,660 INFO 
[['A🔥' '🌳🌿' '🔥🍂' 'B🌿']
 ['🔥🍂' 'C🌿' '🔥🍂' '🌳🌿']
 ['🔥🍂' 'D🔥' '🌳🌿' '🔥🍂']
 ['🔥🍂' '🔥🍂' 'E🌿' '🔥🍂']]
2023-05-12 07:06:37,714 INFO 
[['A🔥' '🔥🍂' '🔥🍂' 'B🌿']
 ['🌳🌿' 'C🌿' '🔥🍂' '🌳🌿']
 ['🔥🍂' 'D🔥' '🌳🌿' '🔥🍂']
 ['🔥🍂' '🔥🍂' 'E🌿' '🔥🍂']]
2023-05-12 07:07:37,775 INFO 
[['A🔥' '🔥🍂' '🔥🍂' 'B🌿']
 ['🌳🌿' 'C🌿' '🔥🍂' '🌳🌿']
 ['🔥🍂' 'D🔥' '🌳🌿' '🔥🍂']
 ['🔥🍂' '🔥🍂' 'E🌿' '🔥🍂']]
2023-05-12 07:08:37,836 INFO 
[['A🔥' '🔥🍂' '🔥🍂' 'B🌿']
 ['🌳🌿' 'C🌿' '🔥🍂' '🔥🍂']
 ['🔥🍂' 'D🔥' '🌳🌿' '🔥🍂']
 ['🔥🍂' '🔥🍂' 'E🌿' '🔥🍂']]
2023-05-12 07:09:37,896 INFO 
[['A🔥' '🔥🍂' '🔥🍂' 'B🌿']
 ['🌳🌿' 'C🌿' '🔥🍂' '🔥🍂']
 ['🔥🍂' 'D🌿' '🌳🌿' '🔥🍂']
 ['🔥🍂' '🔥🍂' 'E🌿' '🔥🍂']]
2023-05-12 07:10:37,956 INFO 
[['A🔥' '🔥🍂' '🔥🍂' 'B🌿']
 ['🌳🌿' 'C🌿' '🔥🍂' '🔥🍂']
 ['🔥🍂' 'D🌿' '🌳🌿' '🔥🍂']
 ['🔥🍂' '🔥🍂' 'E🔥' '🌳🌿']]
2023-05-12 07:11:38,016 INFO 
[['A🔥' '🔥🍂' '🔥🍂' 'B🌿']
 ['🌳🌿' 'C🌿' '🔥🍂' '🔥🍂']
 ['🔥🍂' 'D🔥' '🔥🍂' '🔥🍂']
 ['🔥🍂' '🔥🍂' 'E🔥' '🔥🍂']]
2023-05-12 07:12:38,076 INFO 
[['A🔥' '🔥🍂' '🔥🍂' 'B🌿']
 ['🔥🍂' 'C🌿' '🔥🍂' '🔥🍂']
 ['🔥🍂' 'D🔥' '🔥🍂' '🔥🍂']
 ['🔥🍂' '🌳🌿' 'E🔥' '🔥🍂']]
2023-05-12 07:13:38,136 INFO 
[['A🔥' '🔥🍂' '🔥🍂' 'B🔥']
 ['🔥🍂' 'C🔥' '🔥🍂' '🔥🍂']
 ['🔥🍂' 'D🔥' '🔥🍂' '🌳🌿']
 ['🔥🍂' '🌳🌿' 'E🔥' '🔥🍂']]
2023-05-12 07:14:38,196 INFO 
[['A🔥' '🔥🍂' '🔥🍂' 'B🔥']
 ['🔥🍂' 'C🔥' '🔥🍂' '🔥🍂']
 ['🔥🍂' 'D🌿' '🔥🍂' '🔥🍂']
 ['🔥🍂' '🌳🌿' 'E🔥' '🔥🍂']]
2023-05-12 07:15:38,256 INFO 
[['A🔥' '🔥🍂' '🌳🌿' 'B🔥']
 ['🔥🍂' 'C🔥' '🌳🌿' '🌳🌿']
 ['🔥🍂' 'D🌿' '🔥🍂' '🔥🍂']
 ['🔥🍂' '🌳🌿' 'E🔥' '🔥🍂']]
2023-05-12 07:16:38,316 INFO 
[['A🔥' '🔥🍂' '🌳🌿' 'B🌿']
 ['🔥🍂' 'C🔥' '🌳🌿' '🔥🍂']
 ['🔥🍂' 'D🌿' '🔥🍂' '🔥🍂']
 ['🔥🍂' '🌳🌿' 'E🌿' '🔥🍂']]
2023-05-12 07:17:38,377 INFO 
[['A🔥' '🌳🌿' '🌳🌿' 'B🌿']
 ['🔥🍂' 'C🔥' '🌳🌿' '🔥🍂']
 ['🔥🍂' 'D🔥' '🌳🌿' '🔥🍂']
 ['🔥🍂' '🌳🌿' 'E🌿' '🔥🍂']]
2023-05-12 07:18:38,436 INFO 
[['A🔥' '🌳🌿' '🌳🌿' 'B🌿']
 ['🔥🍂' 'C🔥' '🔥🍂' '🔥🍂']
 ['🌳🌿' 'D🔥' '🌳🌿' '🔥🍂']
 ['🔥🍂' '🌳🌿' 'E🌿' '🔥🍂']]
2023-05-12 07:19:38,496 INFO 
[['A🔥' '🌳🌿' '🌳🌿' 'B🌿']
 ['🔥🍂' 'C🔥' '🔥🍂' '🌳🌿']
 ['🔥🍂' 'D🔥' '🌳🌿' '🔥🍂']
 ['🔥🍂' '🔥🍂' 'E🌿' '🔥🍂']]
2023-05-12 07:20:38,556 INFO 
[['A🔥' '🌳🌿' '🌳🌿' 'B🌿']
 ['🔥🍂' 'C🔥' '🔥🍂' '🌳🌿']
 ['🔥🍂' 'D🔥' '🌳🌿' '🔥🍂']
 ['🔥🍂' '🔥🍂' 'E🔥' '🔥🍂']]
2023-05-12 07:21:38,616 INFO 
[['A🔥' '🌳🌿' '🌳🌿' 'B🌿']
 ['🔥🍂' 'C🔥' '🔥🍂' '🌳🌿']
 ['🔥🍂' 'D🔥' '🌳🌿' '🔥🍂']
 ['🔥🍂' '🔥🍂' 'E🔥' '🔥🍂']]
2023-05-12 07:22:38,676 INFO 
[['A🔥' '🌳🌿' '🔥🍂' 'B🌿']
 ['🌳🌿' 'C🔥' '🔥🍂' '🌳🌿']
 ['🔥🍂' 'D🔥' '🌳🌿' '🔥🍂']
 ['🔥🍂' '🔥🍂' 'E🔥' '🔥🍂']]
2023-05-12 07:23:38,736 INFO 
[['A🔥' '🌳🌿' '🔥🍂' 'B🌿']
 ['🌳🌿' 'C🔥' '🔥🍂' '🔥🍂']
 ['🔥🍂' 'D🔥' '🔥🍂' '🔥🍂']
 ['🔥🍂' '🔥🍂' 'E🌿' '🔥🍂']]
2023-05-12 07:24:38,796 INFO 
[['A🔥' '🌳🌿' '🔥🍂' 'B🌿']
 ['🌳🌿' 'C🔥' '🔥🍂' '🔥🍂']
 ['🔥🍂' 'D🔥' '🔥🍂' '🔥🍂']
 ['🔥🍂' '🔥🍂' 'E🌿' '🔥🍂']]
2023-05-12 07:25:38,856 INFO 
[['A🔥' '🌳🌿' '🔥🍂' 'B🔥']
 ['🌳🌿' 'C🔥' '🔥🍂' '🔥🍂']
 ['🔥🍂' 'D🔥' '🔥🍂' '🔥🍂']
 ['🔥🍂' '🔥🍂' 'E🌿' '🔥🍂']]
2023-05-12 07:26:38,916 INFO 
[['A🔥' '🌳🌿' '🔥🍂' 'B🔥']
 ['🔥🍂' 'C🔥' '🔥🍂' '🔥🍂']
 ['🔥🍂' 'D🌿' '🔥🍂' '🌳🌿']
 ['🔥🍂' '🌳🌿' 'E🌿' '🔥🍂']]
2023-05-12 07:27:38,976 INFO 
[['A🔥' '🌳🌿' '🔥🍂' 'B🔥']
 ['🔥🍂' 'C🔥' '🔥🍂' '🔥🍂']
 ['🔥🍂' 'D🌿' '🌳🌿' '🌳🌿']
 ['🔥🍂' '🌳🌿' 'E🌿' '🌳🌿']]
2023-05-12 07:28:39,036 INFO 
[['A🔥' '🌳🌿' '🔥🍂' 'B🔥']
 ['🔥🍂' 'C🔥' '🔥🍂' '🔥🍂']
 ['🔥🍂' 'D🌿' '🌳🌿' '🌳🌿']
 ['🔥🍂' '🌳🌿' 'E🌿' '🌳🌿']]
2023-05-12 07:29:39,097 INFO 
[['A🔥' '🔥🍂' '🔥🍂' 'B🔥']
 ['🔥🍂' 'C🔥' '🌳🌿' '🔥🍂']
 ['🌳🌿' 'D🌿' '🌳🌿' '🔥🍂']
 ['🔥🍂' '🌳🌿' 'E🌿' '🌳🌿']]
2023-05-12 07:30:39,156 INFO 
[['A🔥' '🔥🍂' '🔥🍂' 'B🔥']
 ['🔥🍂' 'C🔥' '🔥🍂' '🔥🍂']
 ['🌳🌿' 'D🌿' '🌳🌿' '🔥🍂']
 ['🔥🍂' '🔥🍂' 'E🌿' '🌳🌿']]
2023-05-12 07:31:39,217 INFO 
[['A🔥' '🔥🍂' '🔥🍂' 'B🔥']
 ['🔥🍂' 'C🔥' '🔥🍂' '🔥🍂']
 ['🔥🍂' 'D🔥' '🌳🌿' '🌳🌿']
 ['🌳🌿' '🔥🍂' 'E🌿' '🌳🌿']]
2023-05-12 07:32:39,276 INFO 
[['A🔥' '🔥🍂' '🔥🍂' 'B🔥']
 ['🔥🍂' 'C🔥' '🔥🍂' '🔥🍂']
 ['🔥🍂' 'D🔥' '🌳🌿' '🌳🌿']
 ['🔥🍂' '🌳🌿' 'E🌿' '🌳🌿']]
2023-05-12 07:33:39,336 INFO 
[['A🔥' '🔥🍂' '🌳🌿' 'B🔥']
 ['🔥🍂' 'C🔥' '🔥🍂' '🔥🍂']
 ['🔥🍂' 'D🔥' '🌳🌿' '🌳🌿']
 ['🌳🌿' '🔥🍂' 'E🌿' '🌳🌿']]
2023-05-12 07:34:39,396 INFO 
[['A🔥' '🔥🍂' '🌳🌿' 'B🔥']
 ['🌳🌿' 'C🌿' '🔥🍂' '🔥🍂']
 ['🔥🍂' 'D🔥' '🌳🌿' '🌳🌿']
 ['🌳🌿' '🌳🌿' 'E🌿' '🌳🌿']]
2023-05-12 07:35:39,457 INFO 
[['A🔥' '🔥🍂' '🔥🍂' 'B🔥']
 ['🔥🍂' 'C🔥' '🔥🍂' '🔥🍂']
 ['🔥🍂' 'D🔥' '🌳🌿' '🌳🌿']
 ['🌳🌿' '🌳🌿' 'E🌿' '🌳🌿']]
2023-05-12 07:36:39,517 INFO 
[['A🔥' '🔥🍂' '🔥🍂' 'B🔥']
 ['🔥🍂' 'C🔥' '🔥🍂' '🔥🍂']
 ['🔥🍂' 'D🔥' '🌳🌿' '🌳🌿']
 ['🌳🌿' '🔥🍂' 'E🌿' '🌳🌿']]
2023-05-12 07:37:39,576 INFO 
[['A🔥' '🔥🍂' '🔥🍂' 'B🔥']
 ['🔥🍂' 'C🔥' '🔥🍂' '🔥🍂']
 ['🌳🌿' 'D🔥' '🌳🌿' '🌳🌿']
 ['🌳🌿' '🔥🍂' 'E🌿' '🌳🌿']]
2023-05-12 07:38:39,636 INFO 
[['A🌿' '🔥🍂' '🔥🍂' 'B🌿']
 ['🔥🍂' 'C🔥' '🔥🍂' '🔥🍂']
 ['🌳🌿' 'D🌿' '🌳🌿' '🌳🌿']
 ['🌳🌿' '🔥🍂' 'E🌿' '🌳🌿']]
2023-05-12 07:39:39,697 INFO 
[['A🔥' '🔥🍂' '🔥🍂' 'B🌿']
 ['🌳🌿' 'C🔥' '🌳🌿' '🌳🌿']
 ['🌳🌿' 'D🌿' '🌳🌿' '🌳🌿']
 ['🌳🌿' '🔥🍂' 'E🔥' '🌳🌿']]
2023-05-12 07:40:39,756 INFO 
[['A🔥' '🔥🍂' '🔥🍂' 'B🌿']
 ['🌳🌿' 'C🔥' '🌳🌿' '🌳🌿']
 ['🌳🌿' 'D🌿' '🌳🌿' '🌳🌿']
 ['🌳🌿' '🔥🍂' 'E🔥' '🌳🌿']]
2023-05-12 07:41:39,816 INFO 
[['A🔥' '🔥🍂' '🌳🌿' 'B🌿']
 ['🌳🌿' 'C🔥' '🌳🌿' '🌳🌿']
 ['🌳🌿' 'D🌿' '🌳🌿' '🌳🌿']
 ['🔥🍂' '🔥🍂' 'E🔥' '🌳🌿']]
2023-05-12 07:42:39,876 INFO 
[['A🔥' '🔥🍂' '🌳🌿' 'B🌿']
 ['🌳🌿' 'C🔥' '🌳🌿' '🌳🌿']
 ['🌳🌿' 'D🌿' '🌳🌿' '🌳🌿']
 ['🔥🍂' '🌳🌿' 'E🔥' '🌳🌿']]
2023-05-12 07:43:39,936 INFO 
[['A🔥' '🔥🍂' '🌳🌿' 'B🌿']
 ['🌳🌿' 'C🔥' '🔥🍂' '🌳🌿']
 ['🔥🍂' 'D🌿' '🌳🌿' '🌳🌿']
 ['🔥🍂' '🌳🌿' 'E🌿' '🌳🌿']]
2023-05-12 07:44:39,996 INFO 
[['A🔥' '🔥🍂' '🔥🍂' 'B🌿']
 ['🔥🍂' 'C🔥' '🌳🌿' '🌳🌿']
 ['🔥🍂' 'D🌿' '🌳🌿' '🌳🌿']
 ['🔥🍂' '🌳🌿' 'E🌿' '🌳🌿']]
2023-05-12 07:45:40,056 INFO 
[['A🌿' '🔥🍂' '🔥🍂' 'B🌿']
 ['🔥🍂' 'C🔥' '🌳🌿' '🌳🌿']
 ['🌳🌿' 'D🔥' '🌳🌿' '🌳🌿']
 ['🔥🍂' '🌳🌿' 'E🌿' '🌳🌿']]
2023-05-12 07:46:40,116 INFO 
[['A🔥' '🔥🍂' '🌳🌿' 'B🔥']
 ['🔥🍂' 'C🔥' '🌳🌿' '🌳🌿']
 ['🔥🍂' 'D🌿' '🌳🌿' '🌳🌿']
 ['🔥🍂' '🌳🌿' 'E🌿' '🌳🌿']]
2023-05-12 07:47:40,169 INFO 
[['A🔥' '🔥🍂' '🌳🌿' 'B🔥']
 ['🔥🍂' 'C🔥' '🌳🌿' '🌳🌿']
 ['🔥🍂' 'D🌿' '🌳🌿' '🌳🌿']
 ['🔥🍂' '🌳🌿' 'E🌿' '🌳🌿']]
2023-05-12 07:48:40,226 INFO 
[['A🔥' '🌳🌿' '🔥🍂' 'B🔥']
 ['🔥🍂' 'C🔥' '🌳🌿' '🌳🌿']
 ['🔥🍂' 'D🌿' '🌳🌿' '🌳🌿']
 ['🔥🍂' '🌳🌿' 'E🌿' '🌳🌿']]
2023-05-12 07:49:40,284 INFO 
[['A🔥' '🌳🌿' '🔥🍂' 'B🔥']
 ['🔥🍂' 'C🔥' '🌳🌿' '🌳🌿']
 ['🔥🍂' 'D🌿' '🌳🌿' '🌳🌿']
 ['🔥🍂' '🌳🌿' 'E🌿' '🌳🌿']]
2023-05-12 07:50:40,344 INFO 
[['A🌿' '🔥🍂' '🌳🌿' 'B🔥']
 ['🔥🍂' 'C🔥' '🌳🌿' '🌳🌿']
 ['🔥🍂' 'D🌿' '🌳🌿' '🌳🌿']
 ['🌳🌿' '🌳🌿' 'E🌿' '🌳🌿']]
2023-05-12 07:51:40,404 INFO 
[['A🌿' '🔥🍂' '🌳🌿' 'B🔥']
 ['🔥🍂' 'C🔥' '🌳🌿' '🌳🌿']
 ['🔥🍂' 'D🔥' '🌳🌿' '🌳🌿']
 ['🌳🌿' '🌳🌿' 'E🌿' '🌳🌿']]
2023-05-12 07:52:40,465 INFO 
[['A🌿' '🔥🍂' '🌳🌿' 'B🔥']
 ['🔥🍂' 'C🔥' '🌳🌿' '🌳🌿']
 ['🔥🍂' 'D🔥' '🌳🌿' '🌳🌿']
 ['🌳🌿' '🌳🌿' 'E🌿' '🌳🌿']]
2023-05-12 07:53:40,525 INFO 
[['A🔥' '🔥🍂' '🌳🌿' 'B🔥']
 ['🔥🍂' 'C🔥' '🌳🌿' '🌳🌿']
 ['🔥🍂' 'D🔥' '🔥🍂' '🌳🌿']
 ['🌳🌿' '🌳🌿' 'E🌿' '🌳🌿']]
2023-05-12 07:54:40,584 INFO 
[['A🔥' '🔥🍂' '🌳🌿' 'B🔥']
 ['🔥🍂' 'C🌿' '🌳🌿' '🌳🌿']
 ['🔥🍂' 'D🔥' '🔥🍂' '🌳🌿']
 ['🌳🌿' '🌳🌿' 'E🌿' '🌳🌿']]
2023-05-12 07:55:40,644 INFO 
[['A🔥' '🌳🌿' '🌳🌿' 'B🔥']
 ['🔥🍂' 'C🌿' '🌳🌿' '🌳🌿']
 ['🔥🍂' 'D🔥' '🌳🌿' '🌳🌿']
 ['🌳🌿' '🌳🌿' 'E🌿' '🌳🌿']]
2023-05-12 07:56:40,704 INFO 
[['A🔥' '🌳🌿' '🌳🌿' 'B🔥']
 ['🔥🍂' 'C🌿' '🌳🌿' '🌳🌿']
 ['🔥🍂' 'D🔥' '🔥🍂' '🌳🌿']
 ['🌳🌿' '🌳🌿' 'E🌿' '🌳🌿']]
