2023-05-10 09:25:38,865 INFO Creation of log point_matrix
2023-05-10 09:25:43,031 INFO 
[['A🌿' '🌳🌿' '🌳🌿' 'B🌿']
 ['🌳🌿' 'C🌿' '🌳🌿' '🌳🌿']
 ['🌳🌿' 'D🌿' '🌳🌿' '🌳🌿']
 ['🌳🌿' '🌳🌿' 'E🌿' '🌳🌿']]
2023-05-10 09:26:38,885 INFO 
[['A🌿' '🌳🌿' '🌳🌿' 'B🌿']
 ['🌳🌿' 'C🌿' '🌳🌿' '🌳🌿']
 ['🌳🌿' 'D🌿' '🌳🌿' '🌳🌿']
 ['🌳🌿' '🌳🌿' 'E🚁' '🌳🌿']]
2023-05-10 09:27:38,890 INFO 
[['A🌿' '🌳🌿' '🌳🌿' 'B🌿']
 ['🌳🌿' 'C🌿' '🌳🌿' '🌳🌿']
 ['🌳🌿' 'D🌿' '🌳🌿' '🌳🌿']
 ['🌳🌿' '🌳🌿' 'E🚁' '🌳🌿']]
2023-05-10 09:28:38,891 INFO 
[['A🌿' '🌳🌿' '🌳🌿' 'B🌿']
 ['🌳🌿' 'C🚁' '🌳🌿' '🌳🌿']
 ['🌳🌿' 'D🌿' '🌳🌿' '🌳🌿']
 ['🌳🌿' '🌳🌿' 'E🌿' '🌳🌿']]
2023-05-10 09:29:38,892 INFO 
[['A🌿' '🌳🌿' '🌳🌿' 'B🌿']
 ['🌳🌿' 'C🌿' '🌳🌿' '🌳🌿']
 ['🌳🌿' 'D🚁' '🌳🌿' '🌳🌿']
 ['🌳🌿' '🌳🌿' 'E🌿' '🌳🌿']]
2023-05-10 09:30:38,895 INFO 
[['A🌿' '🌳🌿' '🌳🌿' 'B🌿']
 ['🌳🌿' 'C🌿' '🌳🌿' '🌳🌿']
 ['🌳🌿' 'D🌿' '🌳🌿' '🌳🌿']
 ['🌳🌿' '🌳🌿' 'E🌿' '🌳🌿']]
2023-05-10 09:31:38,896 INFO 
[['A🌿' '🌳🌿' '🌳🌿' 'B🌿']
 ['🌳🌿' 'C🌿' '🌳🌿' '🌳🌿']
 ['🌳🌿' 'D🌿' '🔥🍂' '🌳🌿']
 ['🌳🌿' '🌳🌿' 'E🔥' '🌳🌿']]
2023-05-10 09:32:38,899 INFO 
[['A🌿' '🌳🌿' '🌳🌿' 'B🌿']
 ['🌳🌿' 'C🌿' '🌳🌿' '🌳🌿']
 ['🌳🌿' 'D🌿' '🔥🍂' '🌳🌿']
 ['🌳🌿' '🌳🌿' 'E🚁' '🌳🌿']]
2023-05-10 09:33:38,902 INFO 
[['A🌿' '🌳🌿' '🌳🌿' 'B🌿']
 ['🌳🌿' 'C🌿' '🌳🌿' '🌳🌿']
 ['🌳🌿' 'D🌿' '🔥🍂' '🌳🌿']
 ['🌳🌿' '🌳🌿' 'E🌿' '🌳🌿']]
2023-05-10 09:34:38,903 INFO 
[['A🌿' '🌳🌿' '🌳🌿' 'B🌿']
 ['🌳🌿' 'C🌿' '🌳🌿' '🌳🌿']
 ['🌳🌿' 'D🌿' '🔥🍂' '🌳🌿']
 ['🌳🌿' '🌳🌿' 'E🌿' '🌳🌿']]
2023-05-10 09:35:38,905 INFO 
[['A🌿' '🌳🌿' '🌳🌿' 'B🌿']
 ['🌳🌿' 'C🌿' '🌳🌿' '🌳🌿']
 ['🌳🌿' 'D🚒' '🔥🍂' '🌳🌿']
 ['🌳🌿' '🌳🌿' 'E🌿' '🌳🌿']]
2023-05-10 09:36:38,906 INFO 
[['A🌿' '🌳🌿' '🌳🌿' 'B🌿']
 ['🌳🌿' 'C🌿' '🔥🍂' '🌳🌿']
 ['🔥🍂' 'D🔥' '🔥🍂' '🌳🌿']
 ['🌳🌿' '🌳🌿' 'E🌿' '🌳🌿']]
2023-05-10 09:37:38,908 INFO 
[['A🌿' '🌳🌿' '🌳🌿' 'B🌿']
 ['🌳🌿' 'C🌿' '🔥🍂' '🌳🌿']
 ['🔥🍂' 'D🔥' '🔥🍂' '🌳🌿']
 ['🔥🍂' '🌳🌿' 'E🚁' '🌳🌿']]
2023-05-10 09:38:38,909 INFO 
[['A🌿' '🌳🌿' '🌳🌿' 'B🌿']
 ['🌳🌿' 'C🚁' '🔥🍂' '🌳🌿']
 ['🔥🍂' 'D🔥' '🔥🍂' '🌳🌿']
 ['🔥🍂' '🌳🌿' 'E🌿' '🌳🌿']]
2023-05-10 09:39:38,912 INFO 
[['A🌿' '🌳🌿' '🔥🍂' 'B🌿']
 ['🌳🌿' 'C🌿' '🔥🍂' '🌳🌿']
 ['🔥🍂' 'D🌿' '🔥🍂' '🌳🌿']
 ['🔥🍂' '🌳🌿' 'E🌿' '🌳🌿']]
2023-05-10 09:40:38,921 INFO 
[['A🌿' '🌳🌿' '🔥🍂' 'B🔥']
 ['🌳🌿' 'C🌿' '🔥🍂' '🌳🌿']
 ['🔥🍂' 'D🌿' '🔥🍂' '🔥🍂']
 ['🔥🍂' '🌳🌿' 'E🚁' '🌳🌿']]
2023-05-10 09:41:38,922 INFO 
[['A🌿' '🌳🌿' '🔥🍂' 'B🔥']
 ['🔥🍂' 'C🌿' '🔥🍂' '🌳🌿']
 ['🔥🍂' 'D🔥' '🔥🍂' '🔥🍂']
 ['🔥🍂' '🌳🌿' 'E🚁' '🌳🌿']]
2023-05-10 09:42:38,926 INFO 
[['A🚁' '🌳🌿' '🔥🍂' 'B🔥']
 ['🌳🌿' 'C🌿' '🔥🍂' '🔥🍂']
 ['🔥🍂' 'D🔥' '🔥🍂' '🔥🍂']
 ['🔥🍂' '🌳🌿' 'E🌿' '🌳🌿']]
2023-05-10 09:43:38,929 INFO 
[['A🌿' '🌳🌿' '🔥🍂' 'B🌿']
 ['🌳🌿' 'C🌿' '🔥🍂' '🔥🍂']
 ['🔥🍂' 'D🚒' '🔥🍂' '🔥🍂']
 ['🔥🍂' '🌳🌿' 'E🔥' '🌳🌿']]
2023-05-10 09:44:38,932 INFO 
[['A🚁' '🌳🌿' '🔥🍂' 'B🌿']
 ['🌳🌿' 'C🌿' '🔥🍂' '🔥🍂']
 ['🔥🍂' 'D🔥' '🔥🍂' '🔥🍂']
 ['🔥🍂' '🔥🍂' 'E🌿' '🌳🌿']]
2023-05-10 09:45:38,934 INFO 
[['A🌿' '🌳🌿' '🌳🌿' 'B🌿']
 ['🌳🌿' 'C🌿' '🌳🌿' '🌳🌿']
 ['🌳🌿' 'D🌿' '🌳🌿' '🌳🌿']
 ['🌳🌿' '🌳🌿' 'E🌿' '🌳🌿']]
2023-05-10 09:46:10,034 CRITICAL Starting new episode - Episode 1
2023-05-10 09:46:38,936 INFO 
[['A🌿' '🌳🌿' '🌳🌿' 'B🌿']
 ['🌳🌿' 'C🌿' '🌳🌿' '🌳🌿']
 ['🌳🌿' 'D🌿' '🌳🌿' '🌳🌿']
 ['🌳🌿' '🌳🌿' 'E🚁' '🌳🌿']]
2023-05-10 09:47:38,945 INFO 
[['A🌿' '🌳🌿' '🌳🌿' 'B🌿']
 ['🌳🌿' 'C🌿' '🌳🌿' '🌳🌿']
 ['🌳🌿' 'D🌿' '🌳🌿' '🌳🌿']
 ['🌳🌿' '🌳🌿' 'E🚁' '🌳🌿']]
2023-05-10 09:48:38,950 INFO 
[['A🌿' '🌳🌿' '🌳🌿' 'B🌿']
 ['🌳🌿' 'C🌿' '🌳🌿' '🌳🌿']
 ['🌳🌿' 'D🌿' '🌳🌿' '🌳🌿']
 ['🌳🌿' '🌳🌿' 'E🚁' '🌳🌿']]
2023-05-10 09:49:38,954 INFO 
[['A🌿' '🌳🌿' '🌳🌿' 'B🌿']
 ['🌳🌿' 'C🚁' '🌳🌿' '🌳🌿']
 ['🌳🌿' 'D🌿' '🌳🌿' '🌳🌿']
 ['🌳🌿' '🌳🌿' 'E🌿' '🌳🌿']]
2023-05-10 09:50:38,955 INFO 
[['A🌿' '🌳🌿' '🌳🌿' 'B🌿']
 ['🌳🌿' 'C🌿' '🌳🌿' '🌳🌿']
 ['🌳🌿' 'D🌿' '🌳🌿' '🌳🌿']
 ['🌳🌿' '🌳🌿' 'E🌿' '🌳🌿']]
2023-05-10 09:51:38,957 INFO 
[['A🌿' '🌳🌿' '🌳🌿' 'B🌿']
 ['🌳🌿' 'C🌿' '🌳🌿' '🌳🌿']
 ['🌳🌿' 'D🌿' '🌳🌿' '🌳🌿']
 ['🌳🌿' '🌳🌿' 'E🌿' '🌳🌿']]
2023-05-10 09:52:14,806 CRITICAL Starting new episode - Episode 2
2023-05-10 09:52:38,959 INFO 
[['A🌿' '🌳🌿' '🌳🌿' 'B🌿']
 ['🌳🌿' 'C🌿' '🌳🌿' '🌳🌿']
 ['🌳🌿' 'D🌿' '🌳🌿' '🌳🌿']
 ['🌳🌿' '🌳🌿' 'E🌿' '🌳🌿']]
2023-05-10 09:53:38,962 INFO 
[['A🌿' '🌳🌿' '🌳🌿' 'B🌿']
 ['🌳🌿' 'C🌿' '🌳🌿' '🌳🌿']
 ['🌳🌿' 'D🌿' '🌳🌿' '🌳🌿']
 ['🌳🌿' '🌳🌿' 'E🚁' '🌳🌿']]
2023-05-10 09:54:38,970 INFO 
[['A🌿' '🌳🌿' '🌳🌿' 'B🚁']
 ['🌳🌿' 'C🌿' '🌳🌿' '🌳🌿']
 ['🌳🌿' 'D🌿' '🌳🌿' '🌳🌿']
 ['🌳🌿' '🌳🌿' 'E🌿' '🌳🌿']]
2023-05-10 09:55:38,973 INFO 
[['A🌿' '🌳🌿' '🌳🌿' 'B🌿']
 ['🌳🌿' 'C🌿' '🌳🌿' '🌳🌿']
 ['🌳🌿' 'D🌿' '🌳🌿' '🌳🌿']
 ['🌳🌿' '🌳🌿' 'E🚁' '🌳🌿']]
2023-05-10 09:56:38,973 INFO 
[['A🌿' '🌳🌿' '🌳🌿' 'B🌿']
 ['🌳🌿' 'C🚁' '🌳🌿' '🌳🌿']
 ['🌳🌿' 'D🌿' '🌳🌿' '🌳🌿']
 ['🌳🌿' '🌳🌿' 'E🌿' '🌳🌿']]
2023-05-10 09:57:38,975 INFO 
[['A🌿' '🌳🌿' '🌳🌿' 'B🌿']
 ['🌳🌿' 'C🌿' '🌳🌿' '🌳🌿']
 ['🌳🌿' 'D🌿' '🌳🌿' '🌳🌿']
 ['🌳🌿' '🌳🌿' 'E🌿' '🌳🌿']]
2023-05-10 09:58:24,391 CRITICAL Starting new episode - Episode 3
2023-05-10 09:58:38,977 INFO 
[['A🔥' '🌳🌿' '🌳🌿' 'B🌿']
 ['🌳🌿' 'C🌿' '🌳🌿' '🌳🌿']
 ['🌳🌿' 'D🌿' '🌳🌿' '🌳🌿']
 ['🌳🌿' '🌳🌿' 'E🌿' '🌳🌿']]
2023-05-10 09:59:38,981 INFO 
[['A🔥' '🌳🌿' '🌳🌿' 'B🌿']
 ['🌳🌿' 'C🌿' '🌳🌿' '🌳🌿']
 ['🌳🌿' 'D🌿' '🌳🌿' '🌳🌿']
 ['🌳🌿' '🌳🌿' 'E🚁' '🌳🌿']]
2023-05-10 10:00:38,982 INFO 
[['A🔥' '🌳🌿' '🌳🌿' 'B🌿']
 ['🌳🌿' 'C🌿' '🌳🌿' '🌳🌿']
 ['🌳🌿' 'D🌿' '🌳🌿' '🌳🌿']
 ['🌳🌿' '🌳🌿' 'E🚁' '🌳🌿']]
2023-05-10 10:01:38,986 INFO 
[['A🚒' '🌳🌿' '🌳🌿' 'B🌿']
 ['🌳🌿' 'C🌿' '🌳🌿' '🌳🌿']
 ['🌳🌿' 'D🌿' '🌳🌿' '🌳🌿']
 ['🌳🌿' '🌳🌿' 'E🌿' '🌳🌿']]
2023-05-10 10:02:38,989 INFO 
[['A🔥' '🌳🌿' '🌳🌿' 'B🌿']
 ['🌳🌿' 'C🌿' '🌳🌿' '🌳🌿']
 ['🌳🌿' 'D🚁' '🌳🌿' '🌳🌿']
 ['🌳🌿' '🌳🌿' 'E🌿' '🌳🌿']]
2023-05-10 10:03:38,991 INFO 
[['A🔥' '🌳🌿' '🌳🌿' 'B🌿']
 ['🌳🌿' 'C🌿' '🌳🌿' '🌳🌿']
 ['🌳🌿' 'D🚁' '🌳🌿' '🌳🌿']
 ['🌳🌿' '🌳🌿' 'E🌿' '🌳🌿']]
2023-05-10 10:04:38,992 INFO 
[['A🌿' '🌳🌿' '🌳🌿' 'B🌿']
 ['🌳🌿' 'C🌿' '🌳🌿' '🌳🌿']
 ['🌳🌿' 'D🌿' '🌳🌿' '🌳🌿']
 ['🌳🌿' '🌳🌿' 'E🌿' '🌳🌿']]
2023-05-10 10:04:59,914 CRITICAL Starting new episode - Episode 4
2023-05-10 10:05:38,994 INFO 
[['A🌿' '🌳🌿' '🌳🌿' 'B🌿']
 ['🌳🌿' 'C🌿' '🌳🌿' '🌳🌿']
 ['🌳🌿' 'D🌿' '🌳🌿' '🌳🌿']
 ['🌳🌿' '🌳🌿' 'E🚁' '🌳🌿']]
2023-05-10 10:06:39,002 INFO 
[['A🌿' '🌳🌿' '🌳🌿' 'B🌿']
 ['🌳🌿' 'C🌿' '🌳🌿' '🌳🌿']
 ['🌳🌿' 'D🌿' '🌳🌿' '🌳🌿']
 ['🌳🌿' '🌳🌿' 'E🚁' '🌳🌿']]
2023-05-10 10:07:39,003 INFO 
[['A🌿' '🌳🌿' '🌳🌿' 'B🌿']
 ['🌳🌿' 'C🌿' '🌳🌿' '🌳🌿']
 ['🌳🌿' 'D🌿' '🌳🌿' '🌳🌿']
 ['🌳🌿' '🌳🌿' 'E🚁' '🌳🌿']]
2023-05-10 10:08:39,006 INFO 
[['A🌿' '🌳🌿' '🌳🌿' 'B🚁']
 ['🌳🌿' 'C🌿' '🌳🌿' '🌳🌿']
 ['🌳🌿' 'D🌿' '🌳🌿' '🌳🌿']
 ['🌳🌿' '🌳🌿' 'E🌿' '🌳🌿']]
2023-05-10 10:09:39,007 INFO 
[['A🌿' '🌳🌿' '🌳🌿' 'B🚁']
 ['🌳🌿' 'C🌿' '🌳🌿' '🌳🌿']
 ['🌳🌿' 'D🌿' '🌳🌿' '🌳🌿']
 ['🌳🌿' '🌳🌿' 'E🌿' '🌳🌿']]
2023-05-10 10:10:39,009 INFO 
[['A🌿' '🌳🌿' '🌳🌿' 'B🌿']
 ['🌳🌿' 'C🌿' '🌳🌿' '🌳🌿']
 ['🌳🌿' 'D🌿' '🌳🌿' '🌳🌿']
 ['🌳🌿' '🌳🌿' 'E🌿' '🌳🌿']]
2023-05-10 10:11:15,613 CRITICAL Starting new episode - Episode 5
2023-05-10 10:11:39,010 INFO 
[['A🌿' '🌳🌿' '🌳🌿' 'B🌿']
 ['🌳🌿' 'C🌿' '🌳🌿' '🌳🌿']
 ['🌳🌿' 'D🌿' '🌳🌿' '🌳🌿']
 ['🌳🌿' '🌳🌿' 'E🌿' '🌳🌿']]
2023-05-10 10:12:39,013 INFO 
[['A🌿' '🌳🌿' '🌳🌿' 'B🌿']
 ['🌳🌿' 'C🌿' '🌳🌿' '🌳🌿']
 ['🌳🌿' 'D🔥' '🌳🌿' '🌳🌿']
 ['🌳🌿' '🌳🌿' 'E🚁' '🌳🌿']]
2023-05-10 10:13:39,018 INFO 
[['A🌿' '🌳🌿' '🌳🌿' 'B🌿']
 ['🌳🌿' 'C🌿' '🌳🌿' '🌳🌿']
 ['🌳🌿' 'D🚒' '🌳🌿' '🌳🌿']
 ['🌳🌿' '🌳🌿' 'E🌿' '🌳🌿']]
2023-05-10 10:14:39,021 INFO 
[['A🌿' '🌳🌿' '🌳🌿' 'B🌿']
 ['🌳🌿' 'C🌿' '🌳🌿' '🌳🌿']
 ['🌳🌿' 'D🚒' '🌳🌿' '🌳🌿']
 ['🌳🌿' '🔥🍂' 'E🌿' '🌳🌿']]
2023-05-10 10:15:39,022 INFO 
[['A🌿' '🌳🌿' '🌳🌿' 'B🌿']
 ['🌳🌿' 'C🌿' '🌳🌿' '🌳🌿']
 ['🔥🍂' 'D🚒' '🔥🍂' '🌳🌿']
 ['🌳🌿' '🔥🍂' 'E🌿' '🌳🌿']]
2023-05-10 10:16:39,024 INFO 
[['A🌿' '🌳🌿' '🌳🌿' 'B🌿']
 ['🌳🌿' 'C🌿' '🌳🌿' '🌳🌿']
 ['🌳🌿' 'D🌿' '🌳🌿' '🌳🌿']
 ['🌳🌿' '🌳🌿' 'E🌿' '🌳🌿']]
2023-05-10 10:17:11,039 CRITICAL Starting new episode - Episode 6
2023-05-10 10:17:39,026 INFO 
[['A🌿' '🌳🌿' '🌳🌿' 'B🌿']
 ['🌳🌿' 'C🌿' '🌳🌿' '🌳🌿']
 ['🌳🌿' 'D🌿' '🌳🌿' '🌳🌿']
 ['🌳🌿' '🌳🌿' 'E🚁' '🌳🌿']]
2023-05-10 10:18:39,034 INFO 
[['A🌿' '🌳🌿' '🌳🌿' 'B🌿']
 ['🌳🌿' 'C🌿' '🌳🌿' '🌳🌿']
 ['🌳🌿' 'D🌿' '🌳🌿' '🔥🍂']
 ['🌳🌿' '🌳🌿' 'E🚁' '🌳🌿']]
2023-05-10 10:19:39,038 INFO 
[['A🚁' '🌳🌿' '🌳🌿' 'B🌿']
 ['🌳🌿' 'C🌿' '🌳🌿' '🌳🌿']
 ['🌳🌿' 'D🌿' '🌳🌿' '🔥🍂']
 ['🌳🌿' '🌳🌿' 'E🌿' '🔥🍂']]
2023-05-10 10:20:39,039 INFO 
[['A🌿' '🌳🌿' '🌳🌿' 'B🌿']
 ['🌳🌿' 'C🌿' '🌳🌿' '🌳🌿']
 ['🌳🌿' 'D🚁' '🌳🌿' '🔥🍂']
 ['🌳🌿' '🌳🌿' 'E🌿' '🔥🍂']]
2023-05-10 10:21:39,041 INFO 
[['A🌿' '🌳🌿' '🌳🌿' 'B🌿']
 ['🌳🌿' 'C🌿' '🌳🌿' '🔥🍂']
 ['🌳🌿' 'D🚁' '🌳🌿' '🔥🍂']
 ['🌳🌿' '🌳🌿' 'E🌿' '🔥🍂']]
2023-05-10 10:22:39,042 INFO 
[['A🌿' '🌳🌿' '🌳🌿' 'B🌿']
 ['🌳🌿' 'C🌿' '🌳🌿' '🔥🍂']
 ['🌳🌿' 'D🌿' '🔥🍂' '🔥🍂']
 ['🌳🌿' '🌳🌿' 'E🌿' '🔥🍂']]
2023-05-10 10:23:39,044 INFO 
[['A🌿' '🌳🌿' '🌳🌿' 'B🌿']
 ['🌳🌿' 'C🌿' '🌳🌿' '🔥🍂']
 ['🌳🌿' 'D🌿' '🔥🍂' '🌳🌿']
 ['🌳🌿' '🌳🌿' 'E🚒' '🌳🌿']]
2023-05-10 10:24:39,047 INFO 
[['A🚁' '🌳🌿' '🌳🌿' 'B🌿']
 ['🌳🌿' 'C🌿' '🌳🌿' '🌳🌿']
 ['🌳🌿' 'D🌿' '🔥🍂' '🌳🌿']
 ['🌳🌿' '🌳🌿' 'E🌿' '🌳🌿']]
2023-05-10 10:25:39,049 INFO 
[['A🚁' '🌳🌿' '🌳🌿' 'B🌿']
 ['🌳🌿' 'C🌿' '🌳🌿' '🌳🌿']
 ['🌳🌿' 'D🌿' '🔥🍂' '🌳🌿']
 ['🌳🌿' '🌳🌿' 'E🌿' '🌳🌿']]
2023-05-10 10:26:39,054 INFO 
[['A🌿' '🌳🌿' '🌳🌿' 'B🚁']
 ['🌳🌿' 'C🌿' '🌳🌿' '🌳🌿']
 ['🌳🌿' 'D🌿' '🔥🍂' '🌳🌿']
 ['🌳🌿' '🌳🌿' 'E🌿' '🌳🌿']]
2023-05-10 10:27:39,055 INFO 
[['A🌿' '🌳🌿' '🌳🌿' 'B🚁']
 ['🌳🌿' 'C🌿' '🌳🌿' '🌳🌿']
 ['🌳🌿' 'D🌿' '🔥🍂' '🌳🌿']
 ['🌳🌿' '🌳🌿' 'E🌿' '🌳🌿']]
2023-05-10 10:28:39,057 INFO 
[['A🌿' '🌳🌿' '🌳🌿' 'B🌿']
 ['🌳🌿' 'C🌿' '🌳🌿' '🌳🌿']
 ['🌳🌿' 'D🌿' '🌳🌿' '🌳🌿']
 ['🌳🌿' '🌳🌿' 'E🌿' '🌳🌿']]
2023-05-10 10:29:09,205 CRITICAL Starting new episode - Episode 7
2023-05-10 10:29:39,060 INFO 
[['A🌿' '🌳🌿' '🌳🌿' 'B🌿']
 ['🌳🌿' 'C🌿' '🌳🌿' '🌳🌿']
 ['🌳🌿' 'D🌿' '🌳🌿' '🌳🌿']
 ['🌳🌿' '🌳🌿' 'E🚁' '🌳🌿']]
2023-05-10 10:30:39,061 INFO 
[['A🌿' '🌳🌿' '🌳🌿' 'B🌿']
 ['🌳🌿' 'C🚁' '🌳🌿' '🌳🌿']
 ['🌳🌿' 'D🌿' '🌳🌿' '🌳🌿']
 ['🌳🌿' '🌳🌿' 'E🌿' '🌳🌿']]
2023-05-10 10:31:39,063 INFO 
[['A🌿' '🌳🌿' '🌳🌿' 'B🌿']
 ['🌳🌿' 'C🌿' '🌳🌿' '🌳🌿']
 ['🌳🌿' 'D🌿' '🌳🌿' '🔥🍂']
 ['🌳🌿' '🌳🌿' 'E🚁' '🌳🌿']]
2023-05-10 10:32:39,065 INFO 
[['A🌿' '🌳🌿' '🌳🌿' 'B🌿']
 ['🌳🌿' 'C🌿' '🌳🌿' '🌳🌿']
 ['🌳🌿' 'D🌿' '🌳🌿' '🔥🍂']
 ['🌳🌿' '🌳🌿' 'E🚁' '🌳🌿']]
2023-05-10 10:33:39,066 INFO 
[['A🌿' '🌳🌿' '🌳🌿' 'B🌿']
 ['🌳🌿' 'C🌿' '🌳🌿' '🌳🌿']
 ['🌳🌿' 'D🌿' '🌳🌿' '🔥🍂']
 ['🌳🌿' '🌳🌿' 'E🌿' '🌳🌿']]
2023-05-10 10:34:39,068 INFO 
[['A🌿' '🌳🌿' '🌳🌿' 'B🌿']
 ['🌳🌿' 'C🌿' '🌳🌿' '🌳🌿']
 ['🌳🌿' 'D🌿' '🌳🌿' '🌳🌿']
 ['🌳🌿' '🌳🌿' 'E🚁' '🌳🌿']]
2023-05-10 10:35:39,070 INFO 
[['A🚁' '🌳🌿' '🌳🌿' 'B🌿']
 ['🌳🌿' 'C🌿' '🌳🌿' '🌳🌿']
 ['🌳🌿' 'D🌿' '🌳🌿' '🌳🌿']
 ['🌳🌿' '🌳🌿' 'E🌿' '🌳🌿']]
2023-05-10 10:36:39,072 INFO 
[['A🚁' '🌳🌿' '🌳🌿' 'B🌿']
 ['🌳🌿' 'C🌿' '🌳🌿' '🌳🌿']
 ['🌳🌿' 'D🌿' '🌳🌿' '🌳🌿']
 ['🌳🌿' '🌳🌿' 'E🌿' '🌳🌿']]
2023-05-10 10:37:39,074 INFO 
[['A🌿' '🌳🌿' '🌳🌿' 'B🌿']
 ['🌳🌿' 'C🚁' '🌳🌿' '🌳🌿']
 ['🌳🌿' 'D🌿' '🌳🌿' '🌳🌿']
 ['🌳🌿' '🌳🌿' 'E🌿' '🌳🌿']]
2023-05-10 10:38:39,075 INFO 
[['A🌿' '🌳🌿' '🌳🌿' 'B🌿']
 ['🌳🌿' 'C🌿' '🌳🌿' '🌳🌿']
 ['🌳🌿' 'D🌿' '🌳🌿' '🌳🌿']
 ['🌳🌿' '🌳🌿' 'E🌿' '🌳🌿']]
2023-05-10 10:39:39,077 INFO 
[['A🌿' '🌳🌿' '🌳🌿' 'B🌿']
 ['🌳🌿' 'C🌿' '🌳🌿' '🌳🌿']
 ['🌳🌿' 'D🌿' '🌳🌿' '🌳🌿']
 ['🌳🌿' '🌳🌿' 'E🌿' '🌳🌿']]
2023-05-10 10:40:39,079 INFO 
[['A🌿' '🌳🌿' '🌳🌿' 'B🌿']
 ['🌳🌿' 'C🌿' '🌳🌿' '🌳🌿']
 ['🌳🌿' 'D🌿' '🌳🌿' '🌳🌿']
 ['🌳🌿' '🌳🌿' 'E🚁' '🌳🌿']]
2023-05-10 10:41:39,081 INFO 
[['A🌿' '🌳🌿' '🌳🌿' 'B🌿']
 ['🔥🍂' 'C🔥' '🌳🌿' '🌳🌿']
 ['🌳🌿' 'D🌿' '🌳🌿' '🌳🌿']
 ['🌳🌿' '🌳🌿' 'E🌿' '🌳🌿']]
2023-05-10 10:42:39,082 INFO 
[['A🌿' '🌳🌿' '🌳🌿' 'B🌿']
 ['🌳🌿' 'C🔥' '🌳🌿' '🌳🌿']
 ['🌳🌿' 'D🌿' '🌳🌿' '🌳🌿']
 ['🌳🌿' '🌳🌿' 'E🌿' '🌳🌿']]
2023-05-10 10:43:39,086 INFO 
[['A🌿' '🌳🌿' '🌳🌿' 'B🌿']
 ['🌳🌿' 'C🚒' '🌳🌿' '🌳🌿']
 ['🌳🌿' 'D🌿' '🌳🌿' '🌳🌿']
 ['🌳🌿' '🌳🌿' 'E🌿' '🌳🌿']]
2023-05-10 10:44:39,094 INFO 
[['A🌿' '🔥🍂' '🌳🌿' 'B🌿']
 ['🌳🌿' 'C🔥' '🌳🌿' '🌳🌿']
 ['🌳🌿' 'D🌿' '🌳🌿' '🌳🌿']
 ['🌳🌿' '🌳🌿' 'E🚁' '🌳🌿']]
2023-05-10 10:45:39,096 INFO 
[['A🌿' '🔥🍂' '🌳🌿' 'B🌿']
 ['🌳🌿' 'C🔥' '🌳🌿' '🌳🌿']
 ['🌳🌿' 'D🔥' '🌳🌿' '🌳🌿']
 ['🌳🌿' '🌳🌿' 'E🚁' '🌳🌿']]
2023-05-10 10:46:39,098 INFO 
[['A🌿' '🔥🍂' '🌳🌿' 'B🌿']
 ['🌳🌿' 'C🔥' '🌳🌿' '🌳🌿']
 ['🌳🌿' 'D🔥' '🌳🌿' '🌳🌿']
 ['🌳🌿' '🔥🍂' 'E🌿' '🌳🌿']]
2023-05-10 10:47:39,101 INFO 
[['A🌿' '🔥🍂' '🔥🍂' 'B🌿']
 ['🌳🌿' 'C🌿' '🌳🌿' '🌳🌿']
 ['🌳🌿' 'D🔥' '🌳🌿' '🌳🌿']
 ['🌳🌿' '🔥🍂' 'E🚁' '🌳🌿']]
2023-05-10 10:48:39,104 INFO 
[['A🌿' '🔥🍂' '🔥🍂' 'B🚁']
 ['🌳🌿' 'C🌿' '🌳🌿' '🌳🌿']
 ['🌳🌿' 'D🌿' '🌳🌿' '🌳🌿']
 ['🌳🌿' '🔥🍂' 'E🌿' '🌳🌿']]
2023-05-10 10:49:39,105 INFO 
[['A🌿' '🌳🌿' '🔥🍂' 'B🌿']
 ['🌳🌿' 'C🌿' '🌳🌿' '🌳🌿']
 ['🌳🌿' 'D🌿' '🌳🌿' '🌳🌿']
 ['🌳🌿' '🔥🍂' 'E🌿' '🌳🌿']]
2023-05-10 10:50:39,108 INFO 
[['A🌿' '🌳🌿' '🔥🍂' 'B🚁']
 ['🌳🌿' 'C🌿' '🌳🌿' '🌳🌿']
 ['🌳🌿' 'D🌿' '🌳🌿' '🌳🌿']
 ['🌳🌿' '🔥🍂' 'E🌿' '🌳🌿']]
2023-05-10 10:51:39,114 INFO 
[['A🌿' '🌳🌿' '🔥🍂' 'B🌿']
 ['🌳🌿' 'C🚁' '🌳🌿' '🌳🌿']
 ['🌳🌿' 'D🔥' '🌳🌿' '🌳🌿']
 ['🌳🌿' '🔥🍂' 'E🌿' '🌳🌿']]
2023-05-10 10:52:39,122 INFO 
[['A🌿' '🌳🌿' '🌳🌿' 'B🔥']
 ['🌳🌿' 'C🚁' '🌳🌿' '🌳🌿']
 ['🌳🌿' 'D🔥' '🌳🌿' '🌳🌿']
 ['🌳🌿' '🔥🍂' 'E🌿' '🌳🌿']]
2023-05-10 10:53:39,123 INFO 
[['A🌿' '🌳🌿' '🌳🌿' 'B🔥']
 ['🌳🌿' 'C🌿' '🌳🌿' '🌳🌿']
 ['🌳🌿' 'D🚁' '🌳🌿' '🌳🌿']
 ['🌳🌿' '🔥🍂' 'E🌿' '🌳🌿']]
2023-05-10 10:54:39,123 INFO 
[['A🚁' '🌳🌿' '🔥🍂' 'B🔥']
 ['🌳🌿' 'C🌿' '🌳🌿' '🌳🌿']
 ['🌳🌿' 'D🌿' '🌳🌿' '🌳🌿']
 ['🌳🌿' '🔥🍂' 'E🌿' '🌳🌿']]
2023-05-10 10:55:39,125 INFO 
[['A🌿' '🌳🌿' '🔥🍂' 'B🔥']
 ['🌳🌿' 'C🌿' '🔥🍂' '🌳🌿']
 ['🌳🌿' 'D🌿' '🌳🌿' '🌳🌿']
 ['🔥🍂' '🌳🌿' 'E🔥' '🌳🌿']]
2023-05-10 10:56:39,126 INFO 
[['A🌿' '🌳🌿' '🔥🍂' 'B🔥']
 ['🌳🌿' 'C🚁' '🔥🍂' '🌳🌿']
 ['🌳🌿' 'D🌿' '🔥🍂' '🌳🌿']
 ['🔥🍂' '🌳🌿' 'E🔥' '🌳🌿']]
2023-05-10 10:57:39,127 INFO 
[['A🌿' '🔥🍂' '🔥🍂' 'B🔥']
 ['🌳🌿' 'C🚁' '🔥🍂' '🌳🌿']
 ['🔥🍂' 'D🌿' '🔥🍂' '🔥🍂']
 ['🔥🍂' '🌳🌿' 'E🔥' '🌳🌿']]
2023-05-10 10:58:39,128 INFO 
[['A🚁' '🔥🍂' '🔥🍂' 'B🌿']
 ['🌳🌿' 'C🌿' '🔥🍂' '🌳🌿']
 ['🌳🌿' 'D🌿' '🔥🍂' '🔥🍂']
 ['🔥🍂' '🌳🌿' 'E🌿' '🌳🌿']]
2023-05-10 10:59:39,130 INFO 
[['A🌿' '🔥🍂' '🔥🍂' 'B🌿']
 ['🌳🌿' 'C🌿' '🔥🍂' '🌳🌿']
 ['🌳🌿' 'D🚒' '🔥🍂' '🔥🍂']
 ['🔥🍂' '🌳🌿' 'E🌿' '🌳🌿']]
2023-05-10 11:00:39,131 INFO 
[['A🌿' '🔥🍂' '🔥🍂' 'B🚁']
 ['🌳🌿' 'C🌿' '🔥🍂' '🌳🌿']
 ['🌳🌿' 'D🔥' '🔥🍂' '🔥🍂']
 ['🌳🌿' '🔥🍂' 'E🔥' '🌳🌿']]
2023-05-10 11:01:39,133 INFO 
[['A🌿' '🌳🌿' '🌳🌿' 'B🌿']
 ['🌳🌿' 'C🌿' '🌳🌿' '🌳🌿']
 ['🌳🌿' 'D🌿' '🌳🌿' '🌳🌿']
 ['🌳🌿' '🌳🌿' 'E🌿' '🌳🌿']]
2023-05-10 11:02:12,198 CRITICAL Starting new episode - Episode 8
2023-05-10 11:02:39,134 INFO 
[['A🌿' '🌳🌿' '🌳🌿' 'B🌿']
 ['🌳🌿' 'C🌿' '🌳🌿' '🌳🌿']
 ['🌳🌿' 'D🌿' '🌳🌿' '🔥🍂']
 ['🌳🌿' '🌳🌿' 'E🌿' '🌳🌿']]
2023-05-10 11:03:39,136 INFO 
[['A🌿' '🌳🌿' '🌳🌿' 'B🌿']
 ['🌳🌿' 'C🚁' '🌳🌿' '🌳🌿']
 ['🌳🌿' 'D🌿' '🌳🌿' '🔥🍂']
 ['🌳🌿' '🌳🌿' 'E🌿' '🌳🌿']]
2023-05-10 11:04:39,138 INFO 
[['A🚁' '🌳🌿' '🌳🌿' 'B🌿']
 ['🌳🌿' 'C🌿' '🌳🌿' '🌳🌿']
 ['🌳🌿' 'D🌿' '🌳🌿' '🔥🍂']
 ['🌳🌿' '🌳🌿' 'E🌿' '🌳🌿']]
2023-05-10 11:05:39,140 INFO 
[['A🌿' '🌳🌿' '🌳🌿' 'B🚁']
 ['🌳🌿' 'C🌿' '🌳🌿' '🌳🌿']
 ['🌳🌿' 'D🌿' '🔥🍂' '🔥🍂']
 ['🌳🌿' '🌳🌿' 'E🌿' '🌳🌿']]
2023-05-10 11:06:39,145 INFO 
[['A🌿' '🌳🌿' '🌳🌿' 'B🚁']
 ['🌳🌿' 'C🌿' '🌳🌿' '🌳🌿']
 ['🌳🌿' 'D🌿' '🔥🍂' '🔥🍂']
 ['🌳🌿' '🌳🌿' 'E🌿' '🔥🍂']]
2023-05-10 11:07:39,147 INFO 
[['A🌿' '🌳🌿' '🌳🌿' 'B🌿']
 ['🌳🌿' 'C🌿' '🌳🌿' '🌳🌿']
 ['🌳🌿' 'D🌿' '🌳🌿' '🌳🌿']
 ['🌳🌿' '🌳🌿' 'E🌿' '🌳🌿']]
2023-05-10 11:08:30,655 CRITICAL Starting new episode - Episode 9
2023-05-10 11:08:39,148 INFO 
[['A🌿' '🌳🌿' '🌳🌿' 'B🌿']
 ['🌳🌿' 'C🌿' '🌳🌿' '🌳🌿']
 ['🌳🌿' 'D🌿' '🌳🌿' '🌳🌿']
 ['🌳🌿' '🌳🌿' 'E🌿' '🌳🌿']]
2023-05-10 11:09:39,151 INFO 
[['A🌿' '🌳🌿' '🌳🌿' 'B🌿']
 ['🌳🌿' 'C🌿' '🌳🌿' '🌳🌿']
 ['🌳🌿' 'D🌿' '🌳🌿' '🌳🌿']
 ['🌳🌿' '🌳🌿' 'E🚁' '🌳🌿']]
2023-05-10 11:10:39,162 INFO 
[['A🚁' '🌳🌿' '🌳🌿' 'B🌿']
 ['🌳🌿' 'C🌿' '🌳🌿' '🌳🌿']
 ['🌳🌿' 'D🌿' '🌳🌿' '🌳🌿']
 ['🌳🌿' '🌳🌿' 'E🌿' '🌳🌿']]
2023-05-10 11:11:39,170 INFO 
[['A🚁' '🌳🌿' '🌳🌿' 'B🌿']
 ['🌳🌿' 'C🌿' '🌳🌿' '🌳🌿']
 ['🌳🌿' 'D🌿' '🌳🌿' '🌳🌿']
 ['🌳🌿' '🌳🌿' 'E🌿' '🌳🌿']]
2023-05-10 11:12:39,171 INFO 
[['A🌿' '🌳🌿' '🌳🌿' 'B🌿']
 ['🌳🌿' 'C🚁' '🌳🌿' '🌳🌿']
 ['🌳🌿' 'D🌿' '🌳🌿' '🌳🌿']
 ['🌳🌿' '🌳🌿' 'E🌿' '🌳🌿']]
2023-05-10 11:13:39,173 INFO 
[['A🌿' '🌳🌿' '🌳🌿' 'B🌿']
 ['🌳🌿' 'C🌿' '🌳🌿' '🌳🌿']
 ['🌳🌿' 'D🌿' '🌳🌿' '🌳🌿']
 ['🌳🌿' '🌳🌿' 'E🌿' '🌳🌿']]
2023-05-10 11:14:39,174 INFO 
[['A🌿' '🌳🌿' '🌳🌿' 'B🌿']
 ['🌳🌿' 'C🌿' '🌳🌿' '🌳🌿']
 ['🌳🌿' 'D🌿' '🌳🌿' '🌳🌿']
 ['🌳🌿' '🌳🌿' 'E🌿' '🌳🌿']]
2023-05-10 11:14:45,990 CRITICAL Starting new episode - Episode 10
2023-05-10 11:15:39,181 INFO 
[['A🌿' '🌳🌿' '🌳🌿' 'B🌿']
 ['🌳🌿' 'C🌿' '🌳🌿' '🌳🌿']
 ['🌳🌿' 'D🌿' '🌳🌿' '🌳🌿']
 ['🌳🌿' '🌳🌿' 'E🚁' '🌳🌿']]
2023-05-10 11:16:39,183 INFO 
[['A🌿' '🌳🌿' '🌳🌿' 'B🌿']
 ['🌳🌿' 'C🌿' '🌳🌿' '🌳🌿']
 ['🌳🌿' 'D🌿' '🌳🌿' '🌳🌿']
 ['🌳🌿' '🌳🌿' 'E🌿' '🌳🌿']]
2023-05-10 11:17:39,185 INFO 
[['A🌿' '🌳🌿' '🌳🌿' 'B🌿']
 ['🌳🌿' 'C🌿' '🌳🌿' '🌳🌿']
 ['🌳🌿' 'D🌿' '🌳🌿' '🌳🌿']
 ['🌳🌿' '🌳🌿' 'E🚁' '🌳🌿']]
2023-05-10 11:18:39,189 INFO 
[['A🌿' '🌳🌿' '🌳🌿' 'B🌿']
 ['🌳🌿' 'C🚒' '🌳🌿' '🌳🌿']
 ['🌳🌿' 'D🌿' '🌳🌿' '🌳🌿']
 ['🌳🌿' '🌳🌿' 'E🌿' '🌳🌿']]
2023-05-10 11:19:39,191 INFO 
[['A🚁' '🌳🌿' '🌳🌿' 'B🌿']
 ['🌳🌿' 'C🔥' '🌳🌿' '🌳🌿']
 ['🌳🌿' 'D🌿' '🌳🌿' '🌳🌿']
 ['🌳🌿' '🌳🌿' 'E🌿' '🌳🌿']]
2023-05-10 11:20:39,193 INFO 
[['A🌿' '🌳🌿' '🌳🌿' 'B🌿']
 ['🌳🌿' 'C🌿' '🌳🌿' '🌳🌿']
 ['🌳🌿' 'D🚁' '🌳🌿' '🌳🌿']
 ['🌳🌿' '🌳🌿' 'E🌿' '🌳🌿']]
2023-05-10 11:21:39,195 INFO 
[['A🚁' '🌳🌿' '🌳🌿' 'B🌿']
 ['🌳🌿' 'C🌿' '🌳🌿' '🌳🌿']
 ['🌳🌿' 'D🌿' '🌳🌿' '🌳🌿']
 ['🌳🌿' '🌳🌿' 'E🌿' '🌳🌿']]
2023-05-10 11:22:39,196 INFO 
[['A🌿' '🌳🌿' '🌳🌿' 'B🌿']
 ['🌳🌿' 'C🌿' '🌳🌿' '🌳🌿']
 ['🌳🌿' 'D🌿' '🌳🌿' '🌳🌿']
 ['🌳🌿' '🌳🌿' 'E🌿' '🌳🌿']]
2023-05-10 11:23:25,801 CRITICAL Starting new episode - Episode 11
2023-05-10 11:23:39,197 INFO 
[['A🌿' '🌳🌿' '🌳🌿' 'B🌿']
 ['🌳🌿' 'C🌿' '🌳🌿' '🌳🌿']
 ['🌳🌿' 'D🌿' '🌳🌿' '🌳🌿']
 ['🌳🌿' '🌳🌿' 'E🌿' '🌳🌿']]
2023-05-10 11:24:39,227 INFO 
[['A🌿' '🌳🌿' '🌳🌿' 'B🌿']
 ['🌳🌿' 'C🌿' '🌳🌿' '🌳🌿']
 ['🌳🌿' 'D🌿' '🌳🌿' '🌳🌿']
 ['🌳🌿' '🌳🌿' 'E🚁' '🌳🌿']]
2023-05-10 11:25:39,229 INFO 
[['A🌿' '🌳🌿' '🌳🌿' 'B🚁']
 ['🌳🌿' 'C🔥' '🌳🌿' '🌳🌿']
 ['🌳🌿' 'D🌿' '🌳🌿' '🌳🌿']
 ['🌳🌿' '🌳🌿' 'E🌿' '🌳🌿']]
2023-05-10 11:26:39,231 INFO 
[['A🌿' '🌳🌿' '🌳🌿' 'B🌿']
 ['🌳🌿' 'C🔥' '🌳🌿' '🌳🌿']
 ['🌳🌿' 'D🌿' '🌳🌿' '🌳🌿']
 ['🌳🌿' '🌳🌿' 'E🚁' '🌳🌿']]
2023-05-10 11:27:39,232 INFO 
[['A🌿' '🌳🌿' '🌳🌿' 'B🌿']
 ['🌳🌿' 'C🔥' '🌳🌿' '🌳🌿']
 ['🌳🌿' 'D🌿' '🌳🌿' '🌳🌿']
 ['🌳🌿' '🌳🌿' 'E🌿' '🌳🌿']]
2023-05-10 11:28:39,234 INFO 
[['A🌿' '🌳🌿' '🌳🌿' 'B🌿']
 ['🌳🌿' 'C🔥' '🌳🌿' '🌳🌿']
 ['🌳🌿' 'D🌿' '🌳🌿' '🌳🌿']
 ['🌳🌿' '🌳🌿' 'E🚁' '🌳🌿']]
2023-05-10 11:29:39,236 INFO 
[['A🌿' '🌳🌿' '🌳🌿' 'B🌿']
 ['🌳🌿' 'C🔥' '🌳🌿' '🌳🌿']
 ['🌳🌿' 'D🌿' '🌳🌿' '🌳🌿']
 ['🌳🌿' '🌳🌿' 'E🌿' '🌳🌿']]
2023-05-10 11:30:39,237 INFO 
[['A🌿' '🌳🌿' '🌳🌿' 'B🌿']
 ['🌳🌿' 'C🔥' '🌳🌿' '🌳🌿']
 ['🌳🌿' 'D🌿' '🌳🌿' '🌳🌿']
 ['🌳🌿' '🌳🌿' 'E🌿' '🌳🌿']]
2023-05-10 11:31:39,561 INFO 
[['A🌿' '🌳🌿' '🌳🌿' 'B🌿']
 ['🌳🌿' 'C🚁' '🌳🌿' '🌳🌿']
 ['🌳🌿' 'D🔥' '🌳🌿' '🌳🌿']
 ['🌳🌿' '🌳🌿' 'E🌿' '🌳🌿']]
2023-05-10 11:32:39,562 INFO 
[['A🌿' '🌳🌿' '🌳🌿' 'B🌿']
 ['🌳🌿' 'C🌿' '🌳🌿' '🌳🌿']
 ['🌳🌿' 'D🔥' '🔥🍂' '🌳🌿']
 ['🌳🌿' '🔥🍂' 'E🌿' '🌳🌿']]
2023-05-10 11:33:39,565 INFO 
[['A🌿' '🌳🌿' '🌳🌿' 'B🌿']
 ['🌳🌿' 'C🌿' '🌳🌿' '🌳🌿']
 ['🌳🌿' 'D🔥' '🔥🍂' '🌳🌿']
 ['🌳🌿' '🔥🍂' 'E🌿' '🌳🌿']]
2023-05-10 11:34:39,569 INFO 
[['A🌿' '🌳🌿' '🌳🌿' 'B🌿']
 ['🌳🌿' 'C🚒' '🌳🌿' '🌳🌿']
 ['🌳🌿' 'D🔥' '🔥🍂' '🌳🌿']
 ['🔥🍂' '🔥🍂' 'E🔥' '🌳🌿']]
2023-05-10 11:35:39,571 INFO 
[['A🌿' '🔥🍂' '🌳🌿' 'B🌿']
 ['🌳🌿' 'C🔥' '🌳🌿' '🌳🌿']
 ['🌳🌿' 'D🔥' '🔥🍂' '🌳🌿']
 ['🔥🍂' '🔥🍂' 'E🔥' '🌳🌿']]
2023-05-10 11:36:39,648 INFO 
[['A🌿' '🔥🍂' '🌳🌿' 'B🌿']
 ['🌳🌿' 'C🔥' '🌳🌿' '🌳🌿']
 ['🌳🌿' 'D🔥' '🌳🌿' '🌳🌿']
 ['🔥🍂' '🔥🍂' 'E🔥' '🌳🌿']]
2023-05-10 11:37:39,650 INFO 
[['A🌿' '🔥🍂' '🌳🌿' 'B🚁']
 ['🔥🍂' 'C🔥' '🌳🌿' '🌳🌿']
 ['🌳🌿' 'D🔥' '🔥🍂' '🌳🌿']
 ['🔥🍂' '🔥🍂' 'E🔥' '🌳🌿']]
2023-05-10 11:38:39,651 INFO 
[['A🌿' '🔥🍂' '🌳🌿' 'B🌿']
 ['🔥🍂' 'C🔥' '🌳🌿' '🌳🌿']
 ['🔥🍂' 'D🔥' '🌳🌿' '🌳🌿']
 ['🔥🍂' '🔥🍂' 'E🔥' '🌳🌿']]
2023-05-10 11:39:39,653 INFO 
[['A🌿' '🔥🍂' '🌳🌿' 'B🌿']
 ['🔥🍂' 'C🔥' '🌳🌿' '🌳🌿']
 ['🔥🍂' 'D🔥' '🌳🌿' '🌳🌿']
 ['🔥🍂' '🔥🍂' 'E🔥' '🌳🌿']]
2023-05-10 11:40:39,655 INFO 
[['A🌿' '🔥🍂' '🌳🌿' 'B🌿']
 ['🔥🍂' 'C🚒' '🌳🌿' '🌳🌿']
 ['🔥🍂' 'D🔥' '🌳🌿' '🌳🌿']
 ['🔥🍂' '🔥🍂' 'E🔥' '🌳🌿']]
2023-05-10 11:41:39,658 INFO 
[['A🌿' '🔥🍂' '🌳🌿' 'B🌿']
 ['🔥🍂' 'C🌿' '🌳🌿' '🌳🌿']
 ['🌳🌿' 'D🔥' '🌳🌿' '🌳🌿']
 ['🔥🍂' '🔥🍂' 'E🔥' '🌳🌿']]
2023-05-10 11:42:39,671 INFO 
[['A🔥' '🔥🍂' '🌳🌿' 'B🌿']
 ['🔥🍂' 'C🌿' '🌳🌿' '🌳🌿']
 ['🌳🌿' 'D🌿' '🌳🌿' '🌳🌿']
 ['🔥🍂' '🔥🍂' 'E🔥' '🌳🌿']]
2023-05-10 11:43:39,673 INFO 
[['A🔥' '🔥🍂' '🌳🌿' 'B🌿']
 ['🔥🍂' 'C🌿' '🌳🌿' '🌳🌿']
 ['🌳🌿' 'D🌿' '🌳🌿' '🌳🌿']
 ['🔥🍂' '🔥🍂' 'E🚒' '🌳🌿']]
2023-05-10 11:44:39,674 INFO 
[['A🌿' '🔥🍂' '🔥🍂' 'B🌿']
 ['🔥🍂' 'C🌿' '🌳🌿' '🌳🌿']
 ['🌳🌿' 'D🌿' '🌳🌿' '🌳🌿']
 ['🔥🍂' '🔥🍂' 'E🚒' '🌳🌿']]
2023-05-10 11:45:39,677 INFO 
[['A🌿' '🔥🍂' '🔥🍂' 'B🌿']
 ['🔥🍂' 'C🌿' '🌳🌿' '🌳🌿']
 ['🌳🌿' 'D🚁' '🌳🌿' '🌳🌿']
 ['🔥🍂' '🔥🍂' 'E🌿' '🔥🍂']]
2023-05-10 11:46:39,679 INFO 
[['A🚁' '🔥🍂' '🔥🍂' 'B🔥']
 ['🔥🍂' 'C🌿' '🌳🌿' '🌳🌿']
 ['🔥🍂' 'D🌿' '🌳🌿' '🌳🌿']
 ['🌳🌿' '🔥🍂' 'E🌿' '🔥🍂']]
2023-05-10 11:47:39,682 INFO 
[['A🌿' '🔥🍂' '🔥🍂' 'B🔥']
 ['🔥🍂' 'C🌿' '🔥🍂' '🌳🌿']
 ['🔥🍂' 'D🌿' '🌳🌿' '🌳🌿']
 ['🔥🍂' '🔥🍂' 'E🌿' '🔥🍂']]
2023-05-10 11:48:39,690 INFO 
[['A🔥' '🌳🌿' '🔥🍂' 'B🔥']
 ['🌳🌿' 'C🌿' '🔥🍂' '🌳🌿']
 ['🔥🍂' 'D🔥' '🌳🌿' '🌳🌿']
 ['🌳🌿' '🔥🍂' 'E🚁' '🔥🍂']]
2023-05-10 11:49:39,691 INFO 
[['A🔥' '🔥🍂' '🔥🍂' 'B🌿']
 ['🌳🌿' 'C🌿' '🔥🍂' '🔥🍂']
 ['🔥🍂' 'D🔥' '🌳🌿' '🌳🌿']
 ['🌳🌿' '🔥🍂' 'E🚁' '🔥🍂']]
2023-05-10 11:50:39,692 INFO 
[['A🔥' '🔥🍂' '🔥🍂' 'B🔥']
 ['🌳🌿' 'C🌿' '🔥🍂' '🔥🍂']
 ['🔥🍂' 'D🔥' '🔥🍂' '🌳🌿']
 ['🌳🌿' '🌳🌿' 'E🌿' '🔥🍂']]
2023-05-10 11:51:39,693 INFO 
[['A🔥' '🔥🍂' '🔥🍂' 'B🔥']
 ['🌳🌿' 'C🌿' '🔥🍂' '🔥🍂']
 ['🔥🍂' 'D🔥' '🔥🍂' '🔥🍂']
 ['🌳🌿' '🌳🌿' 'E🚁' '🔥🍂']]
2023-05-10 11:52:39,695 INFO 
[['A🔥' '🔥🍂' '🔥🍂' 'B🔥']
 ['🔥🍂' 'C🌿' '🔥🍂' '🔥🍂']
 ['🔥🍂' 'D🚒' '🔥🍂' '🔥🍂']
 ['🌳🌿' '🌳🌿' 'E🌿' '🔥🍂']]
2023-05-10 11:53:39,696 INFO 
[['A🔥' '🔥🍂' '🔥🍂' 'B🔥']
 ['🔥🍂' 'C🌿' '🔥🍂' '🔥🍂']
 ['🔥🍂' 'D🌿' '🔥🍂' '🔥🍂']
 ['🌳🌿' '🌳🌿' 'E🌿' '🌳🌿']]
2023-05-10 11:54:39,697 INFO 
[['A🔥' '🔥🍂' '🔥🍂' 'B🚒']
 ['🔥🍂' 'C🔥' '🔥🍂' '🔥🍂']
 ['🔥🍂' 'D🌿' '🔥🍂' '🔥🍂']
 ['🌳🌿' '🌳🌿' 'E🔥' '🌳🌿']]
2023-05-10 11:55:39,700 INFO 
[['A🔥' '🔥🍂' '🔥🍂' 'B🔥']
 ['🔥🍂' 'C🔥' '🔥🍂' '🔥🍂']
 ['🔥🍂' 'D🌿' '🔥🍂' '🔥🍂']
 ['🌳🌿' '🌳🌿' 'E🔥' '🌳🌿']]
2023-05-10 11:56:39,701 INFO 
[['A🔥' '🔥🍂' '🔥🍂' 'B🔥']
 ['🔥🍂' 'C🔥' '🔥🍂' '🔥🍂']
 ['🔥🍂' 'D🚁' '🔥🍂' '🔥🍂']
 ['🌳🌿' '🌳🌿' 'E🔥' '🌳🌿']]
2023-05-10 11:57:39,703 INFO 
[['A🌿' '🔥🍂' '🌳🌿' 'B🔥']
 ['🌳🌿' 'C🔥' '🔥🍂' '🔥🍂']
 ['🔥🍂' 'D🌿' '🔥🍂' '🌳🌿']
 ['🔥🍂' '🌳🌿' 'E🔥' '🌳🌿']]
2023-05-10 11:58:39,705 INFO 
[['A🌿' '🔥🍂' '🌳🌿' 'B🔥']
 ['🔥🍂' 'C🔥' '🔥🍂' '🔥🍂']
 ['🔥🍂' 'D🚒' '🔥🍂' '🌳🌿']
 ['🔥🍂' '🌳🌿' 'E🌿' '🌳🌿']]
2023-05-10 11:59:39,708 INFO 
[['A🌿' '🔥🍂' '🌳🌿' 'B🔥']
 ['🔥🍂' 'C🔥' '🔥🍂' '🔥🍂']
 ['🔥🍂' 'D🔥' '🌳🌿' '🌳🌿']
 ['🔥🍂' '🔥🍂' 'E🌿' '🌳🌿']]
2023-05-10 12:00:39,711 INFO 
[['A🌿' '🔥🍂' '🔥🍂' 'B🔥']
 ['🌳🌿' 'C🔥' '🔥🍂' '🔥🍂']
 ['🌳🌿' 'D🔥' '🌳🌿' '🌳🌿']
 ['🔥🍂' '🔥🍂' 'E🚁' '🌳🌿']]
2023-05-10 12:01:39,722 INFO 
[['A🌿' '🔥🍂' '🔥🍂' 'B🔥']
 ['🌳🌿' 'C🚒' '🔥🍂' '🔥🍂']
 ['🌳🌿' 'D🔥' '🌳🌿' '🌳🌿']
 ['🔥🍂' '🌳🌿' 'E🌿' '🌳🌿']]
2023-05-10 12:02:39,724 INFO 
[['A🌿' '🔥🍂' '🔥🍂' 'B🔥']
 ['🌳🌿' 'C🔥' '🔥🍂' '🔥🍂']
 ['🔥🍂' 'D🔥' '🌳🌿' '🌳🌿']
 ['🔥🍂' '🌳🌿' 'E🌿' '🌳🌿']]
2023-05-10 12:03:39,726 INFO 
[['A🌿' '🔥🍂' '🔥🍂' 'B🔥']
 ['🌳🌿' 'C🔥' '🌳🌿' '🌳🌿']
 ['🔥🍂' 'D🚁' '🌳🌿' '🔥🍂']
 ['🌳🌿' '🌳🌿' 'E🌿' '🌳🌿']]
2023-05-10 12:04:39,728 INFO 
[['A🌿' '🔥🍂' '🔥🍂' 'B🔥']
 ['🌳🌿' 'C🔥' '🌳🌿' '🔥🍂']
 ['🔥🍂' 'D🌿' '🌳🌿' '🔥🍂']
 ['🌳🌿' '🌳🌿' 'E🌿' '🌳🌿']]
2023-05-10 12:05:39,730 INFO 
[['A🌿' '🔥🍂' '🔥🍂' 'B🚁']
 ['🔥🍂' 'C🔥' '🌳🌿' '🌳🌿']
 ['🔥🍂' 'D🌿' '🌳🌿' '🔥🍂']
 ['🔥🍂' '🌳🌿' 'E🌿' '🌳🌿']]
2023-05-10 12:06:39,732 INFO 
[['A🔥' '🔥🍂' '🔥🍂' 'B🌿']
 ['🔥🍂' 'C🚒' '🌳🌿' '🌳🌿']
 ['🔥🍂' 'D🌿' '🌳🌿' '🌳🌿']
 ['🔥🍂' '🌳🌿' 'E🌿' '🌳🌿']]
2023-05-10 12:07:39,735 INFO 
[['A🌿' '🔥🍂' '🔥🍂' 'B🌿']
 ['🔥🍂' 'C🔥' '🔥🍂' '🌳🌿']
 ['🔥🍂' 'D🌿' '🌳🌿' '🌳🌿']
 ['🔥🍂' '🔥🍂' 'E🌿' '🌳🌿']]
2023-05-10 12:08:39,737 INFO 
[['A🌿' '🔥🍂' '🔥🍂' 'B🌿']
 ['🔥🍂' 'C🔥' '🔥🍂' '🌳🌿']
 ['🔥🍂' 'D🌿' '🌳🌿' '🌳🌿']
 ['🔥🍂' '🔥🍂' 'E🌿' '🌳🌿']]
2023-05-10 12:09:39,740 INFO 
[['A🌿' '🔥🍂' '🔥🍂' 'B🌿']
 ['🔥🍂' 'C🔥' '🌳🌿' '🌳🌿']
 ['🔥🍂' 'D🔥' '🌳🌿' '🌳🌿']
 ['🔥🍂' '🔥🍂' 'E🔥' '🌳🌿']]
2023-05-10 12:10:39,741 INFO 
[['A🔥' '🔥🍂' '🔥🍂' 'B🌿']
 ['🔥🍂' 'C🌿' '🔥🍂' '🌳🌿']
 ['🔥🍂' 'D🔥' '🌳🌿' '🌳🌿']
 ['🔥🍂' '🔥🍂' 'E🔥' '🌳🌿']]
2023-05-10 12:11:39,743 INFO 
[['A🔥' '🌳🌿' '🌳🌿' 'B🌿']
 ['🌳🌿' 'C🌿' '🔥🍂' '🌳🌿']
 ['🔥🍂' 'D🚒' '🌳🌿' '🌳🌿']
 ['🔥🍂' '🌳🌿' 'E🔥' '🔥🍂']]
2023-05-10 12:12:39,745 INFO 
[['A🔥' '🌳🌿' '🌳🌿' 'B🌿']
 ['🌳🌿' 'C🌿' '🔥🍂' '🌳🌿']
 ['🌳🌿' 'D🔥' '🌳🌿' '🔥🍂']
 ['🔥🍂' '🌳🌿' 'E🌿' '🔥🍂']]
2023-05-10 12:13:39,746 INFO 
[['A🔥' '🌳🌿' '🌳🌿' 'B🌿']
 ['🌳🌿' 'C🌿' '🔥🍂' '🔥🍂']
 ['🔥🍂' 'D🔥' '🌳🌿' '🔥🍂']
 ['🔥🍂' '🌳🌿' 'E🚁' '🔥🍂']]
2023-05-10 12:14:39,748 INFO 
[['A🔥' '🌳🌿' '🌳🌿' 'B🌿']
 ['🌳🌿' 'C🌿' '🔥🍂' '🔥🍂']
 ['🔥🍂' 'D🔥' '🔥🍂' '🔥🍂']
 ['🌳🌿' '🌳🌿' 'E🌿' '🔥🍂']]
2023-05-10 12:15:39,750 INFO 
[['A🔥' '🌳🌿' '🌳🌿' 'B🌿']
 ['🌳🌿' 'C🔥' '🔥🍂' '🔥🍂']
 ['🔥🍂' 'D🔥' '🔥🍂' '🔥🍂']
 ['🌳🌿' '🌳🌿' 'E🚁' '🔥🍂']]
2023-05-10 12:16:39,754 INFO 
[['A🔥' '🌳🌿' '🌳🌿' 'B🌿']
 ['🌳🌿' 'C🚒' '🔥🍂' '🔥🍂']
 ['🔥🍂' 'D🔥' '🔥🍂' '🔥🍂']
 ['🌳🌿' '🌳🌿' 'E🌿' '🔥🍂']]
2023-05-10 12:17:39,756 INFO 
[['A🔥' '🌳🌿' '🌳🌿' 'B🌿']
 ['🔥🍂' 'C🔥' '🔥🍂' '🔥🍂']
 ['🔥🍂' 'D🔥' '🔥🍂' '🔥🍂']
 ['🌳🌿' '🌳🌿' 'E🌿' '🔥🍂']]
2023-05-10 12:18:39,762 INFO 
[['A🔥' '🌳🌿' '🌳🌿' 'B🌿']
 ['🔥🍂' 'C🔥' '🔥🍂' '🔥🍂']
 ['🔥🍂' 'D🚒' '🔥🍂' '🔥🍂']
 ['🌳🌿' '🌳🌿' 'E🔥' '🔥🍂']]
2023-05-10 12:19:39,763 INFO 
[['A🚒' '🔥🍂' '🌳🌿' 'B🌿']
 ['🔥🍂' 'C🔥' '🔥🍂' '🔥🍂']
 ['🔥🍂' 'D🔥' '🔥🍂' '🔥🍂']
 ['🔥🍂' '🔥🍂' 'E🔥' '🔥🍂']]
2023-05-10 12:20:39,765 INFO 
[['A🔥' '🔥🍂' '🌳🌿' 'B🌿']
 ['🔥🍂' 'C🔥' '🔥🍂' '🔥🍂']
 ['🔥🍂' 'D🔥' '🔥🍂' '🔥🍂']
 ['🔥🍂' '🔥🍂' 'E🔥' '🌳🌿']]
2023-05-10 12:21:39,773 INFO 
[['A🌿' '🔥🍂' '🌳🌿' 'B🌿']
 ['🔥🍂' 'C🔥' '🔥🍂' '🌳🌿']
 ['🌳🌿' 'D🔥' '🔥🍂' '🔥🍂']
 ['🔥🍂' '🔥🍂' 'E🚒' '🌳🌿']]
2023-05-10 12:22:39,777 INFO 
[['A🌿' '🔥🍂' '🔥🍂' 'B🌿']
 ['🌳🌿' 'C🔥' '🌳🌿' '🌳🌿']
 ['🔥🍂' 'D🔥' '🔥🍂' '🔥🍂']
 ['🔥🍂' '🔥🍂' 'E🔥' '🌳🌿']]
2023-05-10 12:23:39,778 INFO 
[['A🌿' '🔥🍂' '🔥🍂' 'B🌿']
 ['🌳🌿' 'C🔥' '🔥🍂' '🌳🌿']
 ['🌳🌿' 'D🔥' '🔥🍂' '🌳🌿']
 ['🔥🍂' '🔥🍂' 'E🔥' '🌳🌿']]
2023-05-10 12:24:39,780 INFO 
[['A🌿' '🔥🍂' '🔥🍂' 'B🌿']
 ['🌳🌿' 'C🔥' '🔥🍂' '🌳🌿']
 ['🌳🌿' 'D🚒' '🔥🍂' '🌳🌿']
 ['🔥🍂' '🌳🌿' 'E🔥' '🌳🌿']]
2023-05-10 12:25:39,782 INFO 
[['A🌿' '🔥🍂' '🔥🍂' 'B🌿']
 ['🌳🌿' 'C🔥' '🔥🍂' '🌳🌿']
 ['🔥🍂' 'D🔥' '🔥🍂' '🌳🌿']
 ['🔥🍂' '🌳🌿' 'E🔥' '🌳🌿']]
2023-05-10 12:26:39,785 INFO 
[['A🌿' '🌳🌿' '🔥🍂' 'B🌿']
 ['🌳🌿' 'C🔥' '🔥🍂' '🌳🌿']
 ['🔥🍂' 'D🌿' '🌳🌿' '🌳🌿']
 ['🔥🍂' '🌳🌿' 'E🌿' '🌳🌿']]
2023-05-10 12:27:39,794 INFO 
[['A🌿' '🌳🌿' '🔥🍂' 'B🌿']
 ['🌳🌿' 'C🌿' '🌳🌿' '🌳🌿']
 ['🔥🍂' 'D🚁' '🌳🌿' '🌳🌿']
 ['🌳🌿' '🌳🌿' 'E🌿' '🌳🌿']]
2023-05-10 12:28:39,796 INFO 
[['A🌿' '🌳🌿' '🔥🍂' 'B🌿']
 ['🌳🌿' 'C🌿' '🌳🌿' '🌳🌿']
 ['🔥🍂' 'D🌿' '🌳🌿' '🌳🌿']
 ['🌳🌿' '🌳🌿' 'E🌿' '🌳🌿']]
2023-05-10 12:29:39,799 INFO 
[['A🌿' '🌳🌿' '🌳🌿' 'B🌿']
 ['🌳🌿' 'C🌿' '🔥🍂' '🌳🌿']
 ['🔥🍂' 'D🌿' '🌳🌿' '🌳🌿']
 ['🌳🌿' '🌳🌿' 'E🚁' '🌳🌿']]
2023-05-10 12:30:39,801 INFO 
[['A🌿' '🌳🌿' '🌳🌿' 'B🌿']
 ['🌳🌿' 'C🚁' '🔥🍂' '🔥🍂']
 ['🔥🍂' 'D🌿' '🌳🌿' '🌳🌿']
 ['🌳🌿' '🌳🌿' 'E🌿' '🌳🌿']]
2023-05-10 12:31:39,803 INFO 
[['A🌿' '🌳🌿' '🌳🌿' 'B🌿']
 ['🌳🌿' 'C🌿' '🔥🍂' '🔥🍂']
 ['🌳🌿' 'D🌿' '🌳🌿' '🔥🍂']
 ['🌳🌿' '🌳🌿' 'E🌿' '🌳🌿']]
2023-05-10 12:32:39,811 INFO 
[['A🌿' '🌳🌿' '🔥🍂' 'B🌿']
 ['🌳🌿' 'C🌿' '🔥🍂' '🔥🍂']
 ['🌳🌿' 'D🌿' '🌳🌿' '🔥🍂']
 ['🌳🌿' '🌳🌿' 'E🚁' '🔥🍂']]
2023-05-10 12:33:39,813 INFO 
[['A🌿' '🌳🌿' '🔥🍂' 'B🌿']
 ['🌳🌿' 'C🌿' '🔥🍂' '🔥🍂']
 ['🌳🌿' 'D🌿' '🌳🌿' '🔥🍂']
 ['🌳🌿' '🌳🌿' 'E🌿' '🔥🍂']]
2023-05-10 12:34:39,815 INFO 
[['A🌿' '🌳🌿' '🔥🍂' 'B🌿']
 ['🌳🌿' 'C🌿' '🔥🍂' '🔥🍂']
 ['🌳🌿' 'D🌿' '🌳🌿' '🔥🍂']
 ['🌳🌿' '🌳🌿' 'E🔥' '🔥🍂']]
2023-05-10 12:35:39,819 INFO 
[['A🌿' '🌳🌿' '🔥🍂' 'B🌿']
 ['🌳🌿' 'C🌿' '🔥🍂' '🔥🍂']
 ['🌳🌿' 'D🌿' '🔥🍂' '🔥🍂']
 ['🌳🌿' '🔥🍂' 'E🚒' '🔥🍂']]
2023-05-10 12:36:39,821 INFO 
[['A🌿' '🌳🌿' '🔥🍂' 'B🌿']
 ['🌳🌿' 'C🚁' '🔥🍂' '🔥🍂']
 ['🌳🌿' 'D🔥' '🔥🍂' '🔥🍂']
 ['🌳🌿' '🔥🍂' 'E🔥' '🔥🍂']]
2023-05-10 12:37:39,823 INFO 
[['A🌿' '🌳🌿' '🔥🍂' 'B🔥']
 ['🌳🌿' 'C🔥' '🔥🍂' '🌳🌿']
 ['🔥🍂' 'D🔥' '🔥🍂' '🔥🍂']
 ['🌳🌿' '🔥🍂' 'E🔥' '🔥🍂']]
2023-05-10 12:38:39,834 INFO 
[['A🌿' '🌳🌿' '🔥🍂' 'B🔥']
 ['🌳🌿' 'C🔥' '🔥🍂' '🌳🌿']
 ['🔥🍂' 'D🔥' '🌳🌿' '🔥🍂']
 ['🌳🌿' '🔥🍂' 'E🚒' '🌳🌿']]
2023-05-10 12:39:39,836 INFO 
[['A🌿' '🌳🌿' '🔥🍂' 'B🔥']
 ['🌳🌿' 'C🔥' '🔥🍂' '🔥🍂']
 ['🔥🍂' 'D🔥' '🌳🌿' '🔥🍂']
 ['🌳🌿' '🔥🍂' 'E🔥' '🔥🍂']]
2023-05-10 12:40:39,837 INFO 
[['A🌿' '🔥🍂' '🔥🍂' 'B🔥']
 ['🌳🌿' 'C🌿' '🔥🍂' '🔥🍂']
 ['🔥🍂' 'D🔥' '🔥🍂' '🔥🍂']
 ['🌳🌿' '🔥🍂' 'E🔥' '🔥🍂']]
2023-05-10 12:41:39,839 INFO 
[['A🌿' '🔥🍂' '🔥🍂' 'B🔥']
 ['🔥🍂' 'C🌿' '🔥🍂' '🔥🍂']
 ['🔥🍂' 'D🔥' '🔥🍂' '🔥🍂']
 ['🌳🌿' '🔥🍂' 'E🚒' '🔥🍂']]
2023-05-10 12:42:39,841 INFO 
[['A🌿' '🔥🍂' '🌳🌿' 'B🔥']
 ['🔥🍂' 'C🌿' '🌳🌿' '🔥🍂']
 ['🔥🍂' 'D🔥' '🔥🍂' '🔥🍂']
 ['🌳🌿' '🔥🍂' 'E🌿' '🔥🍂']]
2023-05-10 12:43:39,846 INFO 
[['A🚁' '🔥🍂' '🔥🍂' 'B🌿']
 ['🔥🍂' 'C🔥' '🔥🍂' '🔥🍂']
 ['🔥🍂' 'D🔥' '🔥🍂' '🔥🍂']
 ['🌳🌿' '🔥🍂' 'E🌿' '🔥🍂']]
2023-05-10 12:44:39,850 INFO 
[['A🔥' '🔥🍂' '🔥🍂' 'B🔥']
 ['🔥🍂' 'C🚒' '🔥🍂' '🔥🍂']
 ['🔥🍂' 'D🔥' '🔥🍂' '🔥🍂']
 ['🌳🌿' '🔥🍂' 'E🌿' '🔥🍂']]
2023-05-10 12:45:39,851 INFO 
[['A🔥' '🔥🍂' '🔥🍂' 'B🔥']
 ['🔥🍂' 'C🔥' '🔥🍂' '🔥🍂']
 ['🔥🍂' 'D🔥' '🔥🍂' '🌳🌿']
 ['🌳🌿' '🔥🍂' 'E🌿' '🔥🍂']]
2023-05-10 12:46:39,853 INFO 
[['A🔥' '🔥🍂' '🔥🍂' 'B🔥']
 ['🔥🍂' 'C🔥' '🔥🍂' '🔥🍂']
 ['🌳🌿' 'D🌿' '🔥🍂' '🌳🌿']
 ['🌳🌿' '🔥🍂' 'E🌿' '🔥🍂']]
2023-05-10 12:47:39,855 INFO 
[['A🔥' '🔥🍂' '🌳🌿' 'B🔥']
 ['🔥🍂' 'C🚒' '🔥🍂' '🔥🍂']
 ['🌳🌿' 'D🌿' '🔥🍂' '🌳🌿']
 ['🌳🌿' '🔥🍂' 'E🌿' '🔥🍂']]
2023-05-10 12:48:39,857 INFO 
[['A🔥' '🔥🍂' '🌳🌿' 'B🔥']
 ['🌳🌿' 'C🔥' '🔥🍂' '🌳🌿']
 ['🌳🌿' 'D🔥' '🔥🍂' '🌳🌿']
 ['🌳🌿' '🌳🌿' 'E🌿' '🔥🍂']]
2023-05-10 12:49:39,859 INFO 
[['A🔥' '🔥🍂' '🌳🌿' 'B🔥']
 ['🌳🌿' 'C🔥' '🔥🍂' '🌳🌿']
 ['🌳🌿' 'D🔥' '🔥🍂' '🌳🌿']
 ['🌳🌿' '🌳🌿' 'E🚁' '🔥🍂']]
2023-05-10 12:50:39,862 INFO 
[['A🔥' '🔥🍂' '🌳🌿' 'B🔥']
 ['🌳🌿' 'C🚒' '🔥🍂' '🌳🌿']
 ['🌳🌿' 'D🔥' '🌳🌿' '🌳🌿']
 ['🌳🌿' '🌳🌿' 'E🔥' '🔥🍂']]
2023-05-10 12:51:39,865 INFO 
[['A🌿' '🌳🌿' '🌳🌿' 'B🔥']
 ['🌳🌿' 'C🔥' '🔥🍂' '🌳🌿']
 ['🔥🍂' 'D🌿' '🌳🌿' '🌳🌿']
 ['🌳🌿' '🌳🌿' 'E🔥' '🔥🍂']]
2023-05-10 12:52:39,869 INFO 
[['A🌿' '🌳🌿' '🌳🌿' 'B🔥']
 ['🌳🌿' 'C🔥' '🌳🌿' '🌳🌿']
 ['🔥🍂' 'D🌿' '🌳🌿' '🌳🌿']
 ['🌳🌿' '🔥🍂' 'E🚒' '🔥🍂']]
2023-05-10 12:53:39,871 INFO 
[['A🌿' '🌳🌿' '🌳🌿' 'B🔥']
 ['🌳🌿' 'C🔥' '🌳🌿' '🌳🌿']
 ['🔥🍂' 'D🔥' '🌳🌿' '🌳🌿']
 ['🌳🌿' '🔥🍂' 'E🔥' '🔥🍂']]
2023-05-10 12:54:39,872 INFO 
[['A🌿' '🌳🌿' '🌳🌿' 'B🔥']
 ['🌳🌿' 'C🔥' '🌳🌿' '🌳🌿']
 ['🔥🍂' 'D🔥' '🌳🌿' '🌳🌿']
 ['🔥🍂' '🔥🍂' 'E🔥' '🔥🍂']]
2023-05-10 12:55:39,878 INFO 
[['A🌿' '🌳🌿' '🌳🌿' 'B🔥']
 ['🌳🌿' 'C🔥' '🌳🌿' '🌳🌿']
 ['🔥🍂' 'D🔥' '🌳🌿' '🔥🍂']
 ['🔥🍂' '🔥🍂' 'E🚒' '🌳🌿']]
2023-05-10 12:56:39,881 INFO 
[['A🌿' '🌳🌿' '🌳🌿' 'B🔥']
 ['🌳🌿' 'C🔥' '🌳🌿' '🌳🌿']
 ['🔥🍂' 'D🔥' '🌳🌿' '🔥🍂']
 ['🔥🍂' '🌳🌿' 'E🔥' '🌳🌿']]
2023-05-10 12:57:39,883 INFO 
[['A🌿' '🔥🍂' '🌳🌿' 'B🔥']
 ['🌳🌿' 'C🔥' '🌳🌿' '🌳🌿']
 ['🔥🍂' 'D🌿' '🌳🌿' '🔥🍂']
 ['🔥🍂' '🌳🌿' 'E🔥' '🔥🍂']]
2023-05-10 12:58:39,884 INFO 
[['A🌿' '🔥🍂' '🌳🌿' 'B🔥']
 ['🌳🌿' 'C🔥' '🔥🍂' '🌳🌿']
 ['🔥🍂' 'D🚁' '🔥🍂' '🔥🍂']
 ['🔥🍂' '🌳🌿' 'E🌿' '🔥🍂']]
2023-05-10 12:59:39,885 INFO 
[['A🌿' '🌳🌿' '🌳🌿' 'B🔥']
 ['🌳🌿' 'C🔥' '🔥🍂' '🔥🍂']
 ['🔥🍂' 'D🌿' '🔥🍂' '🔥🍂']
 ['🔥🍂' '🌳🌿' 'E🌿' '🔥🍂']]
2023-05-10 13:00:39,888 INFO 
[['A🌿' '🌳🌿' '🌳🌿' 'B🔥']
 ['🌳🌿' 'C🔥' '🔥🍂' '🔥🍂']
 ['🔥🍂' 'D🌿' '🔥🍂' '🔥🍂']
 ['🔥🍂' '🌳🌿' 'E🌿' '🌳🌿']]
2023-05-10 13:01:39,890 INFO 
[['A🌿' '🌳🌿' '🌳🌿' 'B🔥']
 ['🌳🌿' 'C🚒' '🔥🍂' '🔥🍂']
 ['🔥🍂' 'D🌿' '🔥🍂' '🌳🌿']
 ['🔥🍂' '🌳🌿' 'E🔥' '🌳🌿']]
2023-05-10 13:02:39,892 INFO 
[['A🌿' '🌳🌿' '🔥🍂' 'B🔥']
 ['🌳🌿' 'C🔥' '🔥🍂' '🔥🍂']
 ['🔥🍂' 'D🌿' '🌳🌿' '🌳🌿']
 ['🔥🍂' '🔥🍂' 'E🔥' '🌳🌿']]
2023-05-10 13:03:39,893 INFO 
[['A🌿' '🌳🌿' '🔥🍂' 'B🔥']
 ['🔥🍂' 'C🔥' '🔥🍂' '🔥🍂']
 ['🔥🍂' 'D🌿' '🌳🌿' '🌳🌿']
 ['🔥🍂' '🔥🍂' 'E🚒' '🌳🌿']]
2023-05-10 13:04:39,895 INFO 
[['A🌿' '🔥🍂' '🔥🍂' 'B🔥']
 ['🔥🍂' 'C🚒' '🔥🍂' '🔥🍂']
 ['🔥🍂' 'D🔥' '🌳🌿' '🌳🌿']
 ['🔥🍂' '🔥🍂' 'E🌿' '🌳🌿']]
2023-05-10 13:05:39,897 INFO 
[['A🚒' '🔥🍂' '🔥🍂' 'B🔥']
 ['🔥🍂' 'C🌿' '🔥🍂' '🔥🍂']
 ['🔥🍂' 'D🔥' '🌳🌿' '🔥🍂']
 ['🌳🌿' '🔥🍂' 'E🌿' '🌳🌿']]
2023-05-10 13:06:39,901 INFO 
[['A🔥' '🔥🍂' '🔥🍂' 'B🔥']
 ['🔥🍂' 'C🚁' '🔥🍂' '🔥🍂']
 ['🔥🍂' 'D🔥' '🔥🍂' '🔥🍂']
 ['🌳🌿' '🔥🍂' 'E🌿' '🌳🌿']]
2023-05-10 13:07:39,902 INFO 
[['A🔥' '🔥🍂' '🔥🍂' 'B🔥']
 ['🔥🍂' 'C🌿' '🔥🍂' '🔥🍂']
 ['🔥🍂' 'D🔥' '🌳🌿' '🔥🍂']
 ['🌳🌿' '🔥🍂' 'E🔥' '🌳🌿']]
2023-05-10 13:08:39,904 INFO 
[['A🔥' '🔥🍂' '🌳🌿' 'B🔥']
 ['🔥🍂' 'C🌿' '🔥🍂' '🔥🍂']
 ['🔥🍂' 'D🔥' '🌳🌿' '🔥🍂']
 ['🌳🌿' '🔥🍂' 'E🔥' '🌳🌿']]
2023-05-10 13:09:39,906 INFO 
[['A🔥' '🔥🍂' '🌳🌿' 'B🔥']
 ['🔥🍂' 'C🌿' '🌳🌿' '🔥🍂']
 ['🔥🍂' 'D🔥' '🌳🌿' '🔥🍂']
 ['🌳🌿' '🔥🍂' 'E🚒' '🌳🌿']]
2023-05-10 13:10:39,907 INFO 
[['A🔥' '🔥🍂' '🌳🌿' 'B🔥']
 ['🔥🍂' 'C🚁' '🌳🌿' '🔥🍂']
 ['🌳🌿' 'D🔥' '🔥🍂' '🔥🍂']
 ['🌳🌿' '🔥🍂' 'E🌿' '🔥🍂']]
2023-05-10 13:11:39,909 INFO 
[['A🔥' '🔥🍂' '🔥🍂' 'B🔥']
 ['🔥🍂' 'C🌿' '🌳🌿' '🔥🍂']
 ['🌳🌿' 'D🔥' '🔥🍂' '🔥🍂']
 ['🌳🌿' '🔥🍂' 'E🌿' '🔥🍂']]
2023-05-10 13:12:39,912 INFO 
[['A🔥' '🔥🍂' '🔥🍂' 'B🔥']
 ['🌳🌿' 'C🌿' '🌳🌿' '🔥🍂']
 ['🌳🌿' 'D🔥' '🔥🍂' '🔥🍂']
 ['🌳🌿' '🔥🍂' 'E🚁' '🔥🍂']]
2023-05-10 13:13:39,914 INFO 
[['A🔥' '🔥🍂' '🔥🍂' 'B🔥']
 ['🌳🌿' 'C🚁' '🌳🌿' '🔥🍂']
 ['🌳🌿' 'D🌿' '🔥🍂' '🔥🍂']
 ['🌳🌿' '🌳🌿' 'E🌿' '🔥🍂']]
2023-05-10 13:14:39,917 INFO 
[['A🚁' '🔥🍂' '🔥🍂' 'B🌿']
 ['🌳🌿' 'C🌿' '🔥🍂' '🔥🍂']
 ['🌳🌿' 'D🌿' '🔥🍂' '🔥🍂']
 ['🌳🌿' '🌳🌿' 'E🌿' '🔥🍂']]
2023-05-10 13:15:39,919 INFO 
[['A🌿' '🔥🍂' '🌳🌿' 'B🌿']
 ['🌳🌿' 'C🌿' '🔥🍂' '🔥🍂']
 ['🌳🌿' 'D🌿' '🔥🍂' '🔥🍂']
 ['🌳🌿' '🌳🌿' 'E🌿' '🔥🍂']]
2023-05-10 13:16:39,920 INFO 
[['A🌿' '🌳🌿' '🔥🍂' 'B🌿']
 ['🌳🌿' 'C🌿' '🔥🍂' '🌳🌿']
 ['🌳🌿' 'D🌿' '🔥🍂' '🔥🍂']
 ['🌳🌿' '🌳🌿' 'E🌿' '🔥🍂']]
2023-05-10 13:17:39,922 INFO 
[['A🌿' '🌳🌿' '🌳🌿' 'B🌿']
 ['🌳🌿' 'C🌿' '🔥🍂' '🔥🍂']
 ['🌳🌿' 'D🌿' '🔥🍂' '🔥🍂']
 ['🌳🌿' '🌳🌿' 'E🌿' '🔥🍂']]
2023-05-10 13:18:39,925 INFO 
[['A🌿' '🌳🌿' '🌳🌿' 'B🌿']
 ['🌳🌿' 'C🌿' '🔥🍂' '🔥🍂']
 ['🌳🌿' 'D🌿' '🔥🍂' '🔥🍂']
 ['🌳🌿' '🌳🌿' 'E🌿' '🔥🍂']]
2023-05-10 13:19:39,927 INFO 
[['A🌿' '🌳🌿' '🌳🌿' 'B🌿']
 ['🌳🌿' 'C🌿' '🔥🍂' '🔥🍂']
 ['🌳🌿' 'D🌿' '🔥🍂' '🔥🍂']
 ['🌳🌿' '🌳🌿' 'E🚒' '🔥🍂']]
2023-05-10 13:20:39,928 INFO 
[['A🌿' '🌳🌿' '🌳🌿' 'B🚁']
 ['🌳🌿' 'C🌿' '🔥🍂' '🔥🍂']
 ['🌳🌿' 'D🌿' '🔥🍂' '🔥🍂']
 ['🌳🌿' '🌳🌿' 'E🔥' '🔥🍂']]
2023-05-10 13:21:39,930 INFO 
[['A🌿' '🌳🌿' '🌳🌿' 'B🌿']
 ['🌳🌿' 'C🌿' '🔥🍂' '🔥🍂']
 ['🌳🌿' 'D🌿' '🔥🍂' '🔥🍂']
 ['🌳🌿' '🔥🍂' 'E🔥' '🔥🍂']]
2023-05-10 13:22:39,932 INFO 
[['A🌿' '🌳🌿' '🌳🌿' 'B🌿']
 ['🌳🌿' 'C🌿' '🔥🍂' '🔥🍂']
 ['🌳🌿' 'D🌿' '🔥🍂' '🔥🍂']
 ['🌳🌿' '🔥🍂' 'E🚒' '🔥🍂']]
2023-05-10 13:23:39,934 INFO 
[['A🚁' '🌳🌿' '🌳🌿' 'B🌿']
 ['🌳🌿' 'C🌿' '🔥🍂' '🔥🍂']
 ['🌳🌿' 'D🔥' '🔥🍂' '🔥🍂']
 ['🌳🌿' '🔥🍂' 'E🔥' '🔥🍂']]
2023-05-10 13:24:39,935 INFO 
[['A🚁' '🌳🌿' '🌳🌿' 'B🌿']
 ['🌳🌿' 'C🔥' '🌳🌿' '🔥🍂']
 ['🔥🍂' 'D🔥' '🔥🍂' '🌳🌿']
 ['🌳🌿' '🔥🍂' 'E🔥' '🔥🍂']]
2023-05-10 13:25:39,936 INFO 
[['A🌿' '🌳🌿' '🌳🌿' 'B🌿']
 ['🔥🍂' 'C🔥' '🌳🌿' '🔥🍂']
 ['🔥🍂' 'D🔥' '🔥🍂' '🌳🌿']
 ['🔥🍂' '🔥🍂' 'E🔥' '🔥🍂']]
2023-05-10 13:26:39,938 INFO 
[['A🌿' '🌳🌿' '🌳🌿' 'B🌿']
 ['🔥🍂' 'C🔥' '🔥🍂' '🔥🍂']
 ['🔥🍂' 'D🔥' '🌳🌿' '🌳🌿']
 ['🔥🍂' '🔥🍂' 'E🚒' '🌳🌿']]
2023-05-10 13:27:39,946 INFO 
[['A🌿' '🔥🍂' '🌳🌿' 'B🔥']
 ['🔥🍂' 'C🔥' '🔥🍂' '🔥🍂']
 ['🔥🍂' 'D🌿' '🌳🌿' '🌳🌿']
 ['🔥🍂' '🔥🍂' 'E🚒' '🔥🍂']]
2023-05-10 13:28:39,948 INFO 
[['A🌿' '🔥🍂' '🌳🌿' 'B🔥']
 ['🌳🌿' 'C🔥' '🔥🍂' '🔥🍂']
 ['🔥🍂' 'D🌿' '🔥🍂' '🌳🌿']
 ['🔥🍂' '🔥🍂' 'E🔥' '🔥🍂']]
2023-05-10 13:29:39,950 INFO 
[['A🌿' '🔥🍂' '🌳🌿' 'B🔥']
 ['🔥🍂' 'C🔥' '🔥🍂' '🔥🍂']
 ['🔥🍂' 'D🌿' '🔥🍂' '🌳🌿']
 ['🔥🍂' '🔥🍂' 'E🔥' '🔥🍂']]
2023-05-10 13:30:39,953 INFO 
[['A🌿' '🔥🍂' '🌳🌿' 'B🌿']
 ['🔥🍂' 'C🔥' '🔥🍂' '🌳🌿']
 ['🔥🍂' 'D🌿' '🔥🍂' '🔥🍂']
 ['🔥🍂' '🔥🍂' 'E🚒' '🔥🍂']]
2023-05-10 13:31:39,955 INFO 
[['A🔥' '🌳🌿' '🌳🌿' 'B🌿']
 ['🔥🍂' 'C🔥' '🔥🍂' '🌳🌿']
 ['🔥🍂' 'D🌿' '🔥🍂' '🔥🍂']
 ['🔥🍂' '🔥🍂' 'E🌿' '🔥🍂']]
2023-05-10 13:32:39,956 INFO 
[['A🔥' '🔥🍂' '🌳🌿' 'B🌿']
 ['🔥🍂' 'C🔥' '🔥🍂' '🔥🍂']
 ['🔥🍂' 'D🌿' '🔥🍂' '🔥🍂']
 ['🔥🍂' '🔥🍂' 'E🌿' '🔥🍂']]
2023-05-10 13:33:39,959 INFO 
[['A🔥' '🔥🍂' '🔥🍂' 'B🌿']
 ['🔥🍂' 'C🔥' '🔥🍂' '🔥🍂']
 ['🌳🌿' 'D🌿' '🔥🍂' '🔥🍂']
 ['🔥🍂' '🔥🍂' 'E🚁' '🔥🍂']]
2023-05-10 13:34:39,961 INFO 
[['A🌿' '🔥🍂' '🔥🍂' 'B🔥']
 ['🌳🌿' 'C🔥' '🔥🍂' '🔥🍂']
 ['🌳🌿' 'D🌿' '🔥🍂' '🔥🍂']
 ['🔥🍂' '🌳🌿' 'E🚒' '🔥🍂']]
2023-05-10 13:35:39,964 INFO 
[['A🌿' '🔥🍂' '🔥🍂' 'B🔥']
 ['🌳🌿' 'C🌿' '🔥🍂' '🔥🍂']
 ['🌳🌿' 'D🌿' '🔥🍂' '🔥🍂']
 ['🔥🍂' '🌳🌿' 'E🔥' '🔥🍂']]
2023-05-10 13:36:39,970 INFO 
[['A🌿' '🌳🌿' '🔥🍂' 'B🔥']
 ['🌳🌿' 'C🌿' '🔥🍂' '🔥🍂']
 ['🌳🌿' 'D🌿' '🔥🍂' '🔥🍂']
 ['🌳🌿' '🌳🌿' 'E🚒' '🔥🍂']]
2023-05-10 13:37:39,973 INFO 
[['A🌿' '🌳🌿' '🔥🍂' 'B🔥']
 ['🌳🌿' 'C🌿' '🔥🍂' '🌳🌿']
 ['🌳🌿' 'D🌿' '🔥🍂' '🔥🍂']
 ['🌳🌿' '🌳🌿' 'E🚒' '🔥🍂']]
2023-05-10 13:38:39,975 INFO 
[['A🌿' '🌳🌿' '🔥🍂' 'B🌿']
 ['🌳🌿' 'C🌿' '🔥🍂' '🌳🌿']
 ['🌳🌿' 'D🚁' '🌳🌿' '🔥🍂']
 ['🌳🌿' '🌳🌿' 'E🔥' '🔥🍂']]
2023-05-10 13:39:39,982 INFO 
[['A🌿' '🌳🌿' '🔥🍂' 'B🌿']
 ['🌳🌿' 'C🚁' '🔥🍂' '🌳🌿']
 ['🌳🌿' 'D🌿' '🌳🌿' '🔥🍂']
 ['🌳🌿' '🌳🌿' 'E🔥' '🔥🍂']]
2023-05-10 13:40:39,984 INFO 
[['A🌿' '🌳🌿' '🔥🍂' 'B🚁']
 ['🌳🌿' 'C🔥' '🔥🍂' '🌳🌿']
 ['🌳🌿' 'D🌿' '🌳🌿' '🔥🍂']
 ['🌳🌿' '🌳🌿' 'E🔥' '🔥🍂']]
2023-05-10 13:41:39,987 INFO 
[['A🌿' '🌳🌿' '🌳🌿' 'B🌿']
 ['🌳🌿' 'C🌿' '🌳🌿' '🌳🌿']
 ['🌳🌿' 'D🌿' '🌳🌿' '🌳🌿']
 ['🌳🌿' '🌳🌿' 'E🌿' '🌳🌿']]
2023-05-10 13:41:49,182 CRITICAL Starting new episode - Episode 12
2023-05-10 13:42:39,990 INFO 
[['A🌿' '🌳🌿' '🌳🌿' 'B🌿']
 ['🌳🌿' 'C🌿' '🌳🌿' '🌳🌿']
 ['🌳🌿' 'D🌿' '🌳🌿' '🌳🌿']
 ['🌳🌿' '🌳🌿' 'E🚁' '🌳🌿']]
2023-05-10 13:43:39,992 INFO 
[['A🌿' '🌳🌿' '🌳🌿' 'B🌿']
 ['🌳🌿' 'C🌿' '🌳🌿' '🌳🌿']
 ['🌳🌿' 'D🌿' '🌳🌿' '🌳🌿']
 ['🌳🌿' '🌳🌿' 'E🌿' '🌳🌿']]
2023-05-10 13:44:39,993 INFO 
[['A🌿' '🌳🌿' '🌳🌿' 'B🌿']
 ['🌳🌿' 'C🌿' '🌳🌿' '🌳🌿']
 ['🌳🌿' 'D🌿' '🌳🌿' '🌳🌿']
 ['🌳🌿' '🌳🌿' 'E🌿' '🌳🌿']]
2023-05-10 13:45:39,995 INFO 
[['A🌿' '🌳🌿' '🌳🌿' 'B🌿']
 ['🌳🌿' 'C🌿' '🌳🌿' '🌳🌿']
 ['🌳🌿' 'D🌿' '🌳🌿' '🌳🌿']
 ['🌳🌿' '🌳🌿' 'E🚁' '🌳🌿']]
2023-05-10 13:46:39,997 INFO 
[['A🌿' '🌳🌿' '🌳🌿' 'B🌿']
 ['🌳🌿' 'C🌿' '🌳🌿' '🌳🌿']
 ['🌳🌿' 'D🌿' '🌳🌿' '🌳🌿']
 ['🌳🌿' '🌳🌿' 'E🌿' '🌳🌿']]
2023-05-10 13:47:40,005 INFO 
[['A🌿' '🌳🌿' '🌳🌿' 'B🌿']
 ['🌳🌿' 'C🌿' '🌳🌿' '🌳🌿']
 ['🌳🌿' 'D🌿' '🌳🌿' '🌳🌿']
 ['🌳🌿' '🌳🌿' 'E🚁' '🌳🌿']]
2023-05-10 13:48:40,010 INFO 
[['A🌿' '🌳🌿' '🌳🌿' 'B🌿']
 ['🌳🌿' 'C🌿' '🌳🌿' '🌳🌿']
 ['🌳🌿' 'D🌿' '🌳🌿' '🌳🌿']
 ['🌳🌿' '🌳🌿' 'E🚁' '🌳🌿']]
2023-05-10 13:49:40,011 INFO 
[['A🌿' '🌳🌿' '🌳🌿' 'B🌿']
 ['🌳🌿' 'C🌿' '🔥🍂' '🌳🌿']
 ['🌳🌿' 'D🌿' '🌳🌿' '🌳🌿']
 ['🌳🌿' '🌳🌿' 'E🌿' '🌳🌿']]
2023-05-10 13:50:40,012 INFO 
[['A🌿' '🌳🌿' '🌳🌿' 'B🌿']
 ['🌳🌿' 'C🌿' '🔥🍂' '🌳🌿']
 ['🌳🌿' 'D🚁' '🌳🌿' '🌳🌿']
 ['🌳🌿' '🌳🌿' 'E🌿' '🌳🌿']]
2023-05-10 13:51:40,022 INFO 
[['A🚁' '🌳🌿' '🌳🌿' 'B🌿']
 ['🌳🌿' 'C🌿' '🔥🍂' '🌳🌿']
 ['🌳🌿' 'D🌿' '🌳🌿' '🌳🌿']
 ['🌳🌿' '🌳🌿' 'E🌿' '🌳🌿']]
2023-05-10 13:52:40,024 INFO 
[['A🌿' '🌳🌿' '🌳🌿' 'B🌿']
 ['🌳🌿' 'C🌿' '🌳🌿' '🌳🌿']
 ['🌳🌿' 'D🌿' '🌳🌿' '🌳🌿']
 ['🌳🌿' '🌳🌿' 'E🌿' '🌳🌿']]
2023-05-10 13:53:12,334 CRITICAL Starting new episode - Episode 13
2023-05-10 13:53:40,027 INFO 
[['A🌿' '🌳🌿' '🌳🌿' 'B🚁']
 ['🌳🌿' 'C🌿' '🌳🌿' '🌳🌿']
 ['🌳🌿' 'D🌿' '🌳🌿' '🌳🌿']
 ['🌳🌿' '🌳🌿' 'E🌿' '🌳🌿']]
2023-05-10 13:54:40,028 INFO 
[['A🚁' '🌳🌿' '🌳🌿' 'B🌿']
 ['🌳🌿' 'C🌿' '🌳🌿' '🌳🌿']
 ['🌳🌿' 'D🌿' '🌳🌿' '🌳🌿']
 ['🌳🌿' '🌳🌿' 'E🌿' '🌳🌿']]
2023-05-10 13:55:40,030 INFO 
[['A🌿' '🌳🌿' '🌳🌿' 'B🌿']
 ['🌳🌿' 'C🌿' '🌳🌿' '🌳🌿']
 ['🌳🌿' 'D🌿' '🌳🌿' '🌳🌿']
 ['🌳🌿' '🌳🌿' 'E🌿' '🌳🌿']]
2023-05-10 13:56:40,033 INFO 
[['A🌿' '🌳🌿' '🌳🌿' 'B🌿']
 ['🌳🌿' 'C🌿' '🌳🌿' '🌳🌿']
 ['🌳🌿' 'D🌿' '🌳🌿' '🌳🌿']
 ['🌳🌿' '🌳🌿' 'E🚁' '🌳🌿']]
2023-05-10 13:57:40,035 INFO 
[['A🚁' '🌳🌿' '🌳🌿' 'B🌿']
 ['🌳🌿' 'C🌿' '🌳🌿' '🌳🌿']
 ['🌳🌿' 'D🌿' '🌳🌿' '🌳🌿']
 ['🌳🌿' '🌳🌿' 'E🌿' '🌳🌿']]
2023-05-10 13:58:40,037 INFO 
[['A🌿' '🌳🌿' '🌳🌿' 'B🌿']
 ['🌳🌿' 'C🌿' '🌳🌿' '🌳🌿']
 ['🌳🌿' 'D🌿' '🌳🌿' '🌳🌿']
 ['🌳🌿' '🌳🌿' 'E🌿' '🌳🌿']]
2023-05-10 13:59:40,041 INFO 
[['A🌿' '🌳🌿' '🌳🌿' 'B🌿']
 ['🌳🌿' 'C🌿' '🌳🌿' '🌳🌿']
 ['🌳🌿' 'D🌿' '🌳🌿' '🌳🌿']
 ['🌳🌿' '🌳🌿' 'E🚁' '🌳🌿']]
2023-05-10 14:00:40,043 INFO 
[['A🌿' '🌳🌿' '🌳🌿' 'B🌿']
 ['🌳🌿' 'C🌿' '🌳🌿' '🌳🌿']
 ['🌳🌿' 'D🌿' '🌳🌿' '🌳🌿']
 ['🌳🌿' '🌳🌿' 'E🌿' '🌳🌿']]
2023-05-10 14:01:40,045 INFO 
[['A🌿' '🌳🌿' '🌳🌿' 'B🌿']
 ['🌳🌿' 'C🌿' '🌳🌿' '🌳🌿']
 ['🌳🌿' 'D🌿' '🌳🌿' '🌳🌿']
 ['🌳🌿' '🌳🌿' 'E🌿' '🌳🌿']]
2023-05-10 14:02:40,045 INFO 
[['A🌿' '🌳🌿' '🌳🌿' 'B🌿']
 ['🌳🌿' 'C🌿' '🌳🌿' '🌳🌿']
 ['🌳🌿' 'D🌿' '🌳🌿' '🌳🌿']
 ['🌳🌿' '🌳🌿' 'E🚁' '🌳🌿']]
2023-05-10 14:03:40,049 INFO 
[['A🌿' '🌳🌿' '🌳🌿' 'B🌿']
 ['🌳🌿' 'C🚁' '🌳🌿' '🌳🌿']
 ['🌳🌿' 'D🌿' '🌳🌿' '🌳🌿']
 ['🌳🌿' '🌳🌿' 'E🌿' '🔥🍂']]
2023-05-10 14:04:40,054 INFO 
[['A🚁' '🌳🌿' '🌳🌿' 'B🌿']
 ['🌳🌿' 'C🌿' '🌳🌿' '🌳🌿']
 ['🌳🌿' 'D🌿' '🌳🌿' '🌳🌿']
 ['🌳🌿' '🌳🌿' 'E🌿' '🔥🍂']]
2023-05-10 14:05:40,057 INFO 
[['A🚁' '🌳🌿' '🌳🌿' 'B🌿']
 ['🌳🌿' 'C🌿' '🌳🌿' '🌳🌿']
 ['🌳🌿' 'D🌿' '🌳🌿' '🌳🌿']
 ['🌳🌿' '🌳🌿' 'E🌿' '🔥🍂']]
2023-05-10 14:06:40,059 INFO 
[['A🌿' '🌳🌿' '🌳🌿' 'B🌿']
 ['🌳🌿' 'C🌿' '🌳🌿' '🌳🌿']
 ['🌳🌿' 'D🌿' '🌳🌿' '🌳🌿']
 ['🌳🌿' '🌳🌿' 'E🌿' '🌳🌿']]
2023-05-10 14:07:40,060 INFO 
[['A🌿' '🌳🌿' '🌳🌿' 'B🌿']
 ['🌳🌿' 'C🌿' '🌳🌿' '🌳🌿']
 ['🌳🌿' 'D🌿' '🌳🌿' '🌳🌿']
 ['🌳🌿' '🌳🌿' 'E🌿' '🌳🌿']]
2023-05-10 14:07:45,901 CRITICAL Starting new episode - Episode 14
2023-05-10 14:08:40,061 INFO 
[['A🌿' '🌳🌿' '🌳🌿' 'B🚁']
 ['🌳🌿' 'C🌿' '🌳🌿' '🌳🌿']
 ['🌳🌿' 'D🌿' '🌳🌿' '🌳🌿']
 ['🌳🌿' '🌳🌿' 'E🌿' '🌳🌿']]
2023-05-10 14:09:40,063 INFO 
[['A🌿' '🌳🌿' '🌳🌿' 'B🌿']
 ['🌳🌿' 'C🚁' '🌳🌿' '🌳🌿']
 ['🌳🌿' 'D🌿' '🌳🌿' '🌳🌿']
 ['🌳🌿' '🌳🌿' 'E🌿' '🌳🌿']]
2023-05-10 14:10:40,066 INFO 
[['A🚁' '🌳🌿' '🌳🌿' 'B🌿']
 ['🌳🌿' 'C🌿' '🌳🌿' '🌳🌿']
 ['🌳🌿' 'D🌿' '🌳🌿' '🌳🌿']
 ['🌳🌿' '🌳🌿' 'E🌿' '🌳🌿']]
2023-05-10 14:11:40,074 INFO 
[['A🌿' '🌳🌿' '🌳🌿' 'B🌿']
 ['🌳🌿' 'C🚁' '🌳🌿' '🌳🌿']
 ['🌳🌿' 'D🌿' '🌳🌿' '🌳🌿']
 ['🌳🌿' '🌳🌿' 'E🌿' '🌳🌿']]
2023-05-10 14:12:40,075 INFO 
[['A🚁' '🌳🌿' '🌳🌿' 'B🌿']
 ['🌳🌿' 'C🌿' '🌳🌿' '🌳🌿']
 ['🌳🌿' 'D🌿' '🌳🌿' '🌳🌿']
 ['🌳🌿' '🌳🌿' 'E🌿' '🌳🌿']]
2023-05-10 14:13:40,077 INFO 
[['A🌿' '🌳🌿' '🌳🌿' 'B🌿']
 ['🌳🌿' 'C🌿' '🌳🌿' '🌳🌿']
 ['🌳🌿' 'D🌿' '🌳🌿' '🌳🌿']
 ['🌳🌿' '🌳🌿' 'E🌿' '🌳🌿']]
2023-05-10 14:14:00,634 CRITICAL Starting new episode - Episode 15
2023-05-10 14:14:40,086 INFO 
[['A🌿' '🌳🌿' '🌳🌿' 'B🌿']
 ['🌳🌿' 'C🌿' '🌳🌿' '🌳🌿']
 ['🌳🌿' 'D🌿' '🌳🌿' '🌳🌿']
 ['🌳🌿' '🌳🌿' 'E🚁' '🌳🌿']]
2023-05-10 14:15:40,093 INFO 
[['A🌿' '🌳🌿' '🌳🌿' 'B🌿']
 ['🌳🌿' 'C🚁' '🌳🌿' '🌳🌿']
 ['🌳🌿' 'D🌿' '🌳🌿' '🌳🌿']
 ['🌳🌿' '🌳🌿' 'E🌿' '🌳🌿']]
2023-05-10 14:16:40,098 INFO 
[['A🌿' '🌳🌿' '🌳🌿' 'B🌿']
 ['🌳🌿' 'C🚁' '🌳🌿' '🌳🌿']
 ['🌳🌿' 'D🌿' '🌳🌿' '🌳🌿']
 ['🌳🌿' '🌳🌿' 'E🌿' '🌳🌿']]
2023-05-10 14:17:40,106 INFO 
[['A🌿' '🌳🌿' '🌳🌿' 'B🌿']
 ['🌳🌿' 'C🌿' '🌳🌿' '🌳🌿']
 ['🌳🌿' 'D🚁' '🌳🌿' '🌳🌿']
 ['🌳🌿' '🌳🌿' 'E🌿' '🌳🌿']]
