2023-02-15 18:43:07,358 INFO Creation of log point_matrix
2023-02-15 18:43:15,926 INFO 
[['A🌿' '🌳🌿' '🌳🌿' 'B🌿']
 ['🌳🌿' 'C🌿' '🌳🌿' '🌳🌿']
 ['🌳🌿' 'D🌿' '🌳🌿' '🌳🌿']
 ['🌳🌿' '🌳🌿' 'E🌿' '🌳🌿']]
2023-02-15 18:44:07,367 INFO 
[['A🌿' '🌳🌿' '🌳🌿' 'B🌿']
 ['🌳🌿' 'C🌿' '🌳🌿' '🔥🍂']
 ['🌳🌿' 'D🌿' '🌳🌿' '🌳🌿']
 ['🌳🌿' '🌳🌿' 'E🌿' '🌳🌿']]
2023-02-15 18:45:07,370 INFO 
[['A🚁' '🌳🌿' '🌳🌿' 'B🔥']
 ['🌳🌿' 'C🌿' '🌳🌿' '🔥🍂']
 ['🌳🌿' 'D🌿' '🌳🌿' '🌳🌿']
 ['🌳🌿' '🌳🌿' 'E🌿' '🌳🌿']]
2023-02-15 18:46:07,374 INFO 
[['A🚁' '🌳🌿' '🌳🌿' 'B🔥']
 ['🌳🌿' 'C🌿' '🌳🌿' '🔥🍂']
 ['🌳🌿' 'D🌿' '🌳🌿' '🌳🌿']
 ['🌳🌿' '🌳🌿' 'E🌿' '🌳🌿']]
2023-02-15 18:47:07,375 INFO 
[['A🚁' '🌳🌿' '🔥🍂' 'B🔥']
 ['🌳🌿' 'C🌿' '🌳🌿' '🔥🍂']
 ['🌳🌿' 'D🌿' '🌳🌿' '🌳🌿']
 ['🌳🌿' '🌳🌿' 'E🌿' '🌳🌿']]
2023-02-15 18:48:07,378 INFO 
[['A🚁' '🌳🌿' '🔥🍂' 'B🔥']
 ['🌳🌿' 'C🌿' '🌳🌿' '🔥🍂']
 ['🌳🌿' 'D🌿' '🌳🌿' '🌳🌿']
 ['🌳🌿' '🌳🌿' 'E🚁' '🌳🌿']]
2023-02-15 18:49:07,380 INFO 
[['A🚁' '🌳🌿' '🔥🍂' 'B🔥']
 ['🌳🌿' 'C🌿' '🌳🌿' '🌳🌿']
 ['🌳🌿' 'D🌿' '🌳🌿' '🌳🌿']
 ['🌳🌿' '🌳🌿' 'E🚁' '🌳🌿']]
2023-02-15 18:50:07,383 INFO 
[['A🌿' '🌳🌿' '🔥🍂' 'B🔥']
 ['🌳🌿' 'C🌿' '🌳🌿' '🌳🌿']
 ['🌳🌿' 'D🌿' '🌳🌿' '🌳🌿']
 ['🌳🌿' '🌳🌿' 'E🌿' '🌳🌿']]
2023-02-15 18:51:07,387 INFO 
[['A🌿' '🌳🌿' '🔥🍂' 'B🚒']
 ['🌳🌿' 'C🌿' '🌳🌿' '🌳🌿']
 ['🌳🌿' 'D🌿' '🌳🌿' '🌳🌿']
 ['🌳🌿' '🌳🌿' 'E🌿' '🌳🌿']]
2023-02-15 18:52:07,431 INFO 
[['A🌿' '🔥🍂' '🔥🍂' 'B🔥']
 ['🌳🌿' 'C🌿' '🌳🌿' '🌳🌿']
 ['🌳🌿' 'D🌿' '🌳🌿' '🌳🌿']
 ['🌳🌿' '🌳🌿' 'E🌿' '🌳🌿']]
