2023-05-12 08:02:56,504 INFO Creation of log rewards
2023-05-12 08:03:01,512 INFO Action Point Reward
2023-05-12 08:03:49,744 INFO go_to-go_to- C-D- 40
2023-05-12 08:04:15,821 INFO go_to-go_to- D-A- 40
2023-05-12 08:04:40,445 INFO go_to-go_to- A-A- -20
2023-05-12 08:05:05,942 INFO act-go_to- A-D- 79.67
2023-05-12 08:05:30,120 INFO act-act- A-D- 96.33
2023-05-12 08:06:09,896 INFO go_to-go_to- E-PC- 20
2023-05-12 08:07:32,639 INFO act-act- E-PC- 108.67
2023-05-12 08:07:52,783 INFO act-act- E-PC- 26.67
2023-05-12 08:08:12,338 INFO act-act- E-PC- 26.67
2023-05-12 08:08:32,671 INFO act-act- E-PC- 26.67
2023-05-12 08:08:50,380 INFO act-act- E-PC- 26.0
2023-05-12 08:09:08,771 INFO act-act- E-PC- 26.0
2023-05-12 08:09:28,618 INFO act-act- E-PC- 26.67
2023-05-12 08:09:47,303 INFO act-act- E-PC- 26.33
2023-05-12 08:10:42,166 INFO act-go_to- M-A- -4980
2023-05-12 08:11:05,370 INFO act-act- M-A- 131.67
2023-05-12 08:11:27,995 INFO act-act- M-A- 27.33
2023-05-12 08:11:50,034 INFO act-act- M-A- 27.67
2023-05-12 08:12:14,984 INFO act-act- M-A- 28.0
2023-05-12 08:12:37,803 INFO act-act- M-A- 27.67
2023-05-12 08:13:02,475 INFO act-act- M-A- 28.33
2023-05-12 08:13:26,655 INFO act-act- M-A- 28.0
2023-05-12 08:13:51,218 INFO act-act- M-A- 28.33
2023-05-12 08:14:15,302 INFO act-act- M-A- 28.0
2023-05-12 08:14:39,079 INFO act-act- M-A- 28.0
2023-05-12 08:15:02,478 INFO act-act- M-A- 27.67
2023-05-12 08:15:26,360 INFO act-act- M-A- 28.0
2023-05-12 08:15:52,068 INFO act-act- M-A- 28.67
2023-05-12 08:16:14,129 INFO act-act- M-A- 27.33
2023-05-12 08:16:36,958 INFO act-act- M-A- 27.33
2023-05-12 08:17:00,846 INFO act-act- M-A- 28.0
2023-05-12 08:17:21,859 INFO act-go_to- M-A- -20
2023-05-12 08:17:31,074 INFO act-go_to- M-M- -5000
2023-05-12 08:19:21,832 CRITICAL Starting new episode - Episode 1
2023-05-12 08:19:21,832 INFO Accumulated reward of episode 0: -8900.33
2023-05-12 08:20:07,296 INFO go_to-go_to- C-A- 40
2023-05-12 08:20:31,083 INFO act-act- C-A- 86.67
2023-05-12 08:20:52,739 INFO act-act- C-A- 54.0
2023-05-12 08:21:15,753 INFO act-act- C-A- 55.33
2023-05-12 08:21:47,782 INFO go_to-go_to- D-C- 40
2023-05-12 08:22:10,013 INFO act-act- D-C- 114.67
2023-05-12 08:22:33,794 INFO act-act- D-C- 55.33
2023-05-12 08:22:57,484 INFO act-act- D-C- 56.0
2023-05-12 08:23:21,280 INFO act-act- D-C- 56.0
2023-05-12 08:23:56,278 INFO go_to-go_to- E-E- 20
2023-05-12 08:24:19,484 INFO act-act- E-E- 119.33
2023-05-12 08:24:42,099 INFO act-act- E-E- 27.67
2023-05-12 08:25:29,768 INFO go_to-go_to- B-PC- 20
2023-05-12 08:26:52,505 INFO act-act- M-PC- -5000
2023-05-12 08:27:48,036 INFO act-go_to- M-A- 20
2023-05-12 08:28:10,854 INFO act-act- M-A- 175.0
2023-05-12 08:28:35,225 INFO act-act- M-A- 42.62
2023-05-12 08:28:58,237 INFO act-act- M-A- 27.67
2023-05-12 08:29:22,806 INFO act-act- M-A- 28.0
2023-05-12 08:29:45,821 INFO act-act- M-A- 27.67
2023-05-12 08:30:08,936 INFO act-act- M-A- 36.76
2023-05-12 08:30:31,368 INFO act-act- M-A- 36.0
2023-05-12 08:30:54,575 INFO act-act- M-A- 35.36
2023-05-12 08:31:18,857 INFO act-act- M-A- 35.14
2023-05-12 08:31:41,617 INFO act-act- M-A- 34.33
2023-05-12 08:32:03,077 INFO act-act- M-A- 33.58
2023-05-12 08:32:26,669 INFO act-act- M-A- 33.55
2023-05-12 08:32:50,466 INFO act-act- M-A- 33.56
2023-05-12 08:33:13,484 INFO act-act- M-A- 32.93
2023-05-12 08:33:36,061 INFO act-act- M-A- 32.67
2023-05-12 08:33:58,388 INFO act-act- M-A- 32.1
2023-05-12 08:34:30,517 INFO act-go_to- M-M- -5000
2023-05-12 08:36:16,040 CRITICAL Starting new episode - Episode 2
2023-05-12 08:36:16,040 INFO Accumulated reward of episode 1: -8558.08
2023-05-12 08:36:59,053 INFO go_to-go_to- C-D- 40
2023-05-12 08:37:28,789 INFO act-go_to- C-B- 64.0
2023-05-12 08:37:53,059 INFO act-act- C-B- 80.67
2023-05-12 08:38:15,882 INFO act-act- C-B- 54.67
2023-05-12 08:38:38,705 INFO act-act- C-B- 55.33
2023-05-12 08:39:02,012 INFO act-act- C-B- 56.0
2023-05-12 08:39:26,578 INFO act-act- C-B- 56.0
2023-05-12 08:39:49,501 INFO act-act- C-B- 55.33
2023-05-12 08:40:13,002 INFO act-act- C-B- 56.0
2023-05-12 08:40:36,695 INFO act-act- C-B- 55.33
2023-05-12 08:40:59,029 INFO act-act- C-B- 55.33
2023-05-12 08:41:22,528 INFO act-act- C-B- 55.33
2023-05-12 08:41:46,519 INFO act-act- C-B- 56.0
2023-05-12 08:42:10,116 INFO act-act- C-B- 56.0
2023-05-12 08:42:32,838 INFO act-act- C-B- 54.67
2023-05-12 08:42:55,658 INFO act-act- C-B- 55.33
2023-05-12 08:43:19,353 INFO act-act- C-B- 56.0
2023-05-12 08:43:42,664 INFO act-act- M-M- -10000
2023-05-12 08:45:31,700 CRITICAL Starting new episode - Episode 3
2023-05-12 08:45:31,700 INFO Accumulated reward of episode 2: -9038.0
2023-05-12 08:45:48,317 INFO act-act- PC-PC- 0
2023-05-12 08:46:38,610 INFO go_to-go_to- C-D- 40
2023-05-12 08:47:05,078 INFO go_to-go_to- D-A- 40
2023-05-12 08:47:31,260 INFO go_to-go_to- A-A- -20
2023-05-12 08:47:55,929 INFO act-act- A-A- 68.0
2023-05-12 08:48:38,228 INFO go_to-go_to- A-PC- -20
2023-05-12 08:50:00,482 INFO act-act- A-PC- 61.67
2023-05-12 08:50:20,615 INFO act-act- A-PC- 26.67
2023-05-12 08:50:39,890 INFO act-act- A-PC- 26.33
2023-05-12 08:50:59,745 INFO act-act- A-PC- 26.67
2023-05-12 08:51:20,570 INFO act-act- A-PC- 27.0
2023-05-12 08:51:39,155 INFO act-act- A-PC- 26.33
2023-05-12 08:52:32,180 INFO go_to-go_to- D-B- 40
2023-05-12 08:53:02,486 INFO act-go_to- M-PC- -5000
2023-05-12 08:54:29,211 INFO act-act- M-PC- 0
2023-05-12 08:54:43,310 INFO act-act- M-PC- 0
2023-05-12 08:55:35,384 INFO act-go_to- M-B- 20
2023-05-12 08:55:58,492 INFO act-act- M-B- 229.0
2023-05-12 08:56:28,035 INFO act-go_to- M-A- 20
2023-05-12 08:56:51,631 INFO act-act- M-A- 124.0
2023-05-12 08:57:13,966 INFO act-act- M-A- 27.33
2023-05-12 08:57:37,079 INFO act-act- M-A- 28.0
2023-05-12 08:58:00,393 INFO act-act- M-A- 27.67
2023-05-12 08:58:22,334 INFO act-act- M-A- 27.33
2023-05-12 08:58:46,226 INFO act-act- M-A- 28.0
2023-05-12 08:59:32,350 INFO act-go_to- M-PC- 0
2023-05-12 09:00:57,904 INFO act-act- M-PC- 0
2023-05-12 09:01:12,870 INFO act-act- M-PC- 0
2023-05-12 09:02:04,375 INFO act-go_to- M-B- 20
2023-05-12 09:02:26,613 INFO act-act- M-B- 149.33
2023-05-12 09:02:49,527 INFO act-act- M-B- 27.67
2023-05-12 09:03:11,954 INFO act-act- M-B- 27.33
2023-05-12 09:03:34,969 INFO act-act- M-B- 27.67
2023-05-12 09:03:59,050 INFO act-act- M-B- 28.33
2023-05-12 09:04:24,400 INFO act-act- M-B- 28.33
2023-05-12 09:04:47,026 INFO act-act- M-B- 27.67
2023-05-12 09:05:09,359 INFO act-act- M-B- 27.33
2023-05-12 09:05:31,789 INFO act-act- M-B- 27.33
2023-05-12 09:05:56,555 INFO act-act- M-B- 28.33
2023-05-12 09:06:18,791 INFO act-act- M-B- 27.33
2023-05-12 09:06:42,388 INFO act-act- M-B- 28.0
2023-05-12 09:07:15,781 INFO act-go_to- M-D- 20
2023-05-12 09:07:39,958 INFO act-act- M-D- 462.67
2023-05-12 09:08:01,610 INFO act-act- M-D- 27.33
2023-05-12 09:08:34,224 INFO act-go_to- M-M- -5000
2023-05-12 09:10:29,588 CRITICAL Starting new episode - Episode 4
2023-05-12 09:10:29,588 INFO Accumulated reward of episode 3: -8141.33
2023-05-12 09:10:45,914 INFO act-act- PC-PC- 0
2023-05-12 09:11:34,356 INFO go_to-go_to- D-PC- 0
2023-05-12 09:13:00,299 INFO act-act- D-PC- 70.33
2023-05-12 09:13:21,123 INFO act-act- D-PC- 27.0
2023-05-12 09:13:42,292 INFO act-act- D-PC- 27.0
2023-05-12 09:14:01,163 INFO act-act- D-PC- 26.33
2023-05-12 09:14:20,140 INFO act-act- D-PC- 26.33
2023-05-12 09:15:17,125 INFO go_to-go_to- C-D- 40
2023-05-12 09:15:41,004 INFO act-act- C-D- 171.0
2023-05-12 09:16:05,085 INFO act-act- C-D- 56.0
2023-05-12 09:16:29,468 INFO act-act- C-D- 56.0
2023-05-12 09:16:54,623 INFO act-act- C-D- 56.67
2023-05-12 09:17:18,020 INFO act-act- C-D- 56.0
2023-05-12 09:17:41,909 INFO act-act- C-D- 55.33
2023-05-12 09:18:05,215 INFO act-act- M-D- -4972.0
2023-05-12 09:18:28,131 INFO act-act- M-D- 27.67
2023-05-12 09:18:51,729 INFO act-act- M-D- 27.67
2023-05-12 09:19:14,741 INFO act-act- M-D- 27.67
2023-05-12 09:19:39,125 INFO act-act- M-D- 28.33
2023-05-12 09:20:04,661 INFO act-act- M-D- 28.33
2023-05-12 09:20:27,874 INFO act-act- M-D- 27.67
2023-05-12 09:20:50,112 INFO act-act- M-D- 27.67
2023-05-12 09:21:13,414 INFO act-act- M-D- 27.67
2023-05-12 09:21:47,091 INFO act-go_to- M-A- 20
2023-05-12 09:21:55,916 INFO act-go_to- M-M- -5000
2023-05-12 09:23:43,629 CRITICAL Starting new episode - Episode 5
2023-05-12 09:23:43,629 INFO Accumulated reward of episode 4: -9061.33
2023-05-12 09:24:29,720 INFO go_to-go_to- C-D- 40
2023-05-12 09:24:57,159 INFO go_to-go_to- D-A- 40
2023-05-12 09:25:24,013 INFO go_to-go_to- A-A- -20
2023-05-12 09:26:04,093 INFO go_to-go_to- PC-B- 20
2023-05-12 09:27:26,848 INFO act-act- PC-B- 94.33
2023-05-12 09:28:22,954 INFO go_to-go_to- E-C- 40
2023-05-12 09:28:52,138 INFO go_to-go_to- E-B- 0
2023-05-12 09:29:14,081 INFO act-act- E-B- 186.33
2023-05-12 09:29:38,740 INFO act-act- E-B- 56.0
2023-05-12 09:30:14,515 INFO go_to-go_to- C-PC- 20
2023-05-12 09:31:39,782 INFO act-act- C-PC- 178.67
2023-05-12 09:31:59,632 INFO act-act- C-PC- 26.67
2023-05-12 09:32:19,284 INFO act-act- C-PC- 26.67
2023-05-12 09:32:39,329 INFO act-act- C-PC- 26.67
2023-05-12 09:32:58,794 INFO act-act- C-PC- 26.33
2023-05-12 09:33:17,668 INFO act-act- C-PC- 26.33
2023-05-12 09:33:36,740 INFO act-act- C-PC- 26.33
2023-05-12 09:33:56,493 INFO act-act- C-PC- 26.67
2023-05-12 09:34:17,706 INFO act-act- C-PC- 27.0
2023-05-12 09:34:37,949 INFO act-act- C-PC- 26.67
2023-05-12 09:34:56,731 INFO act-act- M-PC- -5000
2023-05-12 09:35:11,803 INFO act-act- M-PC- 0
2023-05-12 09:36:08,211 INFO act-go_to- M-D- 20
2023-05-12 09:36:22,691 INFO act-go_to- M-D- -20
2023-05-12 09:36:36,977 INFO act-go_to- M-D- -20
2023-05-12 09:36:53,113 INFO act-go_to- M-D- -20
2023-05-12 09:37:17,094 INFO act-act- M-D- 291.33
2023-05-12 09:37:40,783 INFO act-act- M-D- 27.67
2023-05-12 09:38:03,318 INFO act-act- M-D- 27.67
2023-05-12 09:38:26,722 INFO act-act- M-D- 27.67
2023-05-12 09:38:51,685 INFO act-act- M-D- 28.33
2023-05-12 09:39:14,699 INFO act-act- M-D- 27.67
2023-05-12 09:39:38,787 INFO act-act- M-D- 28.0
2023-05-12 09:40:00,924 INFO act-act- M-D- 27.33
2023-05-12 09:40:22,673 INFO act-act- M-D- 27.33
2023-05-12 09:40:47,624 INFO act-act- M-D- 28.33
2023-05-12 09:41:09,860 INFO act-act- M-D- 33.58
2023-05-12 09:41:31,216 INFO act-act- M-D- 33.22
2023-05-12 09:41:56,373 INFO act-act- M-D- 33.89
2023-05-12 09:42:20,361 INFO act-act- M-D- 33.26
2023-05-12 09:42:52,401 INFO act-go_to- M-M- -5000
2023-05-12 09:44:42,460 CRITICAL Starting new episode - Episode 6
2023-05-12 09:44:42,460 INFO Accumulated reward of episode 5: -8470.05
2023-05-12 09:45:30,402 INFO go_to-go_to- C-D- 40
2023-05-12 09:45:57,066 INFO go_to-go_to- D-A- 40
2023-05-12 09:46:24,023 INFO go_to-go_to- A-A- -20
2023-05-12 09:46:47,226 INFO act-act- A-A- 61.67
2023-05-12 09:47:12,756 INFO act-act- A-A- 28.33
2023-05-12 09:47:37,617 INFO act-act- A-A- 28.33
2023-05-12 09:48:00,535 INFO act-act- A-A- 27.67
2023-05-12 09:48:41,485 INFO act-go_to- A-E- 53.67
2023-05-12 09:49:06,140 INFO act-act- A-E- 136.33
2023-05-12 09:49:29,445 INFO act-act- A-E- 55.33
2023-05-12 09:50:01,673 INFO go_to-go_to- A-D- 0
2023-05-12 09:50:26,721 INFO act-act- A-D- 173.67
2023-05-12 09:50:51,093 INFO act-act- A-D- 56.67
2023-05-12 09:51:14,201 INFO act-act- A-D- 55.33
2023-05-12 09:51:37,014 INFO act-act- A-D- 55.33
2023-05-12 09:52:20,362 INFO act-go_to- M-M- -10000
2023-05-12 09:54:08,827 CRITICAL Starting new episode - Episode 7
2023-05-12 09:54:08,827 INFO Accumulated reward of episode 6: -9207.67
2023-05-12 09:54:54,532 INFO go_to-go_to- C-D- 40
2023-05-12 09:55:22,557 INFO go_to-go_to- D-A- 40
2023-05-12 09:55:50,578 INFO go_to-go_to- A-A- -20
2023-05-12 09:56:32,014 INFO go_to-go_to- PC-A- -20
2023-05-12 09:57:55,720 INFO act-act- PC-A- 95.67
2023-05-12 09:58:17,954 INFO act-act- PC-A- 27.33
2023-05-12 09:58:41,653 INFO act-act- PC-A- 28.0
2023-05-12 09:59:04,481 INFO act-act- PC-A- 27.67
2023-05-12 09:59:26,719 INFO act-act- PC-A- 27.33
2023-05-12 10:00:21,084 INFO go_to-go_to- B-C- 40
2023-05-12 10:00:44,385 INFO act-act- B-C- 320.67
2023-05-12 10:01:07,977 INFO act-act- B-C- 67.83
2023-05-12 10:01:31,092 INFO act-act- B-M- -4962.0
2023-05-12 10:01:50,937 INFO act-act- B-M- 35.42
2023-05-12 10:02:11,656 INFO act-act- B-M- 35.33
2023-05-12 10:02:32,277 INFO act-act- B-M- 34.69
2023-05-12 10:02:54,065 INFO act-act- B-M- 34.48
2023-05-12 10:03:14,104 INFO act-act- B-M- 33.33
2023-05-12 10:03:33,850 INFO act-act- B-M- 32.58
2023-05-12 10:03:54,765 INFO act-act- B-M- 32.88
2023-05-12 10:04:16,554 INFO act-act- B-M- 32.89
2023-05-12 10:04:36,398 INFO act-act- B-M- 31.93
2023-05-12 10:04:57,707 INFO act-act- B-M- 27.0
2023-05-12 10:05:18,524 INFO act-act- B-M- 27.0
2023-05-12 10:05:40,610 INFO act-act- B-M- 27.33
2023-05-12 10:06:00,069 INFO act-act- B-M- 26.67
2023-05-12 10:06:18,590 INFO act-act- B-M- 26.0
2023-05-12 10:06:40,384 INFO act-act- B-M- 27.33
2023-05-12 10:06:59,936 INFO act-act- M-M- -5000
2023-05-12 10:08:53,629 CRITICAL Starting new episode - Episode 8
2023-05-12 10:08:53,629 INFO Accumulated reward of episode 7: -8822.62
2023-05-12 10:09:38,433 INFO go_to-go_to- C-D- 40
2023-05-12 10:10:05,586 INFO go_to-go_to- D-A- 40
2023-05-12 10:10:33,313 INFO go_to-go_to- A-A- -20
2023-05-12 10:10:58,261 INFO act-act- A-A- 61.67
2023-05-12 10:11:21,370 INFO act-act- A-A- 27.67
2023-05-12 10:11:46,038 INFO act-act- A-A- 28.33
2023-05-12 10:12:09,441 INFO act-act- A-A- 27.67
2023-05-12 10:12:46,267 INFO act-go_to- A-E- 52.33
2023-05-12 10:13:09,479 INFO act-act- A-E- 133.0
2023-05-12 10:13:32,485 INFO act-act- A-E- 55.33
2023-05-12 10:13:55,110 INFO act-act- A-E- 55.33
2023-05-12 10:14:19,006 INFO act-act- A-E- 56.0
2023-05-12 10:14:43,961 INFO act-act- A-E- 56.0
2023-05-12 10:15:06,870 INFO act-act- A-E- 55.33
2023-05-12 10:15:40,358 INFO go_to-go_to- C-C- 20
2023-05-12 10:16:16,678 INFO act-go_to- C-M- -4832.33
2023-05-12 10:16:25,502 INFO act-go_to- C-M- 23.0
2023-05-12 10:16:34,907 INFO act-go_to- M-M- -5000
2023-05-12 10:18:28,370 CRITICAL Starting new episode - Episode 9
2023-05-12 10:18:28,370 INFO Accumulated reward of episode 8: -9120.67
2023-05-12 10:18:45,863 INFO act-act- PC-PC- 0
2023-05-12 10:19:35,679 INFO go_to-go_to- C-D- 40
2023-05-12 10:19:57,366 INFO go_to-go_to- A-E- 40
2023-05-12 10:20:30,561 INFO go_to-go_to- E-A- 40
2023-05-12 10:21:01,428 INFO go_to-go_to- A-E- 40
2023-05-12 10:21:26,759 INFO act-act- A-E- 158.67
2023-05-12 10:21:50,354 INFO act-act- A-E- 56.0
2023-05-12 10:22:13,271 INFO act-act- A-E- 55.33
2023-05-12 10:22:46,569 INFO go_to-go_to- C-C- 20
2023-05-12 10:23:24,932 INFO go_to-go_to- PC-A- 20
2023-05-12 10:24:45,631 INFO act-act- PC-A- 70.67
2023-05-12 10:25:08,648 INFO act-act- PC-A- 27.67
2023-05-12 10:25:32,538 INFO act-act- PC-A- 28.0
2023-05-12 10:25:55,169 INFO act-act- PC-M- -5000
2023-05-12 10:26:53,033 INFO go_to-act- A-M- 20
2023-05-12 10:27:13,747 INFO act-act- A-M- 53.67
2023-05-12 10:27:43,487 INFO go_to-act- B-M- 20
2023-05-12 10:28:12,057 INFO go_to-act- A-M- 20
2023-05-12 10:28:33,546 INFO go_to-act- C-M- 20
2023-05-12 10:28:53,970 INFO act-act- C-M- 245.0
2023-05-12 10:29:13,041 INFO act-act- C-M- 40.95
2023-05-12 10:29:33,079 INFO act-act- C-M- 39.17
2023-05-12 10:29:53,703 INFO act-act- C-M- 37.78
2023-05-12 10:30:13,646 INFO act-act- C-M- 36.67
2023-05-12 10:30:34,173 INFO act-act- C-M- 36.09
2023-05-12 10:30:54,402 INFO act-act- C-M- 35.0
2023-05-12 10:31:27,015 INFO go_to-act- D-M- 20
2023-05-12 10:31:48,909 INFO act-act- D-M- 303.33
2023-05-12 10:32:09,241 INFO act-act- D-M- 41.29
2023-05-12 10:32:31,226 INFO act-act- D-M- 39.83
2023-05-12 10:32:51,267 INFO act-act- D-M- 37.78
2023-05-12 10:33:23,109 INFO go_to-act- E-M- 20
2023-05-12 10:33:31,448 INFO go_to-act- M-M- -5000
2023-05-12 10:35:24,196 CRITICAL Starting new episode - Episode 10
2023-05-12 10:35:24,196 INFO Accumulated reward of episode 9: -8337.12
2023-05-12 10:36:13,399 INFO go_to-go_to- C-D- 40
2023-05-12 10:36:40,350 INFO go_to-go_to- D-A- 40
2023-05-12 10:37:05,657 INFO go_to-go_to- A-A- -20
2023-05-12 10:37:29,640 INFO act-act- A-A- 61.67
2023-05-12 10:37:53,724 INFO act-act- A-A- 28.0
2023-05-12 10:38:17,506 INFO act-act- A-A- 28.0
2023-05-12 10:38:41,492 INFO act-act- A-A- 28.0
2023-05-12 10:39:18,147 INFO act-go_to- A-E- 52.33
2023-05-12 10:39:42,720 INFO act-act- A-E- 134.0
2023-05-12 10:40:06,811 INFO act-act- A-E- 56.0
2023-05-12 10:40:29,741 INFO act-act- A-E- 55.33
2023-05-12 10:40:52,461 INFO act-act- A-E- 55.33
2023-05-12 10:41:17,514 INFO act-act- A-E- 56.67
2023-05-12 10:41:41,987 INFO act-act- A-E- 56.0
2023-05-12 10:42:18,155 INFO go_to-go_to- C-C- 20
2023-05-12 10:42:38,579 INFO act-go_to- C-A- 184.67
2023-05-12 10:43:20,400 INFO act-go_to- M-M- -10000
2023-05-12 10:45:11,520 CRITICAL Starting new episode - Episode 11
2023-05-12 10:45:11,521 INFO Accumulated reward of episode 10: -9124.0
2023-05-12 10:45:27,650 INFO act-act- PC-PC- 0
2023-05-12 10:46:15,525 INFO go_to-go_to- C-D- 40
2023-05-12 10:46:41,309 INFO go_to-go_to- D-A- 40
2023-05-12 10:47:25,465 INFO go_to-go_to- A-PC- 20
2023-05-12 10:48:49,959 INFO act-act- A-PC- 92.67
2023-05-12 10:49:42,617 INFO go_to-go_to- E-B- 40
2023-05-12 10:50:07,670 INFO act-act- E-B- 254.0
2023-05-12 10:50:26,484 INFO act-go_to- E-B- 18.83
2023-05-12 10:50:46,135 INFO act-go_to- E-B- 23.33
2023-05-12 10:51:19,516 INFO go_to-act- D-B- 64.0
2023-05-12 10:51:43,879 INFO act-act- D-B- 178.67
2023-05-12 10:52:07,476 INFO act-act- D-B- 56.0
2023-05-12 10:52:30,685 INFO act-act- D-B- 55.33
2023-05-12 10:52:53,698 INFO act-act- M-B- -4972.33
2023-05-12 10:53:18,067 INFO act-act- M-B- 28.33
2023-05-12 10:53:41,661 INFO act-act- M-B- 27.67
2023-05-12 10:54:04,669 INFO act-act- M-B- 27.67
2023-05-12 10:54:28,660 INFO act-act- M-B- 28.0
2023-05-12 10:54:52,354 INFO act-act- M-B- 28.0
2023-05-12 10:55:15,948 INFO act-act- M-B- 27.67
2023-05-12 10:55:38,959 INFO act-act- M-B- 27.67
2023-05-12 10:56:02,264 INFO act-go_to- M-B- -20
2023-05-12 10:56:30,540 INFO act-go_to- M-M- -5000
2023-05-12 10:58:15,792 CRITICAL Starting new episode - Episode 12
2023-05-12 10:58:15,792 INFO Accumulated reward of episode 11: -8914.5
2023-05-12 10:59:02,371 INFO go_to-go_to- C-D- 40
2023-05-12 10:59:28,941 INFO go_to-go_to- D-A- 40
2023-05-12 11:00:09,700 INFO go_to-go_to- A-PC- 20
2023-05-12 11:01:35,359 INFO act-act- A-PC- 86.67
2023-05-12 11:02:27,626 INFO go_to-go_to- E-B- 40
2023-05-12 11:02:51,701 INFO act-act- E-B- 224.0
2023-05-12 11:03:21,336 INFO go_to-go_to- D-D- 20
2023-05-12 11:03:43,961 INFO act-act- D-D- 129.33
2023-05-12 11:04:07,556 INFO act-act- D-D- 28.0
2023-05-12 11:04:31,636 INFO act-act- D-D- 28.0
2023-05-12 11:04:55,135 INFO act-act- D-D- 28.0
2023-05-12 11:05:18,052 INFO act-act- D-D- 27.67
2023-05-12 11:05:54,021 INFO go_to-go_to- M-B- -4980
2023-05-12 11:06:16,973 INFO go_to-act- M-B- 88.33
2023-05-12 11:06:41,249 INFO go_to-act- M-B- 28.33
2023-05-12 11:07:04,553 INFO go_to-act- M-B- 27.67
2023-05-12 11:07:28,244 INFO go_to-act- M-B- 28.0
2023-05-12 11:07:53,791 INFO go_to-act- M-B- 28.33
2023-05-12 11:08:18,068 INFO go_to-act- M-B- 28.33
2023-05-12 11:08:41,470 INFO go_to-act- M-B- 27.67
2023-05-12 11:09:16,084 INFO go_to-go_to- M-M- -5000
2023-05-12 11:11:03,225 CRITICAL Starting new episode - Episode 13
2023-05-12 11:11:03,226 INFO Accumulated reward of episode 12: -9011.67
2023-05-12 11:11:51,058 INFO go_to-go_to- C-D- 40
2023-05-12 11:12:17,139 INFO go_to-go_to- D-A- 40
2023-05-12 11:12:58,085 INFO go_to-go_to- A-PC- 20
2023-05-12 11:14:22,481 INFO act-act- A-PC- 86.33
2023-05-12 11:15:17,660 INFO go_to-go_to- E-B- 40
2023-05-12 11:15:51,534 INFO go_to-go_to- B-B- -20
2023-05-12 11:16:21,079 INFO go_to-act- D-B- 162.67
2023-05-12 11:16:43,899 INFO act-act- D-B- 173.17
2023-05-12 11:17:15,347 INFO go_to-go_to- A-C- 40
2023-05-12 11:17:38,455 INFO act-act- A-C- 237.0
2023-05-12 11:18:01,470 INFO act-act- A-C- 55.33
2023-05-12 11:18:26,333 INFO act-act- A-C- 56.67
2023-05-12 11:18:51,000 INFO act-act- M-C- -4972.0
2023-05-12 11:19:13,434 INFO act-act- M-C- 27.67
2023-05-12 11:19:35,224 INFO act-act- M-C- 27.33
2023-05-12 11:19:57,854 INFO act-act- M-C- 27.33
2023-05-12 11:20:19,797 INFO act-act- M-C- 27.33
2023-05-12 11:20:43,394 INFO act-act- M-C- 28.0
2023-05-12 11:21:05,633 INFO act-act- M-C- 27.33
2023-05-12 11:21:28,645 INFO act-act- M-C- 27.67
2023-05-12 11:21:53,406 INFO act-act- M-M- -5000
2023-05-12 11:23:43,552 CRITICAL Starting new episode - Episode 14
2023-05-12 11:23:43,552 INFO Accumulated reward of episode 13: -8848.17
2023-05-12 11:24:30,907 INFO go_to-go_to- E-A- 40
2023-05-12 11:24:53,337 INFO act-act- E-A- 86.67
2023-05-12 11:25:17,125 INFO act-act- E-A- 56.0
2023-05-12 11:25:41,695 INFO act-act- E-A- 56.0
2023-05-12 11:26:25,518 INFO go_to-go_to- A-E- 40
2023-05-12 11:26:49,208 INFO act-act- A-E- 85.33
2023-05-12 11:27:12,999 INFO act-act- A-E- 55.33
2023-05-12 11:27:36,979 INFO act-act- A-E- 56.0
2023-05-12 11:28:02,135 INFO act-act- A-E- 57.33
2023-05-12 11:28:25,248 INFO act-act- A-E- 55.33
2023-05-12 11:28:48,942 INFO act-act- A-E- 55.33
2023-05-12 11:29:12,736 INFO act-act- A-E- 56.0
2023-05-12 11:29:48,321 INFO go_to-act- D-E- 52.0
2023-05-12 11:30:11,824 INFO act-act- D-E- 177.0
2023-05-12 11:30:34,353 INFO act-act- D-E- 55.33
2023-05-12 11:30:58,240 INFO act-act- D-E- 56.0
2023-05-12 11:31:20,031 INFO act-act- M-M- -10000
2023-05-12 11:33:14,092 CRITICAL Starting new episode - Episode 15
2023-05-12 11:33:14,092 INFO Accumulated reward of episode 14: -8960.33
2023-05-12 11:33:59,350 INFO go_to-go_to- C-D- 40
2023-05-12 11:34:28,010 INFO go_to-go_to- C-B- 0
2023-05-12 11:34:52,676 INFO act-act- C-B- 122.0
2023-05-12 11:35:17,149 INFO act-act- C-B- 69.17
2023-05-12 11:35:54,683 INFO go_to-go_to- C-A- 0
2023-05-12 11:36:18,463 INFO act-act- C-A- 138.33
2023-05-12 11:36:41,670 INFO act-act- C-A- 67.83
2023-05-12 11:37:04,009 INFO act-act- C-A- 65.33
2023-05-12 11:37:26,928 INFO act-act- C-A- 63.0
2023-05-12 11:37:49,460 INFO act-act- C-A- 62.48
2023-05-12 11:38:35,217 INFO go_to-go_to- B-PC- 20
2023-05-12 11:39:59,319 INFO act-act- B-PC- 114.0
