2023-02-13 11:27:37,979 INFO Creation of log rewards
2023-02-13 11:27:37,980 INFO Action Point Reward
2023-02-13 11:28:24,396 INFO act E 34.0
2023-02-13 11:28:38,430 INFO act E 24.67
2023-02-13 11:28:54,471 INFO act E 25.33
2023-02-13 11:29:10,510 INFO act E 25.33
2023-02-13 11:29:26,547 INFO act E 25.33
2023-02-13 11:29:42,587 INFO act E 25.33
2023-02-13 11:29:58,626 INFO act E 25.33
2023-02-13 11:30:14,664 INFO act E 25.33
2023-02-13 11:30:30,707 INFO act E 25.33
2023-02-13 11:30:44,741 INFO act E 24.67
2023-02-13 11:31:00,781 INFO act E 25.33
2023-02-13 11:31:28,851 INFO act C 95.33
2023-02-13 11:31:56,919 INFO act E 38.67
2023-02-13 11:34:13,335 INFO act E 65.67
2023-02-13 11:34:29,375 INFO act E 25.33
2023-02-13 11:34:45,414 INFO act E 25.33
2023-02-13 11:35:01,451 INFO act E 25.33
2023-02-13 11:35:15,487 INFO act E 24.67
2023-02-13 11:35:31,527 INFO act E 25.33
2023-02-13 11:35:53,583 INFO act E 27.33
2023-02-13 11:36:07,617 INFO act E 24.67
2023-02-13 11:36:23,655 INFO act E 25.33
2023-02-13 11:36:39,695 INFO act E 25.33
2023-02-13 11:37:07,762 INFO act C 133.0
2023-02-13 11:37:35,830 INFO act E 38.67
2023-02-13 11:37:51,882 INFO act E 25.33
2023-02-13 11:38:07,920 INFO act E 25.33
2023-02-13 11:39:36,122 CRITICAL Starting new episode - Episode 1
2023-02-13 11:39:36,122 INFO Accumulated reward of episode 0: 1076.67
2023-02-13 11:40:20,231 INFO act E 34.67
2023-02-13 11:40:36,271 INFO act E 25.33
2023-02-13 11:40:52,310 INFO act E 25.33
2023-02-13 11:41:08,351 INFO act E 25.33
2023-02-13 11:41:30,402 INFO act E 27.33
2023-02-13 11:41:52,458 INFO act E 27.33
2023-02-13 11:42:08,494 INFO act E 25.33
2023-02-13 11:42:24,534 INFO act E 25.33
2023-02-13 11:42:40,573 INFO act E 25.33
2023-02-13 11:42:56,611 INFO act E 25.33
2023-02-13 11:43:36,709 INFO act E 33.33
2023-02-13 11:43:52,748 INFO act E 25.33
2023-02-13 11:44:08,891 INFO act E 25.33
2023-02-13 11:45:54,129 CRITICAL Starting new episode - Episode 2
2023-02-13 11:45:54,129 INFO Accumulated reward of episode 1: -4609.33
2023-02-13 11:46:49,267 INFO act C 38.33
2023-02-13 11:47:03,301 INFO act C 24.67
2023-02-13 11:47:19,339 INFO act C 25.33
2023-02-13 11:47:33,374 INFO act C 24.67
2023-02-13 11:47:57,435 INFO act A 61.0
2023-02-13 11:48:11,471 INFO act A 24.67
2023-02-13 11:48:27,508 INFO act A 25.33
2023-02-13 11:48:41,542 INFO act A 24.67
2023-02-13 11:48:57,582 INFO act A 25.33
2023-02-13 11:49:11,616 INFO act A 24.67
2023-02-13 11:49:33,670 INFO act A 27.33
2023-02-13 11:49:47,703 INFO act A 24.67
2023-02-13 11:50:03,743 INFO act A 25.33
2023-02-13 11:50:17,778 INFO act A 24.67
2023-02-13 11:50:33,818 INFO act A 25.33
2023-02-13 11:52:12,042 CRITICAL Starting new episode - Episode 3
2023-02-13 11:52:12,042 INFO Accumulated reward of episode 2: -4514.0
2023-02-13 11:53:08,182 INFO act C 38.67
2023-02-13 11:53:24,221 INFO act C 25.33
2023-02-13 11:53:38,254 INFO act C 24.67
2023-02-13 11:53:54,295 INFO act C 25.33
2023-02-13 11:54:16,347 INFO act A 61.33
2023-02-13 11:54:32,387 INFO act A 25.33
2023-02-13 11:54:48,523 INFO act A 25.33
2023-02-13 11:55:04,563 INFO act A 25.33
2023-02-13 11:55:20,602 INFO act A 25.33
2023-02-13 11:55:40,651 INFO act A 26.67
2023-02-13 11:55:54,687 INFO act A 24.67
2023-02-13 11:56:10,726 INFO act A 25.33
2023-02-13 11:56:26,764 INFO act A 25.33
2023-02-13 11:56:40,798 INFO act A 24.67
2023-02-13 11:56:56,838 INFO act A 25.33
2023-02-13 11:58:36,066 CRITICAL Starting new episode - Episode 4
2023-02-13 11:58:36,066 INFO Accumulated reward of episode 3: -4511.33
2023-02-13 11:59:19,175 INFO act E 34.33
2023-02-13 11:59:35,215 INFO act E 25.33
2023-02-13 11:59:49,248 INFO act E 24.67
2023-02-13 12:00:05,287 INFO act E 25.33
2023-02-13 12:00:21,327 INFO act E 25.33
2023-02-13 12:00:37,367 INFO act E 25.33
2023-02-13 12:01:03,433 INFO act C 69.0
2023-02-13 12:01:19,471 INFO act C 25.33
2023-02-13 12:01:41,526 INFO act A 81.67
2023-02-13 12:01:55,562 INFO act A 24.67
2023-02-13 12:02:09,693 INFO act A 24.67
2023-02-13 12:02:23,727 INFO act A 24.67
2023-02-13 12:02:39,766 INFO act A 25.33
2023-02-13 12:02:55,806 INFO act A 25.33
2023-02-13 12:03:11,847 INFO act A 25.33
2023-02-13 12:04:44,059 CRITICAL Starting new episode - Episode 5
2023-02-13 12:04:44,059 INFO Accumulated reward of episode 4: -4433.67
2023-02-13 12:05:26,164 INFO act E 34.0
2023-02-13 12:05:40,197 INFO act E 24.67
2023-02-13 12:05:56,237 INFO act E 25.33
2023-02-13 12:06:12,276 INFO act E 25.33
2023-02-13 12:06:26,312 INFO act E 24.67
2023-02-13 12:06:42,351 INFO act E 25.33
2023-02-13 12:06:58,391 INFO act E 25.33
2023-02-13 12:07:12,424 INFO act E 24.67
2023-02-13 12:07:28,467 INFO act E 25.33
2023-02-13 12:07:44,505 INFO act E 25.33
2023-02-13 12:07:58,540 INFO act E 24.67
2023-02-13 12:08:26,612 INFO act C 94.0
2023-02-13 12:08:54,677 INFO act E 38.67
2023-02-13 12:09:18,736 INFO act D 128.0
2023-02-13 12:09:40,790 INFO act C 44.67
2023-02-13 12:10:59,966 CRITICAL Starting new episode - Episode 6
2023-02-13 12:10:59,966 INFO Accumulated reward of episode 5: 690.0
2023-02-13 12:11:45,082 INFO act E 35.33
2023-02-13 12:12:01,119 INFO act E 25.33
2023-02-13 12:12:15,159 INFO act E 24.67
2023-02-13 12:12:31,198 INFO act E 25.33
2023-02-13 12:12:47,235 INFO act E 25.33
2023-02-13 12:13:03,275 INFO act E 25.33
2023-02-13 12:13:19,315 INFO act E 25.33
2023-02-13 12:13:35,353 INFO act E 25.33
2023-02-13 12:13:49,386 INFO act E 24.67
2023-02-13 12:14:05,426 INFO act E 25.33
2023-02-13 12:14:33,494 INFO act C 91.33
2023-02-13 12:16:37,783 INFO act E 70.67
2023-02-13 12:16:51,818 INFO act E 24.67
2023-02-13 12:17:05,851 INFO act E 24.67
2023-02-13 12:17:21,891 INFO act E 25.33
2023-02-13 12:17:37,931 INFO act E 25.33
2023-02-13 12:17:53,970 INFO act E 25.33
2023-02-13 12:18:10,011 INFO act E 25.67
2023-02-13 12:18:26,050 INFO act E 25.33
2023-02-13 12:18:40,083 INFO act E 24.67
2023-02-13 12:18:56,124 INFO act E 25.33
2023-02-13 12:19:10,159 INFO act E 24.67
2023-02-13 12:19:38,230 INFO act C 121.67
2023-02-13 12:20:36,368 INFO act A 212.33
2023-02-13 12:22:11,581 CRITICAL Starting new episode - Episode 7
2023-02-13 12:22:11,581 INFO Accumulated reward of episode 6: -3871.0
2023-02-13 12:22:54,694 INFO act E 34.33
2023-02-13 12:23:10,734 INFO act E 25.33
2023-02-13 12:23:24,767 INFO act E 24.67
2023-02-13 12:23:38,801 INFO act E 24.67
2023-02-13 12:23:54,839 INFO act E 25.33
2023-02-13 12:24:08,875 INFO act E 24.67
2023-02-13 12:24:24,914 INFO act E 25.33
2023-02-13 12:24:38,949 INFO act E 24.67
2023-02-13 12:24:54,987 INFO act E 25.33
2023-02-13 12:25:11,028 INFO act E 25.67
2023-02-13 12:25:25,063 INFO act E 24.67
2023-02-13 12:25:53,131 INFO act C 94.0
2023-02-13 12:26:21,199 INFO act E 38.67
2023-02-13 12:26:37,241 INFO act E 25.33
2023-02-13 12:26:53,281 INFO act E 25.33
2023-02-13 12:28:07,445 CRITICAL Starting new episode - Episode 8
2023-02-13 12:28:07,446 INFO Accumulated reward of episode 7: -4472.0
2023-02-13 12:28:51,559 INFO act E 34.67
2023-02-13 12:29:07,598 INFO act E 25.33
2023-02-13 12:29:23,637 INFO act E 25.33
2023-02-13 12:29:39,681 INFO act E 25.33
2023-02-13 12:29:55,720 INFO act E 25.33
2023-02-13 12:30:09,754 INFO act E 24.67
2023-02-13 12:30:23,793 INFO act E 24.67
2023-02-13 12:30:39,831 INFO act E 25.33
2023-02-13 12:30:55,869 INFO act E 25.33
2023-02-13 12:31:11,908 INFO act E 25.33
2023-02-13 12:31:25,944 INFO act E 24.67
2023-02-13 12:31:54,011 INFO act C 95.67
2023-02-13 12:32:22,080 INFO act E 39.0
2023-02-13 12:32:36,114 INFO act E 24.67
2023-02-13 12:32:50,151 INFO act E 24.67
2023-02-13 12:34:17,346 CRITICAL Starting new episode - Episode 9
2023-02-13 12:34:17,346 INFO Accumulated reward of episode 8: 550.0
2023-02-13 12:35:16,491 INFO act E 39.67
2023-02-13 12:35:32,530 INFO act E 25.33
2023-02-13 12:35:46,563 INFO act E 24.67
2023-02-13 12:36:02,604 INFO act E 25.33
2023-02-13 12:36:18,643 INFO act E 25.33
2023-02-13 12:36:32,679 INFO act E 24.67
2023-02-13 12:36:46,714 INFO act E 24.67
2023-02-13 12:37:02,751 INFO act E 25.33
2023-02-13 12:37:16,787 INFO act E 24.67
2023-02-13 12:37:30,819 INFO act E 24.67
2023-02-13 12:37:46,860 INFO act E 25.33
2023-02-13 12:38:12,923 INFO act C 98.33
2023-02-13 12:38:40,990 INFO act E 38.0
2023-02-13 12:38:57,030 INFO act E 25.67
2023-02-13 12:39:13,069 INFO act E 25.33
2023-02-13 12:40:41,269 CRITICAL Starting new episode - Episode 10
2023-02-13 12:40:41,269 INFO Accumulated reward of episode 9: 557.0
2023-02-13 12:41:23,374 INFO act E 34.0
2023-02-13 12:41:39,414 INFO act E 25.33
2023-02-13 12:41:55,455 INFO act E 25.33
2023-02-13 12:42:11,492 INFO act E 25.33
2023-02-13 12:42:25,528 INFO act E 24.67
2023-02-13 12:42:41,566 INFO act E 25.33
2023-02-13 12:42:57,606 INFO act E 25.33
2023-02-13 12:43:13,647 INFO act E 25.33
2023-02-13 12:43:29,686 INFO act E 25.33
2023-02-13 12:43:43,720 INFO act E 24.67
2023-02-13 12:43:57,755 INFO act E 24.67
2023-02-13 12:44:25,822 INFO act C 111.33
2023-02-13 12:44:53,890 INFO act E 38.67
2023-02-13 12:45:23,965 INFO act A 114.0
2023-02-13 12:47:02,193 CRITICAL Starting new episode - Episode 11
2023-02-13 12:47:02,193 INFO Accumulated reward of episode 10: -4350.67
2023-02-13 12:47:44,300 INFO act E 34.0
2023-02-13 12:48:08,358 INFO act D 42.0
2023-02-13 12:50:26,874 INFO act E 74.0
2023-02-13 12:50:40,907 INFO act E 24.67
2023-02-13 12:50:54,945 INFO act E 24.67
2023-02-13 12:51:08,977 INFO act E 24.67
2023-02-13 12:51:25,015 INFO act E 25.67
2023-02-13 12:51:39,051 INFO act E 24.67
2023-02-13 12:51:55,088 INFO act E 25.33
2023-02-13 12:52:09,319 INFO act E 24.67
2023-02-13 12:52:23,352 INFO act E 24.67
2023-02-13 12:52:39,390 INFO act E 25.33
2023-02-13 12:52:53,426 INFO act E 24.67
2023-02-13 12:53:19,489 INFO act C 145.67
2023-02-13 12:53:47,555 INFO act E 38.0
2023-02-13 12:54:03,594 INFO act E 25.33
2023-02-13 12:54:19,632 INFO act E 25.33
2023-02-13 12:56:05,078 CRITICAL Starting new episode - Episode 12
2023-02-13 12:56:05,078 INFO Accumulated reward of episode 11: -4206.67
2023-02-13 12:56:48,188 INFO act E 34.33
2023-02-13 12:57:08,237 INFO act E 26.67
2023-02-13 12:58:26,426 INFO act E 46.0
2023-02-13 12:58:40,459 INFO act E 24.67
2023-02-13 12:58:54,594 INFO act E 24.67
2023-02-13 12:59:10,633 INFO act E 25.33
2023-02-13 12:59:38,702 INFO act C 91.0
2023-02-13 13:00:38,847 INFO act D 111.0
2023-02-13 13:02:25,090 CRITICAL Starting new episode - Episode 13
2023-02-13 13:02:25,090 INFO Accumulated reward of episode 12: -4356.33
2023-02-13 13:03:09,299 INFO act E 34.67
2023-02-13 13:03:25,339 INFO act E 25.33
2023-02-13 13:03:39,371 INFO act E 24.67
2023-02-13 13:03:55,412 INFO act E 25.33
2023-02-13 13:04:11,452 INFO act E 25.33
2023-02-13 13:04:27,491 INFO act E 25.33
2023-02-13 13:04:41,528 INFO act E 24.67
2023-02-13 13:04:57,567 INFO act E 25.33
2023-02-13 13:05:13,606 INFO act E 25.33
2023-02-13 13:05:27,640 INFO act E 24.67
2023-02-13 13:05:41,675 INFO act E 24.67
2023-02-13 13:06:09,742 INFO act C 94.67
2023-02-13 13:06:25,783 INFO act C 25.33
2023-02-13 13:06:41,821 INFO act C 25.33
2023-02-13 13:08:44,107 INFO act E 81.0
2023-02-13 13:09:00,147 INFO act E 25.33
2023-02-13 13:09:16,188 INFO act E 25.33
2023-02-13 13:09:32,225 INFO act E 25.33
2023-02-13 13:10:04,300 INFO act A 173.0
2023-02-13 13:10:20,339 INFO act A 25.33
2023-02-13 13:10:34,374 INFO act A 24.67
2023-02-13 13:10:48,410 INFO act A 24.67
2023-02-13 13:11:04,452 INFO act A 25.33
2023-02-13 13:11:20,489 INFO act A 25.33
2023-02-13 13:11:36,527 INFO act A 25.33
2023-02-13 13:11:52,568 INFO act A 25.33
2023-02-13 13:12:08,606 INFO act A 25.33
2023-02-13 13:12:24,643 INFO act A 25.33
2023-02-13 13:12:38,678 INFO act A 24.67
2023-02-13 13:12:54,715 INFO act A 25.33
2023-02-13 13:14:12,890 CRITICAL Starting new episode - Episode 14
2023-02-13 13:14:12,890 INFO Accumulated reward of episode 13: -3882.67
2023-02-13 13:14:54,999 INFO act E 34.0
2023-02-13 13:15:11,039 INFO act E 25.67
2023-02-13 13:15:27,079 INFO act E 25.33
2023-02-13 13:15:43,117 INFO act E 25.33
2023-02-13 13:15:59,155 INFO act E 25.33
2023-02-13 13:16:31,235 INFO act A 66.33
2023-02-13 13:16:47,275 INFO act A 25.33
2023-02-13 13:17:03,315 INFO act A 25.33
2023-02-13 13:17:19,354 INFO act A 25.33
2023-02-13 13:17:35,391 INFO act A 25.33
2023-02-13 13:17:51,431 INFO act A 25.33
2023-02-13 13:18:05,467 INFO act A 24.67
2023-02-13 13:18:21,506 INFO act A 25.33
2023-02-13 13:18:35,539 INFO act A 24.67
2023-02-13 13:18:51,578 INFO act A 25.33
2023-02-13 13:20:30,804 CRITICAL Starting new episode - Episode 15
2023-02-13 13:20:30,805 INFO Accumulated reward of episode 14: -4511.33
2023-02-13 13:21:13,915 INFO act E 34.33
2023-02-13 13:21:29,954 INFO act E 25.33
2023-02-13 13:21:43,988 INFO act E 24.67
2023-02-13 13:22:00,026 INFO act E 25.67
2023-02-13 13:22:14,061 INFO act E 24.67
2023-02-13 13:22:30,099 INFO act E 25.33
2023-02-13 13:22:44,136 INFO act E 24.67
2023-02-13 13:23:06,187 INFO act D 88.67
2023-02-13 13:23:20,323 INFO act D 38.95
2023-02-13 13:23:36,360 INFO act D 37.83
2023-02-13 13:23:50,404 INFO act D 35.78
2023-02-13 13:24:06,450 INFO act D 35.33
2023-02-13 13:26:14,864 INFO act D 79.33
2023-02-13 13:26:30,903 INFO act D 39.62
2023-02-13 13:28:49,247 INFO act E 141.67
2023-02-13 13:29:05,286 INFO act E 25.33
2023-02-13 13:29:21,323 INFO act E 25.33
2023-02-13 13:29:35,363 INFO act E 24.67
2023-02-13 13:29:51,403 INFO act E 25.33
2023-02-13 13:30:05,436 INFO act E 24.67
2023-02-13 13:30:21,474 INFO act E 25.33
2023-02-13 13:30:37,515 INFO act E 25.33
2023-02-13 13:30:53,555 INFO act E 25.33
2023-02-13 13:31:09,594 INFO act E 25.33
2023-02-13 13:33:15,885 INFO act E 62.0
2023-02-13 13:33:31,923 INFO act E 25.33
2023-02-13 13:33:53,979 INFO act E 27.33
2023-02-13 13:34:10,019 INFO act E 25.67
2023-02-13 13:34:24,052 INFO act E 24.67
2023-02-13 13:34:40,089 INFO act E 25.33
2023-02-13 13:34:56,131 INFO act E 25.33
2023-02-13 13:35:12,170 INFO act E 25.33
2023-02-13 13:35:28,208 INFO act E 25.33
2023-02-13 13:35:42,243 INFO act E 24.67
2023-02-13 13:36:10,311 INFO act C 350.0
2023-02-13 13:36:26,351 INFO act C 39.62
2023-02-13 13:36:40,394 INFO act C 37.17
2023-02-13 13:36:54,429 INFO act C 35.78
2023-02-13 13:38:58,721 INFO act E 85.33
2023-02-13 13:39:14,760 INFO act E 25.33
2023-02-13 13:39:30,799 INFO act E 25.33
2023-02-13 13:39:44,835 INFO act E 24.67
2023-02-13 13:40:00,871 INFO act E 25.33
2023-02-13 13:40:16,912 INFO act E 25.33
2023-02-13 13:40:32,951 INFO act E 25.33
2023-02-13 13:40:46,985 INFO act E 24.67
2023-02-13 13:41:03,022 INFO act E 25.67
2023-02-13 13:41:17,058 INFO act E 24.67
2023-02-13 13:41:33,099 INFO act E 25.33
2023-02-13 13:42:01,167 INFO act C 122.33
2023-02-13 13:42:17,205 INFO act C 25.33
2023-02-13 13:44:32,518 CRITICAL Starting new episode - Episode 16
2023-02-13 13:44:32,518 INFO Accumulated reward of episode 15: -2673.25
2023-02-13 13:45:13,816 INFO act E 33.67
2023-02-13 13:45:29,862 INFO act E 25.33
2023-02-13 13:45:45,900 INFO act E 25.33
2023-02-13 13:46:17,979 INFO act B 55.0
2023-02-13 13:46:48,059 INFO act E 41.0
2023-02-13 13:47:04,096 INFO act E 25.33
2023-02-13 13:47:18,132 INFO act E 24.67
2023-02-13 13:47:40,185 INFO act D 82.67
2023-02-13 13:47:56,323 INFO act D 25.33
2023-02-13 13:48:12,362 INFO act D 25.33
2023-02-13 13:50:30,679 INFO act C 139.33
2023-02-13 13:50:44,714 INFO act C 24.67
2023-02-13 13:51:00,755 INFO act C 25.33
2023-02-13 13:51:16,793 INFO act C 25.33
2023-02-13 13:51:38,846 INFO act A 162.0
2023-02-13 13:51:54,887 INFO act A 25.33
2023-02-13 13:52:10,926 INFO act A 25.33
2023-02-13 13:52:26,965 INFO act A 25.33
2023-02-13 13:52:43,003 INFO act A 25.67
2023-02-13 13:52:59,043 INFO act A 25.33
2023-02-13 13:53:15,082 INFO act A 25.33
2023-02-13 13:53:31,126 INFO act A 25.33
2023-02-13 13:53:45,160 INFO act A 24.67
2023-02-13 13:54:01,199 INFO act A 25.33
2023-02-13 13:54:17,238 INFO act A 25.33
2023-02-13 13:55:50,449 CRITICAL Starting new episode - Episode 17
2023-02-13 13:55:50,450 INFO Accumulated reward of episode 16: -3846.67
2023-02-13 13:56:31,553 INFO act B 33.67
2023-02-13 13:57:23,776 INFO act E 51.0
2023-02-13 13:57:37,811 INFO act E 24.67
2023-02-13 13:57:53,851 INFO act E 25.33
2023-02-13 13:58:07,883 INFO act E 24.67
2023-02-13 13:58:39,960 INFO act A 76.33
2023-02-13 13:58:55,999 INFO act A 25.33
2023-02-13 13:59:12,042 INFO act A 25.67
2023-02-13 13:59:28,079 INFO act A 25.33
2023-02-13 13:59:44,118 INFO act A 25.33
2023-02-13 14:00:00,158 INFO act A 25.33
2023-02-13 14:00:16,199 INFO act A 25.33
2023-02-13 14:00:32,239 INFO act A 25.33
2023-02-13 14:02:08,458 CRITICAL Starting new episode - Episode 18
2023-02-13 14:02:08,458 INFO Accumulated reward of episode 17: -4506.67
2023-02-13 14:02:52,568 INFO act E 34.67
2023-02-13 14:03:08,608 INFO act E 25.33
2023-02-13 14:03:24,646 INFO act E 25.33
2023-02-13 14:03:38,682 INFO act E 24.67
2023-02-13 14:03:52,714 INFO act E 24.67
2023-02-13 14:04:14,771 INFO act E 27.33
2023-02-13 14:04:30,811 INFO act E 25.33
2023-02-13 14:04:44,846 INFO act E 24.67
2023-02-13 14:05:00,884 INFO act E 25.33
2023-02-13 14:05:16,923 INFO act E 25.33
2023-02-13 14:05:42,986 INFO act C 91.33
2023-02-13 14:05:59,026 INFO act C 25.67
2023-02-13 14:06:15,066 INFO act C 25.33
2023-02-13 14:06:37,120 INFO act A 109.67
2023-02-13 14:06:53,159 INFO act A 25.33
2023-02-13 14:08:27,373 CRITICAL Starting new episode - Episode 19
2023-02-13 14:08:27,373 INFO Accumulated reward of episode 18: -4400.0
2023-02-13 14:09:11,483 INFO act E 34.67
2023-02-13 14:09:27,522 INFO act E 25.33
2023-02-13 14:09:41,556 INFO act E 24.67
2023-02-13 14:09:57,596 INFO act E 25.33
2023-02-13 14:10:13,636 INFO act E 25.33
2023-02-13 14:10:27,671 INFO act E 24.67
2023-02-13 14:10:41,704 INFO act E 24.67
2023-02-13 14:10:57,744 INFO act E 25.33
2023-02-13 14:11:13,783 INFO act E 25.33
2023-02-13 14:11:29,822 INFO act E 25.33
2023-02-13 14:11:43,856 INFO act E 24.67
2023-02-13 14:12:09,920 INFO act C 94.0
2023-02-13 14:12:23,958 INFO act C 24.67
2023-02-13 14:12:39,998 INFO act C 25.33
2023-02-13 14:12:56,036 INFO act C 25.67
2023-02-13 14:13:12,075 INFO act C 25.33
2023-02-13 14:14:24,237 CRITICAL Starting new episode - Episode 20
2023-02-13 14:14:24,237 INFO Accumulated reward of episode 19: -4479.67
