2023-02-21 12:32:54,875 INFO Creation of log rewards
2023-02-21 12:32:59,890 INFO Action Point Reward
2023-02-21 12:34:02,396 INFO go_to-go_to- C-D- 40
2023-02-21 12:34:30,567 INFO go_to-go_to- D-A- 40
2023-02-21 12:35:16,001 INFO go_to-go_to- A-PC- 20
2023-02-21 12:37:02,436 INFO act-act- A-PC- 99.33
2023-02-21 12:38:06,974 INFO go_to-go_to- E-B- 40
2023-02-21 12:38:26,315 INFO act-act- E-B- 254.67
2023-02-21 12:38:46,720 INFO act-act- E-B- 53.33
2023-02-21 12:39:08,103 INFO act-act- E-B- 54.67
2023-02-21 12:39:29,316 INFO act-act- E-B- 54.0
2023-02-21 12:39:54,398 INFO go_to-go_to- E-C- 0
2023-02-21 12:40:16,588 INFO act-go_to- E-D- 55.67
2023-02-21 12:40:37,211 INFO act-act- E-D- 198.0
2023-02-21 12:40:55,352 INFO act-act- E-D- 52.0
2023-02-21 12:41:15,077 INFO act-act- E-D- 53.33
2023-02-21 12:41:37,063 INFO act-act- E-D- 54.67
2023-02-21 12:41:57,869 INFO act-act- E-D- 53.33
2023-02-21 12:42:16,525 INFO act-act- E-D- 52.67
2023-02-21 12:42:37,140 INFO act-act- E-D- 54.0
2023-02-21 12:42:58,255 INFO act-act- E-D- 54.0
2023-02-21 12:43:20,363 INFO act-act- M-D- -4972.67
2023-02-21 12:43:39,730 INFO act-act- M-D- 26.33
2023-02-21 12:44:00,428 INFO act-act- M-D- 27.0
2023-02-21 12:44:22,398 INFO act-act- M-D- 27.33
2023-02-21 12:44:43,486 INFO act-act- M-D- 27.0
2023-02-21 12:45:04,196 INFO act-act- M-D- 27.0
2023-02-21 12:45:26,385 INFO act-act- M-D- 27.33
2023-02-21 12:45:46,352 INFO act-act- M-D- 26.67
2023-02-21 12:46:06,561 INFO act-act- M-D- 26.67
2023-02-21 12:46:25,507 INFO act-act- M-D- 26.33
2023-02-21 12:46:45,082 INFO act-act- M-D- 26.67
2023-02-21 12:47:06,670 INFO act-act- M-D- 27.0
2023-02-21 12:47:33,210 INFO act-act- M-M- -5000
2023-02-21 12:50:03,828 CRITICAL Starting new episode - Episode 1
2023-02-21 12:50:03,828 INFO Accumulated reward of episode 0: -8393.67
2023-02-21 12:50:21,823 INFO act-act- PC-PC- 0
2023-02-21 12:51:14,648 INFO go_to-go_to- C-D- 40
2023-02-21 12:51:41,910 INFO go_to-go_to- D-A- 40
2023-02-21 12:52:29,802 INFO go_to-go_to- A-PC- 20
2023-02-21 12:54:13,632 INFO act-act- A-PC- 103.33
2023-02-21 12:55:15,388 INFO go_to-go_to- E-B- 40
2023-02-21 12:55:34,420 INFO act-act- E-B- 260.67
2023-02-21 12:55:54,345 INFO act-act- E-B- 53.33
2023-02-21 12:56:15,237 INFO act-act- E-B- 54.0
2023-02-21 12:56:33,985 INFO act-go_to- E-B- 6.0
2023-02-21 12:56:54,092 INFO act-act- E-B- 60.0
2023-02-21 12:57:41,273 INFO go_to-go_to- PC-C- 20
