2023-02-21 10:40:47,436 INFO Creation of log rewards
2023-02-21 10:40:52,446 INFO Action Point Reward
2023-02-21 10:42:07,293 INFO go_to-go_to- A-A- 20
2023-02-21 10:42:37,587 INFO go_to-act- A-A- 32.33
2023-02-21 10:43:07,208 INFO go_to-act- A-A- 10.0
2023-02-21 10:43:36,547 INFO go_to-act- A-A- 9.67
2023-02-21 10:44:06,673 INFO act-act- A-A- 30.0
2023-02-21 10:44:32,733 INFO act-act- A-A- 28.67
2023-02-21 10:45:00,548 INFO act-act- A-A- 40.44
2023-02-21 10:45:40,167 INFO go_to-act- B-A- 70.0
2023-02-21 10:46:04,206 INFO act-act- B-A- 161.83
2023-02-21 10:46:26,590 INFO act-act- B-A- 64.67
2023-02-21 10:46:54,100 INFO act-act- B-A- 67.0
2023-02-21 10:47:20,730 INFO act-act- B-A- 64.48
2023-02-21 10:47:44,583 INFO act-act- B-A- 62.25
2023-02-21 10:48:08,038 INFO act-act- B-A- 61.56
2023-02-21 10:48:30,124 INFO act-act- B-A- 59.67
2023-02-21 10:48:53,191 INFO act-act- B-A- 59.88
2023-02-21 10:49:19,847 INFO act-act- B-A- 61.5
2023-02-21 10:49:47,373 INFO act-act- B-A- 62.51
2023-02-21 10:50:10,070 INFO act-act- B-A- 58.9
2023-02-21 10:50:36,126 INFO act-act- B-A- 60.67
2023-02-21 10:51:06,434 INFO act-act- M-M- -10000
2023-02-21 10:53:46,255 CRITICAL Starting new episode - Episode 1
2023-02-21 10:53:46,255 INFO Accumulated reward of episode 0: -8913.98
2023-02-21 10:55:07,467 INFO go_to-go_to- A-A- 20
2023-02-21 10:55:42,411 INFO go_to-act- A-A- 38.67
2023-02-21 10:56:14,759 INFO go_to-act- A-A- 10.67
2023-02-21 10:56:43,041 INFO go_to-act- A-A- 9.67
2023-02-21 10:57:16,714 INFO act-act- A-A- 31.0
2023-02-21 10:57:59,390 INFO act-go_to- A-D- 54.33
2023-02-21 10:58:30,144 INFO act-act- A-D- 145.0
2023-02-21 10:58:56,080 INFO act-act- A-D- 57.33
2023-02-21 10:59:32,363 INFO act-act- A-D- 64.0
2023-02-21 10:59:58,406 INFO act-act- A-D- 57.33
2023-02-21 11:01:14,415 INFO act-go_to- A-PC- 45.33
2023-02-21 11:02:24,349 INFO go_to-go_to- D-C- 40
2023-02-21 11:02:51,862 INFO act-act- D-C- 279.33
2023-02-21 11:03:26,146 INFO act-act- D-C- 63.33
2023-02-21 11:03:51,188 INFO act-act- D-C- 56.67
2023-02-21 11:04:25,955 INFO act-act- D-C- 62.67
2023-02-21 11:05:02,038 INFO act-act- D-C- 64.67
2023-02-21 11:05:55,330 INFO go_to-go_to- B-C- 0
2023-02-21 11:06:28,954 INFO act-act- B-C- 322.67
2023-02-21 11:06:57,965 INFO act-act- M-M- -10000
2023-02-21 11:09:53,882 CRITICAL Starting new episode - Episode 2
2023-02-21 11:09:53,883 INFO Accumulated reward of episode 1: -8577.33
2023-02-21 11:10:07,646 CRITICAL Starting new episode - Episode 3
2023-02-21 11:10:07,646 INFO Accumulated reward of episode 2: 0.0
2023-02-21 11:10:20,087 CRITICAL Starting new episode - Episode 4
2023-02-21 11:10:20,087 INFO Accumulated reward of episode 3: 0.0
2023-02-21 11:10:31,650 CRITICAL Starting new episode - Episode 5
2023-02-21 11:10:31,650 INFO Accumulated reward of episode 4: 0.0
2023-02-21 11:10:42,298 CRITICAL Starting new episode - Episode 6
2023-02-21 11:10:42,298 INFO Accumulated reward of episode 5: 0.0
2023-02-21 11:10:52,830 CRITICAL Starting new episode - Episode 7
2023-02-21 11:10:52,831 INFO Accumulated reward of episode 6: 0.0
2023-02-21 11:11:03,275 CRITICAL Starting new episode - Episode 8
2023-02-21 11:11:03,275 INFO Accumulated reward of episode 7: 0.0
2023-02-21 11:11:13,918 CRITICAL Starting new episode - Episode 9
2023-02-21 11:11:13,918 INFO Accumulated reward of episode 8: 0.0
2023-02-21 11:11:25,022 CRITICAL Starting new episode - Episode 10
2023-02-21 11:11:25,022 INFO Accumulated reward of episode 9: 0.0
2023-02-21 11:11:52,169 INFO act-act- PC-PC- 0
2023-02-21 11:11:56,338 CRITICAL Starting new episode - Episode 11
2023-02-21 11:11:56,338 INFO Accumulated reward of episode 10: 0.0
2023-02-21 11:12:05,491 CRITICAL Starting new episode - Episode 12
2023-02-21 11:12:05,491 INFO Accumulated reward of episode 11: 0.0
2023-02-21 11:12:17,393 CRITICAL Starting new episode - Episode 13
2023-02-21 11:12:17,393 INFO Accumulated reward of episode 12: 0.0
2023-02-21 11:12:27,927 CRITICAL Starting new episode - Episode 14
2023-02-21 11:12:27,927 INFO Accumulated reward of episode 13: 0.0
2023-02-21 11:12:47,128 INFO act-act- PC-PC- 0
2023-02-21 11:12:51,326 CRITICAL Starting new episode - Episode 15
2023-02-21 11:12:51,327 INFO Accumulated reward of episode 14: 0.0
2023-02-21 11:13:08,193 INFO act-act- PC-PC- 0
2023-02-21 11:13:12,399 CRITICAL Starting new episode - Episode 16
2023-02-21 11:13:12,399 INFO Accumulated reward of episode 15: 0.0
2023-02-21 11:13:29,458 INFO act-act- PC-PC- 0
2023-02-21 11:13:33,774 CRITICAL Starting new episode - Episode 17
2023-02-21 11:13:33,774 INFO Accumulated reward of episode 16: 0.0
2023-02-21 11:13:50,012 INFO act-act- PC-PC- 0
2023-02-21 11:13:54,300 CRITICAL Starting new episode - Episode 18
2023-02-21 11:13:54,300 INFO Accumulated reward of episode 17: 0.0
2023-02-21 11:14:10,003 INFO act-act- PC-PC- 0
2023-02-21 11:14:14,282 CRITICAL Starting new episode - Episode 19
2023-02-21 11:14:14,282 INFO Accumulated reward of episode 18: 0.0
2023-02-21 11:14:27,751 CRITICAL Starting new episode - Episode 20
2023-02-21 11:14:27,751 INFO Accumulated reward of episode 19: 0.0
