2023-02-21 10:13:12,162 INFO Creation of log rewards
2023-02-21 10:13:17,174 INFO Action Point Reward
2023-02-21 10:14:23,961 INFO go_to-go_to- A-A- 20
2023-02-21 10:14:53,132 INFO go_to-act- A-A- 30.0
2023-02-21 10:15:19,684 INFO go_to-act- A-A- 8.67
2023-02-21 10:15:45,262 INFO act-act- A-A- 28.67
2023-02-21 10:16:09,553 INFO act-act- A-A- 28.0
2023-02-21 10:16:46,020 INFO act-act- A-A- 32.33
2023-02-21 10:17:16,534 INFO act-act- A-A- 30.0
2023-02-21 10:17:48,607 INFO go_to-go_to- A-C- 0
2023-02-21 10:18:18,840 INFO act-act- A-C- 159.0
2023-02-21 10:18:51,243 INFO act-act- A-C- 62.0
2023-02-21 10:19:19,798 INFO act-act- A-C- 58.67
2023-02-21 10:19:43,076 INFO act-act- A-C- 56.0
2023-02-21 10:20:10,537 INFO act-act- A-C- 58.0
2023-02-21 10:20:37,031 INFO act-act- A-C- 58.0
2023-02-21 10:21:00,734 INFO act-act- A-C- 55.33
2023-02-21 10:21:27,340 INFO act-act- A-C- 58.0
2023-02-21 10:21:54,804 INFO act-act- A-C- 58.0
2023-02-21 10:22:22,766 INFO act-act- A-C- 58.67
2023-02-21 10:22:45,391 INFO act-act- A-C- 55.33
2023-02-21 10:23:13,640 INFO act-act- A-C- 58.67
2023-02-21 10:23:39,162 INFO act-act- M-M- -10000
2023-02-21 10:26:14,059 CRITICAL Starting new episode - Episode 1
2023-02-21 10:26:14,059 INFO Accumulated reward of episode 0: -9026.67
2023-02-21 10:26:41,014 INFO act-act- PC-PC- 0
2023-02-21 10:27:42,477 INFO go_to-go_to- A-A- 20
2023-02-21 10:28:06,062 INFO go_to-act- A-A- 37.33
2023-02-21 10:28:29,624 INFO go_to-act- A-A- 7.67
2023-02-21 10:28:51,153 INFO act-act- A-A- 27.33
2023-02-21 10:29:13,752 INFO act-act- A-A- 27.33
2023-02-21 10:29:32,023 INFO act-act- A-A- 26.33
2023-02-21 10:29:54,816 INFO act-act- A-A- 27.33
2023-02-21 10:30:21,723 INFO act-go_to- A-E- 49.0
2023-02-21 10:30:44,026 INFO act-act- A-E- 137.67
2023-02-21 10:31:05,367 INFO act-act- A-E- 54.0
2023-02-21 10:31:29,322 INFO act-act- A-E- 56.0
2023-02-21 10:31:50,178 INFO act-act- A-E- 54.0
2023-02-21 10:32:13,452 INFO act-act- A-E- 55.33
2023-02-21 10:32:35,855 INFO act-act- A-E- 54.67
2023-02-21 10:32:58,680 INFO act-act- A-E- 55.33
2023-02-21 10:33:21,866 INFO act-act- A-E- 55.33
2023-02-21 10:33:45,526 INFO act-act- A-E- 56.0
2023-02-21 10:33:53,656 INFO act-act- M-M- 0
2023-02-21 10:35:33,954 CRITICAL Starting new episode - Episode 2
2023-02-21 10:35:33,954 INFO Accumulated reward of episode 1: 800.67
2023-02-21 10:36:16,194 INFO go_to-go_to- A-A- 20
2023-02-21 10:36:38,598 INFO go_to-act- A-A- 21.67
2023-02-21 10:37:01,801 INFO go_to-act- A-A- 7.67
2023-02-21 10:37:26,156 INFO act-act- A-A- 28.33
2023-02-21 10:37:47,806 INFO act-act- A-A- 27.0
2023-02-21 10:38:10,211 INFO act-act- A-A- 27.67
2023-02-21 10:38:33,784 INFO act-act- A-A- 27.67
2023-02-21 10:39:04,223 INFO act-go_to- A-E- 50.33
2023-02-21 10:39:28,463 INFO act-act- A-E- 126.33
2023-02-21 10:39:52,612 INFO act-act- A-E- 56.0
