2023-02-20 21:42:01,200 INFO Creation of log rewards
2023-02-20 21:42:06,212 INFO Action Point Reward
2023-02-20 21:43:02,680 INFO go_to-go_to- A-A- 20
2023-02-20 21:43:32,718 INFO go_to-go_to- B-B- 20
2023-02-20 21:43:52,066 INFO act-act- B-B- 53.33
2023-02-20 21:44:11,305 INFO act-act- B-B- 26.33
2023-02-20 21:44:29,758 INFO act-act- B-B- 26.0
2023-02-20 21:44:48,496 INFO act-act- B-B- 26.33
2023-02-20 21:45:08,816 INFO act-act- B-B- 26.67
2023-02-20 21:45:29,110 INFO act-act- B-B- 27.0
2023-02-20 21:45:49,426 INFO act-act- B-B- 26.67
2023-02-20 21:46:12,190 INFO act-act- B-B- 27.67
2023-02-20 21:46:35,100 INFO act-act- B-B- 27.67
2023-02-20 21:46:57,712 INFO act-act- B-B- 27.33
2023-02-20 21:47:18,295 INFO act-act- B-B- 27.0
2023-02-20 21:47:45,222 INFO act-act- B-B- 29.0
2023-02-20 21:48:06,931 INFO act-act- B-B- 27.0
2023-02-20 21:48:30,903 INFO act-act- B-B- 28.0
2023-02-20 21:48:54,023 INFO act-act- B-B- 28.0
2023-02-20 21:49:17,917 INFO act-act- B-B- 27.67
2023-02-20 21:49:38,483 INFO act-act- B-B- 27.0
2023-02-20 21:50:03,585 INFO act-act- B-B- 28.33
2023-02-20 21:50:24,421 INFO act-act- B-B- 27.0
2023-02-20 21:50:46,089 INFO act-act- B-B- 27.33
2023-02-20 21:51:05,469 INFO act-act- B-B- 26.33
2023-02-20 21:51:32,114 INFO act-act- B-B- 29.0
2023-02-20 21:51:55,605 INFO act-act- B-B- 27.67
2023-02-20 21:52:17,543 INFO act-act- B-B- 27.33
2023-02-20 21:52:39,668 INFO act-act- B-B- 27.33
2023-02-20 21:53:04,837 INFO act-act- B-B- 28.33
2023-02-20 21:53:28,616 INFO act-act- B-B- 28.0
2023-02-20 21:54:09,508 INFO go_to-go_to- C-C- 20
2023-02-20 21:54:49,135 INFO go_to-go_to- M-M- -10000
2023-02-20 21:59:07,230 CRITICAL Starting new episode - Episode 1
2023-02-20 21:59:07,231 INFO Accumulated reward of episode 0: -9174.67
