2023-05-10 09:14:25,619 INFO Creation of log rewards
2023-05-10 09:14:25,620 INFO Action Point Reward
2023-05-10 09:15:14,291 INFO act E 34.67
2023-05-10 09:17:22,437 INFO act E 62.67
2023-05-10 09:17:38,453 INFO act E 25.33
2023-05-10 09:17:54,469 INFO act E 25.33
2023-05-10 09:18:08,581 INFO act E 24.67
2023-05-10 09:18:24,603 INFO act E 25.33
2023-05-10 09:18:58,748 INFO act A 109.33
2023-05-10 09:19:14,766 INFO act A 25.33
2023-05-10 09:19:30,791 INFO act A 25.33
2023-05-10 09:19:46,810 INFO act A 25.33
2023-05-10 09:20:00,926 INFO act A 24.67
2023-05-10 09:20:16,946 INFO act A 25.33
2023-05-10 09:20:31,065 INFO act A 25.0
2023-05-10 09:20:47,078 INFO act A 25.33
2023-05-10 09:22:55,641 INFO act E 110.33
2023-05-10 09:23:27,781 INFO act B 199.0
2023-05-10 09:23:43,801 INFO act B 25.33
2023-05-10 09:24:17,837 INFO act E 47.33
2023-05-10 09:24:31,946 INFO act E 24.67
2023-05-10 09:24:47,968 INFO act E 25.33
2023-05-10 09:25:02,088 INFO act E 25.0
