2023-05-14 00:16:17,238 INFO Creation of log rewards
2023-05-14 00:16:17,238 INFO Action Point Reward
2023-05-14 00:16:49,770 INFO go_to E 20
2023-05-14 00:17:05,802 INFO act E 34.67
2023-05-14 00:17:13,818 INFO go_to D 20
2023-05-14 00:17:27,874 INFO go_to B 20
2023-05-14 00:17:41,911 INFO act B 46.67
2023-05-14 00:17:57,948 INFO act B 25.33
2023-05-14 00:18:12,079 INFO go_to PC 0
2023-05-14 00:19:40,283 INFO go_to B 20
2023-05-14 00:19:54,315 INFO go_to PC 0
2023-05-14 00:20:16,366 INFO go_to E 20
2023-05-14 00:20:28,394 INFO go_to C 20
2023-05-14 00:20:36,412 INFO go_to D 20
2023-05-14 00:20:58,464 INFO go_to PC 0
2023-05-14 00:22:28,673 INFO go_to E 20
2023-05-14 00:22:44,711 INFO act E 133.0
2023-05-14 00:23:00,750 INFO act E 25.33
2023-05-14 00:23:12,777 INFO go_to C 20
2023-05-14 00:23:28,815 INFO act C 162.33
2023-05-14 00:23:42,851 INFO act C 24.67
2023-05-14 00:24:02,896 INFO go_to PC 0
2023-05-14 00:25:31,096 INFO go_to E 20
2023-05-14 00:25:47,135 INFO act E 92.33
2023-05-14 00:26:01,170 INFO act E 38.95
2023-05-14 00:26:17,209 INFO act E 37.83
2023-05-14 00:26:29,236 INFO go_to C 20
2023-05-14 00:26:45,275 INFO act C 81.0
2023-05-14 00:27:01,315 INFO act C 25.33
2023-05-14 00:27:15,348 INFO act C 24.67
2023-05-14 00:27:31,387 INFO act C 25.33
2023-05-14 00:27:47,524 INFO act C 25.33
2023-05-14 00:27:55,543 INFO go_to A 20
2023-05-14 00:28:11,582 INFO act A 256.67
2023-05-14 00:28:23,612 INFO go_to D 20
2023-05-14 00:28:39,652 INFO act D 266.0
2023-05-14 00:28:47,671 INFO go_to C 20
2023-05-14 00:28:55,690 INFO go_to A 20
2023-05-14 00:29:11,728 INFO act A 40.0
2023-05-14 00:29:33,780 INFO go_to PC 0
2023-05-14 00:31:01,986 INFO go_to E 20
2023-05-14 00:31:18,025 INFO act E 120.33
2023-05-14 00:31:34,063 INFO act E 25.33
2023-05-14 00:31:46,091 INFO go_to C 20
2023-05-14 00:32:00,223 INFO act C 104.33
2023-05-14 00:32:16,263 INFO act C 25.33
2023-05-14 00:32:30,299 INFO act C 24.67
2023-05-14 00:32:44,332 INFO act C 24.67
2023-05-14 00:33:00,371 INFO act C 25.33
2023-05-14 00:33:16,411 INFO act C 25.33
2023-05-14 00:33:24,430 INFO go_to A 20
2023-05-14 00:33:40,468 INFO act A 109.67
2023-05-14 00:33:52,498 INFO go_to D 20
2023-05-14 00:34:08,539 INFO act D 146.33
2023-05-14 00:34:16,556 INFO go_to C 20
2023-05-14 00:34:24,574 INFO go_to A 20
2023-05-14 00:34:38,608 INFO act A 39.33
2023-05-14 00:35:00,659 INFO go_to PC 0
2023-05-14 00:35:20,706 INFO go_to C 20
2023-05-14 00:36:37,877 CRITICAL Starting new episode - Episode 1
2023-05-14 00:36:37,877 INFO Accumulated reward of episode 0: -2523.88
2023-05-14 00:37:04,947 INFO go_to E 20
2023-05-14 00:37:20,985 INFO act E 34.33
2023-05-14 00:37:37,028 INFO act E 25.67
2023-05-14 00:37:53,067 INFO act E 25.33
2023-05-14 00:38:05,095 INFO go_to C 20
2023-05-14 00:38:21,135 INFO act C 54.67
2023-05-14 00:38:41,182 INFO go_to PC 0
2023-05-14 00:40:11,488 INFO go_to E 20
2023-05-14 00:40:27,527 INFO act E 71.33
2023-05-14 00:40:43,567 INFO act E 25.33
2023-05-14 00:40:55,599 INFO go_to C 20
2023-05-14 00:41:11,638 INFO act C 76.67
2023-05-14 00:41:31,683 INFO go_to PC 0
2023-05-14 00:41:45,716 INFO go_to B 20
2023-05-14 00:42:01,755 INFO act B 128.0
2023-05-14 00:42:17,794 INFO act B 25.33
2023-05-14 00:42:39,847 INFO go_to E 20
2023-05-14 00:42:51,875 INFO go_to C 20
2023-05-14 00:43:07,913 INFO act C 58.67
2023-05-14 00:43:29,964 INFO act C 27.33
2023-05-14 00:43:46,005 INFO act C 25.67
2023-05-14 00:43:54,023 INFO go_to A 20
2023-05-14 00:44:16,076 INFO go_to PC 0
2023-05-14 00:45:44,378 INFO go_to E 20
2023-05-14 00:45:58,413 INFO act E 125.0
2023-05-14 00:46:12,446 INFO act E 24.67
2023-05-14 00:46:24,475 INFO go_to C 20
2023-05-14 00:46:40,514 INFO act C 78.0
2023-05-14 00:46:56,552 INFO act C 25.33
2023-05-14 00:47:16,599 INFO go_to PC 0
2023-05-14 00:48:44,999 INFO go_to E 20
2023-05-14 00:49:01,039 INFO act E 76.33
2023-05-14 00:49:17,074 INFO go_to A 20
2023-05-14 00:49:39,127 INFO go_to PC 0
2023-05-14 00:51:09,974 INFO go_to E 20
2023-05-14 00:51:24,006 INFO act E 67.67
2023-05-14 00:51:38,041 INFO act E 24.67
2023-05-14 00:51:54,078 INFO act E 25.33
2023-05-14 00:52:06,106 INFO go_to C 20
2023-05-14 00:52:20,140 INFO act C 128.0
2023-05-14 00:52:40,184 INFO go_to PC 0
2023-05-14 00:54:08,487 INFO go_to E 20
2023-05-14 00:54:20,515 INFO go_to C 20
2023-05-14 00:54:34,551 INFO act C 64.67
2023-05-14 00:54:48,583 INFO act C 24.67
2023-05-14 00:55:04,618 INFO act C 25.33
2023-05-14 00:55:18,756 INFO act C 24.67
2023-05-14 00:55:38,802 INFO go_to PC 0
2023-05-14 00:57:09,014 INFO go_to E 20
2023-05-14 00:57:23,049 INFO act E 129.67
2023-05-14 00:57:39,086 INFO act E 25.33
2023-05-14 00:57:51,114 INFO go_to C 20
2023-05-14 00:58:05,272 INFO act C 75.67
2023-05-14 00:58:19,301 INFO act C 24.67
2023-05-14 00:58:39,347 INFO go_to PC 0
2023-05-14 00:58:59,391 INFO go_to C 20
2023-05-14 00:59:15,431 INFO act C 38.67
2023-05-14 00:59:23,450 INFO go_to A 20
2023-05-14 00:59:45,498 INFO go_to PC 0
2023-05-14 01:01:15,703 INFO go_to E 20
2023-05-14 01:01:31,739 INFO act E 97.33
2023-05-14 01:01:43,767 INFO go_to C 20
2023-05-14 01:01:57,801 INFO act C 74.0
2023-05-14 01:02:13,839 INFO act C 25.33
2023-05-14 01:02:21,858 INFO go_to D 20
2023-05-14 01:02:29,878 INFO go_to C 20
2023-05-14 01:02:49,923 INFO go_to PC 0
2023-05-14 01:04:20,127 INFO go_to E 20
2023-05-14 01:04:36,165 INFO act E 81.67
2023-05-14 01:04:52,204 INFO act E 25.33
2023-05-14 01:05:04,228 INFO go_to C 20
2023-05-14 01:05:18,262 INFO act C 81.67
2023-05-14 01:05:32,392 INFO act C 24.67
2023-05-14 01:05:52,436 INFO go_to PC 0
2023-05-14 01:07:20,636 INFO go_to E 20
2023-05-14 01:07:32,760 INFO go_to C 20
2023-05-14 01:07:48,799 INFO act C 65.33
2023-05-14 01:08:04,838 INFO act C 25.33
2023-05-14 01:08:18,870 INFO act C 24.67
2023-05-14 01:08:32,903 INFO act C 24.67
2023-05-14 01:08:52,947 INFO go_to PC 0
2023-05-14 01:10:21,148 INFO go_to E 20
2023-05-14 01:10:33,175 INFO go_to C 20
2023-05-14 01:10:49,216 INFO act C 65.67
2023-05-14 01:11:05,251 INFO act C 25.33
2023-05-14 01:11:19,287 INFO act C 24.67
2023-05-14 01:11:33,322 INFO act C 24.67
2023-05-14 01:11:53,366 INFO go_to PC 0
2023-05-14 01:13:21,566 INFO go_to E 20
2023-05-14 01:13:37,603 INFO go_to A 20
2023-05-14 01:13:53,640 INFO act A 765.33
2023-05-14 01:14:15,691 INFO go_to PC 0
2023-05-14 01:15:44,116 INFO go_to E 20
2023-05-14 01:16:00,151 INFO go_to A 20
2023-05-14 01:16:16,191 INFO act A 67.67
2023-05-14 01:16:38,243 INFO go_to PC 0
2023-05-14 01:18:06,443 INFO go_to E 20
2023-05-14 01:18:24,482 INFO go_to A 20
2023-05-14 01:18:40,522 INFO act A 68.0
2023-05-14 01:19:02,571 INFO go_to PC 0
2023-05-14 01:20:30,771 INFO go_to E 20
2023-05-14 01:20:48,815 INFO go_to A 20
2023-05-14 01:21:04,851 INFO act A 68.0
2023-05-14 01:21:16,879 INFO go_to D 20
2023-05-14 01:21:38,931 INFO go_to PC 0
2023-05-14 01:23:09,431 INFO go_to E 20
2023-05-14 01:23:21,459 INFO go_to C 20
2023-05-14 01:23:37,498 INFO act C 261.33
2023-05-14 01:23:53,536 INFO act C 25.33
2023-05-14 01:24:07,571 INFO act C 24.67
2023-05-14 01:24:23,607 INFO act C 25.33
2023-05-14 01:24:43,652 INFO go_to PC 0
2023-05-14 01:26:11,951 INFO go_to E 20
2023-05-14 01:26:25,984 INFO act E 451.0
2023-05-14 01:26:38,011 INFO go_to C 20
2023-05-14 01:26:54,047 INFO act C 70.33
2023-05-14 01:27:10,087 INFO act C 25.33
2023-05-14 01:27:26,125 INFO act C 25.33
2023-05-14 01:27:46,171 INFO go_to PC 0
2023-05-14 01:29:14,371 INFO go_to E 20
2023-05-14 01:29:30,406 INFO act E 81.67
2023-05-14 01:29:46,443 INFO act E 25.33
2023-05-14 01:29:58,471 INFO go_to C 20
2023-05-14 01:30:14,510 INFO act C 92.67
2023-05-14 01:30:30,547 INFO act C 39.62
2023-05-14 01:30:46,683 INFO act C 37.83
2023-05-14 01:30:54,700 INFO go_to D 20
2023-05-14 01:31:10,739 INFO act D 1111.0
2023-05-14 01:31:26,779 INFO act D 25.33
2023-05-14 01:31:34,796 INFO go_to C 20
2023-05-14 01:31:42,815 INFO go_to A 20
2023-05-14 01:31:58,851 INFO act A 238.0
2023-05-14 01:32:10,879 INFO go_to D 20
2023-05-14 01:32:25,010 INFO act D 39.67
2023-05-14 01:32:33,028 INFO go_to C 20
2023-05-14 01:32:47,059 INFO go_to A 20
2023-05-14 01:33:09,111 INFO go_to PC 0
2023-05-14 01:33:31,161 INFO go_to D 20
2023-05-14 01:35:02,661 CRITICAL Starting new episode - Episode 2
2023-05-14 01:35:02,661 INFO Accumulated reward of episode 1: 1825.79
2023-05-14 01:35:29,731 INFO go_to E 20
2023-05-14 01:35:45,768 INFO act E 34.33
2023-05-14 01:36:07,820 INFO go_to PC 0
2023-05-14 01:37:38,118 INFO go_to D 20
2023-05-14 01:37:52,151 INFO go_to B 20
2023-05-14 01:38:06,184 INFO go_to PC 0
2023-05-14 01:38:28,233 INFO go_to E 20
2023-05-14 01:38:40,262 INFO go_to C 20
2023-05-14 01:38:54,295 INFO act C 97.33
2023-05-14 01:39:14,342 INFO go_to PC 0
2023-05-14 01:40:42,540 INFO go_to E 20
2023-05-14 01:41:04,590 INFO go_to PC 0
2023-05-14 01:41:24,735 INFO go_to C 20
2023-05-14 01:41:40,775 INFO act C 75.33
2023-05-14 01:41:56,811 INFO act C 25.33
2023-05-14 01:42:12,850 INFO act C 25.33
2023-05-14 01:42:20,867 INFO go_to D 20
2023-05-14 01:42:34,903 INFO act D 170.67
2023-05-14 01:42:50,942 INFO act D 25.33
2023-05-14 01:42:58,959 INFO go_to C 20
2023-05-14 01:43:06,978 INFO go_to A 20
2023-05-14 01:43:23,019 INFO act A 187.0
2023-05-14 01:43:35,045 INFO go_to D 20
2023-05-14 01:43:43,064 INFO go_to E 20
2023-05-14 01:44:05,114 INFO go_to PC 0
2023-05-14 01:45:33,411 INFO go_to E 20
2023-05-14 01:45:55,461 INFO go_to PC 0
2023-05-14 01:46:17,512 INFO go_to E 20
2023-05-14 01:46:29,540 INFO go_to C 20
2023-05-14 01:46:45,579 INFO act C 111.0
2023-05-14 01:46:53,595 INFO go_to D 20
2023-05-14 01:47:01,614 INFO go_to C 20
2023-05-14 01:47:17,652 INFO act C 30.67
2023-05-14 01:47:33,690 INFO act C 25.33
2023-05-14 01:47:47,725 INFO act C 24.67
2023-05-14 01:47:55,744 INFO go_to A 20
2023-05-14 01:48:11,780 INFO act A 116.0
2023-05-14 01:48:23,808 INFO go_to D 20
2023-05-14 01:48:31,827 INFO go_to C 20
2023-05-14 01:48:47,867 INFO act C 40.0
2023-05-14 01:48:55,885 INFO go_to A 20
2023-05-14 01:49:23,948 INFO go_to PC 0
2023-05-14 01:49:46,001 INFO go_to E 20
2023-05-14 01:49:58,027 INFO go_to C 20
2023-05-14 01:51:25,221 CRITICAL Starting new episode - Episode 3
2023-05-14 01:51:25,222 INFO Accumulated reward of episode 2: -3571.67
2023-05-14 01:51:52,385 INFO go_to B 20
2023-05-14 01:52:08,423 INFO go_to E 20
2023-05-14 01:52:24,463 INFO act E 39.67
2023-05-14 01:52:40,502 INFO act E 25.33
2023-05-14 01:52:52,528 INFO go_to C 20
2023-05-14 01:53:08,566 INFO act C 54.33
2023-05-14 01:53:24,606 INFO act C 25.33
2023-05-14 01:53:38,638 INFO act C 24.67
2023-05-14 01:53:54,676 INFO act C 25.33
2023-05-14 01:54:10,715 INFO act C 25.33
2023-05-14 01:54:26,751 INFO act C 25.33
2023-05-14 01:54:48,805 INFO act C 27.33
2023-05-14 01:55:00,930 INFO go_to E 20
2023-05-14 01:55:12,960 INFO go_to C 20
2023-05-14 01:55:20,976 INFO go_to A 20
2023-05-14 01:55:37,015 INFO act A 104.0
2023-05-14 01:55:59,163 INFO go_to PC 0
2023-05-14 01:57:27,363 INFO go_to E 20
2023-05-14 01:57:43,400 INFO act E 121.0
2023-05-14 01:57:57,530 INFO act E 24.67
2023-05-14 01:58:13,568 INFO act E 25.33
2023-05-14 01:58:25,594 INFO go_to C 20
2023-05-14 01:58:41,635 INFO act C 97.67
2023-05-14 01:58:53,662 INFO go_to E 20
2023-05-14 01:59:09,699 INFO act E 38.67
2023-05-14 01:59:31,751 INFO go_to PC 0
2023-05-14 01:59:53,802 INFO go_to A 20
2023-05-14 02:00:09,839 INFO act A 110.67
2023-05-14 02:00:21,867 INFO go_to D 20
2023-05-14 02:00:29,886 INFO go_to C 20
2023-05-14 02:00:37,903 INFO go_to A 20
2023-05-14 02:01:05,970 INFO act A 38.67
2023-05-14 02:01:28,020 INFO go_to PC 0
2023-05-14 02:01:50,071 INFO go_to D 20
2023-05-14 02:03:04,333 CRITICAL Starting new episode - Episode 4
2023-05-14 02:03:04,334 INFO Accumulated reward of episode 3: -3946.67
2023-05-14 02:03:32,403 INFO go_to E 20
2023-05-14 02:03:48,439 INFO act E 34.67
2023-05-14 02:04:04,479 INFO act E 25.33
2023-05-14 02:04:12,495 INFO go_to D 20
2023-05-14 02:04:34,547 INFO go_to PC 0
2023-05-14 02:06:04,846 INFO go_to D 20
2023-05-14 02:06:18,877 INFO go_to B 20
2023-05-14 02:06:33,008 INFO go_to PC 0
2023-05-14 02:06:55,059 INFO go_to E 20
2023-05-14 02:07:09,094 INFO act E 81.67
2023-05-14 02:07:23,126 INFO act E 24.67
2023-05-14 02:07:39,163 INFO act E 25.33
2023-05-14 02:08:01,214 INFO go_to PC 0
2023-05-14 02:09:29,607 INFO go_to E 20
2023-05-14 02:09:45,647 INFO act E 62.0
2023-05-14 02:10:01,685 INFO act E 25.33
2023-05-14 02:10:17,720 INFO act E 25.33
2023-05-14 02:10:33,759 INFO act E 25.33
2023-05-14 02:10:49,796 INFO act E 25.33
2023-05-14 02:11:05,835 INFO act E 25.33
2023-05-14 02:11:27,885 INFO go_to PC 0
2023-05-14 02:12:56,083 INFO go_to E 20
2023-05-14 02:13:10,223 INFO act E 61.67
2023-05-14 02:13:24,258 INFO act E 24.67
2023-05-14 02:13:40,392 INFO act E 25.33
2023-05-14 02:13:56,432 INFO act E 25.33
2023-05-14 02:14:12,567 INFO act E 25.33
2023-05-14 02:14:26,602 INFO act E 24.67
2023-05-14 02:14:40,636 INFO act E 24.67
2023-05-14 02:15:02,686 INFO go_to PC 0
2023-05-14 02:15:24,738 INFO go_to A 20
2023-05-14 02:15:40,774 INFO act A 272.0
2023-05-14 02:15:52,804 INFO go_to D 20
2023-05-14 02:16:00,823 INFO go_to C 20
2023-05-14 02:16:08,839 INFO go_to A 20
2023-05-14 02:16:22,874 INFO act A 34.0
2023-05-14 02:16:38,911 INFO act A 25.33
2023-05-14 02:17:00,961 INFO go_to PC 0
2023-05-14 02:17:23,011 INFO go_to E 20
2023-05-14 02:18:56,313 CRITICAL Starting new episode - Episode 5
2023-05-14 02:18:56,313 INFO Accumulated reward of episode 4: -3836.67
2023-05-14 02:19:39,418 INFO go_to E 20
2023-05-14 02:19:55,459 INFO act E 39.67
2023-05-14 02:20:09,490 INFO act E 24.67
2023-05-14 02:20:23,524 INFO act E 24.67
2023-05-14 02:20:35,551 INFO go_to C 20
2023-05-14 02:20:51,591 INFO act C 58.33
2023-05-14 02:21:07,629 INFO act C 25.33
2023-05-14 02:21:23,667 INFO act C 37.83
2023-05-14 02:21:39,705 INFO act C 36.44
2023-05-14 02:21:55,840 INFO act C 35.33
2023-05-14 02:22:15,887 INFO go_to PC 0
2023-05-14 02:22:37,936 INFO go_to A 20
2023-05-14 02:22:49,964 INFO go_to D 20
2023-05-14 02:22:57,982 INFO go_to C 20
2023-05-14 02:23:06,000 INFO go_to A 20
2023-05-14 02:23:40,079 INFO go_to PC 0
2023-05-14 02:25:14,291 INFO go_to E 20
2023-05-14 02:25:30,330 INFO act E 122.33
2023-05-14 02:25:46,368 INFO act E 25.33
2023-05-14 02:25:58,395 INFO go_to C 20
2023-05-14 02:26:06,414 INFO go_to A 20
2023-05-14 02:26:18,442 INFO go_to D 20
2023-05-14 02:26:26,459 INFO go_to C 20
2023-05-14 02:26:42,499 INFO act C 115.67
2023-05-14 02:26:58,540 INFO act C 25.33
2023-05-14 02:27:12,574 INFO act C 24.67
2023-05-14 02:27:28,610 INFO act C 25.33
2023-05-14 02:27:36,629 INFO go_to A 20
2023-05-14 02:27:50,664 INFO act A 198.0
2023-05-14 02:28:02,691 INFO go_to D 20
2023-05-14 02:28:18,730 INFO act D 224.0
2023-05-14 02:28:26,748 INFO go_to C 20
2023-05-14 02:28:34,767 INFO go_to A 20
2023-05-14 02:29:08,842 INFO go_to PC 0
2023-05-14 02:30:49,068 INFO go_to E 20
2023-05-14 02:31:05,107 INFO act E 126.33
2023-05-14 02:31:21,146 INFO act E 25.33
2023-05-14 02:31:29,164 INFO go_to D 20
2023-05-14 02:31:51,215 INFO go_to PC 0
2023-05-14 02:33:19,515 INFO go_to E 20
2023-05-14 02:33:35,551 INFO act E 64.67
2023-05-14 02:33:49,587 INFO act E 24.67
2023-05-14 02:34:05,622 INFO act E 25.33
2023-05-14 02:34:17,650 INFO go_to C 20
2023-05-14 02:34:33,689 INFO act C 178.33
2023-05-14 02:34:55,740 INFO act C 41.62
2023-05-14 02:35:11,779 INFO act C 37.83
2023-05-14 02:35:19,798 INFO go_to D 20
2023-05-14 02:35:35,836 INFO act D 165.67
2023-05-14 02:35:43,854 INFO go_to E 20
2023-05-14 02:35:55,881 INFO go_to C 20
2023-05-14 02:36:11,920 INFO act C 56.67
2023-05-14 02:36:25,954 INFO act C 24.67
2023-05-14 02:36:35,975 INFO go_to B 20
2023-05-14 02:36:50,008 INFO act B 378.0
2023-05-14 02:37:06,047 INFO act B 25.33
2023-05-14 02:37:22,085 INFO act B 25.33
2023-05-14 02:37:34,114 INFO go_to C 20
2023-05-14 02:39:05,313 CRITICAL Starting new episode - Episode 6
2023-05-14 02:39:05,313 INFO Accumulated reward of episode 5: -2477.27
2023-05-14 02:39:32,383 INFO go_to E 20
2023-05-14 02:39:48,423 INFO act E 51.0
2023-05-14 02:40:00,450 INFO go_to C 20
2023-05-14 02:40:16,486 INFO act C 43.67
2023-05-14 02:40:32,526 INFO act C 25.33
2023-05-14 02:40:48,563 INFO act C 25.33
2023-05-14 02:41:04,699 INFO act C 25.33
2023-05-14 02:41:16,726 INFO go_to E 20
2023-05-14 02:41:38,778 INFO go_to PC 0
2023-05-14 02:42:00,829 INFO go_to A 20
2023-05-14 02:42:16,866 INFO act A 83.67
2023-05-14 02:42:28,895 INFO go_to D 20
2023-05-14 02:42:44,933 INFO act D 93.0
2023-05-14 02:42:52,951 INFO go_to C 20
2023-05-14 02:43:04,979 INFO go_to E 20
2023-05-14 02:43:17,005 INFO go_to C 20
2023-05-14 02:43:25,123 INFO go_to A 20
2023-05-14 02:43:47,174 INFO go_to PC 0
