2023-02-21 12:01:39,267 INFO Creation of log rewards
2023-02-21 12:01:44,280 INFO Action Point Reward
2023-02-21 12:03:40,567 CRITICAL Starting new episode - Episode 1
2023-02-21 12:03:40,568 INFO Accumulated reward of episode 0: 0.0
2023-02-21 12:04:42,157 INFO go_to-go_to- A-A- 20
2023-02-21 12:05:06,956 INFO act-act- A-A- 48.67
2023-02-21 12:06:03,488 INFO act-go_to- M-M- -10000
2023-02-21 12:08:43,100 CRITICAL Starting new episode - Episode 2
2023-02-21 12:08:43,101 INFO Accumulated reward of episode 1: -9931.33
2023-02-21 12:09:49,615 INFO go_to-go_to- C-D- 40
2023-02-21 12:10:17,057 INFO act-act- C-D- 102.67
2023-02-21 12:10:41,785 INFO act-act- C-D- 56.0
2023-02-21 12:11:07,894 INFO act-act- M-M- -10000
2023-02-21 12:13:35,918 CRITICAL Starting new episode - Episode 3
2023-02-21 12:13:35,918 INFO Accumulated reward of episode 2: -9801.33
2023-02-21 12:14:43,279 INFO go_to-go_to- A-A- 20
2023-02-21 12:15:10,657 INFO act-act- A-A- 51.67
2023-02-21 12:15:37,504 INFO act-go_to- M-M- -10000
2023-02-21 12:18:14,183 CRITICAL Starting new episode - Episode 4
2023-02-21 12:18:14,183 INFO Accumulated reward of episode 3: -9928.33
2023-02-21 12:19:20,448 INFO go_to-go_to- A-A- 20
2023-02-21 12:20:16,067 INFO go_to-go_to- PC-M- -5000
2023-02-21 12:20:33,916 INFO go_to-go_to- M-M- -5000
2023-02-21 12:22:20,494 CRITICAL Starting new episode - Episode 5
2023-02-21 12:22:20,494 INFO Accumulated reward of episode 4: -9980.0
2023-02-21 12:23:08,440 INFO go_to-go_to- A-A- 20
2023-02-21 12:23:32,101 INFO act-act- A-A- 44.0
2023-02-21 12:23:52,601 INFO act-act- M-M- -10000
2023-02-21 12:25:42,250 CRITICAL Starting new episode - Episode 6
2023-02-21 12:25:42,250 INFO Accumulated reward of episode 5: -9936.0
2023-02-21 12:26:30,431 INFO go_to-go_to- C-D- 40
2023-02-21 12:26:55,066 INFO act-act- C-D- 88.67
2023-02-21 12:27:18,056 INFO act-act- M-M- -10000
2023-02-21 12:29:05,338 CRITICAL Starting new episode - Episode 7
2023-02-21 12:29:05,338 INFO Accumulated reward of episode 6: -9871.33
2023-02-21 12:29:51,732 INFO go_to-go_to- C-D- 40
2023-02-21 12:30:15,658 INFO act-act- C-D- 86.67
2023-02-21 12:30:53,007 INFO act-go_to- M-M- -10000
