2023-02-13 10:08:46,886 INFO Creation of log rewards
2023-02-13 10:08:46,887 INFO Action Point Reward
2023-02-13 10:09:34,223 INFO act E 34.67
2023-02-13 10:09:48,354 INFO act E 24.67
2023-02-13 10:10:04,392 INFO act E 25.33
2023-02-13 10:10:20,428 INFO act E 25.33
2023-02-13 10:10:34,463 INFO act E 24.67
2023-02-13 10:10:48,503 INFO act E 24.67
2023-02-13 10:11:04,539 INFO act E 25.33
2023-02-13 10:11:19,049 INFO act E 25.0
2023-02-13 10:11:33,081 INFO act E 24.67
2023-02-13 10:11:47,116 INFO act E 24.67
2023-02-13 10:12:01,250 INFO act E 24.67
2023-02-13 10:12:17,285 INFO act E 25.33
2023-02-13 10:12:33,322 INFO act E 25.33
2023-02-13 10:12:47,452 INFO act E 24.67
2023-02-13 10:13:01,484 INFO act E 24.67
2023-02-13 10:13:35,563 INFO act C 115.0
2023-02-13 10:13:49,697 INFO act C 24.67
2023-02-13 10:15:07,869 INFO Accumulated reward of episode 0: 543.33
2023-02-13 10:15:50,278 INFO act E 34.33
2023-02-13 10:16:06,315 INFO act E 25.33
2023-02-13 10:16:22,354 INFO act E 25.33
2023-02-13 10:16:38,391 INFO act E 25.33
2023-02-13 10:16:54,429 INFO act E 25.33
2023-02-13 10:17:10,463 INFO act E 25.33
2023-02-13 10:17:26,500 INFO act E 25.33
2023-02-13 10:17:42,536 INFO act E 25.33
2023-02-13 10:17:58,588 INFO act E 25.33
2023-02-13 10:18:14,628 INFO act E 25.33
2023-02-13 10:18:42,693 INFO act C 91.67
2023-02-13 10:18:58,736 INFO act C 25.33
2023-02-13 10:19:14,771 INFO act C 25.33
2023-02-13 10:20:51,132 INFO act PC -50
2023-02-13 10:21:35,278 INFO act E 87.0
2023-02-13 10:21:49,521 INFO act E 24.67
2023-02-13 10:22:03,589 INFO act E 24.67
2023-02-13 10:22:17,736 INFO act E 24.67
2023-02-13 10:22:31,890 INFO act E 24.67
2023-02-13 10:22:47,951 INFO act E 25.33
2023-02-13 10:23:02,207 INFO act E 25.0
2023-02-13 10:23:16,441 INFO act E 24.67
2023-02-13 10:23:30,618 INFO act E 24.67
