2023-05-11 23:52:30,968 INFO Creation of log rewards
2023-05-11 23:52:35,976 INFO Action Point Reward
2023-05-11 23:53:22,909 INFO go_to-go_to- PC-D- 0
2023-05-11 23:54:43,800 INFO act-act- PC-D- 60.67
2023-05-11 23:55:00,577 INFO act-act- PC-D- 25.67
2023-05-11 23:55:17,456 INFO act-act- PC-D- 25.67
2023-05-11 23:56:07,522 INFO go_to-go_to- A-C- 40
2023-05-11 23:56:24,005 INFO act-act- A-C- 188.67
2023-05-11 23:56:41,649 INFO act-act- A-C- 51.33
2023-05-11 23:56:59,875 INFO act-act- A-C- 52.0
2023-05-11 23:57:17,912 INFO act-act- A-C- 52.0
2023-05-11 23:57:36,534 INFO act-act- A-C- 52.67
2023-05-11 23:57:55,444 INFO act-act- A-C- 52.67
2023-05-11 23:58:12,417 INFO act-act- A-C- 51.33
2023-05-11 23:58:29,485 INFO act-act- A-C- 51.33
2023-05-11 23:58:47,130 INFO act-act- A-C- 52.0
2023-05-11 23:59:03,519 INFO act-act- A-C- 50.67
2023-05-11 23:59:21,262 INFO act-act- A-C- 52.0
2023-05-11 23:59:39,978 INFO act-act- A-C- 52.0
2023-05-12 00:00:10,778 INFO go_to-go_to- C-M- -4980
2023-05-12 00:00:28,129 INFO act-go_to- C-M- -28763.67
2023-05-12 00:00:46,841 INFO go_to-go_to- D-M- 20
2023-05-12 00:01:05,944 INFO act-go_to- D-M- -28664.0
2023-05-12 00:01:23,978 INFO act-go_to- D-M- 26.0
2023-05-12 00:01:41,431 INFO act-go_to- D-M- 26.0
2023-05-12 00:01:59,367 INFO act-go_to- D-M- 26.0
2023-05-12 00:02:17,791 INFO act-go_to- D-M- 26.0
2023-05-12 00:02:43,677 INFO go_to-go_to- A-M- 20
2023-05-12 00:02:49,917 INFO go_to-go_to- M-M- -5000
2023-05-12 00:04:43,068 CRITICAL Starting new episode - Episode 1
2023-05-12 00:04:43,068 INFO Accumulated reward of episode 0: -66353.0
2023-05-12 00:04:54,345 INFO act-act- PC-PC- 0
2023-05-12 00:05:35,396 INFO go_to-go_to- C-D- 40
2023-05-12 00:05:56,311 INFO go_to-go_to- D-A- 40
2023-05-12 00:06:32,191 INFO go_to-go_to- A-PC- 20
2023-05-12 00:07:06,313 INFO go_to-go_to- PC-E- 20
2023-05-12 00:08:28,800 INFO act-act- PC-E- 95.0
2023-05-12 00:08:46,355 INFO act-act- PC-E- 26.0
2023-05-12 00:09:02,940 INFO act-act- PC-E- 25.33
2023-05-12 00:09:19,722 INFO act-act- PC-E- 25.67
2023-05-12 00:09:36,793 INFO act-act- PC-E- 25.67
2023-05-12 00:09:54,058 INFO act-act- PC-E- 26.0
2023-05-12 00:10:11,229 INFO act-act- PC-E- 25.67
2023-05-12 00:10:28,978 INFO act-act- PC-E- 25.67
2023-05-12 00:10:45,853 INFO act-act- PC-E- 25.67
2023-05-12 00:11:02,241 INFO act-act- PC-E- 25.67
2023-05-12 00:11:19,502 INFO act-act- PC-E- 25.67
2023-05-12 00:11:36,961 INFO act-act- PC-E- 25.67
2023-05-12 00:11:54,611 INFO act-act- PC-E- 26.0
2023-05-12 00:12:06,796 INFO act-act- PC-M- -5000
2023-05-12 00:12:58,131 INFO go_to-act- A-M- 20
2023-05-12 00:13:16,268 INFO act-act- A-M- 191.0
2023-05-12 00:13:33,430 INFO act-act- A-M- 25.67
2023-05-12 00:13:50,399 INFO act-act- A-M- 25.67
2023-05-12 00:14:08,437 INFO act-act- A-M- 26.0
2023-05-12 00:14:26,957 INFO act-act- A-M- 26.0
2023-05-12 00:14:44,603 INFO act-act- A-M- 26.0
2023-05-12 00:15:14,822 INFO go_to-act- B-M- 20
2023-05-12 00:15:31,882 INFO act-act- B-M- 236.0
2023-05-12 00:15:48,460 INFO act-act- B-M- 25.67
2023-05-12 00:16:05,815 INFO act-act- B-M- 25.67
2023-05-12 00:16:23,559 INFO act-act- B-M- 26.0
2023-05-12 00:16:41,211 INFO act-act- B-M- 26.0
2023-05-12 00:16:57,990 INFO act-act- B-M- 25.33
2023-05-12 00:17:14,959 INFO act-act- B-M- 25.67
2023-05-12 00:17:33,482 INFO act-act- B-M- 26.33
2023-05-12 00:17:50,546 INFO act-act- B-M- 25.67
2023-05-12 00:18:07,807 INFO act-act- B-M- 25.67
2023-05-12 00:18:25,549 INFO act-act- B-M- 26.0
2023-05-12 00:18:43,198 INFO act-act- B-M- 26.0
2023-05-12 00:19:00,266 INFO act-act- B-M- 25.67
2023-05-12 00:19:17,032 INFO act-act- B-M- 25.67
2023-05-12 00:19:34,485 INFO act-act- M-M- -5000
2023-05-12 00:21:34,700 CRITICAL Starting new episode - Episode 2
2023-05-12 00:21:34,700 INFO Accumulated reward of episode 1: -8544.67
2023-05-12 00:21:46,362 INFO act-act- PC-PC- 0
2023-05-12 00:22:28,960 INFO go_to-go_to- C-D- 40
2023-05-12 00:22:51,324 INFO go_to-go_to- D-A- 40
2023-05-12 00:23:27,156 INFO go_to-go_to- A-PC- 20
2023-05-12 00:24:50,034 INFO act-act- A-PC- 85.33
2023-05-12 00:25:07,003 INFO act-act- A-PC- 25.67
2023-05-12 00:25:23,876 INFO act-act- A-PC- 25.33
2023-05-12 00:25:42,695 INFO act-act- A-PC- 26.33
2023-05-12 00:25:58,015 INFO act-act- A-PC- 25.33
2023-05-12 00:26:14,012 INFO act-act- A-PC- 25.33
2023-05-12 00:26:32,206 INFO act-act- A-PC- 26.0
2023-05-12 00:26:49,472 INFO act-act- A-PC- 25.67
2023-05-12 00:27:05,277 INFO act-act- A-PC- 25.33
2023-05-12 00:27:22,058 INFO act-act- A-PC- 25.67
2023-05-12 00:28:09,055 INFO go_to-go_to- D-B- 40
2023-05-12 00:28:27,771 INFO act-act- D-B- 315.33
2023-05-12 00:28:51,068 INFO go_to-go_to- M-D- -4980
2023-05-12 00:28:59,987 INFO go_to-go_to- M-D- -20
2023-05-12 00:29:17,338 INFO go_to-act- M-D- 36.67
2023-05-12 00:29:34,014 INFO go_to-act- M-D- 25.67
2023-05-12 00:29:50,882 INFO go_to-act- M-D- 25.33
2023-05-12 00:30:07,946 INFO go_to-act- M-D- 25.67
2023-05-12 00:30:25,881 INFO go_to-act- M-D- 26.0
2023-05-12 00:30:43,528 INFO go_to-act- M-D- 26.0
2023-05-12 00:31:00,786 INFO go_to-act- M-D- 25.67
2023-05-12 00:31:18,431 INFO go_to-act- M-D- 26.0
2023-05-12 00:31:36,373 INFO go_to-act- M-D- 26.0
2023-05-12 00:31:52,404 INFO go_to-act- M-D- 25.33
2023-05-12 00:32:28,186 INFO go_to-go_to- M-PC- 0
2023-05-12 00:33:50,965 INFO go_to-act- M-PC- 0
2023-05-12 00:34:01,893 INFO go_to-act- M-PC- 0
2023-05-12 00:34:14,470 INFO go_to-act- M-PC- 0
2023-05-12 00:34:25,782 INFO go_to-act- M-PC- 0
2023-05-12 00:34:37,000 INFO go_to-act- M-PC- 0
2023-05-12 00:34:48,120 INFO go_to-act- M-PC- 0
2023-05-12 00:34:58,655 INFO go_to-act- M-PC- 0
2023-05-12 00:35:09,385 INFO go_to-act- M-PC- 0
2023-05-12 00:35:20,211 INFO go_to-act- M-PC- 0
2023-05-12 00:35:32,500 INFO go_to-act- M-PC- 0
2023-05-12 00:35:44,198 INFO go_to-act- M-PC- 0
2023-05-12 00:35:55,414 INFO go_to-act- M-PC- 0
2023-05-12 00:36:06,435 INFO go_to-act- M-PC- 0
2023-05-12 00:36:18,236 INFO go_to-act- M-PC- 0
2023-05-12 00:36:29,160 INFO go_to-act- M-PC- 0
2023-05-12 00:36:40,281 INFO go_to-act- M-PC- 0
2023-05-12 00:36:51,304 INFO go_to-act- M-PC- 0
2023-05-12 00:37:02,808 INFO go_to-act- M-PC- 0
2023-05-12 00:37:14,124 INFO go_to-act- M-PC- 0
2023-05-12 00:37:24,269 INFO go_to-act- M-PC- 0
2023-05-12 00:37:35,486 INFO go_to-act- M-PC- 0
2023-05-12 00:37:46,313 INFO go_to-act- M-PC- 0
2023-05-12 00:37:58,505 INFO go_to-act- M-PC- 0
2023-05-12 00:38:09,329 INFO go_to-act- M-PC- 0
2023-05-12 00:38:20,259 INFO go_to-act- M-PC- 0
2023-05-12 00:38:33,128 INFO go_to-act- M-PC- 0
2023-05-12 00:39:18,968 INFO go_to-go_to- M-B- 20
2023-05-12 00:39:37,290 INFO go_to-act- M-B- 243.33
2023-05-12 00:39:54,836 INFO go_to-act- M-B- 25.67
2023-05-12 00:40:12,478 INFO go_to-act- M-B- 26.0
2023-05-12 00:40:30,705 INFO go_to-act- M-B- 26.0
2023-05-12 00:41:01,026 INFO go_to-go_to- M-PC- 0
2023-05-12 00:42:24,673 INFO go_to-act- M-PC- 0
2023-05-12 00:42:35,696 INFO go_to-act- M-PC- 0
2023-05-12 00:43:22,010 INFO go_to-go_to- M-B- 20
2023-05-12 00:43:40,337 INFO go_to-act- M-B- 83.33
2023-05-12 00:43:56,913 INFO go_to-act- M-B- 25.33
2023-05-12 00:44:13,685 INFO go_to-act- M-B- 25.67
2023-05-12 00:44:31,138 INFO go_to-act- M-B- 26.0
2023-05-12 00:44:49,467 INFO go_to-act- M-B- 26.0
2023-05-12 00:45:17,745 INFO go_to-go_to- M-PC- 0
2023-05-12 00:46:40,708 INFO go_to-act- M-PC- 0
2023-05-12 00:46:51,539 INFO go_to-act- M-PC- 0
2023-05-12 00:47:37,851 INFO go_to-go_to- M-B- 20
2023-05-12 00:47:56,176 INFO go_to-act- M-B- 82.33
2023-05-12 00:48:13,432 INFO go_to-act- M-B- 25.67
2023-05-12 00:48:31,470 INFO go_to-act- M-B- 26.0
2023-05-12 00:48:49,410 INFO go_to-act- M-B- 26.0
2023-05-12 00:49:06,576 INFO go_to-act- M-B- 25.67
2023-05-12 00:49:22,665 INFO go_to-act- M-B- 25.33
2023-05-12 00:49:40,413 INFO go_to-act- M-B- 26.0
2023-05-12 00:49:57,473 INFO go_to-act- M-B- 25.67
2023-05-12 00:50:19,164 INFO go_to-act- M-B- 27.33
2023-05-12 00:50:37,781 INFO go_to-act- M-B- 26.0
2023-05-12 00:50:54,844 INFO go_to-go_to- M-B- -20
2023-05-12 00:51:12,978 INFO go_to-act- M-B- 31.67
2023-05-12 00:51:31,695 INFO go_to-act- M-B- 26.33
2023-05-12 00:51:49,339 INFO go_to-act- M-B- 26.0
2023-05-12 00:52:07,277 INFO go_to-act- M-B- 26.0
2023-05-12 00:52:24,336 INFO go_to-act- M-B- 25.67
2023-05-12 00:52:42,758 INFO go_to-act- M-B- 26.0
2023-05-12 00:52:59,528 INFO go_to-go_to- M-B- -20
2023-05-12 00:53:17,076 INFO go_to-act- M-B- 31.67
2023-05-12 00:53:33,846 INFO go_to-act- M-B- 25.33
2023-05-12 00:53:51,687 INFO go_to-act- M-B- 26.0
2023-05-12 00:54:09,234 INFO go_to-act- M-B- 26.0
2023-05-12 00:54:28,142 INFO go_to-act- M-M- -5000
2023-05-12 00:56:20,204 CRITICAL Starting new episode - Episode 3
2023-05-12 00:56:20,204 INFO Accumulated reward of episode 2: -7846.33
2023-05-12 00:56:32,390 INFO act-act- PC-PC- 0
2023-05-12 00:57:11,872 INFO go_to-go_to- C-D- 40
2023-05-12 00:57:32,590 INFO go_to-go_to- D-A- 40
2023-05-12 00:58:09,925 INFO go_to-go_to- A-PC- 20
2023-05-12 00:59:31,537 INFO act-act- A-PC- 83.67
2023-05-12 00:59:48,894 INFO act-act- A-PC- 25.67
2023-05-12 01:00:06,258 INFO act-act- A-PC- 26.0
2023-05-12 01:00:23,325 INFO act-act- A-PC- 25.67
2023-05-12 01:00:39,710 INFO act-act- A-PC- 25.33
2023-05-12 01:00:56,974 INFO act-act- A-PC- 25.67
2023-05-12 01:01:14,431 INFO act-act- A-PC- 26.0
2023-05-12 01:01:33,503 INFO act-act- A-PC- 26.33
2023-05-12 01:01:49,789 INFO act-act- A-PC- 25.33
2023-05-12 01:02:05,790 INFO act-act- A-PC- 25.33
2023-05-12 01:02:22,178 INFO act-act- A-PC- 25.67
2023-05-12 01:03:09,956 INFO go_to-go_to- D-B- 40
2023-05-12 01:03:27,892 INFO act-act- D-B- 324.67
2023-05-12 01:03:45,636 INFO act-act- M-B- -4974.0
2023-05-12 01:04:02,895 INFO act-act- M-B- 25.67
2023-05-12 01:04:20,545 INFO act-act- M-B- 26.0
2023-05-12 01:04:37,902 INFO act-act- M-B- 25.67
2023-05-12 01:04:54,479 INFO act-act- M-B- 25.67
2023-05-12 01:05:11,834 INFO act-act- M-B- 25.67
2023-05-12 01:05:29,189 INFO act-act- M-B- 26.0
2023-05-12 01:05:45,575 INFO act-act- M-B- 25.33
2023-05-12 01:06:02,737 INFO act-act- M-B- 25.67
2023-05-12 01:06:21,160 INFO act-act- M-B- 26.33
2023-05-12 01:06:38,909 INFO act-act- M-B- 25.67
2023-05-12 01:06:57,917 INFO act-act- M-B- 26.33
2023-05-12 01:07:14,978 INFO act-act- M-B- 25.67
2023-05-12 01:07:33,305 INFO act-act- M-B- 26.33
2023-05-12 01:07:50,562 INFO act-act- M-B- 25.67
2023-05-12 01:08:08,993 INFO act-act- M-B- 26.0
2023-05-12 01:08:26,937 INFO act-act- M-B- 26.0
2023-05-12 01:08:44,974 INFO act-act- M-B- 26.0
2023-05-12 01:09:02,624 INFO act-act- M-B- 26.0
2023-05-12 01:09:19,394 INFO act-go_to- M-B- -20
2023-05-12 01:09:43,765 INFO act-go_to- M-PC- 0
2023-05-12 01:09:49,230 INFO act-go_to- M-M- -5000
2023-05-12 01:11:40,568 CRITICAL Starting new episode - Episode 4
2023-05-12 01:11:40,568 INFO Accumulated reward of episode 3: -8723.0
2023-05-12 01:11:52,726 INFO act-act- PC-PC- 0
2023-05-12 01:12:35,909 INFO go_to-go_to- C-D- 40
2023-05-12 01:12:55,945 INFO go_to-go_to- D-A- 40
2023-05-12 01:13:30,364 INFO go_to-go_to- A-PC- 20
2023-05-12 01:14:51,379 INFO act-act- A-PC- 83.67
2023-05-12 01:15:40,701 INFO go_to-go_to- E-B- 40
2023-05-12 01:15:57,665 INFO act-act- E-B- 225.62
2023-05-12 01:16:15,797 INFO act-act- E-B- 63.11
2023-05-12 01:16:32,664 INFO act-act- E-B- 60.42
2023-05-12 01:16:50,508 INFO act-act- E-B- 59.69
2023-05-12 01:17:07,865 INFO act-act- E-B- 58.0
2023-05-12 01:17:46,030 INFO go_to-go_to- PC-C- 20
2023-05-12 01:19:05,537 INFO act-act- PC-C- 185.0
2023-05-12 01:19:22,799 INFO act-act- PC-C- 39.95
2023-05-12 01:19:39,870 INFO act-act- PC-C- 38.17
2023-05-12 01:19:56,449 INFO act-act- PC-C- 36.78
2023-05-12 01:20:42,929 INFO go_to-act- E-C- 72.0
2023-05-12 01:21:18,219 INFO go_to-act- PC-C- 48.67
2023-05-12 01:22:41,969 INFO act-act- PC-M- -5000
2023-05-12 01:22:53,674 INFO act-act- PC-M- 0
2023-05-12 01:23:41,704 INFO go_to-act- B-M- 20
2023-05-12 01:23:58,576 INFO act-act- B-M- 173.67
2023-05-12 01:24:23,625 INFO go_to-act- A-M- 20
2023-05-12 01:24:41,948 INFO act-act- A-M- 216.67
2023-05-12 01:24:59,790 INFO act-act- A-M- 26.0
2023-05-12 01:25:17,142 INFO act-act- A-M- 26.0
2023-05-12 01:25:34,595 INFO act-act- A-M- 25.67
2023-05-12 01:25:52,534 INFO act-act- A-M- 26.0
2023-05-12 01:26:09,115 INFO act-act- A-M- 25.67
2023-05-12 01:26:27,739 INFO act-act- A-M- 26.0
2023-05-12 01:27:07,719 INFO go_to-act- PC-M- 0
2023-05-12 01:28:28,648 INFO act-act- PC-M- 0
2023-05-12 01:29:16,864 INFO go_to-act- E-M- 20
2023-05-12 01:29:34,025 INFO act-act- E-M- 269.0
2023-05-12 01:29:51,477 INFO act-act- E-M- 25.67
2023-05-12 01:30:09,123 INFO act-act- E-M- 26.0
2023-05-12 01:30:26,381 INFO act-act- E-M- 25.67
2023-05-12 01:30:44,710 INFO act-act- E-M- 26.0
2023-05-12 01:31:03,915 INFO act-act- E-M- 26.33
2023-05-12 01:31:22,733 INFO act-act- E-M- 26.33
2023-05-12 01:31:40,773 INFO act-act- E-M- 26.0
2023-05-12 01:32:21,438 INFO go_to-act- PC-M- 0
2023-05-12 01:33:43,145 INFO act-act- PC-M- 0
2023-05-12 01:33:54,557 INFO act-act- PC-M- 0
2023-05-12 01:34:38,637 INFO go_to-act- B-M- 20
2023-05-12 01:34:56,963 INFO act-act- B-M- 239.33
2023-05-12 01:35:19,588 INFO go_to-act- PC-M- 0
2023-05-12 01:35:43,370 INFO go_to-act- B-M- 20
2023-05-12 01:36:03,117 INFO go_to-act- A-M- 20
2023-05-12 01:36:22,122 INFO act-act- A-M- 218.33
2023-05-12 01:36:56,927 INFO go_to-act- PC-M- 0
2023-05-12 01:38:23,298 INFO act-act- PC-M- 0
2023-05-12 01:39:13,463 INFO go_to-act- B-M- 20
2023-05-12 01:39:31,306 INFO act-act- B-M- 111.67
2023-05-12 01:39:48,470 INFO act-act- B-M- 25.67
2023-05-12 01:40:05,920 INFO act-act- B-M- 25.67
2023-05-12 01:40:35,363 INFO go_to-act- A-M- 20
2023-05-12 01:40:53,690 INFO act-act- A-M- 127.0
2023-05-12 01:41:19,033 INFO go_to-act- B-M- 20
2023-05-12 01:41:36,100 INFO act-act- B-M- 50.33
2023-05-12 01:41:59,505 INFO go_to-act- D-M- 20
2023-05-12 01:42:16,566 INFO act-act- D-M- 632.0
2023-05-12 01:42:33,629 INFO act-act- D-M- 25.67
2023-05-12 01:42:51,571 INFO act-act- D-M- 26.0
2023-05-12 01:43:10,484 INFO act-act- D-M- 26.33
2023-05-12 01:43:28,036 INFO act-act- D-M- 26.0
2023-05-12 01:43:45,586 INFO act-act- D-M- 25.67
2023-05-12 01:44:03,231 INFO act-act- D-M- 26.0
2023-05-12 01:44:20,877 INFO act-act- D-M- 25.67
2023-05-12 01:44:38,622 INFO act-act- D-M- 33.14
2023-05-12 01:44:55,982 INFO act-act- D-M- 32.33
2023-05-12 01:45:14,698 INFO act-act- D-M- 32.58
2023-05-12 01:45:40,781 INFO go_to-act- A-M- 20
2023-05-12 01:45:58,719 INFO act-act- M-M- -5000
2023-05-12 01:47:50,116 CRITICAL Starting new episode - Episode 5
2023-05-12 01:47:50,116 INFO Accumulated reward of episode 4: -5942.86
2023-05-12 01:48:02,297 INFO act-act- PC-PC- 0
2023-05-12 01:48:43,730 INFO go_to-go_to- C-D- 40
2023-05-12 01:49:06,001 INFO go_to-go_to- D-A- 40
2023-05-12 01:49:41,196 INFO go_to-go_to- A-PC- 20
2023-05-12 01:51:04,566 INFO act-act- A-PC- 84.67
2023-05-12 01:51:50,207 INFO act-go_to- A-B- 55.33
2023-05-12 01:52:06,333 INFO act-act- A-B- 130.67
2023-05-12 01:52:23,785 INFO act-act- A-B- 51.33
2023-05-12 01:52:42,119 INFO act-act- A-B- 52.67
2023-05-12 01:53:17,457 INFO go_to-go_to- B-A- 40
2023-05-12 01:53:53,526 INFO go_to-go_to- D-PC- 20
2023-05-12 01:55:15,430 INFO act-act- D-PC- 168.33
2023-05-12 01:55:27,222 INFO act-act- M-PC- -5000
2023-05-12 01:55:39,315 INFO act-act- M-PC- 0
2023-05-12 01:56:27,482 INFO act-go_to- M-B- 20
2023-05-12 01:56:46,199 INFO act-act- M-B- 101.33
2023-05-12 01:57:02,974 INFO act-act- M-B- 25.33
2023-05-12 01:57:20,622 INFO act-act- M-B- 26.0
2023-05-12 01:57:38,669 INFO act-act- M-B- 26.0
2023-05-12 01:57:55,250 INFO act-act- M-B- 25.67
2023-05-12 01:58:12,712 INFO act-act- M-B- 25.67
2023-05-12 01:58:30,163 INFO act-act- M-B- 26.0
2023-05-12 01:58:57,318 INFO act-go_to- M-D- 20
2023-05-12 01:59:15,547 INFO act-act- M-D- 100.0
2023-05-12 01:59:34,173 INFO act-act- M-D- 26.33
2023-05-12 01:59:52,303 INFO act-act- M-D- 26.0
2023-05-12 02:00:10,827 INFO act-act- M-D- 26.0
2023-05-12 02:00:29,742 INFO act-act- M-D- 26.33
2023-05-12 02:00:47,001 INFO act-act- M-D- 26.0
2023-05-12 02:01:05,324 INFO act-act- M-D- 26.0
2023-05-12 02:01:22,979 INFO act-act- M-D- 25.67
2023-05-12 02:01:41,012 INFO act-act- M-D- 26.33
2023-05-12 02:01:57,916 INFO act-act- M-D- 25.33
2023-05-12 02:02:15,564 INFO act-act- M-D- 26.0
2023-05-12 02:02:33,017 INFO act-act- M-D- 26.0
2023-05-12 02:03:09,828 INFO act-go_to- M-M- -5000
2023-05-12 02:05:00,108 CRITICAL Starting new episode - Episode 6
2023-05-12 02:05:00,108 INFO Accumulated reward of episode 5: -8615.0
2023-05-12 02:05:12,199 INFO act-act- PC-PC- 0
2023-05-12 02:05:52,269 INFO go_to-go_to- C-D- 40
2023-05-12 02:06:12,792 INFO go_to-go_to- D-A- 40
2023-05-12 02:06:51,963 INFO go_to-go_to- A-PC- 20
2023-05-12 02:08:16,481 INFO act-act- A-PC- 85.33
2023-05-12 02:09:02,789 INFO go_to-go_to- E-B- 40
2023-05-12 02:09:19,269 INFO act-act- E-B- 212.67
2023-05-12 02:09:36,724 INFO act-act- E-B- 51.33
2023-05-12 02:09:55,143 INFO act-go_to- E-B- 6.33
2023-05-12 02:10:11,915 INFO act-act- E-B- 57.0
2023-05-12 02:10:28,981 INFO act-act- E-B- 51.33
2023-05-12 02:11:09,528 INFO go_to-go_to- PC-C- 20
2023-05-12 02:12:29,401 INFO act-act- PC-C- 169.67
2023-05-12 02:12:47,249 INFO act-act- PC-C- 26.0
2023-05-12 02:13:36,056 INFO go_to-act- E-C- 56.33
2023-05-12 02:14:11,060 INFO go_to-act- PC-C- 31.67
2023-05-12 02:15:30,769 INFO act-go_to- PC-PC- 0
2023-05-12 02:15:42,862 INFO act-go_to- PC-M- -5000
2023-05-12 02:16:31,186 INFO go_to-go_to- A-M- 20
2023-05-12 02:16:48,149 INFO act-go_to- A-M- 190.67
2023-05-12 02:17:05,509 INFO act-go_to- A-M- 25.67
2023-05-12 02:17:22,764 INFO act-go_to- A-M- 25.67
2023-05-12 02:17:40,801 INFO act-go_to- A-M- 26.0
2023-05-12 02:17:57,864 INFO act-go_to- A-M- 25.67
2023-05-12 02:18:14,835 INFO act-go_to- A-M- 25.67
2023-05-12 02:18:42,720 INFO go_to-go_to- B-M- 20
2023-05-12 02:18:59,681 INFO act-go_to- B-M- 190.33
2023-05-12 02:19:16,066 INFO act-go_to- B-M- 25.67
2023-05-12 02:19:32,640 INFO act-go_to- B-M- 25.33
2023-05-12 02:19:50,583 INFO act-go_to- B-M- 26.0
2023-05-12 02:20:09,101 INFO act-go_to- B-M- 26.33
2023-05-12 02:20:26,750 INFO act-go_to- B-M- 25.67
2023-05-12 02:20:43,133 INFO act-go_to- B-M- 25.67
2023-05-12 02:21:00,392 INFO act-go_to- B-M- 25.67
2023-05-12 02:21:17,551 INFO act-go_to- B-M- 25.67
2023-05-12 02:21:35,685 INFO act-go_to- B-M- 26.0
2023-05-12 02:21:54,787 INFO act-go_to- B-M- 26.33
2023-05-12 02:22:11,369 INFO act-go_to- B-M- 25.67
2023-05-12 02:22:28,082 INFO act-go_to- B-M- 25.67
2023-05-12 02:22:45,533 INFO act-go_to- B-M- 25.67
2023-05-12 02:23:01,625 INFO act-go_to- M-M- -5000
2023-05-12 02:24:47,604 CRITICAL Starting new episode - Episode 7
2023-05-12 02:24:47,604 INFO Accumulated reward of episode 6: -8207.33
2023-05-12 02:24:59,795 INFO act-act- PC-PC- 0
2023-05-12 02:25:39,775 INFO go_to-go_to- C-D- 40
2023-05-12 02:26:01,935 INFO go_to-go_to- D-A- 40
2023-05-12 02:26:38,587 INFO go_to-go_to- A-PC- 20
2023-05-12 02:28:00,494 INFO act-act- A-PC- 84.33
2023-05-12 02:28:50,016 INFO go_to-go_to- E-B- 40
2023-05-12 02:29:07,468 INFO act-act- E-B- 213.33
2023-05-12 02:29:25,309 INFO act-act- E-B- 52.0
2023-05-12 02:29:43,731 INFO act-go_to- E-B- 6.0
2023-05-12 02:30:01,480 INFO act-act- E-B- 58.0
2023-05-12 02:30:19,516 INFO act-act- E-B- 52.0
2023-05-12 02:31:01,143 INFO go_to-go_to- PC-C- 20
2023-05-12 02:32:19,978 INFO act-act- PC-C- 170.67
2023-05-12 02:32:36,952 INFO act-act- PC-C- 25.67
2023-05-12 02:32:53,632 INFO act-act- PC-C- 25.67
2023-05-12 02:33:41,953 INFO go_to-act- E-C- 56.0
2023-05-12 02:34:17,056 INFO go_to-act- PC-C- 32.0
2023-05-12 02:35:36,730 INFO act-go_to- PC-M- -5000
2023-05-12 02:36:24,754 INFO go_to-go_to- A-M- 20
2023-05-12 02:36:42,112 INFO act-go_to- A-M- 210.67
2023-05-12 02:37:00,633 INFO act-go_to- A-M- 40.29
2023-05-12 02:37:18,867 INFO act-go_to- A-M- 38.5
2023-05-12 02:37:37,487 INFO act-go_to- A-M- 37.44
2023-05-12 02:37:53,966 INFO act-go_to- A-M- 35.33
2023-05-12 02:38:26,865 INFO go_to-go_to- B-M- 20
2023-05-12 02:38:54,306 INFO go_to-go_to- E-M- 20
2023-05-12 02:39:12,434 INFO act-go_to- E-M- 214.33
2023-05-12 02:39:21,351 INFO go_to-go_to- E-M- -20
2023-05-12 02:39:39,576 INFO act-go_to- E-M- 29.0
2023-05-12 02:39:56,057 INFO act-go_to- E-M- 25.67
2023-05-12 02:40:13,510 INFO act-go_to- E-M- 25.67
2023-05-12 02:40:31,352 INFO act-go_to- E-M- 26.0
2023-05-12 02:41:01,084 INFO go_to-go_to- B-M- 20
2023-05-12 02:41:28,046 INFO go_to-go_to- E-M- 20
2023-05-12 02:41:45,301 INFO act-go_to- E-M- 61.33
2023-05-12 02:42:02,171 INFO act-go_to- E-M- 39.95
2023-05-12 02:42:20,303 INFO act-go_to- E-M- 38.5
2023-05-12 02:42:36,298 INFO act-go_to- E-M- 36.44
2023-05-12 02:42:53,952 INFO act-go_to- E-M- 35.67
2023-05-12 02:43:23,688 INFO go_to-go_to- M-M- -5000
2023-05-12 02:45:11,700 CRITICAL Starting new episode - Episode 8
2023-05-12 02:45:11,700 INFO Accumulated reward of episode 7: -8089.54
2023-05-12 02:45:50,872 INFO go_to-go_to- D-D- 20
2023-05-12 02:46:15,534 INFO go_to-go_to- B-E- 40
2023-05-12 02:46:39,902 INFO go_to-act- D-E- 69.33
2023-05-12 02:47:05,881 INFO go_to-go_to- E-B- 40
2023-05-12 02:47:23,525 INFO act-act- E-B- 98.67
2023-05-12 02:47:41,362 INFO act-act- E-B- 52.0
2023-05-12 02:47:58,720 INFO act-act- E-B- 51.33
2023-05-12 02:48:16,950 INFO act-act- E-B- 52.0
2023-05-12 02:48:33,334 INFO act-act- E-B- 51.33
2023-05-12 02:48:50,396 INFO act-act- E-B- 51.33
2023-05-12 02:49:08,143 INFO act-act- E-B- 52.0
2023-05-12 02:49:25,305 INFO act-act- E-B- 51.33
2023-05-12 02:49:43,439 INFO act-act- E-B- 52.0
2023-05-12 02:50:01,572 INFO act-act- E-B- 52.0
2023-05-12 02:50:18,737 INFO act-act- E-B- 51.33
2023-05-12 02:50:50,318 INFO go_to-go_to- A-B- 0
2023-05-12 02:50:58,753 INFO go_to-go_to- A-B- -40
2023-05-12 02:51:16,497 INFO act-act- A-B- 181.0
2023-05-12 02:51:32,783 INFO act-act- A-B- 61.78
2023-05-12 02:51:51,011 INFO act-act- A-B- 61.76
2023-05-12 02:52:08,950 INFO act-act- A-B- 59.03
2023-05-12 02:52:26,014 INFO act-act- A-B- 58.67
2023-05-12 02:52:43,371 INFO act-act- M-M- -10000
2023-05-12 02:54:37,813 CRITICAL Starting new episode - Episode 9
2023-05-12 02:54:37,813 INFO Accumulated reward of episode 8: -8833.11
2023-05-12 02:55:21,558 INFO go_to-go_to- C-D- 40
2023-05-12 02:55:42,277 INFO go_to-go_to- D-A- 40
2023-05-12 02:56:02,989 INFO act-go_to- D-D- 68.33
2023-05-12 02:56:26,580 INFO go_to-go_to- B-E- 40
2023-05-12 02:56:45,294 INFO act-act- B-E- 125.33
2023-05-12 02:57:04,007 INFO act-act- B-E- 52.67
2023-05-12 02:57:22,432 INFO act-act- B-E- 52.0
2023-05-12 02:57:41,635 INFO act-act- B-E- 52.67
2023-05-12 02:57:59,185 INFO act-act- B-E- 52.0
2023-05-12 02:58:16,548 INFO act-act- B-E- 51.33
2023-05-12 02:58:34,003 INFO act-act- B-E- 52.0
2023-05-12 02:58:52,525 INFO act-act- B-E- 52.0
2023-05-12 02:59:09,978 INFO act-act- B-E- 51.33
2023-05-12 02:59:27,916 INFO act-act- B-E- 52.0
2023-05-12 02:59:46,049 INFO act-act- B-E- 52.67
2023-05-12 03:00:03,601 INFO act-act- B-E- 51.33
2023-05-12 03:00:21,637 INFO act-act- B-E- 52.0
2023-05-12 03:00:39,484 INFO act-act- B-E- 52.0
2023-05-12 03:00:57,036 INFO act-act- B-E- 52.0
2023-05-12 03:01:14,877 INFO act-act- B-E- 51.33
2023-05-12 03:01:32,233 INFO act-act- B-E- 52.0
2023-05-12 03:01:50,463 INFO act-act- B-E- 52.0
2023-05-12 03:02:20,005 INFO go_to-go_to- M-M- -10000
2023-05-12 03:04:06,620 CRITICAL Starting new episode - Episode 10
2023-05-12 03:04:06,620 INFO Accumulated reward of episode 9: -8803.0
2023-05-12 03:04:19,197 INFO act-act- PC-PC- 0
2023-05-12 03:05:00,337 INFO go_to-go_to- C-D- 40
2023-05-12 03:05:19,301 INFO go_to-go_to- D-A- 40
2023-05-12 03:05:55,963 INFO go_to-go_to- A-PC- 20
2023-05-12 03:07:16,693 INFO act-act- A-PC- 83.33
2023-05-12 03:08:07,046 INFO go_to-go_to- E-B- 40
2023-05-12 03:08:25,179 INFO act-act- E-B- 212.67
2023-05-12 03:08:51,354 INFO go_to-go_to- E-E- 20
2023-05-12 03:09:09,969 INFO act-act- E-E- 34.67
2023-05-12 03:09:28,100 INFO act-act- E-E- 26.33
2023-05-12 03:09:52,471 INFO go_to-go_to- D-E- 0
2023-05-12 03:10:10,605 INFO act-act- D-E- 175.33
2023-05-12 03:10:28,343 INFO act-act- D-E- 52.0
2023-05-12 03:10:45,409 INFO act-act- D-E- 51.33
2023-05-12 03:11:04,134 INFO act-act- D-E- 52.67
2023-05-12 03:11:21,589 INFO act-act- D-E- 51.33
2023-05-12 03:11:40,598 INFO act-act- M-E- -4973.67
2023-05-12 03:12:22,718 INFO act-go_to- M-PC- 0
2023-05-12 03:13:45,406 INFO act-act- M-PC- 0
2023-05-12 03:13:56,912 INFO act-act- M-PC- 0
2023-05-12 03:14:43,328 INFO act-go_to- M-B- 20
2023-05-12 03:15:00,688 INFO act-act- M-B- 151.67
2023-05-12 03:15:19,307 INFO act-act- M-B- 26.33
2023-05-12 03:15:37,144 INFO act-act- M-B- 26.0
2023-05-12 03:15:55,766 INFO act-act- M-B- 26.0
2023-05-12 03:16:13,323 INFO act-act- M-B- 26.0
2023-05-12 03:16:30,776 INFO act-act- M-B- 25.67
2023-05-12 03:16:49,589 INFO act-act- M-B- 26.33
2023-05-12 03:17:08,017 INFO act-act- M-B- 26.33
2023-05-12 03:17:25,767 INFO act-act- M-B- 25.67
2023-05-12 03:17:44,094 INFO act-act- M-B- 26.33
2023-05-12 03:18:14,021 INFO act-go_to- M-D- 20
2023-05-12 03:18:23,035 INFO act-go_to- M-D- -20
2023-05-12 03:18:40,682 INFO act-act- M-D- 166.33
2023-05-12 03:18:57,454 INFO act-act- M-D- 25.67
2023-05-12 03:19:14,620 INFO act-act- M-D- 25.67
2023-05-12 03:19:31,783 INFO act-act- M-D- 25.67
2023-05-12 03:19:50,493 INFO act-act- M-D- 26.33
2023-05-12 03:20:17,940 INFO act-go_to- M-A- 20
2023-05-12 03:20:37,040 INFO act-act- M-A- 287.0
2023-05-12 03:20:54,598 INFO act-act- M-A- 25.67
2023-05-12 03:21:12,921 INFO act-act- M-A- 26.0
2023-05-12 03:21:31,252 INFO act-act- M-M- -5000
2023-05-12 03:23:27,081 CRITICAL Starting new episode - Episode 11
2023-05-12 03:23:27,081 INFO Accumulated reward of episode 10: -8039.33
2023-05-12 03:23:39,358 INFO act-act- PC-PC- 0
2023-05-12 03:24:20,018 INFO go_to-go_to- C-D- 40
2023-05-12 03:24:40,540 INFO go_to-go_to- D-A- 40
2023-05-12 03:25:15,922 INFO go_to-go_to- A-PC- 20
2023-05-12 03:26:35,887 INFO act-act- A-PC- 82.67
2023-05-12 03:26:54,313 INFO act-act- A-PC- 26.33
2023-05-12 03:27:11,284 INFO act-act- A-PC- 25.67
2023-05-12 03:27:28,449 INFO act-act- A-PC- 25.67
2023-05-12 03:27:44,256 INFO act-act- A-PC- 25.33
2023-05-12 03:28:17,217 INFO go_to-go_to- E-PC- 0
2023-05-12 03:29:37,308 INFO act-act- E-PC- 143.33
2023-05-12 03:29:53,405 INFO act-act- E-PC- 25.33
2023-05-12 03:30:10,766 INFO act-act- E-PC- 25.67
2023-05-12 03:30:27,837 INFO act-act- E-PC- 25.67
2023-05-12 03:30:44,619 INFO act-act- M-PC- -5000
2023-05-12 03:31:33,330 INFO act-go_to- M-A- 20
2023-05-12 03:31:51,069 INFO act-act- M-A- 102.33
2023-05-12 03:32:09,104 INFO act-act- M-A- 26.0
2023-05-12 03:32:26,944 INFO act-act- M-A- 25.67
2023-05-12 03:32:44,294 INFO act-act- M-A- 26.0
2023-05-12 03:33:02,435 INFO act-act- M-A- 26.0
2023-05-12 03:33:21,834 INFO act-act- M-A- 26.33
2023-05-12 03:33:40,355 INFO act-act- M-A- 26.33
2023-05-12 03:33:57,515 INFO act-act- M-A- 25.67
2023-05-12 03:34:13,317 INFO act-act- M-A- 25.33
2023-05-12 03:34:30,477 INFO act-act- M-A- 25.67
2023-05-12 03:34:47,641 INFO act-act- M-A- 25.67
2023-05-12 03:35:05,971 INFO act-act- M-A- 26.0
2023-05-12 03:35:24,006 INFO act-act- M-A- 26.33
2023-05-12 03:35:42,720 INFO act-act- M-A- 26.0
2023-05-12 03:35:59,986 INFO act-act- M-A- 25.67
2023-05-12 03:36:17,830 INFO act-act- M-A- 26.0
2023-05-12 03:36:34,208 INFO act-act- M-A- 25.67
2023-05-12 03:36:52,438 INFO act-act- M-A- 26.0
2023-05-12 03:37:11,152 INFO act-act- M-A- 26.33
2023-05-12 03:37:29,089 INFO act-act- M-A- 26.0
2023-05-12 03:37:47,319 INFO act-act- M-A- 26.0
2023-05-12 03:38:31,822 INFO act-go_to- M-M- -5000
2023-05-12 03:40:29,492 CRITICAL Starting new episode - Episode 12
2023-05-12 03:40:29,493 INFO Accumulated reward of episode 11: -8853.33
2023-05-12 03:40:42,132 INFO act-act- PC-PC- 0
2023-05-12 03:41:22,010 INFO go_to-go_to- C-D- 40
2023-05-12 03:41:40,978 INFO go_to-go_to- D-A- 40
2023-05-12 03:42:02,275 INFO go_to-go_to- A-A- -20
2023-05-12 03:42:19,336 INFO act-act- A-A- 56.67
2023-05-12 03:42:36,300 INFO act-act- A-A- 25.67
2023-05-12 03:42:53,853 INFO act-act- A-A- 25.67
2023-05-12 03:43:11,213 INFO act-act- A-A- 26.0
2023-05-12 03:43:28,960 INFO act-act- A-A- 25.67
2023-05-12 03:44:03,479 INFO act-go_to- A-E- 51.67
2023-05-12 03:44:49,838 INFO go_to-go_to- PC-C- 20
2023-05-12 03:45:25,422 INFO go_to-go_to- D-C- 0
2023-05-12 03:45:43,846 INFO act-act- D-C- 249.33
2023-05-12 03:46:02,082 INFO act-act- D-C- 52.67
2023-05-12 03:46:19,439 INFO act-act- D-C- 51.33
2023-05-12 03:46:33,725 INFO go_to-go_to- D-C- -40
2023-05-12 03:46:52,630 INFO act-act- D-C- 62.0
2023-05-12 03:47:17,097 INFO go_to-go_to- B-A- 40
2023-05-12 03:47:39,140 INFO go_to-go_to- A-D- 40
2023-05-12 03:47:55,716 INFO act-act- M-M- -10000
2023-05-12 03:49:46,426 CRITICAL Starting new episode - Episode 13
2023-05-12 03:49:46,426 INFO Accumulated reward of episode 12: -9253.33
2023-05-12 03:49:59,972 INFO act-act- PC-PC- 0
2023-05-12 03:50:42,280 INFO go_to-go_to- C-D- 40
2023-05-12 03:51:02,029 INFO go_to-go_to- D-A- 40
2023-05-12 03:51:36,057 INFO go_to-go_to- A-PC- 20
2023-05-12 03:52:59,408 INFO act-act- A-PC- 84.33
2023-05-12 03:53:31,928 INFO go_to-go_to- E-PC- 0
2023-05-12 03:54:46,374 INFO act-act- E-PC- 136.67
2023-05-12 03:55:03,340 INFO act-act- E-PC- 39.95
2023-05-12 03:55:21,090 INFO act-act- E-PC- 38.5
2023-05-12 03:55:37,865 INFO act-act- E-PC- 36.44
2023-05-12 03:55:54,640 INFO act-act- E-PC- 35.67
2023-05-12 03:56:11,513 INFO act-act- E-PC- 34.76
2023-05-12 03:56:29,415 INFO act-act- E-PC- 34.33
2023-05-12 03:56:46,382 INFO act-go_to- E-PC- 13.36
2023-05-12 03:57:03,454 INFO act-go_to- M-PC- -5020
2023-05-12 03:58:20,931 INFO act-act- M-PC- 0
2023-05-12 03:59:08,188 INFO act-go_to- M-D- 20
2023-05-12 03:59:24,763 INFO act-act- M-D- 212.67
2023-05-12 03:59:34,171 INFO act-go_to- M-D- -20
2023-05-12 03:59:51,817 INFO act-act- M-D- 29.0
2023-05-12 04:00:10,827 INFO act-act- M-D- 26.33
2023-05-12 04:00:28,472 INFO act-act- M-D- 26.0
2023-05-12 04:00:45,249 INFO act-act- M-D- 25.67
2023-05-12 04:01:01,826 INFO act-act- M-D- 25.33
2023-05-12 04:01:18,308 INFO act-act- M-D- 25.67
2023-05-12 04:01:36,247 INFO act-act- M-D- 26.0
2023-05-12 04:01:54,186 INFO act-act- M-D- 26.0
2023-05-12 04:02:11,642 INFO act-act- M-D- 25.67
2023-05-12 04:02:29,777 INFO act-act- M-D- 26.0
2023-05-12 04:02:46,846 INFO act-act- M-D- 25.67
2023-05-12 04:03:05,175 INFO act-act- M-D- 26.33
2023-05-12 04:03:22,727 INFO act-act- M-D- 25.67
2023-05-12 04:03:40,180 INFO act-act- M-D- 26.0
2023-05-12 04:03:58,995 INFO act-act- M-D- 26.0
2023-05-12 04:04:15,281 INFO act-go_to- M-D- -20
2023-05-12 04:04:32,440 INFO act-act- M-D- 31.33
2023-05-12 04:04:48,277 INFO act-act- M-D- 25.33
2023-05-12 04:05:06,315 INFO act-act- M-D- 26.0
2023-05-12 04:05:34,981 INFO act-go_to- M-A- 20
2023-05-12 04:05:49,655 INFO act-go_to- M-M- -5000
2023-05-12 04:07:42,692 CRITICAL Starting new episode - Episode 14
2023-05-12 04:07:42,692 INFO Accumulated reward of episode 13: -8779.32
2023-05-12 04:07:56,633 INFO act-act- PC-PC- 0
2023-05-12 04:08:35,283 INFO go_to-go_to- B-PC- 0
2023-05-12 04:09:56,121 INFO act-act- B-PC- 64.67
2023-05-12 04:10:14,063 INFO act-act- B-PC- 26.0
2023-05-12 04:10:31,815 INFO act-act- B-PC- 25.67
2023-05-12 04:10:48,977 INFO act-act- B-PC- 25.67
2023-05-12 04:11:06,152 INFO act-act- B-PC- 26.0
2023-05-12 04:11:22,258 INFO act-act- B-PC- 25.33
2023-05-12 04:11:40,777 INFO act-act- B-PC- 26.0
2023-05-12 04:11:57,845 INFO act-act- B-PC- 25.67
2023-05-12 04:12:14,616 INFO act-act- B-PC- 25.67
2023-05-12 04:12:30,323 INFO act-act- B-PC- 25.33
2023-05-12 04:12:46,813 INFO act-act- B-PC- 25.33
2023-05-12 04:13:03,301 INFO act-act- B-PC- 25.67
2023-05-12 04:13:20,269 INFO act-act- B-PC- 25.67
2023-05-12 04:13:36,862 INFO act-act- B-PC- 25.33
2023-05-12 04:13:54,508 INFO act-act- B-PC- 26.0
2023-05-12 04:14:45,742 INFO go_to-go_to- C-C- 20
2023-05-12 04:15:02,908 INFO act-act- M-C- -4833.33
2023-05-12 04:15:20,843 INFO act-act- M-C- 26.0
2023-05-12 04:15:39,174 INFO act-act- M-C- 26.33
2023-05-12 04:15:56,437 INFO act-act- M-C- 25.67
2023-05-12 04:16:13,309 INFO act-act- M-C- 25.67
2023-05-12 04:16:30,178 INFO act-act- M-C- 25.67
2023-05-12 04:16:47,727 INFO act-act- M-C- 25.67
2023-05-12 04:17:03,278 INFO act-go_to- M-C- -20
2023-05-12 04:17:21,990 INFO act-act- M-C- 31.33
2023-05-12 04:17:40,318 INFO act-act- M-C- 26.33
2023-05-12 04:17:58,452 INFO act-act- M-C- 26.0
2023-05-12 04:18:16,970 INFO act-act- M-C- 26.0
2023-05-12 04:18:34,618 INFO act-act- M-C- 26.0
2023-05-12 04:18:52,269 INFO act-act- M-C- 26.0
2023-05-12 04:19:09,043 INFO act-act- M-C- 25.67
2023-05-12 04:19:26,212 INFO act-act- M-C- 25.67
2023-05-12 04:19:45,124 INFO act-act- M-C- 26.33
2023-05-12 04:20:02,285 INFO act-act- M-C- 25.67
2023-05-12 04:20:21,790 INFO act-act- M-C- 26.33
2023-05-12 04:20:39,441 INFO act-act- M-C- 26.0
2023-05-12 04:21:04,942 INFO act-go_to- M-D- 20
2023-05-12 04:21:26,341 INFO act-go_to- M-M- -5000
2023-05-12 04:23:18,344 CRITICAL Starting new episode - Episode 15
2023-05-12 04:23:18,344 INFO Accumulated reward of episode 14: -8917.0
2023-05-12 04:23:57,620 INFO go_to-go_to- C-D- 40
2023-05-12 04:24:18,727 INFO act-go_to- C-A- 60.0
2023-05-12 04:24:35,987 INFO act-act- C-A- 71.33
2023-05-12 04:24:53,344 INFO act-act- C-A- 52.0
2023-05-12 04:25:10,117 INFO act-act- C-A- 51.33
2023-05-12 04:25:27,083 INFO act-act- C-A- 51.33
2023-05-12 04:25:44,637 INFO act-act- C-A- 51.33
2023-05-12 04:26:01,310 INFO act-act- C-A- 51.33
2023-05-12 04:26:20,225 INFO act-act- C-A- 52.67
2023-05-12 04:26:36,806 INFO act-act- C-A- 50.67
2023-05-12 04:26:57,916 INFO act-act- C-A- 54.0
2023-05-12 04:27:15,659 INFO act-act- C-A- 52.0
2023-05-12 04:27:34,279 INFO act-act- C-A- 52.67
2023-05-12 04:27:53,485 INFO act-act- C-A- 52.67
2023-05-12 04:28:11,525 INFO act-act- C-A- 52.0
2023-05-12 04:28:30,241 INFO act-act- C-A- 52.67
2023-05-12 04:28:49,442 INFO act-act- C-A- 52.67
2023-05-12 04:29:06,897 INFO act-act- C-A- 51.33
2023-05-12 04:29:24,254 INFO act-act- C-A- 52.0
2023-05-12 04:29:41,034 INFO act-act- C-A- 51.33
2023-05-12 04:29:58,484 INFO act-act- C-A- 51.33
2023-05-12 04:30:15,453 INFO act-act- C-A- 51.33
2023-05-12 04:30:32,427 INFO act-act- C-A- 51.33
2023-05-12 04:30:49,205 INFO act-act- M-M- -10000
2023-05-12 04:32:43,016 CRITICAL Starting new episode - Episode 16
2023-05-12 04:32:43,016 INFO Accumulated reward of episode 15: -8790.67
2023-05-12 04:32:54,879 INFO act-act- PC-PC- 0
2023-05-12 04:33:35,444 INFO go_to-go_to- C-D- 40
2023-05-12 04:33:55,577 INFO go_to-go_to- D-A- 40
2023-05-12 04:34:14,840 INFO go_to-go_to- A-A- -20
2023-05-12 04:34:30,774 INFO act-act- A-A- 55.67
2023-05-12 04:34:47,252 INFO act-act- A-A- 25.67
2023-05-12 04:35:14,050 INFO go_to-go_to- D-D- 20
2023-05-12 04:35:33,250 INFO act-act- D-D- 76.67
2023-05-12 04:35:50,798 INFO act-act- D-D- 25.67
2023-05-12 04:36:08,250 INFO act-act- D-D- 26.0
2023-05-12 04:36:25,214 INFO act-act- D-D- 25.67
2023-05-12 04:36:42,477 INFO act-act- D-D- 25.67
2023-05-12 04:37:01,192 INFO act-act- D-D- 26.33
2023-05-12 04:37:17,676 INFO act-act- D-D- 25.33
2023-05-12 04:37:35,031 INFO act-act- D-D- 26.0
2023-05-12 04:37:53,653 INFO act-act- D-D- 26.0
2023-05-12 04:38:11,884 INFO act-act- D-D- 26.0
2023-05-12 04:38:50,633 INFO go_to-go_to- PC-E- 20
2023-05-12 04:40:12,925 INFO act-go_to- PC-M- -5000
2023-05-12 04:40:24,530 INFO act-go_to- PC-M- 0
2023-05-12 04:41:12,168 INFO go_to-go_to- B-M- 20
2023-05-12 04:41:37,799 INFO go_to-go_to- PC-M- 0
2023-05-12 04:42:13,477 INFO go_to-go_to- D-M- 20
2023-05-12 04:42:23,171 INFO go_to-go_to- D-M- -20
2023-05-12 04:42:41,497 INFO act-go_to- D-M- 110.0
2023-05-12 04:42:59,822 INFO act-go_to- D-M- 26.0
2023-05-12 04:43:17,270 INFO act-go_to- D-M- 26.0
2023-05-12 04:43:34,041 INFO act-go_to- D-M- 25.67
2023-05-12 04:43:50,911 INFO act-go_to- D-M- 25.33
2023-05-12 04:44:06,813 INFO act-go_to- D-M- 25.33
2023-05-12 04:44:24,657 INFO act-go_to- D-M- 26.0
2023-05-12 04:44:42,113 INFO act-go_to- D-M- 26.0
2023-05-12 04:45:00,336 INFO act-go_to- D-M- 26.0
2023-05-12 04:45:19,794 INFO act-go_to- D-M- 26.33
2023-05-12 04:45:36,863 INFO act-go_to- D-M- 25.67
2023-05-12 04:45:54,604 INFO act-go_to- D-M- 26.0
2023-05-12 04:46:11,186 INFO act-go_to- D-M- 25.67
2023-05-12 04:46:29,609 INFO act-go_to- D-M- 26.0
2023-05-12 04:46:47,453 INFO act-go_to- D-M- 26.0
2023-05-12 04:47:05,390 INFO act-go_to- D-M- 26.0
2023-05-12 04:47:23,333 INFO act-go_to- D-M- 26.0
2023-05-12 04:47:49,796 INFO go_to-go_to- M-M- -5000
2023-05-12 04:49:40,549 CRITICAL Starting new episode - Episode 17
2023-05-12 04:49:40,549 INFO Accumulated reward of episode 16: -8965.33
2023-05-12 04:50:19,175 INFO go_to-go_to- E-C- 40
2023-05-12 04:50:36,821 INFO act-act- E-C- 77.33
2023-05-12 04:50:55,249 INFO act-act- E-C- 52.67
2023-05-12 04:51:12,896 INFO act-act- E-C- 51.33
2023-05-12 04:51:30,346 INFO act-act- E-C- 52.0
2023-05-12 04:51:48,485 INFO act-act- E-C- 52.0
2023-05-12 04:52:06,616 INFO act-act- E-C- 52.0
2023-05-12 04:52:25,242 INFO act-act- E-C- 52.67
2023-05-12 04:52:41,529 INFO act-act- E-C- 50.67
2023-05-12 04:53:11,360 INFO go_to-go_to- E-B- 0
2023-05-12 04:53:29,593 INFO act-act- E-B- 132.33
2023-05-12 04:53:48,017 INFO act-act- E-B- 52.67
2023-05-12 04:54:04,793 INFO act-act- E-B- 50.67
2023-05-12 04:54:22,154 INFO act-act- E-B- 52.0
2023-05-12 04:54:39,027 INFO act-act- E-B- 51.33
2023-05-12 04:54:56,486 INFO act-act- E-B- 51.33
2023-05-12 04:55:14,042 INFO act-act- E-B- 52.0
2023-05-12 04:55:31,303 INFO act-act- E-B- 51.33
2023-05-12 04:55:48,606 INFO act-act- E-B- 51.33
2023-05-12 04:56:05,575 INFO act-act- E-B- 51.33
2023-05-12 04:56:22,932 INFO act-act- E-B- 51.33
2023-05-12 04:56:40,193 INFO act-act- E-B- 52.0
2023-05-12 04:56:58,422 INFO act-act- E-B- 52.0
2023-05-12 04:57:16,361 INFO act-act- M-M- -10000
2023-05-12 04:59:04,340 CRITICAL Starting new episode - Episode 18
2023-05-12 04:59:04,340 INFO Accumulated reward of episode 17: -8767.67
2023-05-12 04:59:16,531 INFO act-act- PC-PC- 0
2023-05-12 04:59:57,376 INFO go_to-go_to- C-D- 40
2023-05-12 05:00:18,773 INFO go_to-go_to- D-A- 40
2023-05-12 05:00:39,584 INFO go_to-go_to- A-A- -20
2023-05-12 05:00:57,431 INFO act-act- A-A- 57.67
2023-05-12 05:01:15,754 INFO act-act- A-A- 26.0
2023-05-12 05:01:32,625 INFO act-act- A-A- 25.67
2023-05-12 05:01:50,077 INFO act-act- A-A- 26.0
2023-05-12 05:02:08,796 INFO act-act- A-A- 26.0
2023-05-12 05:02:36,106 INFO act-go_to- A-E- 49.33
2023-05-12 05:02:53,557 INFO act-act- A-E- 136.29
2023-05-12 05:03:09,456 INFO act-act- A-E- 61.78
2023-05-12 05:03:28,567 INFO act-act- A-E- 61.76
2023-05-12 05:03:45,437 INFO act-act- A-E- 59.03
2023-05-12 05:04:04,542 INFO act-act- A-E- 59.33
2023-05-12 05:04:22,191 INFO act-act- A-E- 57.88
2023-05-12 05:05:05,269 INFO go_to-go_to- E-PC- 20
2023-05-12 05:06:28,329 INFO act-act- M-PC- -5000
2023-05-12 05:06:40,034 INFO act-act- M-PC- 0
2023-05-12 05:07:27,421 INFO act-go_to- M-B- 20
2023-05-12 05:07:45,649 INFO act-act- M-B- 193.67
2023-05-12 05:08:04,077 INFO act-act- M-B- 26.33
2023-05-12 05:08:22,017 INFO act-act- M-B- 26.0
2023-05-12 05:08:40,538 INFO act-act- M-B- 26.0
2023-05-12 05:08:59,451 INFO act-act- M-B- 26.33
2023-05-12 05:09:17,001 INFO act-act- M-B- 26.0
2023-05-12 05:09:34,068 INFO act-act- M-B- 25.67
2023-05-12 05:09:51,714 INFO act-act- M-B- 25.67
2023-05-12 05:10:10,041 INFO act-act- M-B- 26.33
2023-05-12 05:10:28,366 INFO act-act- M-B- 26.0
2023-05-12 05:10:46,494 INFO act-act- M-B- 26.0
2023-05-12 05:11:05,597 INFO act-act- M-B- 26.33
2023-05-12 05:11:22,758 INFO act-act- M-B- 25.67
2023-05-12 05:11:40,113 INFO act-act- M-B- 26.0
2023-05-12 05:11:58,349 INFO act-act- M-B- 26.0
2023-05-12 05:12:16,095 INFO act-act- M-B- 26.0
2023-05-12 05:12:33,738 INFO act-act- M-B- 25.67
2023-05-12 05:12:51,677 INFO act-act- M-B- 26.0
2023-05-12 05:13:08,645 INFO act-act- M-B- 25.67
2023-05-12 05:13:26,102 INFO act-act- M-B- 26.0
2023-05-12 05:13:44,234 INFO act-act- M-B- 26.0
2023-05-12 05:14:11,386 INFO act-go_to- M-M- -5000
2023-05-12 05:16:06,742 CRITICAL Starting new episode - Episode 19
2023-05-12 05:16:06,742 INFO Accumulated reward of episode 18: -8539.94
2023-05-12 05:16:48,730 INFO go_to-go_to- C-D- 40
2023-05-12 05:17:09,929 INFO go_to-go_to- D-A- 40
2023-05-12 05:17:30,451 INFO go_to-go_to- A-A- -20
2023-05-12 05:17:48,038 INFO go_to-act- A-A- 34.0
2023-05-12 05:18:05,294 INFO act-act- A-A- 25.67
2023-05-12 05:18:22,848 INFO act-act- A-A- 25.67
2023-05-12 05:18:41,665 INFO act-act- A-A- 26.33
2023-05-12 05:19:00,090 INFO act-act- A-A- 26.33
2023-05-12 05:19:18,029 INFO act-act- A-A- 26.0
2023-05-12 05:19:54,400 INFO act-go_to- A-E- 52.0
2023-05-12 05:20:11,851 INFO act-act- A-E- 127.33
2023-05-12 05:20:29,792 INFO act-act- A-E- 52.0
2023-05-12 05:20:47,729 INFO act-act- A-E- 52.0
2023-05-12 05:21:04,988 INFO act-act- A-E- 51.33
2023-05-12 05:21:22,438 INFO act-act- A-E- 52.0
2023-05-12 05:21:41,450 INFO act-act- A-E- 52.67
2023-05-12 05:22:00,070 INFO act-act- A-E- 52.67
2023-05-12 05:22:17,918 INFO act-act- A-E- 51.33
2023-05-12 05:22:44,769 INFO go_to-go_to- C-C- 20
2023-05-12 05:23:02,509 INFO act-act- C-C- 175.33
2023-05-12 05:23:22,101 INFO act-act- C-C- 40.95
2023-05-12 05:23:38,578 INFO act-act- M-M- -10000
2023-05-12 05:25:35,728 CRITICAL Starting new episode - Episode 20
2023-05-12 05:25:35,728 INFO Accumulated reward of episode 19: -8996.38
