2023-05-10 09:25:38,866 INFO Creation of log rewards
2023-05-10 09:25:38,867 INFO Action Point Reward
2023-05-10 09:26:27,083 INFO act E 34.67
2023-05-10 09:26:43,100 INFO act E 25.33
2023-05-10 09:26:59,119 INFO act E 25.33
2023-05-10 09:27:15,142 INFO act E 25.33
2023-05-10 09:27:29,254 INFO act E 24.67
2023-05-10 09:27:43,274 INFO act E 24.67
2023-05-10 09:28:15,311 INFO act C 70.67
2023-05-10 09:28:31,331 INFO act C 25.33
2023-05-10 09:28:57,462 INFO act A 84.67
2023-05-10 09:29:25,494 INFO act D 94.0
2023-05-10 09:32:17,914 INFO act E 128.0
2023-05-10 09:32:33,932 INFO act E 39.62
2023-05-10 09:32:49,958 INFO act E 25.33
2023-05-10 09:35:00,306 INFO act E 63.67
2023-05-10 09:35:14,430 INFO act E 24.67
2023-05-10 09:37:34,600 INFO act E 66.67
2023-05-10 09:38:02,634 INFO act C 210.33
2023-05-10 09:38:18,650 INFO act C 25.33
2023-05-10 09:38:34,673 INFO act C 25.33
2023-05-10 09:40:40,933 INFO act E 82.0
2023-05-10 09:40:56,958 INFO act E 25.33
2023-05-10 09:41:11,066 INFO act E 25.0
2023-05-10 09:41:27,091 INFO act E 25.33
2023-05-10 09:42:01,234 INFO act A 281.33
2023-05-10 09:42:17,253 INFO act A 25.33
2023-05-10 09:42:33,275 INFO act A 25.33
2023-05-10 09:42:49,291 INFO act A 25.33
2023-05-10 09:43:03,411 INFO act A 24.67
2023-05-10 09:43:33,450 INFO act D 319.33
2023-05-10 09:43:49,471 INFO act D 39.62
2023-05-10 09:44:03,583 INFO act D 37.17
2023-05-10 09:44:19,607 INFO act D 36.44
2023-05-10 09:46:10,034 CRITICAL Starting new episode - Episode 1
2023-05-10 09:46:10,034 INFO Accumulated reward of episode 0: 2335.85
2023-05-10 09:46:54,095 INFO act E 34.67
2023-05-10 09:47:10,115 INFO act E 25.33
2023-05-10 09:47:26,132 INFO act E 25.33
2023-05-10 09:47:42,150 INFO act E 25.33
2023-05-10 09:47:58,166 INFO act E 25.33
2023-05-10 09:48:14,191 INFO act E 25.33
2023-05-10 09:48:28,211 INFO act E 24.67
2023-05-10 09:48:44,234 INFO act E 25.33
2023-05-10 09:49:00,454 INFO act E 25.33
2023-05-10 09:49:16,468 INFO act E 25.33
2023-05-10 09:49:46,502 INFO act C 92.0
2023-05-10 09:50:02,531 INFO act C 25.33
2023-05-10 09:50:18,554 INFO act C 25.33
2023-05-10 09:52:14,806 CRITICAL Starting new episode - Episode 2
2023-05-10 09:52:14,806 INFO Accumulated reward of episode 1: -4535.33
2023-05-10 09:53:51,035 INFO act E 52.33
2023-05-10 09:54:45,107 INFO act B 70.33
2023-05-10 09:55:01,127 INFO act B 25.33
2023-05-10 09:55:35,171 INFO act E 54.67
2023-05-10 09:56:03,211 INFO act C 96.33
2023-05-10 09:56:19,226 INFO act C 25.33
2023-05-10 09:57:11,296 INFO act B 63.33
2023-05-10 09:58:24,391 CRITICAL Starting new episode - Episode 3
2023-05-10 09:58:24,391 INFO Accumulated reward of episode 2: 527.67
2023-05-10 09:59:23,475 INFO act E 39.67
2023-05-10 09:59:39,490 INFO act E 25.33
2023-05-10 09:59:55,515 INFO act E 25.33
2023-05-10 10:00:11,535 INFO act E 25.33
2023-05-10 10:00:27,555 INFO act E 25.33
2023-05-10 10:00:59,595 INFO act A 88.33
2023-05-10 10:01:15,611 INFO act A 39.62
2023-05-10 10:01:31,632 INFO act A 37.83
2023-05-10 10:01:47,655 INFO act A 36.44
2023-05-10 10:02:19,697 INFO act D 98.33
2023-05-10 10:02:35,722 INFO act D 25.33
2023-05-10 10:02:51,743 INFO act D 25.33
2023-05-10 10:03:05,765 INFO act D 24.67
2023-05-10 10:03:21,785 INFO act D 25.33
2023-05-10 10:03:37,807 INFO act D 25.33
2023-05-10 10:04:59,914 CRITICAL Starting new episode - Episode 4
2023-05-10 10:04:59,914 INFO Accumulated reward of episode 3: 627.56
2023-05-10 10:06:28,029 INFO act E 49.67
2023-05-10 10:06:44,055 INFO act E 25.33
2023-05-10 10:07:00,079 INFO act E 25.33
2023-05-10 10:07:20,098 INFO act E 26.67
2023-05-10 10:08:32,395 INFO act B 91.0
2023-05-10 10:08:46,506 INFO act B 24.67
2023-05-10 10:09:02,521 INFO act B 25.33
2023-05-10 10:09:18,531 INFO act B 25.33
2023-05-10 10:09:34,542 INFO act B 25.33
2023-05-10 10:09:50,552 INFO act B 25.33
2023-05-10 10:11:15,614 CRITICAL Starting new episode - Episode 5
2023-05-10 10:11:15,614 INFO Accumulated reward of episode 4: -4596.0
2023-05-10 10:11:58,642 INFO act E 34.33
2023-05-10 10:12:14,748 INFO act E 25.33
2023-05-10 10:12:30,758 INFO act E 25.33
2023-05-10 10:12:46,771 INFO act E 25.33
2023-05-10 10:13:02,778 INFO act E 25.33
2023-05-10 10:13:18,788 INFO act E 25.33
2023-05-10 10:13:46,810 INFO act D 87.0
2023-05-10 10:14:00,915 INFO act D 38.95
2023-05-10 10:14:16,926 INFO act D 37.83
2023-05-10 10:14:32,939 INFO act D 36.44
2023-05-10 10:14:48,946 INFO act D 35.33
2023-05-10 10:15:04,958 INFO act D 34.42
2023-05-10 10:15:20,971 INFO act D 33.67
2023-05-10 10:17:11,039 CRITICAL Starting new episode - Episode 6
2023-05-10 10:17:11,040 INFO Accumulated reward of episode 5: -4495.35
2023-05-10 10:17:55,071 INFO act E 34.67
2023-05-10 10:18:11,083 INFO act E 25.33
2023-05-10 10:18:27,090 INFO act E 25.33
2023-05-10 10:18:43,103 INFO act E 25.33
2023-05-10 10:19:21,126 INFO act A 63.33
2023-05-10 10:19:37,138 INFO act A 25.33
2023-05-10 10:19:51,251 INFO act A 24.67
2023-05-10 10:20:07,258 INFO act A 25.33
2023-05-10 10:20:23,265 INFO act A 25.33
2023-05-10 10:20:55,290 INFO act D 94.67
2023-05-10 10:21:11,302 INFO act D 25.33
2023-05-10 10:21:27,310 INFO act D 25.33
2023-05-10 10:23:37,499 INFO act E 118.0
2023-05-10 10:23:53,511 INFO act E 39.62
2023-05-10 10:24:25,826 INFO act C 164.67
2023-05-10 10:24:51,843 INFO act A 109.33
2023-05-10 10:25:07,855 INFO act A 25.33
2023-05-10 10:25:23,863 INFO act A 25.33
2023-05-10 10:25:39,875 INFO act A 25.33
2023-05-10 10:26:16,095 INFO act B 201.67
2023-05-10 10:26:32,107 INFO act B 25.33
2023-05-10 10:26:48,114 INFO act B 25.33
2023-05-10 10:27:04,122 INFO act B 25.33
2023-05-10 10:27:20,134 INFO act B 25.33
2023-05-10 10:27:36,145 INFO act B 25.33
2023-05-10 10:29:09,205 CRITICAL Starting new episode - Episode 7
2023-05-10 10:29:09,205 INFO Accumulated reward of episode 6: -3604.05
2023-05-10 10:29:52,235 INFO act E 34.33
2023-05-10 10:30:08,246 INFO act E 25.33
2023-05-10 10:30:24,258 INFO act E 25.33
2023-05-10 10:30:54,274 INFO act C 55.0
2023-05-10 10:31:38,306 INFO act E 44.67
2023-05-10 10:31:52,415 INFO act E 24.67
2023-05-10 10:32:08,422 INFO act E 25.33
2023-05-10 10:32:24,430 INFO act E 25.33
2023-05-10 10:34:34,723 INFO act E 63.33
2023-05-10 10:34:50,731 INFO act E 25.33
2023-05-10 10:35:22,751 INFO act C 109.33
2023-05-10 10:35:48,770 INFO act A 153.0
2023-05-10 10:36:04,782 INFO act A 25.33
2023-05-10 10:36:20,792 INFO act A 25.33
2023-05-10 10:36:36,799 INFO act A 25.33
2023-05-10 10:36:52,814 INFO act A 25.33
2023-05-10 10:37:20,831 INFO act D 183.67
2023-05-10 10:37:46,851 INFO act C 68.0
2023-05-10 10:40:05,036 INFO act E 125.0
2023-05-10 10:40:21,054 INFO act E 25.33
2023-05-10 10:40:57,070 INFO act B 256.0
2023-05-10 10:42:57,443 INFO act E 72.0
2023-05-10 10:43:13,455 INFO act E 25.33
2023-05-10 10:43:43,572 INFO act C 155.67
2023-05-10 10:44:27,700 INFO act E 44.67
2023-05-10 10:44:43,711 INFO act E 25.33
2023-05-10 10:44:59,722 INFO act E 25.33
2023-05-10 10:45:23,743 INFO act E 28.0
2023-05-10 10:47:32,027 INFO act E 63.0
2023-05-10 10:47:48,039 INFO act E 25.33
2023-05-10 10:48:18,059 INFO act C 111.67
2023-05-10 10:51:28,187 INFO act C 83.33
2023-05-10 10:51:44,195 INFO act C 25.33
2023-05-10 10:52:26,222 INFO act C 34.0
2023-05-10 10:52:42,231 INFO act C 25.33
2023-05-10 10:53:10,346 INFO act A 346.0
2023-05-10 10:53:26,354 INFO act A 25.33
2023-05-10 10:54:04,378 INFO act C 47.33
2023-05-10 10:54:20,391 INFO act C 25.33
2023-05-10 10:56:52,791 INFO act C 70.67
2023-05-10 10:57:06,896 INFO act C 24.67
2023-05-10 10:57:22,906 INFO act C 25.33
2023-05-10 10:57:38,917 INFO act C 25.33
2023-05-10 10:58:04,935 INFO act A 112.67
2023-05-10 10:58:20,949 INFO act A 25.33
2023-05-10 10:58:36,958 INFO act A 25.33
2023-05-10 10:58:52,967 INFO act A 25.33
2023-05-10 10:59:08,979 INFO act A 25.33
2023-05-10 10:59:36,995 INFO act D 465.33
2023-05-10 11:02:12,198 CRITICAL Starting new episode - Episode 8
2023-05-10 11:02:12,198 INFO Accumulated reward of episode 7: 4104.0
2023-05-10 11:03:07,230 INFO act C 38.33
2023-05-10 11:03:23,239 INFO act C 25.33
2023-05-10 11:03:37,347 INFO act C 24.67
2023-05-10 11:03:53,357 INFO act C 25.33
2023-05-10 11:04:21,477 INFO act A 63.0
2023-05-10 11:04:37,491 INFO act A 25.33
2023-05-10 11:04:53,502 INFO act A 25.33
2023-05-10 11:05:09,510 INFO act A 25.33
2023-05-10 11:05:39,531 INFO act B 89.0
2023-05-10 11:05:55,543 INFO act B 25.33
2023-05-10 11:06:11,555 INFO act B 25.33
2023-05-10 11:06:27,565 INFO act B 25.33
2023-05-10 11:06:43,575 INFO act B 25.33
2023-05-10 11:06:59,590 INFO act B 25.33
2023-05-10 11:08:30,655 CRITICAL Starting new episode - Episode 9
2023-05-10 11:08:30,655 INFO Accumulated reward of episode 8: -4451.67
2023-05-10 11:09:48,391 INFO act E 46.0
2023-05-10 11:10:16,407 INFO act C 55.33
2023-05-10 11:10:42,430 INFO act A 64.0
2023-05-10 11:10:58,440 INFO act A 25.33
2023-05-10 11:11:14,451 INFO act A 25.33
2023-05-10 11:11:28,562 INFO act A 24.67
2023-05-10 11:11:44,571 INFO act A 25.33
2023-05-10 11:12:16,590 INFO act D 95.33
2023-05-10 11:14:45,990 CRITICAL Starting new episode - Episode 10
2023-05-10 11:14:45,990 INFO Accumulated reward of episode 9: -4498.67
2023-05-10 11:15:29,022 INFO act E 34.67
2023-05-10 11:15:45,035 INFO act E 25.33
2023-05-10 11:18:07,241 INFO act C 87.33
2023-05-10 11:18:23,255 INFO act C 25.33
2023-05-10 11:18:39,362 INFO act C 37.83
2023-05-10 11:19:05,775 INFO act A 106.67
2023-05-10 11:19:21,884 INFO act A 25.33
2023-05-10 11:19:35,991 INFO act A 24.67
2023-05-10 11:19:52,003 INFO act A 25.67
2023-05-10 11:20:08,014 INFO act A 25.33
2023-05-10 11:20:22,223 INFO act A 24.67
2023-05-10 11:20:50,434 INFO act D 141.67
2023-05-10 11:21:34,652 INFO act A 44.0
2023-05-10 11:21:50,659 INFO act A 25.33
2023-05-10 11:22:04,766 INFO act A 24.67
2023-05-10 11:23:25,801 CRITICAL Starting new episode - Episode 11
2023-05-10 11:23:25,801 INFO Accumulated reward of episode 10: -4221.5
2023-05-10 11:24:08,825 INFO act E 34.33
2023-05-10 11:24:24,834 INFO act E 25.33
2023-05-10 11:24:40,842 INFO act E 25.33
2023-05-10 11:25:54,974 INFO act B 69.67
2023-05-10 11:26:10,981 INFO act B 25.33
2023-05-10 11:28:39,110 INFO act E 99.67
2023-05-10 11:28:53,213 INFO act E 24.67
2023-05-10 11:31:17,653 INFO act C 194.0
2023-05-10 11:31:33,660 INFO act C 39.62
2023-05-10 11:31:49,666 INFO act C 25.33
2023-05-10 11:32:05,676 INFO act C 25.33
2023-05-10 11:34:13,929 INFO act C 62.67
2023-05-10 11:34:29,938 INFO act C 25.33
2023-05-10 11:34:45,946 INFO act C 37.83
2023-05-10 11:35:01,953 INFO act C 36.44
2023-05-10 11:37:18,293 INFO act D 314.33
2023-05-10 11:37:48,315 INFO act B 252.67
2023-05-10 11:38:02,420 INFO act B 24.67
2023-05-10 11:40:06,702 INFO act E 261.0
2023-05-10 11:40:22,714 INFO act E 39.62
2023-05-10 11:40:54,739 INFO act C 154.33
2023-05-10 11:43:00,823 INFO act E 89.33
2023-05-10 11:43:16,830 INFO act E 39.62
2023-05-10 11:43:32,843 INFO act E 37.83
2023-05-10 11:43:48,855 INFO act E 36.44
2023-05-10 11:44:04,864 INFO act E 35.33
2023-05-10 11:44:20,875 INFO act E 34.42
2023-05-10 11:45:26,923 INFO act A 460.33
2023-05-10 11:45:54,938 INFO act D 192.0
2023-05-10 11:46:26,963 INFO act C 130.67
2023-05-10 11:48:45,158 INFO act E 108.33
2023-05-10 11:48:59,267 INFO act E 24.67
2023-05-10 11:49:15,274 INFO act E 25.33
2023-05-10 11:49:31,287 INFO act E 25.33
2023-05-10 11:52:03,491 INFO act D 159.67
2023-05-10 11:52:19,502 INFO act D 39.62
2023-05-10 12:00:54,049 INFO act E 247.67
2023-05-10 12:01:10,059 INFO act E 25.33
2023-05-10 12:01:40,183 INFO act C 341.33
2023-05-10 12:06:40,587 INFO act C 136.67
2023-05-10 12:06:56,598 INFO act C 39.62
2023-05-10 12:11:21,171 INFO act D 417.33
2023-05-10 12:11:37,183 INFO act D 39.62
2023-05-10 12:15:59,467 INFO act C 217.67
2023-05-10 12:16:15,478 INFO act C 39.62
2023-05-10 12:16:31,491 INFO act C 37.83
2023-05-10 12:16:47,503 INFO act C 36.44
2023-05-10 12:17:17,523 INFO act E 342.33
2023-05-10 12:18:17,663 INFO act A 693.67
2023-05-10 12:18:45,677 INFO act D 179.33
2023-05-10 12:19:11,702 INFO act C 84.67
2023-05-10 12:21:29,799 INFO act E 120.67
2023-05-10 12:21:45,811 INFO act E 39.62
2023-05-10 12:22:15,927 INFO act C 98.0
2023-05-10 12:24:22,014 INFO act D 149.0
2023-05-10 12:24:38,024 INFO act D 39.62
2023-05-10 12:24:54,039 INFO act D 37.83
2023-05-10 12:25:10,051 INFO act D 36.44
2023-05-10 12:27:26,141 INFO act D 65.33
2023-05-10 12:27:42,151 INFO act D 25.33
2023-05-10 12:29:52,343 INFO act E 182.33
2023-05-10 12:30:08,355 INFO act E 25.33
2023-05-10 12:30:38,474 INFO act C 187.67
2023-05-10 12:32:44,849 INFO act E 72.0
2023-05-10 12:33:00,863 INFO act E 25.33
2023-05-10 12:35:32,967 INFO act E 87.33
2023-05-10 12:35:48,978 INFO act E 39.62
2023-05-10 12:36:20,999 INFO act C 134.0
2023-05-10 12:38:27,095 INFO act E 89.67
2023-05-10 12:38:43,103 INFO act E 39.62
2023-05-10 12:39:15,130 INFO act C 95.0
2023-05-10 12:41:21,415 INFO act E 89.33
2023-05-10 12:41:37,426 INFO act E 39.62
2023-05-10 12:42:09,446 INFO act C 78.0
2023-05-10 12:43:03,777 INFO act C 38.0
2023-05-10 12:43:19,791 INFO act C 25.33
2023-05-10 12:43:46,003 INFO act A 529.67
2023-05-10 12:44:14,023 INFO act D 367.33
2023-05-10 12:44:40,046 INFO act C 63.67
2023-05-10 12:46:58,183 INFO act E 127.0
2023-05-10 12:47:14,199 INFO act E 25.33
2023-05-10 12:49:36,783 INFO act E 67.33
2023-05-10 12:49:52,791 INFO act E 25.33
2023-05-10 12:50:24,814 INFO act C 151.33
2023-05-10 12:52:29,487 INFO act E 89.0
2023-05-10 12:52:45,499 INFO act E 39.62
2023-05-10 12:53:15,519 INFO act C 93.67
2023-05-10 12:55:27,808 INFO act E 90.67
2023-05-10 12:55:43,819 INFO act E 39.62
2023-05-10 12:58:06,497 INFO act E 84.33
2023-05-10 12:58:22,511 INFO act E 39.62
2023-05-10 13:01:30,737 INFO act C 201.67
2023-05-10 13:03:37,123 INFO act E 141.67
2023-05-10 13:03:51,228 INFO act E 38.95
2023-05-10 13:04:21,258 INFO act C 93.67
2023-05-10 13:04:37,263 INFO act C 39.62
2023-05-10 13:05:13,291 INFO act C 48.67
2023-05-10 13:05:29,303 INFO act C 39.62
2023-05-10 13:05:57,323 INFO act A 480.33
2023-05-10 13:06:33,354 INFO act C 41.33
2023-05-10 13:06:47,453 INFO act C 24.67
2023-05-10 13:07:03,467 INFO act C 25.33
2023-05-10 13:09:23,866 INFO act E 147.33
2023-05-10 13:09:39,871 INFO act E 39.62
2023-05-10 13:10:10,087 INFO act C 82.33
2023-05-10 13:10:26,103 INFO act C 25.33
2023-05-10 13:12:34,399 INFO act E 78.33
2023-05-10 13:12:50,407 INFO act E 25.33
2023-05-10 13:13:06,419 INFO act E 25.33
2023-05-10 13:13:36,442 INFO act C 83.33
2023-05-10 13:13:52,454 INFO act C 25.33
2023-05-10 13:14:08,467 INFO act C 25.33
2023-05-10 13:14:24,474 INFO act C 25.33
2023-05-10 13:14:50,496 INFO act A 197.67
2023-05-10 13:19:24,995 INFO act E 146.0
2023-05-10 13:19:41,009 INFO act E 39.95
2023-05-10 13:22:35,223 INFO act E 94.67
2023-05-10 13:22:51,234 INFO act E 39.62
2023-05-10 13:23:05,342 INFO act E 37.17
2023-05-10 13:23:21,355 INFO act E 36.44
2023-05-10 13:24:05,574 INFO act C 213.67
2023-05-10 13:24:21,586 INFO act C 25.33
2023-05-10 13:26:41,775 INFO act E 103.33
2023-05-10 13:26:55,884 INFO act E 38.95
2023-05-10 13:27:11,899 INFO act E 37.83
2023-05-10 13:27:28,103 INFO act E 36.78
2023-05-10 13:27:44,115 INFO act E 35.33
2023-05-10 13:28:00,122 INFO act E 34.42
2023-05-10 13:30:20,216 INFO act E 83.33
2023-05-10 13:30:36,231 INFO act E 39.62
2023-05-10 13:30:52,238 INFO act E 37.83
2023-05-10 13:33:04,326 INFO act E 64.0
2023-05-10 13:33:20,339 INFO act E 25.33
2023-05-10 13:33:36,347 INFO act E 25.33
2023-05-10 13:33:52,361 INFO act E 25.33
2023-05-10 13:34:08,371 INFO act E 25.33
2023-05-10 13:34:22,482 INFO act E 24.67
2023-05-10 13:36:30,671 INFO act E 79.33
2023-05-10 13:36:46,779 INFO act E 39.62
2023-05-10 13:37:02,890 INFO act E 37.83
2023-05-10 13:37:18,897 INFO act E 36.44
2023-05-10 13:37:34,910 INFO act E 35.33
2023-05-10 13:37:50,923 INFO act E 34.42
2023-05-10 13:39:29,086 INFO act C 322.67
2023-05-10 13:39:45,098 INFO act C 25.33
2023-05-10 13:40:15,119 INFO act B 2464.33
2023-05-10 13:40:31,131 INFO act B 25.33
2023-05-10 13:41:49,182 CRITICAL Starting new episode - Episode 12
2023-05-10 13:41:49,182 INFO Accumulated reward of episode 11: 13496.24
2023-05-10 13:42:33,216 INFO act E 34.67
2023-05-10 13:42:49,221 INFO act E 25.33
2023-05-10 13:43:05,231 INFO act E 25.33
2023-05-10 13:45:17,419 INFO act E 64.0
2023-05-10 13:45:33,429 INFO act E 25.33
2023-05-10 13:47:43,815 INFO act E 63.33
2023-05-10 13:47:57,922 INFO act E 24.67
2023-05-10 13:48:13,935 INFO act E 25.33
2023-05-10 13:48:29,946 INFO act E 25.33
2023-05-10 13:48:45,955 INFO act E 25.33
2023-05-10 13:49:01,967 INFO act E 25.33
2023-05-10 13:50:04,203 INFO act A 185.0
2023-05-10 13:50:32,221 INFO act D 194.33
2023-05-10 13:50:58,239 INFO act C 203.0
2023-05-10 13:51:14,251 INFO act C 25.33
2023-05-10 13:51:40,267 INFO act A 52.0
2023-05-10 13:53:12,334 CRITICAL Starting new episode - Episode 13
2023-05-10 13:53:12,334 INFO Accumulated reward of episode 12: -3836.33
2023-05-10 13:56:49,172 INFO act E 92.33
2023-05-10 13:57:05,274 INFO act E 25.33
2023-05-10 13:59:33,475 INFO act E 69.33
2023-05-10 13:59:49,490 INFO act E 25.33
2023-05-10 14:02:17,591 INFO act E 69.33
2023-05-10 14:02:33,606 INFO act E 25.33
2023-05-10 14:03:03,631 INFO act C 217.0
2023-05-10 14:03:17,935 INFO act C 24.67
2023-05-10 14:03:33,943 INFO act C 25.33
2023-05-10 14:03:49,955 INFO act C 25.33
2023-05-10 14:04:05,967 INFO act C 25.33
2023-05-10 14:04:32,279 INFO act A 246.67
2023-05-10 14:04:46,387 INFO act A 24.67
2023-05-10 14:05:26,418 INFO act C 47.0
2023-05-10 14:07:45,902 CRITICAL Starting new episode - Episode 14
2023-05-10 14:07:45,902 INFO Accumulated reward of episode 13: -3757.0
2023-05-10 14:09:33,165 INFO act C 56.0
2023-05-10 14:09:49,181 INFO act C 25.33
2023-05-10 14:10:05,186 INFO act C 25.33
2023-05-10 14:10:21,198 INFO act C 25.33
2023-05-10 14:10:49,219 INFO act A 81.33
2023-05-10 14:11:05,226 INFO act A 25.33
2023-05-10 14:11:43,255 INFO act C 47.33
2023-05-10 14:11:59,267 INFO act C 25.33
2023-05-10 14:12:27,286 INFO act A 47.33
2023-05-10 14:14:00,634 CRITICAL Starting new episode - Episode 15
2023-05-10 14:14:00,634 INFO Accumulated reward of episode 14: -4481.33
2023-05-10 14:14:43,764 INFO act E 34.33
2023-05-10 14:14:59,775 INFO act E 25.33
2023-05-10 14:15:15,786 INFO act E 25.33
2023-05-10 14:15:43,804 INFO act C 54.33
2023-05-10 14:15:59,815 INFO act C 25.33
2023-05-10 14:16:15,927 INFO act C 25.33
2023-05-10 14:16:30,131 INFO act C 25.0
2023-05-10 14:16:46,141 INFO act C 25.33
2023-05-10 14:17:14,163 INFO act A 84.67
2023-05-10 14:17:42,183 INFO act D 94.0
2023-05-10 14:18:06,297 INFO act C 46.67
